2026-01-29 15:25:55.420 [warning] Dir "/data/data/com.termux/files/home/.pixi/envs" is not watchable (directory does not exist)
2026-01-29 15:25:55.710 [info] Starting Environment refresh
2026-01-29 15:25:55.710 [info] Searching for interpreters in posix paths locator
2026-01-29 15:25:55.737 [info] Searching for pyenv environments
2026-01-29 15:25:55.737 [info] Searching for conda environments
2026-01-29 15:25:55.738 [info] Searching for global virtual environments
2026-01-29 15:25:55.738 [info] Searching for custom virtual environments
2026-01-29 15:25:55.753 [info] Skipping ActivatedEnv Detection:  process.env.VSCODE_CLI !== '1'
2026-01-29 15:25:55.754 [info] Skipping ActivatedEnv Detection:  process.env.VSCODE_CLI !== '1'
2026-01-29 15:25:55.761 [info] pyenv is not installed
2026-01-29 15:25:55.761 [info] Finished searching for pyenv environments: 48 milliseconds
2026-01-29 15:25:55.762 [info] Finished searching for custom virtual envs: 46 milliseconds
2026-01-29 15:25:55.797 [info] > conda info --json
2026-01-29 15:25:55.821 [info] > hatch env show --json
2026-01-29 15:25:55.821 [info] cwd: .
2026-01-29 15:25:55.830 [warning] Looking for python binaries within /bin failed with [Error: EACCES: permission denied, scandir '/bin'
	at async Object.readdir (node:internal/fs/promises:957:18)
	at async f (/data/data/com.termux/files/home/.local/share/code-server/extensions/ms-python.python-2026.0.0-universal/out/client/extension.js:2:742309)
	at async t.getPythonBinFromPosixPaths (/data/data/com.termux/files/home/.local/share/code-server/extensions/ms-python.python-2026.0.0-universal/out/client/extension.js:2:743133)
	at async /data/data/com.termux/files/home/.local/share/code-server/extensions/ms-python.python-2026.0.0-universal/out/client/extension.js:2:683892
	at async i (/data/data/com.termux/files/home/.local/share/code-server/extensions/ms-python.python-2026.0.0-universal/out/client/extension.js:2:338188)] {
  errno: -13,
  code: 'EACCES',
  syscall: 'scandir',
  path: '/bin'
}
2026-01-29 15:25:55.850 [info] > pyenv which python
2026-01-29 15:25:55.850 [info] cwd: .
2026-01-29 15:25:55.851 [info] Finished searching for global virtual envs: 135 milliseconds
2026-01-29 15:25:55.892 [info] Found: /data/data/com.termux/files/usr/bin/python --> /data/data/com.termux/files/usr/bin/python3.12
2026-01-29 15:25:55.893 [info] Found: /data/data/com.termux/files/usr/bin/python3 --> /data/data/com.termux/files/usr/bin/python3.12
2026-01-29 15:25:55.894 [info] Found: /data/data/com.termux/files/usr/bin/python3.12 --> /data/data/com.termux/files/usr/bin/python3.12
2026-01-29 15:25:55.894 [info] Finished searching for interpreters in posix paths locator: 187 milliseconds
2026-01-29 15:25:55.947 [info] > /data/data/com.termux/files/usr/bin/python -I ./.local/share/code-server/extensions/ms-python.python-2026.0.0-universal/python_files/get_output_via_markers.py ./.local/share/code-server/extensions/ms-python.python-2026.0.0-universal/python_files/interpreterInfo.py
2026-01-29 15:25:55.949 [info] Environments refresh paths discovered (event): 244 milliseconds
2026-01-29 15:25:55.950 [info] Environments refresh paths discovered: 246 milliseconds
2026-01-29 15:25:56.257 [info] Environments refresh finished (event): 552 milliseconds
2026-01-29 15:25:56.282 [info] Environment refresh took 576 milliseconds
2026-01-29 15:25:56.297 [info] Python interpreter path: /data/data/com.termux/files/usr/bin/python
2026-01-29 15:25:58.601 [info] Starting Jedi language server for home.
2026-01-29 15:35:24.619 [info] Send text to terminal: /data/data/com.termux/files/usr/bin/python /data/data/com.termux/files/home/basics.py
2026-01-29 15:35:27.331 [info] CreateEnv Trigger - Skipping for /data/data/com.termux/files/home/basics.py
