2026-01-31 05:02:16.872 [info] [main] Log level: Info
2026-01-31 05:02:16.873 [info] [main] Validating found git in: "git"
2026-01-31 05:02:16.873 [info] [main] Using git "2.52.0" from "git"
2026-01-31 05:02:16.873 [info] [Model][doInitialScan] Initial repository scan started
2026-01-31 05:02:16.873 [info] > git rev-parse --show-toplevel [106ms]
2026-01-31 05:02:16.873 [info] > git rev-parse --git-dir --git-common-dir --show-superproject-working-tree [69ms]
2026-01-31 05:02:16.873 [info] [Model][openRepository] Opened repository (path): /data/data/com.termux/files/home
2026-01-31 05:02:16.873 [info] [Model][openRepository] Opened repository (real path): /data/data/com.termux/files/home
2026-01-31 05:02:16.873 [info] [Model][openRepository] Opened repository (kind): repository
2026-01-31 05:02:16.873 [info] > git rev-parse --show-toplevel [119ms]
2026-01-31 05:02:16.873 [info] > git config --get commit.template [162ms]
2026-01-31 05:02:16.873 [info] > git rev-parse --show-toplevel [61ms]
2026-01-31 05:02:16.924 [info] > git for-each-ref --format=%(refname)%00%(upstream:short)%00%(objectname)%00%(upstream:track)%00%(upstream:remotename)%00%(upstream:remoteref) refs/heads/main refs/remotes/main [70ms]
2026-01-31 05:02:16.935 [info] > git rev-parse --show-toplevel [32ms]
2026-01-31 05:02:17.073 [info] > git rev-parse --show-toplevel [86ms]
2026-01-31 05:02:17.279 [info] > git for-each-ref --sort -committerdate --format %(refname)%00%(objectname)%00%(*objectname) [86ms]
2026-01-31 05:02:17.291 [info] > git rev-parse --show-toplevel [61ms]
2026-01-31 05:02:17.354 [info] > git status -z -uall [219ms]
2026-01-31 05:02:18.525 [info] > git for-each-ref --format=%(refname)%00%(upstream:short)%00%(objectname)%00%(upstream:track)%00%(upstream:remotename)%00%(upstream:remoteref) refs/heads/main refs/remotes/main [948ms]
2026-01-31 05:02:18.548 [info] > git rev-parse --show-toplevel [1213ms]
2026-01-31 05:02:18.598 [info] > git check-ignore -v -z --stdin [27ms]
2026-01-31 05:02:18.604 [info] > git config --get --local branch.main.vscode-merge-base [55ms]
2026-01-31 05:02:18.604 [warning] [Git][config] git config failed: Failed to execute git
2026-01-31 05:02:18.623 [info] > git config --get commit.template [101ms]
2026-01-31 05:02:18.626 [info] > git rev-parse --show-toplevel [31ms]
2026-01-31 05:02:18.670 [info] > git for-each-ref --format=%(refname)%00%(upstream:short)%00%(objectname)%00%(upstream:track)%00%(upstream:remotename)%00%(upstream:remoteref) refs/heads/main refs/remotes/main [23ms]
2026-01-31 05:02:18.670 [info] > git reflog main --grep-reflog=branch: Created from *. [48ms]
2026-01-31 05:02:18.693 [info] > git rev-parse --show-toplevel [26ms]
2026-01-31 05:02:18.710 [info] [Model][doInitialScan] Initial repository scan completed - repositories (1), closed repositories (0), parent repositories (0), unsafe repositories (0)
2026-01-31 05:02:18.714 [info] > git symbolic-ref --short refs/remotes/origin/HEAD [24ms]
2026-01-31 05:02:18.714 [info] fatal: ref refs/remotes/origin/HEAD is not a symbolic ref
2026-01-31 05:02:18.714 [warning] [Repository][getDefaultBranch] Failed to get default branch details: Failed to execute git.
2026-01-31 05:02:18.777 [info] > git merge-base refs/heads/main refs/remotes/origin/main [42ms]
2026-01-31 05:02:18.801 [info] > git for-each-ref --sort -committerdate --format %(refname)%00%(objectname)%00%(*objectname) [27ms]
2026-01-31 05:02:18.816 [info] > git status -z -uall [61ms]
2026-01-31 05:02:18.887 [info] > git diff --raw --numstat --diff-filter=ADMR -z --find-renames=50% 0032fdd865b150504279f68abdd97d3422865b82...refs/remotes/origin/main -- [88ms]
2026-01-31 05:02:18.912 [info] > git merge-base refs/heads/main refs/remotes/origin/main [32ms]
2026-01-31 05:02:19.523 [info] > git diff --raw --numstat --diff-filter=ADMR -z --find-renames=50% 0032fdd865b150504279f68abdd97d3422865b82...refs/remotes/origin/main -- [593ms]
2026-01-31 05:02:20.254 [info] > git check-ignore -v -z --stdin [53ms]
2026-01-31 05:02:24.743 [info] > git config --get commit.template [28ms]
2026-01-31 05:02:24.753 [info] > git for-each-ref --format=%(refname)%00%(upstream:short)%00%(objectname)%00%(upstream:track)%00%(upstream:remotename)%00%(upstream:remoteref) refs/heads/main refs/remotes/main [15ms]
2026-01-31 05:02:24.809 [info] > git for-each-ref --sort -committerdate --format %(refname)%00%(objectname)%00%(*objectname) [15ms]
2026-01-31 05:02:24.832 [info] > git status -z -uall [59ms]
2026-01-31 05:02:29.938 [info] > git config --get commit.template [22ms]
2026-01-31 05:02:29.948 [info] > git for-each-ref --format=%(refname)%00%(upstream:short)%00%(objectname)%00%(upstream:track)%00%(upstream:remotename)%00%(upstream:remoteref) refs/heads/main refs/remotes/main [12ms]
2026-01-31 05:02:30.009 [info] > git for-each-ref --sort -committerdate --format %(refname)%00%(objectname)%00%(*objectname) [13ms]
2026-01-31 05:02:30.056 [info] > git status -z -uall [76ms]
2026-01-31 05:02:35.158 [info] > git config --get commit.template [20ms]
2026-01-31 05:02:35.168 [info] > git for-each-ref --format=%(refname)%00%(upstream:short)%00%(objectname)%00%(upstream:track)%00%(upstream:remotename)%00%(upstream:remoteref) refs/heads/main refs/remotes/main [12ms]
2026-01-31 05:02:35.217 [info] > git for-each-ref --sort -committerdate --format %(refname)%00%(objectname)%00%(*objectname) [11ms]
2026-01-31 05:02:35.261 [info] > git status -z -uall [74ms]
2026-01-31 05:03:02.136 [info] > git for-each-ref --format=%(refname)%00%(upstream:short)%00%(objectname)%00%(upstream:track)%00%(upstream:remotename)%00%(upstream:remoteref) refs/heads/main refs/remotes/main [47ms]
2026-01-31 05:03:02.154 [info] > git config --get commit.template [90ms]
2026-01-31 05:03:02.239 [info] > git for-each-ref --sort -committerdate --format %(refname)%00%(objectname)%00%(*objectname) [22ms]
2026-01-31 05:03:02.283 [info] > git status -z -uall [92ms]
2026-01-31 05:03:07.375 [info] > git config --get commit.template [22ms]
2026-01-31 05:03:07.387 [info] > git for-each-ref --format=%(refname)%00%(upstream:short)%00%(objectname)%00%(upstream:track)%00%(upstream:remotename)%00%(upstream:remoteref) refs/heads/main refs/remotes/main [17ms]
2026-01-31 05:03:07.449 [info] > git for-each-ref --sort -committerdate --format %(refname)%00%(objectname)%00%(*objectname) [21ms]
2026-01-31 05:03:07.471 [info] > git status -z -uall [62ms]
2026-01-31 05:03:27.610 [info] > git config --get commit.template [106ms]
2026-01-31 05:03:27.658 [info] > git for-each-ref --format=%(refname)%00%(upstream:short)%00%(objectname)%00%(upstream:track)%00%(upstream:remotename)%00%(upstream:remoteref) refs/heads/main refs/remotes/main [110ms]
2026-01-31 05:03:27.717 [info] > git for-each-ref --sort -committerdate --format %(refname)%00%(objectname)%00%(*objectname) [13ms]
2026-01-31 05:03:27.748 [info] > git status -z -uall [65ms]
2026-01-31 05:03:32.836 [info] > git config --get commit.template [22ms]
2026-01-31 05:03:32.846 [info] > git for-each-ref --format=%(refname)%00%(upstream:short)%00%(objectname)%00%(upstream:track)%00%(upstream:remotename)%00%(upstream:remoteref) refs/heads/main refs/remotes/main [13ms]
2026-01-31 05:03:32.901 [info] > git for-each-ref --sort -committerdate --format %(refname)%00%(objectname)%00%(*objectname) [12ms]
2026-01-31 05:03:32.924 [info] > git status -z -uall [55ms]
2026-01-31 05:03:38.023 [info] > git config --get commit.template [21ms]
2026-01-31 05:03:38.035 [info] > git for-each-ref --format=%(refname)%00%(upstream:short)%00%(objectname)%00%(upstream:track)%00%(upstream:remotename)%00%(upstream:remoteref) refs/heads/main refs/remotes/main [15ms]
2026-01-31 05:03:38.088 [info] > git for-each-ref --sort -committerdate --format %(refname)%00%(objectname)%00%(*objectname) [14ms]
2026-01-31 05:03:38.121 [info] > git status -z -uall [64ms]
2026-01-31 05:03:43.216 [info] > git config --get commit.template [25ms]
2026-01-31 05:03:43.228 [info] > git for-each-ref --format=%(refname)%00%(upstream:short)%00%(objectname)%00%(upstream:track)%00%(upstream:remotename)%00%(upstream:remoteref) refs/heads/main refs/remotes/main [13ms]
2026-01-31 05:03:43.281 [info] > git for-each-ref --sort -committerdate --format %(refname)%00%(objectname)%00%(*objectname) [12ms]
2026-01-31 05:03:43.311 [info] > git status -z -uall [61ms]
2026-01-31 05:03:48.396 [info] > git config --get commit.template [18ms]
2026-01-31 05:03:48.405 [info] > git for-each-ref --format=%(refname)%00%(upstream:short)%00%(objectname)%00%(upstream:track)%00%(upstream:remotename)%00%(upstream:remoteref) refs/heads/main refs/remotes/main [11ms]
2026-01-31 05:03:48.457 [info] > git for-each-ref --sort -committerdate --format %(refname)%00%(objectname)%00%(*objectname) [13ms]
2026-01-31 05:03:48.487 [info] > git status -z -uall [61ms]
2026-01-31 05:03:53.597 [info] > git config --get commit.template [27ms]
2026-01-31 05:03:53.610 [info] > git for-each-ref --format=%(refname)%00%(upstream:short)%00%(objectname)%00%(upstream:track)%00%(upstream:remotename)%00%(upstream:remoteref) refs/heads/main refs/remotes/main [16ms]
2026-01-31 05:03:53.661 [info] > git for-each-ref --sort -committerdate --format %(refname)%00%(objectname)%00%(*objectname) [15ms]
2026-01-31 05:03:53.689 [info] > git status -z -uall [62ms]
2026-01-31 05:05:20.990 [info] > git config --get commit.template [30ms]
2026-01-31 05:05:21.001 [info] > git for-each-ref --format=%(refname)%00%(upstream:short)%00%(objectname)%00%(upstream:track)%00%(upstream:remotename)%00%(upstream:remoteref) refs/heads/main refs/remotes/main [17ms]
2026-01-31 05:05:21.057 [info] > git for-each-ref --sort -committerdate --format %(refname)%00%(objectname)%00%(*objectname) [23ms]
2026-01-31 05:05:21.450 [info] > git status -z -uall [437ms]
2026-01-31 05:05:26.582 [info] > git config --get commit.template [24ms]
2026-01-31 05:05:26.593 [info] > git for-each-ref --format=%(refname)%00%(upstream:short)%00%(objectname)%00%(upstream:track)%00%(upstream:remotename)%00%(upstream:remoteref) refs/heads/main refs/remotes/main [14ms]
2026-01-31 05:05:26.643 [info] > git for-each-ref --sort -committerdate --format %(refname)%00%(objectname)%00%(*objectname) [12ms]
2026-01-31 05:05:26.794 [info] > git status -z -uall [182ms]
2026-01-31 05:05:31.882 [info] > git config --get commit.template [18ms]
2026-01-31 05:05:31.892 [info] > git for-each-ref --format=%(refname)%00%(upstream:short)%00%(objectname)%00%(upstream:track)%00%(upstream:remotename)%00%(upstream:remoteref) refs/heads/main refs/remotes/main [12ms]
2026-01-31 05:05:31.943 [info] > git for-each-ref --sort -committerdate --format %(refname)%00%(objectname)%00%(*objectname) [15ms]
2026-01-31 05:05:31.967 [info] > git status -z -uall [56ms]
2026-01-31 05:05:37.053 [info] > git config --get commit.template [34ms]
2026-01-31 05:05:37.062 [info] > git for-each-ref --format=%(refname)%00%(upstream:short)%00%(objectname)%00%(upstream:track)%00%(upstream:remotename)%00%(upstream:remoteref) refs/heads/main refs/remotes/main [14ms]
2026-01-31 05:05:37.123 [info] > git for-each-ref --sort -committerdate --format %(refname)%00%(objectname)%00%(*objectname) [17ms]
2026-01-31 05:05:37.136 [info] > git status -z -uall [57ms]
2026-01-31 05:05:49.211 [info] > git config --get commit.template [71ms]
2026-01-31 05:05:49.265 [info] > git for-each-ref --format=%(refname)%00%(upstream:short)%00%(objectname)%00%(upstream:track)%00%(upstream:remotename)%00%(upstream:remoteref) refs/heads/main refs/remotes/main [58ms]
2026-01-31 05:05:49.472 [info] > git for-each-ref --sort -committerdate --format %(refname)%00%(objectname)%00%(*objectname) [26ms]
2026-01-31 05:05:49.695 [info] > git status -z -uall [346ms]
2026-01-31 05:05:54.803 [info] > git config --get commit.template [21ms]
2026-01-31 05:05:54.811 [info] > git for-each-ref --format=%(refname)%00%(upstream:short)%00%(objectname)%00%(upstream:track)%00%(upstream:remotename)%00%(upstream:remoteref) refs/heads/main refs/remotes/main [11ms]
2026-01-31 05:05:54.864 [info] > git for-each-ref --sort -committerdate --format %(refname)%00%(objectname)%00%(*objectname) [14ms]
2026-01-31 05:05:54.887 [info] > git status -z -uall [56ms]
2026-01-31 05:05:59.988 [info] > git config --get commit.template [21ms]
2026-01-31 05:05:59.997 [info] > git for-each-ref --format=%(refname)%00%(upstream:short)%00%(objectname)%00%(upstream:track)%00%(upstream:remotename)%00%(upstream:remoteref) refs/heads/main refs/remotes/main [11ms]
2026-01-31 05:06:00.046 [info] > git for-each-ref --sort -committerdate --format %(refname)%00%(objectname)%00%(*objectname) [13ms]
2026-01-31 05:06:00.079 [info] > git status -z -uall [63ms]
2026-01-31 05:06:05.161 [info] > git config --get commit.template [18ms]
2026-01-31 05:06:05.170 [info] > git for-each-ref --format=%(refname)%00%(upstream:short)%00%(objectname)%00%(upstream:track)%00%(upstream:remotename)%00%(upstream:remoteref) refs/heads/main refs/remotes/main [11ms]
2026-01-31 05:06:05.220 [info] > git for-each-ref --sort -committerdate --format %(refname)%00%(objectname)%00%(*objectname) [14ms]
2026-01-31 05:06:05.246 [info] > git status -z -uall [56ms]
2026-01-31 05:06:10.350 [info] > git config --get commit.template [24ms]
2026-01-31 05:06:10.360 [info] > git for-each-ref --format=%(refname)%00%(upstream:short)%00%(objectname)%00%(upstream:track)%00%(upstream:remotename)%00%(upstream:remoteref) refs/heads/main refs/remotes/main [13ms]
2026-01-31 05:06:10.413 [info] > git for-each-ref --sort -committerdate --format %(refname)%00%(objectname)%00%(*objectname) [11ms]
2026-01-31 05:06:10.452 [info] > git status -z -uall [66ms]
2026-01-31 05:07:51.036 [info] > git config --get commit.template [44ms]
2026-01-31 05:07:51.058 [info] > git for-each-ref --format=%(refname)%00%(upstream:short)%00%(objectname)%00%(upstream:track)%00%(upstream:remotename)%00%(upstream:remoteref) refs/heads/main refs/remotes/main [35ms]
2026-01-31 05:07:51.105 [info] > git for-each-ref --sort -committerdate --format %(refname)%00%(objectname)%00%(*objectname) [4ms]
2026-01-31 05:07:51.439 [info] > git status -z -uall [364ms]
2026-01-31 05:07:56.553 [info] > git config --get commit.template [21ms]
2026-01-31 05:07:56.562 [info] > git for-each-ref --format=%(refname)%00%(upstream:short)%00%(objectname)%00%(upstream:track)%00%(upstream:remotename)%00%(upstream:remoteref) refs/heads/main refs/remotes/main [12ms]
2026-01-31 05:07:56.606 [info] > git for-each-ref --sort -committerdate --format %(refname)%00%(objectname)%00%(*objectname) [13ms]
2026-01-31 05:07:56.644 [info] > git status -z -uall [67ms]
2026-01-31 05:08:01.746 [info] > git config --get commit.template [16ms]
2026-01-31 05:08:01.755 [info] > git for-each-ref --format=%(refname)%00%(upstream:short)%00%(objectname)%00%(upstream:track)%00%(upstream:remotename)%00%(upstream:remoteref) refs/heads/main refs/remotes/main [12ms]
2026-01-31 05:08:01.803 [info] > git for-each-ref --sort -committerdate --format %(refname)%00%(objectname)%00%(*objectname) [12ms]
2026-01-31 05:08:01.841 [info] > git status -z -uall [64ms]
2026-01-31 05:08:06.933 [info] > git config --get commit.template [18ms]
2026-01-31 05:08:06.942 [info] > git for-each-ref --format=%(refname)%00%(upstream:short)%00%(objectname)%00%(upstream:track)%00%(upstream:remotename)%00%(upstream:remoteref) refs/heads/main refs/remotes/main [12ms]
2026-01-31 05:08:06.989 [info] > git for-each-ref --sort -committerdate --format %(refname)%00%(objectname)%00%(*objectname) [12ms]
2026-01-31 05:08:07.027 [info] > git status -z -uall [64ms]
2026-01-31 05:08:12.105 [info] > git config --get commit.template [22ms]
2026-01-31 05:08:12.119 [info] > git for-each-ref --format=%(refname)%00%(upstream:short)%00%(objectname)%00%(upstream:track)%00%(upstream:remotename)%00%(upstream:remoteref) refs/heads/main refs/remotes/main [16ms]
2026-01-31 05:08:12.173 [info] > git for-each-ref --sort -committerdate --format %(refname)%00%(objectname)%00%(*objectname) [14ms]
2026-01-31 05:08:12.218 [info] > git status -z -uall [76ms]
2026-01-31 05:08:17.300 [info] > git config --get commit.template [26ms]
2026-01-31 05:08:17.310 [info] > git for-each-ref --format=%(refname)%00%(upstream:short)%00%(objectname)%00%(upstream:track)%00%(upstream:remotename)%00%(upstream:remoteref) refs/heads/main refs/remotes/main [11ms]
2026-01-31 05:08:17.365 [info] > git for-each-ref --sort -committerdate --format %(refname)%00%(objectname)%00%(*objectname) [16ms]
2026-01-31 05:08:17.386 [info] > git status -z -uall [60ms]
2026-01-31 05:08:22.473 [info] > git config --get commit.template [22ms]
2026-01-31 05:08:22.482 [info] > git for-each-ref --format=%(refname)%00%(upstream:short)%00%(objectname)%00%(upstream:track)%00%(upstream:remotename)%00%(upstream:remoteref) refs/heads/main refs/remotes/main [11ms]
2026-01-31 05:08:22.531 [info] > git for-each-ref --sort -committerdate --format %(refname)%00%(objectname)%00%(*objectname) [9ms]
2026-01-31 05:08:22.565 [info] > git status -z -uall [63ms]
2026-01-31 05:08:27.660 [info] > git config --get commit.template [19ms]
2026-01-31 05:08:27.669 [info] > git for-each-ref --format=%(refname)%00%(upstream:short)%00%(objectname)%00%(upstream:track)%00%(upstream:remotename)%00%(upstream:remoteref) refs/heads/main refs/remotes/main [11ms]
2026-01-31 05:08:27.733 [info] > git for-each-ref --sort -committerdate --format %(refname)%00%(objectname)%00%(*objectname) [22ms]
2026-01-31 05:08:27.781 [info] > git status -z -uall [85ms]
2026-01-31 05:10:30.367 [info] > git config --get commit.template [32ms]
2026-01-31 05:10:30.380 [info] > git for-each-ref --format=%(refname)%00%(upstream:short)%00%(objectname)%00%(upstream:track)%00%(upstream:remotename)%00%(upstream:remoteref) refs/heads/main refs/remotes/main [17ms]
2026-01-31 05:10:30.432 [info] > git for-each-ref --sort -committerdate --format %(refname)%00%(objectname)%00%(*objectname) [13ms]
2026-01-31 05:10:30.637 [info] > git status -z -uall [237ms]
2026-01-31 05:10:35.710 [info] > git config --get commit.template [19ms]
2026-01-31 05:10:35.719 [info] > git for-each-ref --format=%(refname)%00%(upstream:short)%00%(objectname)%00%(upstream:track)%00%(upstream:remotename)%00%(upstream:remoteref) refs/heads/main refs/remotes/main [11ms]
2026-01-31 05:10:35.768 [info] > git for-each-ref --sort -committerdate --format %(refname)%00%(objectname)%00%(*objectname) [15ms]
2026-01-31 05:10:35.790 [info] > git status -z -uall [55ms]
2026-01-31 05:10:40.892 [info] > git config --get commit.template [27ms]
2026-01-31 05:10:40.903 [info] > git for-each-ref --format=%(refname)%00%(upstream:short)%00%(objectname)%00%(upstream:track)%00%(upstream:remotename)%00%(upstream:remoteref) refs/heads/main refs/remotes/main [14ms]
2026-01-31 05:10:40.955 [info] > git for-each-ref --sort -committerdate --format %(refname)%00%(objectname)%00%(*objectname) [11ms]
2026-01-31 05:10:40.992 [info] > git status -z -uall [63ms]
2026-01-31 05:10:46.091 [info] > git config --get commit.template [23ms]
2026-01-31 05:10:46.102 [info] > git for-each-ref --format=%(refname)%00%(upstream:short)%00%(objectname)%00%(upstream:track)%00%(upstream:remotename)%00%(upstream:remoteref) refs/heads/main refs/remotes/main [14ms]
2026-01-31 05:10:46.151 [info] > git for-each-ref --sort -committerdate --format %(refname)%00%(objectname)%00%(*objectname) [12ms]
2026-01-31 05:10:46.181 [info] > git status -z -uall [63ms]
2026-01-31 05:10:59.083 [info] > git config --get commit.template [30ms]
2026-01-31 05:10:59.108 [info] > git for-each-ref --format=%(refname)%00%(upstream:short)%00%(objectname)%00%(upstream:track)%00%(upstream:remotename)%00%(upstream:remoteref) refs/heads/main refs/remotes/main [31ms]
2026-01-31 05:10:59.168 [info] > git for-each-ref --sort -committerdate --format %(refname)%00%(objectname)%00%(*objectname) [15ms]
2026-01-31 05:10:59.232 [info] > git status -z -uall [100ms]
2026-01-31 05:11:04.344 [info] > git config --get commit.template [23ms]
2026-01-31 05:11:04.356 [info] > git for-each-ref --format=%(refname)%00%(upstream:short)%00%(objectname)%00%(upstream:track)%00%(upstream:remotename)%00%(upstream:remoteref) refs/heads/main refs/remotes/main [13ms]
2026-01-31 05:11:04.405 [info] > git for-each-ref --sort -committerdate --format %(refname)%00%(objectname)%00%(*objectname) [11ms]
2026-01-31 05:11:04.429 [info] > git status -z -uall [56ms]
2026-01-31 05:11:09.521 [info] > git config --get commit.template [18ms]
2026-01-31 05:11:09.530 [info] > git for-each-ref --format=%(refname)%00%(upstream:short)%00%(objectname)%00%(upstream:track)%00%(upstream:remotename)%00%(upstream:remoteref) refs/heads/main refs/remotes/main [12ms]
2026-01-31 05:11:09.583 [info] > git for-each-ref --sort -committerdate --format %(refname)%00%(objectname)%00%(*objectname) [11ms]
2026-01-31 05:11:09.621 [info] > git status -z -uall [64ms]
2026-01-31 05:11:14.705 [info] > git config --get commit.template [20ms]
2026-01-31 05:11:14.715 [info] > git for-each-ref --format=%(refname)%00%(upstream:short)%00%(objectname)%00%(upstream:track)%00%(upstream:remotename)%00%(upstream:remoteref) refs/heads/main refs/remotes/main [14ms]
2026-01-31 05:11:14.767 [info] > git for-each-ref --sort -committerdate --format %(refname)%00%(objectname)%00%(*objectname) [14ms]
2026-01-31 05:11:14.798 [info] > git status -z -uall [65ms]
2026-01-31 05:11:19.884 [info] > git config --get commit.template [18ms]
2026-01-31 05:11:19.893 [info] > git for-each-ref --format=%(refname)%00%(upstream:short)%00%(objectname)%00%(upstream:track)%00%(upstream:remotename)%00%(upstream:remoteref) refs/heads/main refs/remotes/main [10ms]
2026-01-31 05:11:19.947 [info] > git for-each-ref --sort -committerdate --format %(refname)%00%(objectname)%00%(*objectname) [13ms]
2026-01-31 05:11:19.978 [info] > git status -z -uall [64ms]
2026-01-31 05:11:25.079 [info] > git config --get commit.template [25ms]
2026-01-31 05:11:25.090 [info] > git for-each-ref --format=%(refname)%00%(upstream:short)%00%(objectname)%00%(upstream:track)%00%(upstream:remotename)%00%(upstream:remoteref) refs/heads/main refs/remotes/main [14ms]
2026-01-31 05:11:25.150 [info] > git for-each-ref --sort -committerdate --format %(refname)%00%(objectname)%00%(*objectname) [14ms]
2026-01-31 05:11:25.176 [info] > git status -z -uall [63ms]
2026-01-31 05:13:29.406 [info] > git config --get commit.template [29ms]
2026-01-31 05:13:29.421 [info] > git for-each-ref --format=%(refname)%00%(upstream:short)%00%(objectname)%00%(upstream:track)%00%(upstream:remotename)%00%(upstream:remoteref) refs/heads/main refs/remotes/main [26ms]
2026-01-31 05:13:29.477 [info] > git for-each-ref --sort -committerdate --format %(refname)%00%(objectname)%00%(*objectname) [17ms]
2026-01-31 05:13:29.705 [info] > git status -z -uall [261ms]
2026-01-31 05:13:34.804 [info] > git config --get commit.template [24ms]
2026-01-31 05:13:34.819 [info] > git for-each-ref --format=%(refname)%00%(upstream:short)%00%(objectname)%00%(upstream:track)%00%(upstream:remotename)%00%(upstream:remoteref) refs/heads/main refs/remotes/main [18ms]
2026-01-31 05:13:34.877 [info] > git for-each-ref --sort -committerdate --format %(refname)%00%(objectname)%00%(*objectname) [16ms]
2026-01-31 05:13:34.904 [info] > git status -z -uall [66ms]
2026-01-31 05:13:47.720 [info] > git config --get commit.template [52ms]
2026-01-31 05:13:47.727 [info] > git for-each-ref --format=%(refname)%00%(upstream:short)%00%(objectname)%00%(upstream:track)%00%(upstream:remotename)%00%(upstream:remoteref) refs/heads/main refs/remotes/main [18ms]
2026-01-31 05:13:47.873 [info] > git for-each-ref --sort -committerdate --format %(refname)%00%(objectname)%00%(*objectname) [20ms]
2026-01-31 05:13:47.927 [info] > git status -z -uall [104ms]
2026-01-31 05:13:53.013 [info] > git config --get commit.template [20ms]
2026-01-31 05:13:53.025 [info] > git for-each-ref --format=%(refname)%00%(upstream:short)%00%(objectname)%00%(upstream:track)%00%(upstream:remotename)%00%(upstream:remoteref) refs/heads/main refs/remotes/main [15ms]
2026-01-31 05:13:53.070 [info] > git for-each-ref --sort -committerdate --format %(refname)%00%(objectname)%00%(*objectname) [12ms]
2026-01-31 05:13:53.102 [info] > git status -z -uall [60ms]
2026-01-31 05:13:58.194 [info] > git config --get commit.template [17ms]
2026-01-31 05:13:58.202 [info] > git for-each-ref --format=%(refname)%00%(upstream:short)%00%(objectname)%00%(upstream:track)%00%(upstream:remotename)%00%(upstream:remoteref) refs/heads/main refs/remotes/main [12ms]
2026-01-31 05:13:58.257 [info] > git for-each-ref --sort -committerdate --format %(refname)%00%(objectname)%00%(*objectname) [8ms]
2026-01-31 05:13:58.277 [info] > git status -z -uall [54ms]
2026-01-31 05:14:03.374 [info] > git config --get commit.template [23ms]
2026-01-31 05:14:03.384 [info] > git for-each-ref --format=%(refname)%00%(upstream:short)%00%(objectname)%00%(upstream:track)%00%(upstream:remotename)%00%(upstream:remoteref) refs/heads/main refs/remotes/main [13ms]
2026-01-31 05:14:03.437 [info] > git for-each-ref --sort -committerdate --format %(refname)%00%(objectname)%00%(*objectname) [14ms]
2026-01-31 05:14:03.466 [info] > git status -z -uall [60ms]
2026-01-31 05:16:03.773 [info] > git config --get commit.template [23ms]
2026-01-31 05:16:03.788 [info] > git for-each-ref --format=%(refname)%00%(upstream:short)%00%(objectname)%00%(upstream:track)%00%(upstream:remotename)%00%(upstream:remoteref) refs/heads/main refs/remotes/main [19ms]
2026-01-31 05:16:03.838 [info] > git for-each-ref --sort -committerdate --format %(refname)%00%(objectname)%00%(*objectname) [13ms]
2026-01-31 05:16:04.001 [info] > git status -z -uall [194ms]
2026-01-31 05:16:16.364 [info] > git config --get commit.template [111ms]
2026-01-31 05:16:16.426 [info] > git for-each-ref --format=%(refname)%00%(upstream:short)%00%(objectname)%00%(upstream:track)%00%(upstream:remotename)%00%(upstream:remoteref) refs/heads/main refs/remotes/main [66ms]
2026-01-31 05:16:16.564 [info] > git for-each-ref --sort -committerdate --format %(refname)%00%(objectname)%00%(*objectname) [31ms]
2026-01-31 05:16:16.806 [info] > git status -z -uall [343ms]
2026-01-31 05:16:21.901 [info] > git config --get commit.template [20ms]
2026-01-31 05:16:21.911 [info] > git for-each-ref --format=%(refname)%00%(upstream:short)%00%(objectname)%00%(upstream:track)%00%(upstream:remotename)%00%(upstream:remoteref) refs/heads/main refs/remotes/main [13ms]
2026-01-31 05:16:21.971 [info] > git for-each-ref --sort -committerdate --format %(refname)%00%(objectname)%00%(*objectname) [18ms]
2026-01-31 05:16:22.004 [info] > git status -z -uall [74ms]
2026-01-31 05:16:27.098 [info] > git config --get commit.template [27ms]
2026-01-31 05:16:27.109 [info] > git for-each-ref --format=%(refname)%00%(upstream:short)%00%(objectname)%00%(upstream:track)%00%(upstream:remotename)%00%(upstream:remoteref) refs/heads/main refs/remotes/main [13ms]
2026-01-31 05:16:27.156 [info] > git for-each-ref --sort -committerdate --format %(refname)%00%(objectname)%00%(*objectname) [10ms]
2026-01-31 05:16:27.181 [info] > git status -z -uall [54ms]
2026-01-31 05:16:32.339 [info] > git config --get commit.template [40ms]
2026-01-31 05:16:32.363 [info] > git for-each-ref --format=%(refname)%00%(upstream:short)%00%(objectname)%00%(upstream:track)%00%(upstream:remotename)%00%(upstream:remoteref) refs/heads/main refs/remotes/main [29ms]
2026-01-31 05:16:32.448 [info] > git for-each-ref --sort -committerdate --format %(refname)%00%(objectname)%00%(*objectname) [13ms]
2026-01-31 05:16:32.489 [info] > git status -z -uall [78ms]
2026-01-31 05:16:37.568 [info] > git config --get commit.template [27ms]
2026-01-31 05:16:37.575 [info] > git for-each-ref --format=%(refname)%00%(upstream:short)%00%(objectname)%00%(upstream:track)%00%(upstream:remotename)%00%(upstream:remoteref) refs/heads/main refs/remotes/main [10ms]
2026-01-31 05:16:37.654 [info] > git for-each-ref --sort -committerdate --format %(refname)%00%(objectname)%00%(*objectname) [30ms]
2026-01-31 05:16:37.783 [info] > git status -z -uall [184ms]
2026-01-31 05:16:42.877 [info] > git config --get commit.template [20ms]
2026-01-31 05:16:42.887 [info] > git for-each-ref --format=%(refname)%00%(upstream:short)%00%(objectname)%00%(upstream:track)%00%(upstream:remotename)%00%(upstream:remoteref) refs/heads/main refs/remotes/main [12ms]
2026-01-31 05:16:42.963 [info] > git for-each-ref --sort -committerdate --format %(refname)%00%(objectname)%00%(*objectname) [30ms]
2026-01-31 05:16:42.992 [info] > git status -z -uall [86ms]
2026-01-31 05:16:48.078 [info] > git config --get commit.template [19ms]
2026-01-31 05:16:48.087 [info] > git for-each-ref --format=%(refname)%00%(upstream:short)%00%(objectname)%00%(upstream:track)%00%(upstream:remotename)%00%(upstream:remoteref) refs/heads/main refs/remotes/main [11ms]
2026-01-31 05:16:48.137 [info] > git for-each-ref --sort -committerdate --format %(refname)%00%(objectname)%00%(*objectname) [13ms]
2026-01-31 05:16:48.168 [info] > git status -z -uall [61ms]
2026-01-31 05:16:53.267 [info] > git config --get commit.template [18ms]
2026-01-31 05:16:53.276 [info] > git for-each-ref --format=%(refname)%00%(upstream:short)%00%(objectname)%00%(upstream:track)%00%(upstream:remotename)%00%(upstream:remoteref) refs/heads/main refs/remotes/main [11ms]
2026-01-31 05:16:53.333 [info] > git for-each-ref --sort -committerdate --format %(refname)%00%(objectname)%00%(*objectname) [11ms]
2026-01-31 05:16:53.359 [info] > git status -z -uall [57ms]
