2026-01-31 05:17:27.290 [info] [main] Log level: Info
2026-01-31 05:17:27.290 [info] [main] Validating found git in: "git"
2026-01-31 05:17:27.290 [info] [main] Using git "2.52.0" from "git"
2026-01-31 05:17:27.290 [info] [Model][doInitialScan] Initial repository scan started
2026-01-31 05:17:27.290 [info] > git rev-parse --show-toplevel [79ms]
2026-01-31 05:17:27.290 [info] > git rev-parse --git-dir --git-common-dir --show-superproject-working-tree [92ms]
2026-01-31 05:17:27.290 [info] [Model][openRepository] Opened repository (path): /data/data/com.termux/files/home
2026-01-31 05:17:27.290 [info] [Model][openRepository] Opened repository (real path): /data/data/com.termux/files/home
2026-01-31 05:17:27.290 [info] [Model][openRepository] Opened repository (kind): repository
2026-01-31 05:17:27.297 [info] > git config --get commit.template [39ms]
2026-01-31 05:17:27.304 [info] > git rev-parse --show-toplevel [30ms]
2026-01-31 05:17:27.417 [info] > git for-each-ref --format=%(refname)%00%(upstream:short)%00%(objectname)%00%(upstream:track)%00%(upstream:remotename)%00%(upstream:remoteref) refs/heads/main refs/remotes/main [85ms]
2026-01-31 05:17:27.439 [info] > git rev-parse --show-toplevel [83ms]
2026-01-31 05:17:27.640 [info] > git rev-parse --show-toplevel [163ms]
2026-01-31 05:17:27.685 [info] > git for-each-ref --sort -committerdate --format %(refname)%00%(objectname)%00%(*objectname) [50ms]
2026-01-31 05:17:27.716 [info] > git status -z -uall [180ms]
2026-01-31 05:17:29.437 [info] > git check-ignore -v -z --stdin [1309ms]
2026-01-31 05:17:29.441 [info] > git for-each-ref --format=%(refname)%00%(upstream:short)%00%(objectname)%00%(upstream:track)%00%(upstream:remotename)%00%(upstream:remoteref) refs/heads/main refs/remotes/main [1384ms]
2026-01-31 05:17:29.465 [info] > git rev-parse --show-toplevel [1781ms]
2026-01-31 05:17:29.496 [info] > git config --get commit.template [70ms]
2026-01-31 05:17:29.501 [info] > git config --get --local branch.main.vscode-merge-base [39ms]
2026-01-31 05:17:29.502 [warning] [Git][config] git config failed: Failed to execute git
2026-01-31 05:17:29.538 [info] > git rev-parse --show-toplevel [46ms]
2026-01-31 05:17:29.544 [info] > git reflog main --grep-reflog=branch: Created from *. [28ms]
2026-01-31 05:17:29.582 [info] > git for-each-ref --format=%(refname)%00%(upstream:short)%00%(objectname)%00%(upstream:track)%00%(upstream:remotename)%00%(upstream:remoteref) refs/heads/main refs/remotes/main [47ms]
2026-01-31 05:17:29.585 [info] > git symbolic-ref --short refs/remotes/origin/HEAD [25ms]
2026-01-31 05:17:29.585 [info] fatal: ref refs/remotes/origin/HEAD is not a symbolic ref
2026-01-31 05:17:29.585 [warning] [Repository][getDefaultBranch] Failed to get default branch details: Failed to execute git.
2026-01-31 05:17:29.615 [info] > git rev-parse --show-toplevel [40ms]
2026-01-31 05:17:29.681 [info] > git merge-base refs/heads/main refs/remotes/origin/main [76ms]
2026-01-31 05:17:29.706 [info] > git for-each-ref --sort -committerdate --format %(refname)%00%(objectname)%00%(*objectname) [30ms]
2026-01-31 05:17:29.708 [info] > git rev-parse --show-toplevel [79ms]
2026-01-31 05:17:29.746 [info] > git diff --raw --numstat --diff-filter=ADMR -z --find-renames=50% 0032fdd865b150504279f68abdd97d3422865b82...refs/remotes/origin/main -- [44ms]
2026-01-31 05:17:29.760 [info] > git status -z -uall [107ms]
2026-01-31 05:17:29.821 [info] > git rev-parse --show-toplevel [88ms]
2026-01-31 05:17:29.840 [info] [Model][doInitialScan] Initial repository scan completed - repositories (1), closed repositories (0), parent repositories (0), unsafe repositories (0)
2026-01-31 05:17:30.485 [info] > git check-ignore -v -z --stdin [18ms]
2026-01-31 05:17:50.708 [info] > git config --get commit.template [46ms]
2026-01-31 05:17:50.728 [info] > git for-each-ref --format=%(refname)%00%(upstream:short)%00%(objectname)%00%(upstream:track)%00%(upstream:remotename)%00%(upstream:remoteref) refs/heads/main refs/remotes/main [23ms]
2026-01-31 05:17:50.844 [info] > git for-each-ref --sort -committerdate --format %(refname)%00%(objectname)%00%(*objectname) [22ms]
2026-01-31 05:17:50.930 [info] > git status -z -uall [149ms]
2026-01-31 05:17:56.198 [info] > git config --get commit.template [54ms]
2026-01-31 05:17:56.201 [info] > git for-each-ref --format=%(refname)%00%(upstream:short)%00%(objectname)%00%(upstream:track)%00%(upstream:remotename)%00%(upstream:remoteref) refs/heads/main refs/remotes/main [23ms]
2026-01-31 05:17:56.338 [info] > git for-each-ref --sort -committerdate --format %(refname)%00%(objectname)%00%(*objectname) [38ms]
2026-01-31 05:17:56.444 [info] > git status -z -uall [190ms]
2026-01-31 05:18:01.586 [info] > git config --get commit.template [17ms]
2026-01-31 05:18:01.594 [info] > git for-each-ref --format=%(refname)%00%(upstream:short)%00%(objectname)%00%(upstream:track)%00%(upstream:remotename)%00%(upstream:remoteref) refs/heads/main refs/remotes/main [11ms]
2026-01-31 05:18:01.642 [info] > git for-each-ref --sort -committerdate --format %(refname)%00%(objectname)%00%(*objectname) [11ms]
2026-01-31 05:18:01.674 [info] > git status -z -uall [58ms]
2026-01-31 05:20:26.907 [info] > git config --get commit.template [32ms]
2026-01-31 05:20:26.921 [info] > git for-each-ref --format=%(refname)%00%(upstream:short)%00%(objectname)%00%(upstream:track)%00%(upstream:remotename)%00%(upstream:remoteref) refs/heads/main refs/remotes/main [27ms]
2026-01-31 05:20:26.974 [info] > git for-each-ref --sort -committerdate --format %(refname)%00%(objectname)%00%(*objectname) [15ms]
2026-01-31 05:20:27.342 [info] > git status -z -uall [399ms]
2026-01-31 05:20:32.487 [info] > git config --get commit.template [29ms]
2026-01-31 05:20:32.498 [info] > git for-each-ref --format=%(refname)%00%(upstream:short)%00%(objectname)%00%(upstream:track)%00%(upstream:remotename)%00%(upstream:remoteref) refs/heads/main refs/remotes/main [16ms]
2026-01-31 05:20:32.547 [info] > git for-each-ref --sort -committerdate --format %(refname)%00%(objectname)%00%(*objectname) [11ms]
2026-01-31 05:20:32.575 [info] > git status -z -uall [54ms]
2026-01-31 05:20:50.207 [info] > git config --get commit.template [67ms]
2026-01-31 05:20:50.250 [info] > git for-each-ref --format=%(refname)%00%(upstream:short)%00%(objectname)%00%(upstream:track)%00%(upstream:remotename)%00%(upstream:remoteref) refs/heads/main refs/remotes/main [53ms]
2026-01-31 05:20:50.354 [info] > git for-each-ref --sort -committerdate --format %(refname)%00%(objectname)%00%(*objectname) [20ms]
2026-01-31 05:20:50.425 [info] > git status -z -uall [122ms]
2026-01-31 05:20:55.518 [info] > git config --get commit.template [22ms]
2026-01-31 05:20:55.527 [info] > git for-each-ref --format=%(refname)%00%(upstream:short)%00%(objectname)%00%(upstream:track)%00%(upstream:remotename)%00%(upstream:remoteref) refs/heads/main refs/remotes/main [12ms]
2026-01-31 05:20:55.604 [info] > git for-each-ref --sort -committerdate --format %(refname)%00%(objectname)%00%(*objectname) [31ms]
2026-01-31 05:20:55.620 [info] > git status -z -uall [71ms]
2026-01-31 05:21:04.902 [info] > git config --get commit.template [111ms]
2026-01-31 05:21:04.959 [info] > git for-each-ref --format=%(refname)%00%(upstream:short)%00%(objectname)%00%(upstream:track)%00%(upstream:remotename)%00%(upstream:remoteref) refs/heads/main refs/remotes/main [61ms]
2026-01-31 05:21:05.047 [info] > git for-each-ref --sort -committerdate --format %(refname)%00%(objectname)%00%(*objectname) [22ms]
2026-01-31 05:21:05.090 [info] > git status -z -uall [101ms]
2026-01-31 05:21:10.266 [info] > git config --get commit.template [33ms]
2026-01-31 05:21:10.276 [info] > git for-each-ref --format=%(refname)%00%(upstream:short)%00%(objectname)%00%(upstream:track)%00%(upstream:remotename)%00%(upstream:remoteref) refs/heads/main refs/remotes/main [15ms]
2026-01-31 05:21:10.334 [info] > git for-each-ref --sort -committerdate --format %(refname)%00%(objectname)%00%(*objectname) [13ms]
2026-01-31 05:21:10.360 [info] > git status -z -uall [58ms]
2026-01-31 05:23:09.568 [info] > git config --get commit.template [28ms]
2026-01-31 05:23:09.580 [info] > git for-each-ref --format=%(refname)%00%(upstream:short)%00%(objectname)%00%(upstream:track)%00%(upstream:remotename)%00%(upstream:remoteref) refs/heads/main refs/remotes/main [17ms]
2026-01-31 05:23:09.639 [info] > git for-each-ref --sort -committerdate --format %(refname)%00%(objectname)%00%(*objectname) [19ms]
2026-01-31 05:23:09.983 [info] > git status -z -uall [382ms]
2026-01-31 05:23:15.093 [info] > git config --get commit.template [24ms]
2026-01-31 05:23:15.103 [info] > git for-each-ref --format=%(refname)%00%(upstream:short)%00%(objectname)%00%(upstream:track)%00%(upstream:remotename)%00%(upstream:remoteref) refs/heads/main refs/remotes/main [13ms]
2026-01-31 05:23:15.144 [info] > git for-each-ref --sort -committerdate --format %(refname)%00%(objectname)%00%(*objectname) [10ms]
2026-01-31 05:23:15.171 [info] > git status -z -uall [54ms]
2026-01-31 05:23:20.268 [info] > git config --get commit.template [19ms]
2026-01-31 05:23:20.276 [info] > git for-each-ref --format=%(refname)%00%(upstream:short)%00%(objectname)%00%(upstream:track)%00%(upstream:remotename)%00%(upstream:remoteref) refs/heads/main refs/remotes/main [11ms]
2026-01-31 05:23:20.325 [info] > git for-each-ref --sort -committerdate --format %(refname)%00%(objectname)%00%(*objectname) [10ms]
2026-01-31 05:23:20.356 [info] > git status -z -uall [56ms]
2026-01-31 05:23:25.455 [info] > git config --get commit.template [18ms]
2026-01-31 05:23:25.464 [info] > git for-each-ref --format=%(refname)%00%(upstream:short)%00%(objectname)%00%(upstream:track)%00%(upstream:remotename)%00%(upstream:remoteref) refs/heads/main refs/remotes/main [10ms]
2026-01-31 05:23:25.515 [info] > git for-each-ref --sort -committerdate --format %(refname)%00%(objectname)%00%(*objectname) [11ms]
2026-01-31 05:23:25.544 [info] > git status -z -uall [56ms]
2026-01-31 05:23:40.605 [info] > git config --get commit.template [164ms]
2026-01-31 05:23:40.633 [info] > git for-each-ref --format=%(refname)%00%(upstream:short)%00%(objectname)%00%(upstream:track)%00%(upstream:remotename)%00%(upstream:remoteref) refs/heads/main refs/remotes/main [47ms]
2026-01-31 05:23:40.762 [info] > git for-each-ref --sort -committerdate --format %(refname)%00%(objectname)%00%(*objectname) [62ms]
2026-01-31 05:23:40.922 [info] > git status -z -uall [256ms]
2026-01-31 05:23:46.058 [info] > git config --get commit.template [29ms]
2026-01-31 05:23:46.068 [info] > git for-each-ref --format=%(refname)%00%(upstream:short)%00%(objectname)%00%(upstream:track)%00%(upstream:remotename)%00%(upstream:remoteref) refs/heads/main refs/remotes/main [14ms]
2026-01-31 05:23:46.123 [info] > git for-each-ref --sort -committerdate --format %(refname)%00%(objectname)%00%(*objectname) [13ms]
2026-01-31 05:23:46.149 [info] > git status -z -uall [63ms]
2026-01-31 05:23:56.636 [info] > git config --get commit.template [52ms]
2026-01-31 05:23:56.671 [info] > git for-each-ref --format=%(refname)%00%(upstream:short)%00%(objectname)%00%(upstream:track)%00%(upstream:remotename)%00%(upstream:remoteref) refs/heads/main refs/remotes/main [39ms]
2026-01-31 05:23:56.754 [info] > git for-each-ref --sort -committerdate --format %(refname)%00%(objectname)%00%(*objectname) [16ms]
2026-01-31 05:23:56.787 [info] > git status -z -uall [70ms]
2026-01-31 05:24:01.890 [info] > git config --get commit.template [26ms]
2026-01-31 05:24:01.905 [info] > git for-each-ref --format=%(refname)%00%(upstream:short)%00%(objectname)%00%(upstream:track)%00%(upstream:remotename)%00%(upstream:remoteref) refs/heads/main refs/remotes/main [17ms]
2026-01-31 05:24:01.961 [info] > git for-each-ref --sort -committerdate --format %(refname)%00%(objectname)%00%(*objectname) [13ms]
2026-01-31 05:24:02.000 [info] > git status -z -uall [73ms]
2026-01-31 05:24:07.094 [info] > git config --get commit.template [25ms]
2026-01-31 05:24:07.103 [info] > git for-each-ref --format=%(refname)%00%(upstream:short)%00%(objectname)%00%(upstream:track)%00%(upstream:remotename)%00%(upstream:remoteref) refs/heads/main refs/remotes/main [12ms]
2026-01-31 05:24:07.150 [info] > git for-each-ref --sort -committerdate --format %(refname)%00%(objectname)%00%(*objectname) [11ms]
2026-01-31 05:24:07.179 [info] > git status -z -uall [57ms]
2026-01-31 05:24:12.279 [info] > git config --get commit.template [31ms]
2026-01-31 05:24:12.296 [info] > git for-each-ref --format=%(refname)%00%(upstream:short)%00%(objectname)%00%(upstream:track)%00%(upstream:remotename)%00%(upstream:remoteref) refs/heads/main refs/remotes/main [21ms]
2026-01-31 05:24:12.380 [info] > git for-each-ref --sort -committerdate --format %(refname)%00%(objectname)%00%(*objectname) [22ms]
2026-01-31 05:24:12.404 [info] > git status -z -uall [74ms]
2026-01-31 05:24:17.497 [info] > git config --get commit.template [32ms]
2026-01-31 05:24:17.506 [info] > git for-each-ref --format=%(refname)%00%(upstream:short)%00%(objectname)%00%(upstream:track)%00%(upstream:remotename)%00%(upstream:remoteref) refs/heads/main refs/remotes/main [11ms]
2026-01-31 05:24:17.555 [info] > git for-each-ref --sort -committerdate --format %(refname)%00%(objectname)%00%(*objectname) [12ms]
2026-01-31 05:24:17.583 [info] > git status -z -uall [59ms]
2026-01-31 05:24:22.661 [info] > git config --get commit.template [22ms]
2026-01-31 05:24:22.668 [info] > git for-each-ref --format=%(refname)%00%(upstream:short)%00%(objectname)%00%(upstream:track)%00%(upstream:remotename)%00%(upstream:remoteref) refs/heads/main refs/remotes/main [9ms]
2026-01-31 05:24:22.722 [info] > git for-each-ref --sort -committerdate --format %(refname)%00%(objectname)%00%(*objectname) [12ms]
2026-01-31 05:24:22.771 [info] > git status -z -uall [81ms]
2026-01-31 05:24:27.857 [info] > git config --get commit.template [22ms]
2026-01-31 05:24:27.868 [info] > git for-each-ref --format=%(refname)%00%(upstream:short)%00%(objectname)%00%(upstream:track)%00%(upstream:remotename)%00%(upstream:remoteref) refs/heads/main refs/remotes/main [14ms]
2026-01-31 05:24:27.918 [info] > git for-each-ref --sort -committerdate --format %(refname)%00%(objectname)%00%(*objectname) [11ms]
2026-01-31 05:24:27.941 [info] > git status -z -uall [50ms]
2026-01-31 05:26:39.081 [info] > git config --get commit.template [117ms]
2026-01-31 05:26:39.141 [info] > git for-each-ref --format=%(refname)%00%(upstream:short)%00%(objectname)%00%(upstream:track)%00%(upstream:remotename)%00%(upstream:remoteref) refs/heads/main refs/remotes/main [94ms]
2026-01-31 05:26:39.319 [info] > git for-each-ref --sort -committerdate --format %(refname)%00%(objectname)%00%(*objectname) [65ms]
2026-01-31 05:26:39.443 [info] > git status -z -uall [246ms]
2026-01-31 05:26:44.559 [info] > git config --get commit.template [22ms]
2026-01-31 05:26:44.570 [info] > git for-each-ref --format=%(refname)%00%(upstream:short)%00%(objectname)%00%(upstream:track)%00%(upstream:remotename)%00%(upstream:remoteref) refs/heads/main refs/remotes/main [14ms]
2026-01-31 05:26:44.625 [info] > git for-each-ref --sort -committerdate --format %(refname)%00%(objectname)%00%(*objectname) [10ms]
2026-01-31 05:26:44.662 [info] > git status -z -uall [68ms]
2026-01-31 05:26:59.903 [info] > git config --get commit.template [23ms]
2026-01-31 05:26:59.998 [info] > git for-each-ref --format=%(refname)%00%(upstream:short)%00%(objectname)%00%(upstream:track)%00%(upstream:remotename)%00%(upstream:remoteref) refs/heads/main refs/remotes/main [51ms]
2026-01-31 05:27:00.101 [info] > git for-each-ref --sort -committerdate --format %(refname)%00%(objectname)%00%(*objectname) [8ms]
2026-01-31 05:27:00.140 [info] > git status -z -uall [82ms]
2026-01-31 05:27:05.252 [info] > git config --get commit.template [26ms]
2026-01-31 05:27:05.263 [info] > git for-each-ref --format=%(refname)%00%(upstream:short)%00%(objectname)%00%(upstream:track)%00%(upstream:remotename)%00%(upstream:remoteref) refs/heads/main refs/remotes/main [15ms]
2026-01-31 05:27:05.312 [info] > git for-each-ref --sort -committerdate --format %(refname)%00%(objectname)%00%(*objectname) [10ms]
2026-01-31 05:27:05.336 [info] > git status -z -uall [47ms]
2026-01-31 05:27:14.779 [info] > git config --get commit.template [70ms]
2026-01-31 05:27:14.796 [info] > git for-each-ref --format=%(refname)%00%(upstream:short)%00%(objectname)%00%(upstream:track)%00%(upstream:remotename)%00%(upstream:remoteref) refs/heads/main refs/remotes/main [19ms]
2026-01-31 05:27:15.065 [info] > git for-each-ref --sort -committerdate --format %(refname)%00%(objectname)%00%(*objectname) [45ms]
2026-01-31 05:27:15.071 [info] > git status -z -uall [130ms]
2026-01-31 05:27:20.182 [info] > git config --get commit.template [24ms]
2026-01-31 05:27:20.190 [info] > git for-each-ref --format=%(refname)%00%(upstream:short)%00%(objectname)%00%(upstream:track)%00%(upstream:remotename)%00%(upstream:remoteref) refs/heads/main refs/remotes/main [11ms]
2026-01-31 05:27:20.242 [info] > git for-each-ref --sort -committerdate --format %(refname)%00%(objectname)%00%(*objectname) [13ms]
2026-01-31 05:27:20.270 [info] > git status -z -uall [63ms]
2026-01-31 05:27:25.353 [info] > git config --get commit.template [22ms]
2026-01-31 05:27:25.362 [info] > git for-each-ref --format=%(refname)%00%(upstream:short)%00%(objectname)%00%(upstream:track)%00%(upstream:remotename)%00%(upstream:remoteref) refs/heads/main refs/remotes/main [12ms]
2026-01-31 05:27:25.407 [info] > git for-each-ref --sort -committerdate --format %(refname)%00%(objectname)%00%(*objectname) [11ms]
2026-01-31 05:27:25.433 [info] > git status -z -uall [53ms]
