2026-01-31 04:27:35.957 [info] Extension host with pid 7082 started
2026-01-31 04:27:35.957 [error] Error: EEXIST: file already exists, open '/data/data/com.termux/files/home/.local/share/code-server/User/workspaceStorage/6b2b686c/vscode.lock'
2026-01-31 04:27:35.960 [info] Lock '/data/data/com.termux/files/home/.local/share/code-server/User/workspaceStorage/6b2b686c/vscode.lock': Could not acquire lock, checking if the file is stale.
2026-01-31 04:27:35.963 [info] Lock '/data/data/com.termux/files/home/.local/share/code-server/User/workspaceStorage/6b2b686c/vscode.lock': The pid 26283 appears to be gone.
2026-01-31 04:27:35.963 [info] Lock '/data/data/com.termux/files/home/.local/share/code-server/User/workspaceStorage/6b2b686c/vscode.lock': Deleting a stale lock.
2026-01-31 04:27:35.974 [info] Lock '/data/data/com.termux/files/home/.local/share/code-server/User/workspaceStorage/6b2b686c/vscode.lock': Lock acquired.
2026-01-31 04:27:36.326 [info] ExtensionService#_doActivateExtension vscode.github-authentication, startup: false, activationEvent: 'onAuthenticationRequest:github'
2026-01-31 04:27:36.330 [info] ExtensionService#_doActivateExtension vscode.emmet, startup: false, activationEvent: 'onLanguage'
2026-01-31 04:27:36.907 [info] ExtensionService#_doActivateExtension vscode.git-base, startup: true, activationEvent: '*'
2026-01-31 04:27:36.950 [info] ExtensionService#_doActivateExtension vscode.github, startup: true, activationEvent: '*'
2026-01-31 04:27:36.959 [info] ExtensionService#_doActivateExtension vscode.git, startup: false, activationEvent: '*'
2026-01-31 04:27:37.494 [info] Eager extensions activated
2026-01-31 04:27:37.495 [info] ExtensionService#_doActivateExtension vscode.debug-auto-launch, startup: false, activationEvent: 'onStartupFinished'
2026-01-31 04:27:37.497 [info] ExtensionService#_doActivateExtension vscode.merge-conflict, startup: false, activationEvent: 'onStartupFinished'
2026-01-31 04:27:38.423 [warning] [Decorations] CAPPING events from decorations provider vscode.git 1466
2026-01-31 04:27:39.498 [warning] [Decorations] CAPPING events from decorations provider vscode.git 1466
2026-01-31 04:27:48.477 [warning] [Decorations] CAPPING events from decorations provider vscode.git 1468
2026-01-31 04:27:53.651 [warning] [Decorations] CAPPING events from decorations provider vscode.git 1468
2026-01-31 04:27:58.795 [warning] [Decorations] CAPPING events from decorations provider vscode.git 1468
2026-01-31 04:28:15.929 [warning] [Decorations] CAPPING events from decorations provider vscode.git 1468
2026-01-31 04:28:21.007 [info] ExtensionService#_doActivateExtension ms-python.python, startup: false, activationEvent: 'onLanguage:python'
2026-01-31 04:28:22.288 [warning] [Decorations] CAPPING events from decorations provider vscode.git 1469
2026-01-31 04:28:25.289 [info] ExtensionService#_doActivateExtension vscode.terminal-suggest, startup: false, activationEvent: 'onTerminalShellIntegration:*'
2026-01-31 04:28:27.479 [warning] [Decorations] CAPPING events from decorations provider vscode.git 1472
2026-01-31 04:28:31.999 [info] Extension host terminating: received terminate message from renderer
2026-01-31 04:28:32.006 [info] Lock '/data/data/com.termux/files/home/.local/share/code-server/User/workspaceStorage/6b2b686c/vscode.lock': Marking the lockfile as scheduled to be released in 6000 ms.
2026-01-31 04:28:32.267 [info] Extension host with pid 7082 exiting with code 0
