2026-01-30 13:27:15.082 [info] Reading sessions from keychain...
2026-01-30 13:27:15.082 [info] Getting sessions for all scopes...
2026-01-30 13:27:15.082 [info] Got 0 sessions for ...
2026-01-30 13:27:15.082 [info] Getting sessions for all scopes...
2026-01-30 13:27:15.082 [info] Got 0 sessions for ...
2026-01-30 13:27:15.082 [info] Getting sessions for all scopes...
2026-01-30 13:27:15.082 [info] Got 0 sessions for ...
2026-01-30 13:27:15.082 [info] Getting sessions for all scopes...
2026-01-30 13:27:15.082 [info] Got 0 sessions for ...
2026-01-30 13:27:15.082 [info] Getting sessions for all scopes...
2026-01-30 13:27:15.082 [info] Got 0 sessions for ...
2026-01-30 13:27:15.082 [info] Getting sessions for all scopes...
2026-01-30 13:27:15.082 [info] Got 0 sessions for ...
2026-01-30 13:27:15.082 [info] Getting sessions for all scopes...
2026-01-30 13:27:15.083 [info] Got 0 sessions for ...
2026-01-30 13:27:15.083 [info] Getting sessions for all scopes...
2026-01-30 13:27:15.083 [info] Got 0 sessions for ...
2026-01-30 13:27:15.083 [info] Getting sessions for all scopes...
2026-01-30 13:27:15.083 [info] Got 0 sessions for ...
2026-01-30 13:27:15.162 [info] Getting sessions for all scopes...
2026-01-30 13:27:15.162 [info] Got 0 sessions for ...
2026-01-30 13:27:15.162 [info] Getting sessions for all scopes...
2026-01-30 13:27:15.162 [info] Got 0 sessions for ...
2026-01-30 13:27:15.162 [info] Getting sessions for all scopes...
2026-01-30 13:27:15.162 [info] Got 0 sessions for ...
2026-01-30 13:27:15.162 [info] Getting sessions for all scopes...
2026-01-30 13:27:15.162 [info] Got 0 sessions for ...
2026-01-30 13:27:15.163 [info] Getting sessions for all scopes...
2026-01-30 13:27:15.163 [info] Got 0 sessions for ...
2026-01-30 13:27:15.163 [info] Getting sessions for all scopes...
2026-01-30 13:27:15.163 [info] Got 0 sessions for ...
2026-01-30 13:27:17.136 [info] Getting sessions for read:user,repo,user:email,workflow...
2026-01-30 13:27:17.137 [info] Got 0 sessions for read:user,repo,user:email,workflow...
