2026-01-31 04:44:30.320 [info] Extension host with pid 26495 started
2026-01-31 04:44:30.320 [error] Error: EEXIST: file already exists, open '/data/data/com.termux/files/home/.local/share/code-server/User/workspaceStorage/6b2b686c/vscode.lock'
2026-01-31 04:44:30.323 [info] Lock '/data/data/com.termux/files/home/.local/share/code-server/User/workspaceStorage/6b2b686c/vscode.lock': Could not acquire lock, checking if the file is stale.
2026-01-31 04:44:30.328 [info] Lock '/data/data/com.termux/files/home/.local/share/code-server/User/workspaceStorage/6b2b686c/vscode.lock': The pid 8248 appears to be gone.
2026-01-31 04:44:30.328 [info] Lock '/data/data/com.termux/files/home/.local/share/code-server/User/workspaceStorage/6b2b686c/vscode.lock': Deleting a stale lock.
2026-01-31 04:44:30.349 [info] Lock '/data/data/com.termux/files/home/.local/share/code-server/User/workspaceStorage/6b2b686c/vscode.lock': Lock acquired.
2026-01-31 04:44:31.148 [info] ExtensionService#_doActivateExtension vscode.github-authentication, startup: false, activationEvent: 'onAuthenticationRequest:github'
2026-01-31 04:44:31.153 [info] ExtensionService#_doActivateExtension vscode.emmet, startup: false, activationEvent: 'onLanguage'
2026-01-31 04:44:31.969 [info] ExtensionService#_doActivateExtension vscode.terminal-suggest, startup: false, activationEvent: 'onTerminalShellIntegration:*'
2026-01-31 04:44:32.271 [info] ExtensionService#_doActivateExtension vscode.git-base, startup: true, activationEvent: '*', root cause: vscode.git
2026-01-31 04:44:32.294 [info] ExtensionService#_doActivateExtension ms-python.python, startup: true, activationEvent: 'workspaceContains:.venv'
2026-01-31 04:44:34.048 [info] ExtensionService#_doActivateExtension vscode.git, startup: true, activationEvent: '*'
2026-01-31 04:44:34.050 [info] ExtensionService#_doActivateExtension vscode.github, startup: true, activationEvent: '*'
2026-01-31 04:44:36.995 [warning] [Decorations] CAPPING events from decorations provider vscode.git 1489
2026-01-31 04:44:38.359 [warning] [Decorations] CAPPING events from decorations provider vscode.git 1491
2026-01-31 04:44:39.287 [info] Eager extensions activated
2026-01-31 04:44:39.288 [info] ExtensionService#_doActivateExtension vscode.debug-auto-launch, startup: false, activationEvent: 'onStartupFinished'
2026-01-31 04:44:39.289 [info] ExtensionService#_doActivateExtension vscode.merge-conflict, startup: false, activationEvent: 'onStartupFinished'
2026-01-31 04:44:45.282 [warning] [Decorations] CAPPING events from decorations provider vscode.git 1492
2026-01-31 04:44:50.497 [warning] [Decorations] CAPPING events from decorations provider vscode.git 1492
2026-01-31 04:44:53.280 [info] ExtensionService#_doActivateExtension vscode.npm, startup: false, activationEvent: 'onTerminalQuickFixRequest:ms-vscode.npm-command'
2026-01-31 04:44:56.468 [warning] [Decorations] CAPPING events from decorations provider vscode.git 1492
2026-01-31 04:44:59.957 [info] ExtensionService#_doActivateExtension vscode.configuration-editing, startup: false, activationEvent: 'onLanguage:json'
2026-01-31 04:44:59.958 [info] ExtensionService#_doActivateExtension vscode.extension-editing, startup: false, activationEvent: 'onLanguage:json'
2026-01-31 04:44:59.958 [info] ExtensionService#_doActivateExtension vscode.json-language-features, startup: false, activationEvent: 'onLanguage:json'
2026-01-31 04:45:01.641 [warning] [Decorations] CAPPING events from decorations provider vscode.git 1493
2026-01-31 04:47:22.367 [warning] [Decorations] CAPPING events from decorations provider vscode.git 1493
2026-01-31 04:47:27.568 [warning] [Decorations] CAPPING events from decorations provider vscode.git 1493
2026-01-31 04:47:32.760 [warning] [Decorations] CAPPING events from decorations provider vscode.git 1493
2026-01-31 04:47:37.979 [warning] [Decorations] CAPPING events from decorations provider vscode.git 1493
2026-01-31 04:49:27.526 [warning] [Decorations] CAPPING events from decorations provider vscode.git 1493
2026-01-31 04:49:32.766 [warning] [Decorations] CAPPING events from decorations provider vscode.git 1493
2026-01-31 04:49:38.026 [warning] [Decorations] CAPPING events from decorations provider vscode.git 1493
2026-01-31 04:49:43.210 [warning] [Decorations] CAPPING events from decorations provider vscode.git 1494
2026-01-31 04:49:48.377 [warning] [Decorations] CAPPING events from decorations provider vscode.git 1493
2026-01-31 04:49:53.553 [warning] [Decorations] CAPPING events from decorations provider vscode.git 1493
2026-01-31 04:49:58.745 [warning] [Decorations] CAPPING events from decorations provider vscode.git 1493
2026-01-31 04:50:03.945 [warning] [Decorations] CAPPING events from decorations provider vscode.git 1493
2026-01-31 04:51:54.369 [warning] [Decorations] CAPPING events from decorations provider vscode.git 1493
2026-01-31 04:51:59.537 [warning] [Decorations] CAPPING events from decorations provider vscode.git 1493
2026-01-31 04:52:04.718 [warning] [Decorations] CAPPING events from decorations provider vscode.git 1493
2026-01-31 04:52:09.986 [warning] [Decorations] CAPPING events from decorations provider vscode.git 1493
2026-01-31 04:52:15.176 [warning] [Decorations] CAPPING events from decorations provider vscode.git 1495
2026-01-31 04:52:20.377 [warning] [Decorations] CAPPING events from decorations provider vscode.git 1495
2026-01-31 04:52:36.471 [warning] [Decorations] CAPPING events from decorations provider vscode.git 1495
2026-01-31 04:52:41.664 [warning] [Decorations] CAPPING events from decorations provider vscode.git 1495
2026-01-31 04:52:46.850 [warning] [Decorations] CAPPING events from decorations provider vscode.git 1495
2026-01-31 04:55:02.930 [warning] [Decorations] CAPPING events from decorations provider vscode.git 1495
2026-01-31 04:55:08.110 [warning] [Decorations] CAPPING events from decorations provider vscode.git 1495
2026-01-31 04:55:13.279 [warning] [Decorations] CAPPING events from decorations provider vscode.git 1495
2026-01-31 04:55:18.473 [warning] [Decorations] CAPPING events from decorations provider vscode.git 1495
2026-01-31 04:55:23.649 [warning] [Decorations] CAPPING events from decorations provider vscode.git 1495
2026-01-31 04:55:28.839 [warning] [Decorations] CAPPING events from decorations provider vscode.git 1495
2026-01-31 04:55:34.029 [warning] [Decorations] CAPPING events from decorations provider vscode.git 1496
2026-01-31 04:55:39.232 [warning] [Decorations] CAPPING events from decorations provider vscode.git 1496
2026-01-31 04:55:44.424 [warning] [Decorations] CAPPING events from decorations provider vscode.git 1496
2026-01-31 04:55:49.602 [warning] [Decorations] CAPPING events from decorations provider vscode.git 1496
2026-01-31 04:55:54.787 [warning] [Decorations] CAPPING events from decorations provider vscode.git 1496
2026-01-31 04:55:59.980 [warning] [Decorations] CAPPING events from decorations provider vscode.git 1496
2026-01-31 04:56:17.326 [warning] [Decorations] CAPPING events from decorations provider vscode.git 1496
2026-01-31 04:56:22.506 [warning] [Decorations] CAPPING events from decorations provider vscode.git 1496
2026-01-31 04:56:27.711 [warning] [Decorations] CAPPING events from decorations provider vscode.git 1496
2026-01-31 04:56:32.933 [warning] [Decorations] CAPPING events from decorations provider vscode.git 1496
2026-01-31 04:58:43.605 [warning] [Decorations] CAPPING events from decorations provider vscode.git 1496
2026-01-31 04:58:48.795 [warning] [Decorations] CAPPING events from decorations provider vscode.git 1496
2026-01-31 04:58:53.999 [warning] [Decorations] CAPPING events from decorations provider vscode.git 1496
2026-01-31 04:58:59.180 [warning] [Decorations] CAPPING events from decorations provider vscode.git 1496
2026-01-31 04:59:04.483 [warning] [Decorations] CAPPING events from decorations provider vscode.git 1496
2026-01-31 04:59:09.690 [warning] [Decorations] CAPPING events from decorations provider vscode.git 1496
2026-01-31 04:59:14.968 [warning] [Decorations] CAPPING events from decorations provider vscode.git 1496
