2026-01-31 05:02:12.334 [info] Extension host with pid 17429 started
2026-01-31 05:02:12.334 [error] Error: EEXIST: file already exists, open '/data/data/com.termux/files/home/.local/share/code-server/User/workspaceStorage/6b2b686c/vscode.lock'
2026-01-31 05:02:12.340 [info] Lock '/data/data/com.termux/files/home/.local/share/code-server/User/workspaceStorage/6b2b686c/vscode.lock': Could not acquire lock, checking if the file is stale.
2026-01-31 05:02:12.343 [info] Lock '/data/data/com.termux/files/home/.local/share/code-server/User/workspaceStorage/6b2b686c/vscode.lock': The pid 26495 appears to be gone.
2026-01-31 05:02:12.343 [info] Lock '/data/data/com.termux/files/home/.local/share/code-server/User/workspaceStorage/6b2b686c/vscode.lock': Deleting a stale lock.
2026-01-31 05:02:12.363 [info] Lock '/data/data/com.termux/files/home/.local/share/code-server/User/workspaceStorage/6b2b686c/vscode.lock': Lock acquired.
2026-01-31 05:02:13.112 [info] ExtensionService#_doActivateExtension vscode.github-authentication, startup: false, activationEvent: 'onAuthenticationRequest:github'
2026-01-31 05:02:13.120 [info] ExtensionService#_doActivateExtension ms-python.python, startup: false, activationEvent: 'onLanguage:python'
2026-01-31 05:02:13.122 [info] ExtensionService#_doActivateExtension vscode.emmet, startup: false, activationEvent: 'onLanguage'
2026-01-31 05:02:14.461 [info] ExtensionService#_doActivateExtension vscode.git-base, startup: true, activationEvent: '*', root cause: vscode.git
2026-01-31 05:02:14.537 [info] ExtensionService#_doActivateExtension vscode.terminal-suggest, startup: false, activationEvent: 'onTerminalShellIntegration:*'
2026-01-31 05:02:15.047 [info] ExtensionService#_doActivateExtension vscode.git, startup: true, activationEvent: '*'
2026-01-31 05:02:15.048 [info] ExtensionService#_doActivateExtension vscode.github, startup: true, activationEvent: '*'
2026-01-31 05:02:17.485 [warning] [Decorations] CAPPING events from decorations provider vscode.git 1505
2026-01-31 05:02:18.856 [warning] [Decorations] CAPPING events from decorations provider vscode.git 1505
2026-01-31 05:02:19.847 [info] Eager extensions activated
2026-01-31 05:02:19.849 [info] ExtensionService#_doActivateExtension vscode.debug-auto-launch, startup: false, activationEvent: 'onStartupFinished'
2026-01-31 05:02:19.850 [info] ExtensionService#_doActivateExtension vscode.merge-conflict, startup: false, activationEvent: 'onStartupFinished'
2026-01-31 05:02:24.866 [warning] [Decorations] CAPPING events from decorations provider vscode.git 1506
2026-01-31 05:02:30.084 [warning] [Decorations] CAPPING events from decorations provider vscode.git 1506
2026-01-31 05:02:35.287 [warning] [Decorations] CAPPING events from decorations provider vscode.git 1506
2026-01-31 05:03:02.310 [warning] [Decorations] CAPPING events from decorations provider vscode.git 1506
2026-01-31 05:03:07.500 [warning] [Decorations] CAPPING events from decorations provider vscode.git 1506
2026-01-31 05:03:27.773 [warning] [Decorations] CAPPING events from decorations provider vscode.git 1506
2026-01-31 05:03:32.959 [warning] [Decorations] CAPPING events from decorations provider vscode.git 1506
2026-01-31 05:03:38.147 [warning] [Decorations] CAPPING events from decorations provider vscode.git 1506
2026-01-31 05:03:43.337 [warning] [Decorations] CAPPING events from decorations provider vscode.git 1506
2026-01-31 05:03:48.515 [warning] [Decorations] CAPPING events from decorations provider vscode.git 1506
2026-01-31 05:03:53.715 [warning] [Decorations] CAPPING events from decorations provider vscode.git 1506
2026-01-31 05:05:21.518 [warning] [Decorations] CAPPING events from decorations provider vscode.git 1506
2026-01-31 05:05:26.823 [warning] [Decorations] CAPPING events from decorations provider vscode.git 1506
2026-01-31 05:05:31.992 [warning] [Decorations] CAPPING events from decorations provider vscode.git 1506
2026-01-31 05:05:37.163 [warning] [Decorations] CAPPING events from decorations provider vscode.git 1506
2026-01-31 05:05:49.727 [warning] [Decorations] CAPPING events from decorations provider vscode.git 1506
2026-01-31 05:05:53.042 [info] ExtensionService#_doActivateExtension vscode.npm, startup: false, activationEvent: 'onTerminalQuickFixRequest:ms-vscode.npm-command'
2026-01-31 05:05:54.918 [warning] [Decorations] CAPPING events from decorations provider vscode.git 1506
2026-01-31 05:06:00.106 [warning] [Decorations] CAPPING events from decorations provider vscode.git 1506
2026-01-31 05:06:00.134 [info] ExtensionService#_doActivateExtension vscode.configuration-editing, startup: false, activationEvent: 'onLanguage:json'
2026-01-31 05:06:00.135 [info] ExtensionService#_doActivateExtension vscode.extension-editing, startup: false, activationEvent: 'onLanguage:json'
2026-01-31 05:06:00.135 [info] ExtensionService#_doActivateExtension vscode.json-language-features, startup: false, activationEvent: 'onLanguage:json'
2026-01-31 05:06:05.272 [warning] [Decorations] CAPPING events from decorations provider vscode.git 1507
2026-01-31 05:06:10.480 [warning] [Decorations] CAPPING events from decorations provider vscode.git 1507
2026-01-31 05:07:51.496 [warning] [Decorations] CAPPING events from decorations provider vscode.git 1507
2026-01-31 05:07:56.674 [warning] [Decorations] CAPPING events from decorations provider vscode.git 1507
2026-01-31 05:08:01.867 [warning] [Decorations] CAPPING events from decorations provider vscode.git 1507
2026-01-31 05:08:07.053 [warning] [Decorations] CAPPING events from decorations provider vscode.git 1507
2026-01-31 05:08:12.244 [warning] [Decorations] CAPPING events from decorations provider vscode.git 1507
2026-01-31 05:08:17.416 [warning] [Decorations] CAPPING events from decorations provider vscode.git 1507
2026-01-31 05:08:22.589 [warning] [Decorations] CAPPING events from decorations provider vscode.git 1507
2026-01-31 05:08:27.805 [warning] [Decorations] CAPPING events from decorations provider vscode.git 1507
2026-01-31 05:10:30.662 [warning] [Decorations] CAPPING events from decorations provider vscode.git 1507
2026-01-31 05:10:35.823 [warning] [Decorations] CAPPING events from decorations provider vscode.git 1507
2026-01-31 05:10:41.029 [warning] [Decorations] CAPPING events from decorations provider vscode.git 1507
2026-01-31 05:10:46.206 [warning] [Decorations] CAPPING events from decorations provider vscode.git 1507
2026-01-31 05:10:59.266 [warning] [Decorations] CAPPING events from decorations provider vscode.git 1507
2026-01-31 05:11:04.453 [warning] [Decorations] CAPPING events from decorations provider vscode.git 1507
2026-01-31 05:11:09.648 [warning] [Decorations] CAPPING events from decorations provider vscode.git 1507
2026-01-31 05:11:14.826 [warning] [Decorations] CAPPING events from decorations provider vscode.git 1508
2026-01-31 05:11:20.003 [warning] [Decorations] CAPPING events from decorations provider vscode.git 1508
2026-01-31 05:11:25.203 [warning] [Decorations] CAPPING events from decorations provider vscode.git 1508
2026-01-31 05:13:29.734 [warning] [Decorations] CAPPING events from decorations provider vscode.git 1508
2026-01-31 05:13:34.940 [warning] [Decorations] CAPPING events from decorations provider vscode.git 1508
2026-01-31 05:13:47.961 [warning] [Decorations] CAPPING events from decorations provider vscode.git 1508
2026-01-31 05:13:53.127 [warning] [Decorations] CAPPING events from decorations provider vscode.git 1508
2026-01-31 05:13:58.311 [warning] [Decorations] CAPPING events from decorations provider vscode.git 1508
2026-01-31 05:14:03.493 [warning] [Decorations] CAPPING events from decorations provider vscode.git 1508
2026-01-31 05:16:04.033 [warning] [Decorations] CAPPING events from decorations provider vscode.git 1508
2026-01-31 05:16:16.853 [warning] [Decorations] CAPPING events from decorations provider vscode.git 1508
2026-01-31 05:16:22.034 [warning] [Decorations] CAPPING events from decorations provider vscode.git 1508
2026-01-31 05:16:27.223 [warning] [Decorations] CAPPING events from decorations provider vscode.git 1508
2026-01-31 05:16:32.514 [warning] [Decorations] CAPPING events from decorations provider vscode.git 1508
2026-01-31 05:16:37.820 [warning] [Decorations] CAPPING events from decorations provider vscode.git 1508
2026-01-31 05:16:43.022 [warning] [Decorations] CAPPING events from decorations provider vscode.git 1508
2026-01-31 05:16:48.197 [warning] [Decorations] CAPPING events from decorations provider vscode.git 1508
2026-01-31 05:16:53.394 [warning] [Decorations] CAPPING events from decorations provider vscode.git 1508
2026-01-31 05:17:14.217 [error] Error: read ECONNRESET
	at TCP.onStreamRead (node:internal/stream_base_commons:216:20)
2026-01-31 05:22:23.688 [info] Extension host terminating: renderer disconnected for too long (2)
2026-01-31 05:22:23.699 [info] Lock '/data/data/com.termux/files/home/.local/share/code-server/User/workspaceStorage/6b2b686c/vscode.lock': Marking the lockfile as scheduled to be released in 6000 ms.
2026-01-31 05:22:24.167 [error] Error: Channel has been closed
	at n (file:///data/data/com.termux/files/usr/lib/code-server/lib/vscode/out/vs/workbench/api/node/extensionHostProcess.js:123:2954)
	at Object.info (file:///data/data/com.termux/files/usr/lib/code-server/lib/vscode/out/vs/workbench/api/node/extensionHostProcess.js:123:3299)
	at T.info (/data/data/com.termux/files/usr/lib/code-server/lib/vscode/extensions/json-language-features/client/dist/node/jsonClientMain.js:2:45267)
	at ChildProcess.<anonymous> (/data/data/com.termux/files/usr/lib/code-server/lib/vscode/extensions/json-language-features/client/dist/node/jsonClientMain.js:2:600579)
	at ChildProcess.emit (node:events:519:28)
	at ChildProcess._handle.onexit (node:internal/child_process:293:12)
2026-01-31 05:22:24.176 [info] Extension host with pid 17429 exiting with code 0
