2026-01-31 03:40:51.002 [info] Reading sessions from keychain...
2026-01-31 03:40:51.002 [info] Getting sessions for all scopes...
2026-01-31 03:40:51.002 [info] Got 0 sessions for ...
2026-01-31 03:40:51.002 [info] Getting sessions for all scopes...
2026-01-31 03:40:51.002 [info] Got 0 sessions for ...
2026-01-31 03:40:51.002 [info] Getting sessions for all scopes...
2026-01-31 03:40:51.002 [info] Got 0 sessions for ...
2026-01-31 03:40:51.002 [info] Getting sessions for all scopes...
2026-01-31 03:40:51.002 [info] Got 0 sessions for ...
2026-01-31 03:40:51.002 [info] Getting sessions for all scopes...
2026-01-31 03:40:51.002 [info] Got 0 sessions for ...
2026-01-31 03:40:51.002 [info] Getting sessions for all scopes...
2026-01-31 03:40:51.002 [info] Got 0 sessions for ...
2026-01-31 03:40:51.002 [info] Getting sessions for all scopes...
2026-01-31 03:40:51.002 [info] Got 0 sessions for ...
2026-01-31 03:40:51.002 [info] Getting sessions for all scopes...
2026-01-31 03:40:51.002 [info] Got 0 sessions for ...
2026-01-31 03:40:51.002 [info] Getting sessions for all scopes...
2026-01-31 03:40:51.002 [info] Got 0 sessions for ...
2026-01-31 03:40:51.463 [info] Getting sessions for all scopes...
2026-01-31 03:40:51.463 [info] Got 0 sessions for ...
2026-01-31 03:40:51.464 [info] Getting sessions for all scopes...
2026-01-31 03:40:51.465 [info] Got 0 sessions for ...
2026-01-31 03:40:51.465 [info] Getting sessions for all scopes...
2026-01-31 03:40:51.465 [info] Got 0 sessions for ...
2026-01-31 03:40:51.466 [info] Getting sessions for all scopes...
2026-01-31 03:40:51.466 [info] Got 0 sessions for ...
2026-01-31 03:40:51.466 [info] Getting sessions for all scopes...
2026-01-31 03:40:51.466 [info] Got 0 sessions for ...
2026-01-31 03:40:51.466 [info] Getting sessions for all scopes...
2026-01-31 03:40:51.467 [info] Got 0 sessions for ...
2026-01-31 03:40:54.757 [info] Getting sessions for read:user,repo,user:email,workflow...
2026-01-31 03:40:54.757 [info] Got 0 sessions for read:user,repo,user:email,workflow...
