2026-01-31 04:44:35.593 [info] Reading sessions from keychain...
2026-01-31 04:44:35.593 [info] Getting sessions for all scopes...
2026-01-31 04:44:35.593 [info] Got 0 sessions for ...
2026-01-31 04:44:35.593 [info] Getting sessions for all scopes...
2026-01-31 04:44:35.593 [info] Got 0 sessions for ...
2026-01-31 04:44:35.593 [info] Getting sessions for all scopes...
2026-01-31 04:44:35.593 [info] Got 0 sessions for ...
2026-01-31 04:44:35.593 [info] Getting sessions for all scopes...
2026-01-31 04:44:35.593 [info] Got 0 sessions for ...
2026-01-31 04:44:35.593 [info] Getting sessions for all scopes...
2026-01-31 04:44:35.593 [info] Got 0 sessions for ...
2026-01-31 04:44:35.593 [info] Getting sessions for all scopes...
2026-01-31 04:44:35.593 [info] Got 0 sessions for ...
2026-01-31 04:44:35.593 [info] Getting sessions for all scopes...
2026-01-31 04:44:35.593 [info] Got 0 sessions for ...
2026-01-31 04:44:35.593 [info] Getting sessions for all scopes...
2026-01-31 04:44:35.593 [info] Got 0 sessions for ...
2026-01-31 04:44:35.593 [info] Getting sessions for all scopes...
2026-01-31 04:44:35.593 [info] Got 0 sessions for ...
2026-01-31 04:44:35.831 [info] Getting sessions for all scopes...
2026-01-31 04:44:35.831 [info] Got 0 sessions for ...
2026-01-31 04:44:35.832 [info] Getting sessions for all scopes...
2026-01-31 04:44:35.832 [info] Got 0 sessions for ...
2026-01-31 04:44:35.832 [info] Getting sessions for all scopes...
2026-01-31 04:44:35.832 [info] Got 0 sessions for ...
2026-01-31 04:44:35.832 [info] Getting sessions for all scopes...
2026-01-31 04:44:35.832 [info] Got 0 sessions for ...
2026-01-31 04:44:35.832 [info] Getting sessions for all scopes...
2026-01-31 04:44:35.832 [info] Got 0 sessions for ...
2026-01-31 04:44:35.832 [info] Getting sessions for all scopes...
2026-01-31 04:44:35.832 [info] Got 0 sessions for ...
2026-01-31 04:44:39.184 [info] Getting sessions for read:user,repo,user:email,workflow...
2026-01-31 04:44:39.184 [info] Got 0 sessions for read:user,repo,user:email,workflow...
