2026-01-31 02:10:01.896 [info] WARNING:pygls.protocol.json_rpc:Cancel notification for unknown message id "15"

2026-01-31 02:10:39.745 [info] WARNING:pygls.protocol.json_rpc:Cancel notification for unknown message id "45"

2026-01-31 02:13:23.115 [info] WARNING:pygls.protocol.json_rpc:Cancel notification for unknown message id "67"

2026-01-31 02:13:26.643 [info] WARNING:pygls.protocol.json_rpc:Cancel notification for unknown message id "74"

2026-01-31 02:13:27.140 [info] WARNING:pygls.protocol.json_rpc:Cancel notification for unknown message id "76"

2026-01-31 02:13:27.717 [info] WARNING:pygls.protocol.json_rpc:Cancel notification for unknown message id "77"

2026-01-31 02:13:30.725 [info] WARNING:pygls.protocol.json_rpc:Cancel notification for unknown message id "84"

2026-01-31 02:16:16.241 [info] WARNING:pygls.protocol.json_rpc:Cancel notification for unknown message id "156"

2026-01-31 02:16:59.333 [info] WARNING:pygls.protocol.json_rpc:Cancel notification for unknown message id "178"

2026-01-31 02:16:59.829 [info] WARNING:pygls.protocol.json_rpc:Cancel notification for unknown message id "179"

2026-01-31 02:22:58.463 [info] WARNING:pygls.protocol.json_rpc:Cancel notification for unknown message id "247"

2026-01-31 02:22:59.051 [info] WARNING:pygls.protocol.json_rpc:Cancel notification for unknown message id "248"

2026-01-31 02:22:59.055 [info] WARNING:pygls.protocol.json_rpc:Cancel notification for unknown message id "249"

2026-01-31 02:22:59.626 [info] WARNING:pygls.protocol.json_rpc:Cancel notification for unknown message id "250"

2026-01-31 02:22:59.632 [info] WARNING:pygls.protocol.json_rpc:Cancel notification for unknown message id "251"

2026-01-31 02:22:59.645 [info] WARNING:pygls.protocol.json_rpc:Cancel notification for unknown message id "252"

2026-01-31 02:23:00.390 [info] WARNING:pygls.protocol.json_rpc:Cancel notification for unknown message id "253"
WARNING:pygls.protocol.json_rpc:Cancel notification for unknown message id "254"
WARNING:pygls.protocol.json_rpc:Cancel notification for unknown message id "255"

2026-01-31 02:23:00.938 [info] WARNING:pygls.protocol.json_rpc:Cancel notification for unknown message id "256"

2026-01-31 02:23:00.943 [info] WARNING:pygls.protocol.json_rpc:Cancel notification for unknown message id "257"

2026-01-31 02:23:00.948 [info] WARNING:pygls.protocol.json_rpc:Cancel notification for unknown message id "258"

2026-01-31 02:23:01.603 [info] WARNING:pygls.protocol.json_rpc:Cancel notification for unknown message id "259"

2026-01-31 02:23:03.496 [info] WARNING:pygls.protocol.json_rpc:Cancel notification for unknown message id "263"

2026-01-31 02:23:47.882 [info] WARNING:pygls.protocol.json_rpc:Cancel notification for unknown message id "282"

2026-01-31 02:23:47.887 [info] WARNING:pygls.protocol.json_rpc:Cancel notification for unknown message id "283"

2026-01-31 02:23:48.811 [info] WARNING:pygls.protocol.json_rpc:Cancel notification for unknown message id "285"

2026-01-31 02:23:48.822 [info] WARNING:pygls.protocol.json_rpc:Cancel notification for unknown message id "286"

2026-01-31 02:23:48.840 [info] WARNING:pygls.protocol.json_rpc:Cancel notification for unknown message id "287"

2026-01-31 02:23:48.847 [info] WARNING:pygls.protocol.json_rpc:Cancel notification for unknown message id "288"

2026-01-31 02:23:48.851 [info] WARNING:pygls.protocol.json_rpc:Cancel notification for unknown message id "289"

2026-01-31 02:23:51.474 [info] WARNING:pygls.protocol.json_rpc:Cancel notification for unknown message id "300"
WARNING:pygls.protocol.json_rpc:Cancel notification for unknown message id "302"

2026-01-31 02:23:51.536 [info] WARNING:pygls.protocol.json_rpc:Cancel notification for unknown message id "301"

2026-01-31 02:30:26.065 [info] ERROR:pygls.protocol.json_rpc:Failed to handle request 346 textDocument/codeAction CodeActionParams(text_document=TextDocumentIdentifier(uri='file:///data/data/com.termux/files/home/filter.py'), range=9:14-9:14, context=CodeActionContext(diagnostics=[], only=None, trigger_kind=<CodeActionTriggerKind.Automatic: 2>), work_done_token=None, partial_result_token=None)
Traceback (most recent call last):
  File "/data/data/com.termux/files/home/.local/share/code-server/extensions/ms-python.python-2026.0.0-universal/python_files/lib/jedilsp/pygls/protocol/json_rpc.py", line 266, in _handle_request
    self._execute_request(msg_id, handler, params)
  File "/data/data/com.termux/files/home/.local/share/code-server/extensions/ms-python.python-2026.0.0-universal/python_files/lib/jedilsp/pygls/protocol/json_rpc.py", line 188, in _execute_request
    self._send_response(msg_id, handler(params))
                                ^^^^^^^^^^^^^^^
  File "/data/data/com.termux/files/home/.local/share/code-server/extensions/ms-python.python-2026.0.0-universal/python_files/lib/jedilsp/jedi_language_server/notebook_utils.py", line 373, in wrapped
    result = f(notebook_server, notebook_params)
             ^^^^^^^^^^^^^^^^^^^^^^^^^^^^^^^^^^^
  File "/data/data/com.termux/files/home/.local/share/code-server/extensions/ms-python.python-2026.0.0-universal/python_files/lib/jedilsp/jedi_language_server/server.py", line 693, in code_action
    extract_variable_refactoring = jedi_script.extract_variable(
                                   ^^^^^^^^^^^^^^^^^^^^^^^^^^^^^
  File "/data/data/com.termux/files/home/.local/share/code-server/extensions/ms-python.python-2026.0.0-universal/python_files/lib/jedilsp/jedi/api/helpers.py", line 487, in wrapper
    return func(self, line, column, *args, **kwargs)
           ^^^^^^^^^^^^^^^^^^^^^^^^^^^^^^^^^^^^^^^^^
  File "/data/data/com.termux/files/home/.local/share/code-server/extensions/ms-python.python-2026.0.0-universal/python_files/lib/jedilsp/jedi/api/__init__.py", line 628, in extract_variable
    return extract_variable(
           ^^^^^^^^^^^^^^^^^
  File "/data/data/com.termux/files/home/.local/share/code-server/extensions/ms-python.python-2026.0.0-universal/python_files/lib/jedilsp/jedi/api/refactoring/extract.py", line 19, in extract_variable
    nodes = _find_nodes(module_node, pos, until_pos)
            ^^^^^^^^^^^^^^^^^^^^^^^^^^^^^^^^^^^^^^^^
  File "/data/data/com.termux/files/home/.local/share/code-server/extensions/ms-python.python-2026.0.0-universal/python_files/lib/jedilsp/jedi/api/refactoring/extract.py", line 87, in _find_nodes
    nodes = _remove_unwanted_expression_nodes(parent_node, pos, until_pos)
            ^^^^^^^^^^^^^^^^^^^^^^^^^^^^^^^^^^^^^^^^^^^^^^^^^^^^^^^^^^^^^^
  File "/data/data/com.termux/files/home/.local/share/code-server/extensions/ms-python.python-2026.0.0-universal/python_files/lib/jedilsp/jedi/api/refactoring/extract.py", line 198, in _remove_unwanted_expression_nodes
    nodes[0:1] = _remove_unwanted_expression_nodes(nodes[0], pos, until_pos)
                 ^^^^^^^^^^^^^^^^^^^^^^^^^^^^^^^^^^^^^^^^^^^^^^^^^^^^^^^^^^^
  File "/data/data/com.termux/files/home/.local/share/code-server/extensions/ms-python.python-2026.0.0-universal/python_files/lib/jedilsp/jedi/api/refactoring/extract.py", line 196, in _remove_unwanted_expression_nodes
    nodes = nodes[start_index:end_index + 1]
                  ^^^^^^^^^^^
UnboundLocalError: cannot access local variable 'start_index' where it is not associated with a value

2026-01-31 02:30:26.142 [info] [Error - 2:30:26 AM] Request textDocument/codeAction failed.
2026-01-31 02:30:26.142 [info]   Message: UnboundLocalError: cannot access local variable 'start_index' where it is not associated with a value
  Code: -32603 
[object Object]
2026-01-31 02:32:32.888 [info] WARNING:pygls.protocol.json_rpc:Cancel notification for unknown message id "400"

2026-01-31 02:34:18.117 [info] WARNING:pygls.protocol.json_rpc:Cancel notification for unknown message id "504"

2026-01-31 02:35:20.151 [info] WARNING:pygls.protocol.json_rpc:Cancel notification for unknown message id "524"

2026-01-31 02:35:47.027 [info] WARNING:pygls.protocol.json_rpc:Cancel notification for unknown message id "544"

2026-01-31 02:36:40.592 [info] WARNING:pygls.protocol.json_rpc:Cancel notification for unknown message id "553"

2026-01-31 02:37:21.722 [info] WARNING:pygls.protocol.json_rpc:Cancel notification for unknown message id "598"

2026-01-31 02:37:21.726 [info] WARNING:pygls.protocol.json_rpc:Cancel notification for unknown message id "600"

2026-01-31 02:37:22.310 [info] WARNING:pygls.protocol.json_rpc:Cancel notification for unknown message id "599"

2026-01-31 02:37:22.319 [info] WARNING:pygls.protocol.json_rpc:Cancel notification for unknown message id "601"

2026-01-31 02:37:22.323 [info] WARNING:pygls.protocol.json_rpc:Cancel notification for unknown message id "603"

2026-01-31 02:37:23.055 [info] WARNING:pygls.protocol.json_rpc:Cancel notification for unknown message id "602"

2026-01-31 02:37:33.468 [info] WARNING:pygls.protocol.json_rpc:Cancel notification for unknown message id "622"

2026-01-31 02:37:43.868 [info] WARNING:pygls.protocol.json_rpc:Cancel notification for unknown message id "648"

2026-01-31 02:37:43.873 [info] WARNING:pygls.protocol.json_rpc:Cancel notification for unknown message id "650"

2026-01-31 02:37:55.388 [info] WARNING:pygls.protocol.json_rpc:Cancel notification for unknown message id "676"

2026-01-31 02:38:04.663 [info] WARNING:pygls.protocol.json_rpc:Cancel notification for unknown message id "704"
WARNING:pygls.protocol.json_rpc:Cancel notification for unknown message id "706"

2026-01-31 02:39:49.939 [info] WARNING:pygls.protocol.json_rpc:Cancel notification for unknown message id "747"

2026-01-31 02:39:50.528 [info] WARNING:pygls.protocol.json_rpc:Cancel notification for unknown message id "748"

2026-01-31 02:39:50.534 [info] WARNING:pygls.protocol.json_rpc:Cancel notification for unknown message id "750"

2026-01-31 02:39:51.103 [info] WARNING:pygls.protocol.json_rpc:Cancel notification for unknown message id "749"

2026-01-31 02:48:59.681 [info] WARNING:pygls.protocol.json_rpc:Cancel notification for unknown message id "854"

2026-01-31 02:49:00.285 [info] WARNING:pygls.protocol.json_rpc:Cancel notification for unknown message id "855"

2026-01-31 02:49:00.289 [info] WARNING:pygls.protocol.json_rpc:Cancel notification for unknown message id "857"

2026-01-31 02:49:00.802 [info] WARNING:pygls.protocol.json_rpc:Cancel notification for unknown message id "858"

2026-01-31 02:49:00.805 [info] WARNING:pygls.protocol.json_rpc:Cancel notification for unknown message id "860"

2026-01-31 02:49:01.351 [info] WARNING:pygls.protocol.json_rpc:Cancel notification for unknown message id "861"

2026-01-31 02:49:01.354 [info] WARNING:pygls.protocol.json_rpc:Cancel notification for unknown message id "863"

2026-01-31 02:49:03.560 [info] WARNING:pygls.protocol.json_rpc:Cancel notification for unknown message id "867"
WARNING:pygls.protocol.json_rpc:Cancel notification for unknown message id "869"

2026-01-31 02:49:16.805 [info] WARNING:pygls.protocol.json_rpc:Cancel notification for unknown message id "892"

2026-01-31 02:49:16.814 [info] WARNING:pygls.protocol.json_rpc:Cancel notification for unknown message id "893"

2026-01-31 02:50:30.913 [info] ERROR:pygls.protocol.json_rpc:Failed to handle request 945 textDocument/documentHighlight DocumentHighlightParams(text_document=TextDocumentIdentifier(uri='file:///data/data/com.termux/files/home/filter.py'), position=14:44, work_done_token=None, partial_result_token=None)
Traceback (most recent call last):
  File "/data/data/com.termux/files/home/.local/share/code-server/extensions/ms-python.python-2026.0.0-universal/python_files/lib/jedilsp/pygls/protocol/json_rpc.py", line 266, in _handle_request
    self._execute_request(msg_id, handler, params)
  File "/data/data/com.termux/files/home/.local/share/code-server/extensions/ms-python.python-2026.0.0-universal/python_files/lib/jedilsp/pygls/protocol/json_rpc.py", line 188, in _execute_request
    self._send_response(msg_id, handler(params))
                                ^^^^^^^^^^^^^^^
  File "/data/data/com.termux/files/home/.local/share/code-server/extensions/ms-python.python-2026.0.0-universal/python_files/lib/jedilsp/jedi_language_server/server.py", line 466, in highlight
    names = jedi_script.get_references(*jedi_lines, scope="file")
            ^^^^^^^^^^^^^^^^^^^^^^^^^^^^^^^^^^^^^^^^^^^^^^^^^^^^^
  File "/data/data/com.termux/files/home/.local/share/code-server/extensions/ms-python.python-2026.0.0-universal/python_files/lib/jedilsp/jedi/api/helpers.py", line 484, in wrapper
    raise ValueError('`column` parameter (%d) is not in a valid range '
ValueError: `column` parameter (44) is not in a valid range (0-25) for line 15 ('    print(clean_and_long)\n').

2026-01-31 02:50:30.927 [info] [Error - 2:50:30 AM] Request textDocument/documentHighlight failed.
2026-01-31 02:50:30.927 [info]   Message: ValueError: `column` parameter (44) is not in a valid range (0-25) for line 15 ('    print(clean_and_long)\n').
  Code: -32603 
[object Object]
