2026-01-30 14:47:57.072 [info] Extension host with pid 10011 started
2026-01-30 14:47:57.072 [error] Error: EEXIST: file already exists, open '/data/data/com.termux/files/home/.local/share/code-server/User/workspaceStorage/6b2b686c/vscode.lock'
2026-01-30 14:47:57.075 [info] Lock '/data/data/com.termux/files/home/.local/share/code-server/User/workspaceStorage/6b2b686c/vscode.lock': Could not acquire lock, checking if the file is stale.
2026-01-30 14:47:57.077 [info] Lock '/data/data/com.termux/files/home/.local/share/code-server/User/workspaceStorage/6b2b686c/vscode.lock': The lock does not look stale, elapsed: 108 ms, giving up.
2026-01-30 14:47:57.079 [error] Error: EEXIST: file already exists, open '/data/data/com.termux/files/home/.local/share/code-server/User/workspaceStorage/6b2b686c-1/vscode.lock'
2026-01-30 14:47:57.080 [info] Lock '/data/data/com.termux/files/home/.local/share/code-server/User/workspaceStorage/6b2b686c-1/vscode.lock': Could not acquire lock, checking if the file is stale.
2026-01-30 14:47:57.082 [info] Lock '/data/data/com.termux/files/home/.local/share/code-server/User/workspaceStorage/6b2b686c-1/vscode.lock': The lock does not look stale, elapsed: 111 ms, giving up.
2026-01-30 14:47:57.101 [info] Lock '/data/data/com.termux/files/home/.local/share/code-server/User/workspaceStorage/6b2b686c-2/vscode.lock': Lock acquired.
2026-01-30 14:47:58.679 [info] ExtensionService#_doActivateExtension vscode.github-authentication, startup: false, activationEvent: 'onAuthenticationRequest:github'
2026-01-30 14:47:58.695 [info] ExtensionService#_doActivateExtension ms-python.python, startup: false, activationEvent: 'onLanguage:python'
2026-01-30 14:47:58.697 [info] ExtensionService#_doActivateExtension vscode.emmet, startup: false, activationEvent: 'onLanguage'
2026-01-30 14:48:00.319 [info] ExtensionService#_doActivateExtension vscode.git-base, startup: true, activationEvent: '*', root cause: vscode.git
2026-01-30 14:48:00.664 [info] ExtensionService#_doActivateExtension vscode.terminal-suggest, startup: false, activationEvent: 'onTerminalShellIntegration:*'
2026-01-30 14:48:01.541 [info] ExtensionService#_doActivateExtension vscode.git, startup: true, activationEvent: '*'
2026-01-30 14:48:01.541 [info] ExtensionService#_doActivateExtension vscode.github, startup: true, activationEvent: '*'
2026-01-30 14:48:04.253 [warning] [Decorations] CAPPING events from decorations provider vscode.git 301
2026-01-30 14:48:05.650 [warning] [Decorations] CAPPING events from decorations provider vscode.git 301
2026-01-30 14:48:07.168 [info] Eager extensions activated
2026-01-30 14:48:07.170 [info] ExtensionService#_doActivateExtension vscode.debug-auto-launch, startup: false, activationEvent: 'onStartupFinished'
2026-01-30 14:48:07.174 [info] ExtensionService#_doActivateExtension vscode.merge-conflict, startup: false, activationEvent: 'onStartupFinished'
2026-01-30 14:48:44.407 [info] ExtensionService#_doActivateExtension vscode.npm, startup: false, activationEvent: 'onTerminalQuickFixRequest:ms-vscode.npm-command'
2026-01-30 14:48:50.964 [info] ExtensionService#_doActivateExtension vscode.configuration-editing, startup: false, activationEvent: 'onLanguage:json'
2026-01-30 14:48:50.972 [info] ExtensionService#_doActivateExtension vscode.extension-editing, startup: false, activationEvent: 'onLanguage:json'
2026-01-30 14:48:50.977 [info] ExtensionService#_doActivateExtension vscode.json-language-features, startup: false, activationEvent: 'onLanguage:json'
2026-01-30 20:48:31.950 [info] Extension host terminating: renderer disconnected for too long (1)
2026-01-30 20:48:31.970 [info] Lock '/data/data/com.termux/files/home/.local/share/code-server/User/workspaceStorage/6b2b686c-2/vscode.lock': Marking the lockfile as scheduled to be released in 6000 ms.
2026-01-30 20:48:32.213 [error] ProxyResolver#resolveProxy undefined Canceled: Canceled
	at su (file:///data/data/com.termux/files/usr/lib/code-server/lib/vscode/out/vs/workbench/api/node/extensionHostProcess.js:7:1394)
	at file:///data/data/com.termux/files/usr/lib/code-server/lib/vscode/out/vs/workbench/api/node/extensionHostProcess.js:29:128148
	at Array.forEach (<anonymous>)
	at AE.dispose (file:///data/data/com.termux/files/usr/lib/code-server/lib/vscode/out/vs/workbench/api/node/extensionHostProcess.js:29:128088)
	at IK.terminate (file:///data/data/com.termux/files/usr/lib/code-server/lib/vscode/out/vs/workbench/api/node/extensionHostProcess.js:120:10208)
	at UM.terminate (file:///data/data/com.termux/files/usr/lib/code-server/lib/vscode/out/vs/workbench/api/node/extensionHostProcess.js:122:914)
	at Br (file:///data/data/com.termux/files/usr/lib/code-server/lib/vscode/out/vs/workbench/api/node/extensionHostProcess.js:405:11136)
	at Sx.a (file:///data/data/com.termux/files/usr/lib/code-server/lib/vscode/out/vs/workbench/api/node/extensionHostProcess.js:405:7970)
	at Sx.h (file:///data/data/com.termux/files/usr/lib/code-server/lib/vscode/out/vs/workbench/api/node/extensionHostProcess.js:28:76725)
	at listOnTimeout (node:internal/timers:588:17)
	at process.processTimers (node:internal/timers:523:7) 
2026-01-30 20:48:32.308 [error] Error: Channel has been closed
	at n (file:///data/data/com.termux/files/usr/lib/code-server/lib/vscode/out/vs/workbench/api/node/extensionHostProcess.js:123:2954)
	at Object.info (file:///data/data/com.termux/files/usr/lib/code-server/lib/vscode/out/vs/workbench/api/node/extensionHostProcess.js:123:3299)
	at T.info (/data/data/com.termux/files/usr/lib/code-server/lib/vscode/extensions/json-language-features/client/dist/node/jsonClientMain.js:2:45267)
	at ChildProcess.<anonymous> (/data/data/com.termux/files/usr/lib/code-server/lib/vscode/extensions/json-language-features/client/dist/node/jsonClientMain.js:2:600579)
	at ChildProcess.emit (node:events:519:28)
	at ChildProcess._handle.onexit (node:internal/child_process:293:12)
2026-01-30 20:48:32.323 [info] Extension host with pid 10011 exiting with code 0
