2026-01-30 23:36:40.493 [info] Reading sessions from keychain...
2026-01-30 23:36:40.494 [info] Getting sessions for all scopes...
2026-01-30 23:36:40.494 [info] Got 0 sessions for ...
2026-01-30 23:36:40.494 [info] Getting sessions for all scopes...
2026-01-30 23:36:40.494 [info] Got 0 sessions for ...
2026-01-30 23:36:40.494 [info] Getting sessions for all scopes...
2026-01-30 23:36:40.494 [info] Got 0 sessions for ...
2026-01-30 23:36:40.494 [info] Getting sessions for all scopes...
2026-01-30 23:36:40.494 [info] Got 0 sessions for ...
2026-01-30 23:36:40.494 [info] Getting sessions for all scopes...
2026-01-30 23:36:40.494 [info] Got 0 sessions for ...
2026-01-30 23:36:40.494 [info] Getting sessions for all scopes...
2026-01-30 23:36:40.494 [info] Got 0 sessions for ...
2026-01-30 23:36:40.494 [info] Getting sessions for all scopes...
2026-01-30 23:36:40.494 [info] Got 0 sessions for ...
2026-01-30 23:36:40.494 [info] Getting sessions for all scopes...
2026-01-30 23:36:40.494 [info] Got 0 sessions for ...
2026-01-30 23:36:40.494 [info] Getting sessions for all scopes...
2026-01-30 23:36:40.494 [info] Got 0 sessions for ...
2026-01-30 23:36:40.545 [info] Getting sessions for all scopes...
2026-01-30 23:36:40.546 [info] Got 0 sessions for ...
2026-01-30 23:36:40.546 [info] Getting sessions for all scopes...
2026-01-30 23:36:40.546 [info] Got 0 sessions for ...
2026-01-30 23:36:40.550 [info] Getting sessions for all scopes...
2026-01-30 23:36:40.550 [info] Got 0 sessions for ...
2026-01-30 23:36:40.550 [info] Getting sessions for all scopes...
2026-01-30 23:36:40.550 [info] Got 0 sessions for ...
2026-01-30 23:36:40.551 [info] Getting sessions for all scopes...
2026-01-30 23:36:40.551 [info] Got 0 sessions for ...
2026-01-30 23:36:40.551 [info] Getting sessions for all scopes...
2026-01-30 23:36:40.551 [info] Got 0 sessions for ...
2026-01-30 23:36:47.305 [info] Getting sessions for read:user,repo,user:email,workflow...
2026-01-30 23:36:47.306 [info] Got 0 sessions for read:user,repo,user:email,workflow...
