2026-01-29 15:21:52.181 [info] [main] Log level: Info
2026-01-29 15:21:52.181 [info] [main] Validating found git in: "git"
2026-01-29 15:21:52.181 [info] [main] Using git "2.52.0" from "git"
2026-01-29 15:21:52.181 [info] [Model][doInitialScan] Initial repository scan started
2026-01-29 15:21:52.181 [info] > git rev-parse --show-toplevel [37ms]
2026-01-29 15:21:52.183 [info] > git rev-parse --git-dir --git-common-dir --show-superproject-working-tree [132ms]
2026-01-29 15:21:52.516 [info] [Model][openRepository] Opened repository (path): /data/data/com.termux/files/home
2026-01-29 15:21:52.518 [info] [Model][openRepository] Opened repository (real path): /data/data/com.termux/files/home
2026-01-29 15:21:52.518 [info] [Model][openRepository] Opened repository (kind): repository
2026-01-29 15:21:52.910 [info] > git rev-parse --show-toplevel [164ms]
2026-01-29 15:21:52.919 [info] > git config --get commit.template [258ms]
2026-01-29 15:21:52.990 [info] > git for-each-ref --format=%(refname)%00%(upstream:short)%00%(objectname)%00%(upstream:track)%00%(upstream:remotename)%00%(upstream:remoteref) refs/heads/main refs/remotes/main [158ms]
2026-01-29 15:21:53.038 [info] > git rev-parse --show-toplevel [59ms]
2026-01-29 15:21:53.293 [info] > git rev-parse --show-toplevel [201ms]
2026-01-29 15:21:53.347 [info] > git for-each-ref --sort -committerdate --format %(refname)%00%(objectname)%00%(*objectname) [98ms]
2026-01-29 15:21:53.380 [info] > git status -z -uall [197ms]
2026-01-29 15:21:53.560 [info] > git for-each-ref --format=%(refname)%00%(upstream:short)%00%(objectname)%00%(upstream:track)%00%(upstream:remotename)%00%(upstream:remoteref) refs/heads/main refs/remotes/main [46ms]
2026-01-29 15:21:53.587 [info] > git rev-parse --show-toplevel [245ms]
2026-01-29 15:21:53.611 [info] > git config --get commit.template [52ms]
2026-01-29 15:21:53.615 [info] > git config --get --local branch.main.vscode-merge-base [35ms]
2026-01-29 15:21:53.616 [warning] [Git][config] git config failed: Failed to execute git
2026-01-29 15:21:53.665 [info] > git rev-parse --show-toplevel [57ms]
2026-01-29 15:21:53.691 [info] > git reflog main --grep-reflog=branch: Created from *. [58ms]
2026-01-29 15:21:53.717 [info] > git rev-parse --show-toplevel [29ms]
2026-01-29 15:21:53.732 [info] [Model][doInitialScan] Initial repository scan completed - repositories (1), closed repositories (0), parent repositories (0), unsafe repositories (0)
2026-01-29 15:21:53.732 [info] > git for-each-ref --format=%(refname)%00%(upstream:short)%00%(objectname)%00%(upstream:track)%00%(upstream:remotename)%00%(upstream:remoteref) refs/heads/main refs/remotes/main [72ms]
2026-01-29 15:21:53.735 [info] > git symbolic-ref --short refs/remotes/origin/HEAD [27ms]
2026-01-29 15:21:53.735 [info] fatal: ref refs/remotes/origin/HEAD is not a symbolic ref
2026-01-29 15:21:53.735 [warning] [Repository][getDefaultBranch] Failed to get default branch details: Failed to execute git.
2026-01-29 15:21:53.800 [info] > git merge-base refs/heads/main refs/remotes/origin/main [47ms]
2026-01-29 15:21:53.827 [info] > git status -z -uall [50ms]
2026-01-29 15:21:53.830 [info] > git for-each-ref --sort -committerdate --format %(refname)%00%(objectname)%00%(*objectname) [34ms]
2026-01-29 15:21:53.853 [info] > git diff --raw --numstat --diff-filter=ADMR -z --find-renames=50% 0032fdd865b150504279f68abdd97d3422865b82...refs/remotes/origin/main -- [36ms]
2026-01-29 15:21:53.866 [info] > git merge-base refs/heads/main refs/remotes/origin/main [19ms]
2026-01-29 15:21:53.896 [info] > git diff --raw --numstat --diff-filter=ADMR -z --find-renames=50% 0032fdd865b150504279f68abdd97d3422865b82...refs/remotes/origin/main -- [13ms]
2026-01-29 15:21:54.413 [info] > git check-ignore -v -z --stdin [19ms]
2026-01-29 15:21:56.748 [info] > git config --get commit.template [18ms]
2026-01-29 15:21:56.757 [info] > git for-each-ref --format=%(refname)%00%(upstream:short)%00%(objectname)%00%(upstream:track)%00%(upstream:remotename)%00%(upstream:remoteref) refs/heads/main refs/remotes/main [11ms]
2026-01-29 15:21:56.804 [info] > git for-each-ref --sort -committerdate --format %(refname)%00%(objectname)%00%(*objectname) [8ms]
2026-01-29 15:21:56.817 [info] > git status -z -uall [41ms]
2026-01-29 15:22:01.875 [info] > git config --get commit.template [18ms]
2026-01-29 15:22:01.885 [info] > git for-each-ref --format=%(refname)%00%(upstream:short)%00%(objectname)%00%(upstream:track)%00%(upstream:remotename)%00%(upstream:remoteref) refs/heads/main refs/remotes/main [13ms]
2026-01-29 15:22:01.932 [info] > git for-each-ref --sort -committerdate --format %(refname)%00%(objectname)%00%(*objectname) [13ms]
2026-01-29 15:22:01.967 [info] > git status -z -uall [63ms]
2026-01-29 15:22:07.018 [info] > git config --get commit.template [16ms]
2026-01-29 15:22:07.025 [info] > git for-each-ref --format=%(refname)%00%(upstream:short)%00%(objectname)%00%(upstream:track)%00%(upstream:remotename)%00%(upstream:remoteref) refs/heads/main refs/remotes/main [11ms]
2026-01-29 15:22:07.065 [info] > git for-each-ref --sort -committerdate --format %(refname)%00%(objectname)%00%(*objectname) [10ms]
2026-01-29 15:22:07.075 [info] > git status -z -uall [34ms]
2026-01-29 15:22:12.141 [info] > git config --get commit.template [23ms]
2026-01-29 15:22:12.150 [info] > git for-each-ref --format=%(refname)%00%(upstream:short)%00%(objectname)%00%(upstream:track)%00%(upstream:remotename)%00%(upstream:remoteref) refs/heads/main refs/remotes/main [16ms]
2026-01-29 15:22:12.188 [info] > git for-each-ref --sort -committerdate --format %(refname)%00%(objectname)%00%(*objectname) [11ms]
2026-01-29 15:22:12.203 [info] > git status -z -uall [37ms]
2026-01-29 15:22:12.353 [info] > git check-ignore -v -z --stdin [17ms]
2026-01-29 15:22:17.263 [info] > git config --get commit.template [20ms]
2026-01-29 15:22:17.275 [info] > git for-each-ref --format=%(refname)%00%(upstream:short)%00%(objectname)%00%(upstream:track)%00%(upstream:remotename)%00%(upstream:remoteref) refs/heads/main refs/remotes/main [14ms]
2026-01-29 15:22:17.322 [info] > git for-each-ref --sort -committerdate --format %(refname)%00%(objectname)%00%(*objectname) [13ms]
2026-01-29 15:22:17.324 [info] > git status -z -uall [32ms]
2026-01-29 15:22:22.374 [info] > git config --get commit.template [20ms]
2026-01-29 15:22:22.385 [info] > git for-each-ref --format=%(refname)%00%(upstream:short)%00%(objectname)%00%(upstream:track)%00%(upstream:remotename)%00%(upstream:remoteref) refs/heads/main refs/remotes/main [18ms]
2026-01-29 15:22:22.432 [info] > git for-each-ref --sort -committerdate --format %(refname)%00%(objectname)%00%(*objectname) [13ms]
2026-01-29 15:22:22.442 [info] > git status -z -uall [36ms]
2026-01-29 15:22:27.505 [info] > git config --get commit.template [22ms]
2026-01-29 15:22:27.516 [info] > git for-each-ref --format=%(refname)%00%(upstream:short)%00%(objectname)%00%(upstream:track)%00%(upstream:remotename)%00%(upstream:remoteref) refs/heads/main refs/remotes/main [16ms]
2026-01-29 15:22:27.563 [info] > git for-each-ref --sort -committerdate --format %(refname)%00%(objectname)%00%(*objectname) [12ms]
2026-01-29 15:22:27.580 [info] > git status -z -uall [41ms]
2026-01-29 15:22:32.643 [info] > git config --get commit.template [14ms]
2026-01-29 15:22:32.650 [info] > git for-each-ref --format=%(refname)%00%(upstream:short)%00%(objectname)%00%(upstream:track)%00%(upstream:remotename)%00%(upstream:remoteref) refs/heads/main refs/remotes/main [10ms]
2026-01-29 15:22:32.685 [info] > git for-each-ref --sort -committerdate --format %(refname)%00%(objectname)%00%(*objectname) [11ms]
2026-01-29 15:22:32.701 [info] > git status -z -uall [38ms]
2026-01-29 15:22:37.757 [info] > git config --get commit.template [18ms]
2026-01-29 15:22:37.766 [info] > git for-each-ref --format=%(refname)%00%(upstream:short)%00%(objectname)%00%(upstream:track)%00%(upstream:remotename)%00%(upstream:remoteref) refs/heads/main refs/remotes/main [10ms]
2026-01-29 15:22:37.815 [info] > git for-each-ref --sort -committerdate --format %(refname)%00%(objectname)%00%(*objectname) [23ms]
2026-01-29 15:22:37.835 [info] > git status -z -uall [58ms]
2026-01-29 15:22:42.909 [info] > git config --get commit.template [26ms]
2026-01-29 15:22:42.929 [info] > git for-each-ref --format=%(refname)%00%(upstream:short)%00%(objectname)%00%(upstream:track)%00%(upstream:remotename)%00%(upstream:remoteref) refs/heads/main refs/remotes/main [24ms]
2026-01-29 15:22:43.009 [info] > git for-each-ref --sort -committerdate --format %(refname)%00%(objectname)%00%(*objectname) [44ms]
2026-01-29 15:22:43.026 [info] > git status -z -uall [82ms]
2026-01-29 15:22:48.122 [info] > git config --get commit.template [19ms]
2026-01-29 15:22:48.130 [info] > git for-each-ref --format=%(refname)%00%(upstream:short)%00%(objectname)%00%(upstream:track)%00%(upstream:remotename)%00%(upstream:remoteref) refs/heads/main refs/remotes/main [13ms]
2026-01-29 15:22:48.172 [info] > git for-each-ref --sort -committerdate --format %(refname)%00%(objectname)%00%(*objectname) [11ms]
2026-01-29 15:22:48.198 [info] > git status -z -uall [48ms]
2026-01-29 15:22:53.258 [info] > git config --get commit.template [20ms]
2026-01-29 15:22:53.268 [info] > git for-each-ref --format=%(refname)%00%(upstream:short)%00%(objectname)%00%(upstream:track)%00%(upstream:remotename)%00%(upstream:remoteref) refs/heads/main refs/remotes/main [12ms]
2026-01-29 15:22:53.307 [info] > git for-each-ref --sort -committerdate --format %(refname)%00%(objectname)%00%(*objectname) [12ms]
2026-01-29 15:22:53.323 [info] > git status -z -uall [38ms]
2026-01-29 15:22:59.797 [info] > git config --get commit.template [17ms]
2026-01-29 15:22:59.815 [info] > git for-each-ref --format=%(refname)%00%(upstream:short)%00%(objectname)%00%(upstream:track)%00%(upstream:remotename)%00%(upstream:remoteref) refs/heads/main refs/remotes/main [20ms]
2026-01-29 15:22:59.853 [info] > git for-each-ref --sort -committerdate --format %(refname)%00%(objectname)%00%(*objectname) [11ms]
2026-01-29 15:22:59.869 [info] > git status -z -uall [39ms]
2026-01-29 15:23:05.844 [info] > git config --get commit.template [25ms]
2026-01-29 15:23:05.854 [info] > git for-each-ref --format=%(refname)%00%(upstream:short)%00%(objectname)%00%(upstream:track)%00%(upstream:remotename)%00%(upstream:remoteref) refs/heads/main refs/remotes/main [16ms]
2026-01-29 15:23:05.904 [info] > git for-each-ref --sort -committerdate --format %(refname)%00%(objectname)%00%(*objectname) [12ms]
2026-01-29 15:23:05.921 [info] > git status -z -uall [41ms]
2026-01-29 15:23:10.966 [info] > git config --get commit.template [12ms]
2026-01-29 15:23:10.976 [info] > git for-each-ref --format=%(refname)%00%(upstream:short)%00%(objectname)%00%(upstream:track)%00%(upstream:remotename)%00%(upstream:remoteref) refs/heads/main refs/remotes/main [11ms]
2026-01-29 15:23:11.024 [info] > git for-each-ref --sort -committerdate --format %(refname)%00%(objectname)%00%(*objectname) [9ms]
2026-01-29 15:23:11.035 [info] > git status -z -uall [40ms]
2026-01-29 15:23:16.794 [info] > git config --get commit.template [14ms]
2026-01-29 15:23:16.803 [info] > git for-each-ref --format=%(refname)%00%(upstream:short)%00%(objectname)%00%(upstream:track)%00%(upstream:remotename)%00%(upstream:remoteref) refs/heads/main refs/remotes/main [12ms]
2026-01-29 15:23:16.833 [info] > git for-each-ref --sort -committerdate --format %(refname)%00%(objectname)%00%(*objectname) [12ms]
2026-01-29 15:23:16.851 [info] > git status -z -uall [38ms]
2026-01-29 15:23:21.893 [info] > git config --get commit.template [14ms]
2026-01-29 15:23:21.903 [info] > git for-each-ref --format=%(refname)%00%(upstream:short)%00%(objectname)%00%(upstream:track)%00%(upstream:remotename)%00%(upstream:remoteref) refs/heads/main refs/remotes/main [13ms]
2026-01-29 15:23:21.939 [info] > git for-each-ref --sort -committerdate --format %(refname)%00%(objectname)%00%(*objectname) [11ms]
2026-01-29 15:23:21.947 [info] > git status -z -uall [31ms]
2026-01-29 15:23:26.998 [info] > git config --get commit.template [11ms]
2026-01-29 15:23:27.007 [info] > git for-each-ref --format=%(refname)%00%(upstream:short)%00%(objectname)%00%(upstream:track)%00%(upstream:remotename)%00%(upstream:remoteref) refs/heads/main refs/remotes/main [12ms]
2026-01-29 15:23:27.054 [info] > git for-each-ref --sort -committerdate --format %(refname)%00%(objectname)%00%(*objectname) [9ms]
2026-01-29 15:23:27.070 [info] > git status -z -uall [43ms]
2026-01-29 15:23:32.126 [info] > git config --get commit.template [12ms]
2026-01-29 15:23:32.133 [info] > git for-each-ref --format=%(refname)%00%(upstream:short)%00%(objectname)%00%(upstream:track)%00%(upstream:remotename)%00%(upstream:remoteref) refs/heads/main refs/remotes/main [9ms]
2026-01-29 15:23:32.178 [info] > git for-each-ref --sort -committerdate --format %(refname)%00%(objectname)%00%(*objectname) [12ms]
2026-01-29 15:23:32.197 [info] > git status -z -uall [41ms]
2026-01-29 15:23:37.240 [info] > git config --get commit.template [12ms]
2026-01-29 15:23:37.248 [info] > git for-each-ref --format=%(refname)%00%(upstream:short)%00%(objectname)%00%(upstream:track)%00%(upstream:remotename)%00%(upstream:remoteref) refs/heads/main refs/remotes/main [10ms]
2026-01-29 15:23:37.279 [info] > git for-each-ref --sort -committerdate --format %(refname)%00%(objectname)%00%(*objectname) [10ms]
2026-01-29 15:23:37.293 [info] > git status -z -uall [32ms]
2026-01-29 15:23:42.357 [info] > git config --get commit.template [18ms]
2026-01-29 15:23:42.372 [info] > git for-each-ref --format=%(refname)%00%(upstream:short)%00%(objectname)%00%(upstream:track)%00%(upstream:remotename)%00%(upstream:remoteref) refs/heads/main refs/remotes/main [17ms]
2026-01-29 15:23:42.416 [info] > git for-each-ref --sort -committerdate --format %(refname)%00%(objectname)%00%(*objectname) [12ms]
2026-01-29 15:23:42.438 [info] > git status -z -uall [44ms]
