2026-01-30 14:44:29.314 [info] Extension host with pid 6273 started
2026-01-30 14:44:29.314 [error] Error: EEXIST: file already exists, open '/data/data/com.termux/files/home/.local/share/code-server/User/workspaceStorage/6b2b686c/vscode.lock'
2026-01-30 14:44:29.329 [info] Lock '/data/data/com.termux/files/home/.local/share/code-server/User/workspaceStorage/6b2b686c/vscode.lock': Could not acquire lock, checking if the file is stale.
2026-01-30 14:44:29.337 [info] Lock '/data/data/com.termux/files/home/.local/share/code-server/User/workspaceStorage/6b2b686c/vscode.lock': The lock does not look stale, elapsed: 739 ms, giving up.
2026-01-30 14:44:29.345 [error] Error: EEXIST: file already exists, open '/data/data/com.termux/files/home/.local/share/code-server/User/workspaceStorage/6b2b686c-1/vscode.lock'
2026-01-30 14:44:29.349 [info] Lock '/data/data/com.termux/files/home/.local/share/code-server/User/workspaceStorage/6b2b686c-1/vscode.lock': Could not acquire lock, checking if the file is stale.
2026-01-30 14:44:29.352 [info] Lock '/data/data/com.termux/files/home/.local/share/code-server/User/workspaceStorage/6b2b686c-1/vscode.lock': The pid 12387 appears to be gone.
2026-01-30 14:44:29.352 [info] Lock '/data/data/com.termux/files/home/.local/share/code-server/User/workspaceStorage/6b2b686c-1/vscode.lock': Deleting a stale lock.
2026-01-30 14:44:29.364 [info] Lock '/data/data/com.termux/files/home/.local/share/code-server/User/workspaceStorage/6b2b686c-1/vscode.lock': Lock acquired.
2026-01-30 14:44:30.012 [info] ExtensionService#_doActivateExtension vscode.github-authentication, startup: false, activationEvent: 'onAuthenticationRequest:github'
2026-01-30 14:44:30.019 [info] ExtensionService#_doActivateExtension ms-python.python, startup: false, activationEvent: 'onLanguage:python'
2026-01-30 14:44:30.022 [info] ExtensionService#_doActivateExtension vscode.emmet, startup: false, activationEvent: 'onLanguage'
2026-01-30 14:44:30.023 [info] ExtensionService#_doActivateExtension vscode.terminal-suggest, startup: false, activationEvent: 'onTerminalShellIntegration:*'
2026-01-30 14:44:31.986 [info] ExtensionService#_doActivateExtension vscode.git-base, startup: true, activationEvent: '*', root cause: vscode.git
2026-01-30 14:44:32.858 [info] ExtensionService#_doActivateExtension vscode.git, startup: true, activationEvent: '*'
2026-01-30 14:44:32.864 [info] ExtensionService#_doActivateExtension vscode.github, startup: true, activationEvent: '*'
2026-01-30 14:44:37.718 [warning] [Decorations] CAPPING events from decorations provider vscode.git 293
2026-01-30 14:44:38.847 [warning] [Decorations] CAPPING events from decorations provider vscode.git 293
2026-01-30 14:44:39.146 [info] Not activating extension 'ms-python.python': Timed out while searching for 'workspaceContains' pattern **/pylock.*.toml
2026-01-30 14:44:39.736 [info] Eager extensions activated
2026-01-30 14:44:39.740 [info] ExtensionService#_doActivateExtension vscode.debug-auto-launch, startup: false, activationEvent: 'onStartupFinished'
2026-01-30 14:44:39.743 [info] ExtensionService#_doActivateExtension vscode.merge-conflict, startup: false, activationEvent: 'onStartupFinished'
2026-01-30 14:44:45.828 [warning] [Decorations] CAPPING events from decorations provider vscode.git 294
2026-01-30 14:44:50.974 [warning] [Decorations] CAPPING events from decorations provider vscode.git 294
2026-01-30 14:44:56.109 [warning] [Decorations] CAPPING events from decorations provider vscode.git 294
2026-01-30 14:45:01.231 [warning] [Decorations] CAPPING events from decorations provider vscode.git 294
2026-01-30 14:45:06.371 [warning] [Decorations] CAPPING events from decorations provider vscode.git 294
2026-01-30 14:45:11.904 [warning] [Decorations] CAPPING events from decorations provider vscode.git 294
2026-01-30 14:45:17.953 [warning] [Decorations] CAPPING events from decorations provider vscode.git 294
2026-01-30 14:45:53.575 [warning] [Decorations] CAPPING events from decorations provider vscode.git 294
2026-01-30 14:45:58.709 [warning] [Decorations] CAPPING events from decorations provider vscode.git 295
2026-01-30 14:46:03.841 [warning] [Decorations] CAPPING events from decorations provider vscode.git 294
2026-01-30 14:52:55.761 [info] Extension host terminating: renderer disconnected for too long (2)
2026-01-30 14:52:55.777 [info] Lock '/data/data/com.termux/files/home/.local/share/code-server/User/workspaceStorage/6b2b686c-1/vscode.lock': Marking the lockfile as scheduled to be released in 6000 ms.
2026-01-30 14:52:56.093 [info] Extension host with pid 6273 exiting with code 0
