2026-01-31 02:08:20.791 [info] Reading sessions from keychain...
2026-01-31 02:08:20.792 [info] Getting sessions for all scopes...
2026-01-31 02:08:20.792 [info] Got 0 sessions for ...
2026-01-31 02:08:20.792 [info] Getting sessions for all scopes...
2026-01-31 02:08:20.792 [info] Got 0 sessions for ...
2026-01-31 02:08:20.792 [info] Getting sessions for all scopes...
2026-01-31 02:08:20.792 [info] Got 0 sessions for ...
2026-01-31 02:08:20.792 [info] Getting sessions for all scopes...
2026-01-31 02:08:20.792 [info] Got 0 sessions for ...
2026-01-31 02:08:20.792 [info] Getting sessions for all scopes...
2026-01-31 02:08:20.792 [info] Got 0 sessions for ...
2026-01-31 02:08:20.792 [info] Getting sessions for all scopes...
2026-01-31 02:08:20.792 [info] Got 0 sessions for ...
2026-01-31 02:08:20.792 [info] Getting sessions for all scopes...
2026-01-31 02:08:20.792 [info] Got 0 sessions for ...
2026-01-31 02:08:20.792 [info] Getting sessions for all scopes...
2026-01-31 02:08:20.792 [info] Got 0 sessions for ...
2026-01-31 02:08:20.792 [info] Getting sessions for all scopes...
2026-01-31 02:08:20.792 [info] Got 0 sessions for ...
2026-01-31 02:08:21.380 [info] Getting sessions for all scopes...
2026-01-31 02:08:21.380 [info] Got 0 sessions for ...
2026-01-31 02:08:21.381 [info] Getting sessions for all scopes...
2026-01-31 02:08:21.381 [info] Got 0 sessions for ...
2026-01-31 02:08:21.381 [info] Getting sessions for all scopes...
2026-01-31 02:08:21.381 [info] Got 0 sessions for ...
2026-01-31 02:08:21.381 [info] Getting sessions for all scopes...
2026-01-31 02:08:21.381 [info] Got 0 sessions for ...
2026-01-31 02:08:21.381 [info] Getting sessions for all scopes...
2026-01-31 02:08:21.381 [info] Got 0 sessions for ...
2026-01-31 02:08:21.381 [info] Getting sessions for all scopes...
2026-01-31 02:08:21.381 [info] Got 0 sessions for ...
2026-01-31 02:08:24.405 [info] Getting sessions for read:user,repo,user:email,workflow...
2026-01-31 02:08:24.405 [info] Got 0 sessions for read:user,repo,user:email,workflow...
