2026-01-31 03:40:46.167 [info] Extension host with pid 26283 started
2026-01-31 03:40:46.170 [error] Error: EEXIST: file already exists, open '/data/data/com.termux/files/home/.local/share/code-server/User/workspaceStorage/6b2b686c/vscode.lock'
2026-01-31 03:40:46.176 [info] Lock '/data/data/com.termux/files/home/.local/share/code-server/User/workspaceStorage/6b2b686c/vscode.lock': Could not acquire lock, checking if the file is stale.
2026-01-31 03:40:46.178 [info] Lock '/data/data/com.termux/files/home/.local/share/code-server/User/workspaceStorage/6b2b686c/vscode.lock': The pid 19672 appears to be gone.
2026-01-31 03:40:46.178 [info] Lock '/data/data/com.termux/files/home/.local/share/code-server/User/workspaceStorage/6b2b686c/vscode.lock': Deleting a stale lock.
2026-01-31 03:40:46.189 [info] Lock '/data/data/com.termux/files/home/.local/share/code-server/User/workspaceStorage/6b2b686c/vscode.lock': Lock acquired.
2026-01-31 03:40:46.611 [info] ExtensionService#_doActivateExtension vscode.github-authentication, startup: false, activationEvent: 'onAuthenticationRequest:github'
2026-01-31 03:40:46.620 [info] ExtensionService#_doActivateExtension ms-python.python, startup: false, activationEvent: 'onLanguage:python'
2026-01-31 03:40:46.622 [info] ExtensionService#_doActivateExtension vscode.emmet, startup: false, activationEvent: 'onLanguage'
2026-01-31 03:40:49.314 [info] ExtensionService#_doActivateExtension vscode.git-base, startup: true, activationEvent: '*', root cause: vscode.git
2026-01-31 03:40:50.139 [info] ExtensionService#_doActivateExtension vscode.git, startup: true, activationEvent: '*'
2026-01-31 03:40:50.140 [info] ExtensionService#_doActivateExtension vscode.github, startup: true, activationEvent: '*'
2026-01-31 03:40:50.407 [info] ExtensionService#_doActivateExtension vscode.terminal-suggest, startup: false, activationEvent: 'onTerminalShellIntegration:*'
2026-01-31 03:40:52.381 [info] Eager extensions activated
2026-01-31 03:40:52.384 [info] ExtensionService#_doActivateExtension vscode.debug-auto-launch, startup: false, activationEvent: 'onStartupFinished'
2026-01-31 03:40:52.385 [info] ExtensionService#_doActivateExtension vscode.merge-conflict, startup: false, activationEvent: 'onStartupFinished'
2026-01-31 03:40:52.620 [warning] [Decorations] CAPPING events from decorations provider vscode.git 1295
2026-01-31 03:40:53.488 [warning] [Decorations] CAPPING events from decorations provider vscode.git 1295
2026-01-31 03:40:57.840 [warning] [Decorations] CAPPING events from decorations provider vscode.git 1296
2026-01-31 03:41:03.054 [warning] [Decorations] CAPPING events from decorations provider vscode.git 1299
2026-01-31 03:41:08.235 [warning] [Decorations] CAPPING events from decorations provider vscode.git 1300
2026-01-31 03:41:13.400 [warning] [Decorations] CAPPING events from decorations provider vscode.git 1300
2026-01-31 03:43:08.647 [warning] [Decorations] CAPPING events from decorations provider vscode.git 1300
2026-01-31 03:43:59.667 [warning] [Decorations] CAPPING events from decorations provider vscode.git 1300
2026-01-31 03:44:04.830 [warning] [Decorations] CAPPING events from decorations provider vscode.git 1300
2026-01-31 03:44:09.983 [warning] [Decorations] CAPPING events from decorations provider vscode.git 1300
2026-01-31 03:44:15.135 [warning] [Decorations] CAPPING events from decorations provider vscode.git 1300
2026-01-31 03:44:20.275 [warning] [Decorations] CAPPING events from decorations provider vscode.git 1300
2026-01-31 03:44:25.452 [warning] [Decorations] CAPPING events from decorations provider vscode.git 1300
2026-01-31 03:44:30.584 [warning] [Decorations] CAPPING events from decorations provider vscode.git 1302
2026-01-31 03:44:35.722 [warning] [Decorations] CAPPING events from decorations provider vscode.git 1302
2026-01-31 03:44:40.889 [warning] [Decorations] CAPPING events from decorations provider vscode.git 1302
2026-01-31 03:44:57.677 [warning] [Decorations] CAPPING events from decorations provider vscode.git 1302
2026-01-31 03:45:02.846 [warning] [Decorations] CAPPING events from decorations provider vscode.git 1302
2026-01-31 03:45:08.033 [warning] [Decorations] CAPPING events from decorations provider vscode.git 1303
2026-01-31 03:45:13.190 [warning] [Decorations] CAPPING events from decorations provider vscode.git 1303
2026-01-31 03:45:18.353 [warning] [Decorations] CAPPING events from decorations provider vscode.git 1303
2026-01-31 03:45:23.510 [warning] [Decorations] CAPPING events from decorations provider vscode.git 1303
2026-01-31 03:45:28.704 [warning] [Decorations] CAPPING events from decorations provider vscode.git 1303
2026-01-31 03:45:33.861 [warning] [Decorations] CAPPING events from decorations provider vscode.git 1303
2026-01-31 03:45:48.860 [warning] [Decorations] CAPPING events from decorations provider vscode.git 1303
2026-01-31 03:45:54.395 [warning] [Decorations] CAPPING events from decorations provider vscode.git 1304
2026-01-31 03:46:06.883 [warning] [Decorations] CAPPING events from decorations provider vscode.git 1304
2026-01-31 03:46:12.023 [warning] [Decorations] CAPPING events from decorations provider vscode.git 1305
2026-01-31 03:46:17.168 [warning] [Decorations] CAPPING events from decorations provider vscode.git 1305
2026-01-31 03:46:22.344 [warning] [Decorations] CAPPING events from decorations provider vscode.git 1305
2026-01-31 03:46:27.490 [warning] [Decorations] CAPPING events from decorations provider vscode.git 1305
2026-01-31 03:46:32.647 [warning] [Decorations] CAPPING events from decorations provider vscode.git 1314
2026-01-31 03:46:38.062 [warning] [Decorations] CAPPING events from decorations provider vscode.git 1316
2026-01-31 03:46:46.051 [warning] [Decorations] CAPPING events from decorations provider vscode.git 1316
2026-01-31 03:46:51.211 [warning] [Decorations] CAPPING events from decorations provider vscode.git 1316
2026-01-31 03:46:56.367 [warning] [Decorations] CAPPING events from decorations provider vscode.git 1317
2026-01-31 03:47:01.534 [warning] [Decorations] CAPPING events from decorations provider vscode.git 1317
2026-01-31 03:47:06.851 [warning] [Decorations] CAPPING events from decorations provider vscode.git 1317
2026-01-31 03:47:25.846 [warning] [Decorations] CAPPING events from decorations provider vscode.git 1317
2026-01-31 03:47:30.994 [warning] [Decorations] CAPPING events from decorations provider vscode.git 1317
2026-01-31 03:47:36.159 [warning] [Decorations] CAPPING events from decorations provider vscode.git 1317
2026-01-31 03:47:41.320 [warning] [Decorations] CAPPING events from decorations provider vscode.git 1317
2026-01-31 03:47:46.464 [warning] [Decorations] CAPPING events from decorations provider vscode.git 1317
2026-01-31 03:47:52.149 [warning] [Decorations] CAPPING events from decorations provider vscode.git 1318
2026-01-31 03:47:57.284 [warning] [Decorations] CAPPING events from decorations provider vscode.git 1318
2026-01-31 03:48:02.415 [warning] [Decorations] CAPPING events from decorations provider vscode.git 1318
2026-01-31 03:48:13.261 [warning] [Decorations] CAPPING events from decorations provider vscode.git 1318
2026-01-31 03:48:27.536 [warning] [Decorations] CAPPING events from decorations provider vscode.git 1319
2026-01-31 03:48:32.695 [warning] [Decorations] CAPPING events from decorations provider vscode.git 1319
2026-01-31 03:48:37.871 [warning] [Decorations] CAPPING events from decorations provider vscode.git 1320
2026-01-31 03:48:43.013 [warning] [Decorations] CAPPING events from decorations provider vscode.git 1323
2026-01-31 03:48:48.168 [warning] [Decorations] CAPPING events from decorations provider vscode.git 1323
2026-01-31 03:48:53.342 [warning] [Decorations] CAPPING events from decorations provider vscode.git 1324
2026-01-31 03:48:58.483 [warning] [Decorations] CAPPING events from decorations provider vscode.git 1324
2026-01-31 03:49:03.665 [warning] [Decorations] CAPPING events from decorations provider vscode.git 1325
2026-01-31 03:49:08.817 [warning] [Decorations] CAPPING events from decorations provider vscode.git 1325
2026-01-31 03:49:21.712 [warning] [Decorations] CAPPING events from decorations provider vscode.git 1325
2026-01-31 03:49:26.943 [warning] [Decorations] CAPPING events from decorations provider vscode.git 1326
2026-01-31 03:49:32.130 [warning] [Decorations] CAPPING events from decorations provider vscode.git 1326
2026-01-31 03:49:37.293 [warning] [Decorations] CAPPING events from decorations provider vscode.git 1326
2026-01-31 03:49:59.322 [warning] [Decorations] CAPPING events from decorations provider vscode.git 1326
2026-01-31 03:50:04.494 [warning] [Decorations] CAPPING events from decorations provider vscode.git 1326
2026-01-31 03:50:09.645 [warning] [Decorations] CAPPING events from decorations provider vscode.git 1326
2026-01-31 03:50:14.797 [warning] [Decorations] CAPPING events from decorations provider vscode.git 1327
2026-01-31 03:50:28.435 [warning] [Decorations] CAPPING events from decorations provider vscode.git 1327
2026-01-31 03:50:33.621 [warning] [Decorations] CAPPING events from decorations provider vscode.git 1327
2026-01-31 03:50:38.746 [warning] [Decorations] CAPPING events from decorations provider vscode.git 1327
2026-01-31 03:50:45.801 [warning] [Decorations] CAPPING events from decorations provider vscode.git 1328
2026-01-31 03:50:58.430 [warning] [Decorations] CAPPING events from decorations provider vscode.git 1328
2026-01-31 03:51:03.619 [warning] [Decorations] CAPPING events from decorations provider vscode.git 1328
2026-01-31 03:51:08.755 [warning] [Decorations] CAPPING events from decorations provider vscode.git 1328
2026-01-31 03:51:13.907 [warning] [Decorations] CAPPING events from decorations provider vscode.git 1329
2026-01-31 03:51:19.056 [warning] [Decorations] CAPPING events from decorations provider vscode.git 1329
2026-01-31 03:51:24.198 [warning] [Decorations] CAPPING events from decorations provider vscode.git 1329
2026-01-31 03:51:32.918 [warning] [Decorations] CAPPING events from decorations provider vscode.git 1330
2026-01-31 03:51:41.945 [warning] [Decorations] CAPPING events from decorations provider vscode.git 1344
2026-01-31 03:51:47.080 [warning] [Decorations] CAPPING events from decorations provider vscode.git 1345
2026-01-31 03:51:52.229 [warning] [Decorations] CAPPING events from decorations provider vscode.git 1345
2026-01-31 03:51:57.357 [warning] [Decorations] CAPPING events from decorations provider vscode.git 1345
2026-01-31 03:52:02.481 [warning] [Decorations] CAPPING events from decorations provider vscode.git 1345
2026-01-31 03:52:07.759 [warning] [Decorations] CAPPING events from decorations provider vscode.git 1346
2026-01-31 03:52:12.891 [warning] [Decorations] CAPPING events from decorations provider vscode.git 1346
2026-01-31 03:52:18.062 [warning] [Decorations] CAPPING events from decorations provider vscode.git 1346
2026-01-31 03:52:23.274 [warning] [Decorations] CAPPING events from decorations provider vscode.git 1346
2026-01-31 03:52:28.564 [warning] [Decorations] CAPPING events from decorations provider vscode.git 1346
2026-01-31 03:52:33.733 [warning] [Decorations] CAPPING events from decorations provider vscode.git 1346
2026-01-31 03:56:02.025 [warning] [Decorations] CAPPING events from decorations provider vscode.git 1346
2026-01-31 03:56:07.221 [warning] [Decorations] CAPPING events from decorations provider vscode.git 1346
2026-01-31 03:56:12.409 [warning] [Decorations] CAPPING events from decorations provider vscode.git 1346
2026-01-31 04:00:38.373 [warning] [Decorations] CAPPING events from decorations provider vscode.git 1346
2026-01-31 04:00:43.537 [warning] [Decorations] CAPPING events from decorations provider vscode.git 1347
2026-01-31 04:00:48.681 [warning] [Decorations] CAPPING events from decorations provider vscode.git 1347
2026-01-31 04:00:53.840 [warning] [Decorations] CAPPING events from decorations provider vscode.git 1347
2026-01-31 04:00:59.013 [warning] [Decorations] CAPPING events from decorations provider vscode.git 1347
2026-01-31 04:01:04.201 [warning] [Decorations] CAPPING events from decorations provider vscode.git 1348
2026-01-31 04:01:09.369 [warning] [Decorations] CAPPING events from decorations provider vscode.git 1348
2026-01-31 04:01:14.529 [warning] [Decorations] CAPPING events from decorations provider vscode.git 1348
2026-01-31 04:01:19.686 [warning] [Decorations] CAPPING events from decorations provider vscode.git 1349
2026-01-31 04:01:24.859 [warning] [Decorations] CAPPING events from decorations provider vscode.git 1349
2026-01-31 04:01:30.009 [warning] [Decorations] CAPPING events from decorations provider vscode.git 1349
2026-01-31 04:01:35.183 [warning] [Decorations] CAPPING events from decorations provider vscode.git 1349
2026-01-31 04:01:40.351 [warning] [Decorations] CAPPING events from decorations provider vscode.git 1349
