2026-01-31 04:28:37.876 [info] Reading sessions from keychain...
2026-01-31 04:28:37.876 [info] Getting sessions for all scopes...
2026-01-31 04:28:37.876 [info] Got 0 sessions for ...
2026-01-31 04:28:37.876 [info] Getting sessions for all scopes...
2026-01-31 04:28:37.876 [info] Got 0 sessions for ...
2026-01-31 04:28:37.876 [info] Getting sessions for all scopes...
2026-01-31 04:28:37.876 [info] Got 0 sessions for ...
2026-01-31 04:28:37.876 [info] Getting sessions for all scopes...
2026-01-31 04:28:37.876 [info] Got 0 sessions for ...
2026-01-31 04:28:37.876 [info] Getting sessions for all scopes...
2026-01-31 04:28:37.876 [info] Got 0 sessions for ...
2026-01-31 04:28:37.876 [info] Getting sessions for all scopes...
2026-01-31 04:28:37.876 [info] Got 0 sessions for ...
2026-01-31 04:28:37.876 [info] Getting sessions for all scopes...
2026-01-31 04:28:37.876 [info] Got 0 sessions for ...
2026-01-31 04:28:37.876 [info] Getting sessions for all scopes...
2026-01-31 04:28:37.876 [info] Got 0 sessions for ...
2026-01-31 04:28:37.876 [info] Getting sessions for all scopes...
2026-01-31 04:28:37.876 [info] Got 0 sessions for ...
2026-01-31 04:28:37.895 [info] Getting sessions for all scopes...
2026-01-31 04:28:37.895 [info] Got 0 sessions for ...
2026-01-31 04:28:37.895 [info] Getting sessions for all scopes...
2026-01-31 04:28:37.896 [info] Got 0 sessions for ...
2026-01-31 04:28:37.896 [info] Getting sessions for all scopes...
2026-01-31 04:28:37.896 [info] Got 0 sessions for ...
2026-01-31 04:28:37.896 [info] Getting sessions for all scopes...
2026-01-31 04:28:37.896 [info] Got 0 sessions for ...
2026-01-31 04:28:37.896 [info] Getting sessions for all scopes...
2026-01-31 04:28:37.896 [info] Got 0 sessions for ...
2026-01-31 04:28:37.896 [info] Getting sessions for all scopes...
2026-01-31 04:28:37.896 [info] Got 0 sessions for ...
2026-01-31 04:28:38.862 [info] Getting sessions for all scopes...
2026-01-31 04:28:38.862 [info] Got 0 sessions for ...
2026-01-31 04:28:45.578 [info] Getting sessions for read:user,repo,user:email,workflow...
2026-01-31 04:28:45.578 [info] Got 0 sessions for read:user,repo,user:email,workflow...
