2026-01-30 14:48:02.881 [warning] Dir "/data/data/com.termux/files/home/.pixi/envs" is not watchable (directory does not exist)
2026-01-30 14:48:07.074 [info] Skipping ActivatedEnv Detection:  process.env.VSCODE_CLI !== '1'
2026-01-30 14:48:07.108 [info] Python interpreter path: /data/data/com.termux/files/usr/bin/python
2026-01-30 14:48:07.401 [info] > pyenv which python
2026-01-30 14:48:07.401 [info] cwd: .
2026-01-30 14:48:10.514 [info] Starting Jedi language server for home.
2026-01-30 14:49:28.559 [info] Selected workspace /data/data/com.termux/files/home for creating virtual environment.
2026-01-30 14:49:28.626 [info] Starting Environment refresh
2026-01-30 14:49:28.626 [info] Searching for interpreters in posix paths locator
2026-01-30 14:49:28.650 [info] Searching for pyenv environments
2026-01-30 14:49:28.650 [info] Searching for conda environments
2026-01-30 14:49:28.670 [info] Searching for global virtual environments
2026-01-30 14:49:28.670 [info] Searching for custom virtual environments
2026-01-30 14:49:28.739 [info] > conda info --json
2026-01-30 14:49:28.785 [info] > hatch env show --json
2026-01-30 14:49:28.786 [info] cwd: .
2026-01-30 14:49:28.817 [info] pyenv is not installed
2026-01-30 14:49:28.817 [info] Finished searching for pyenv environments: 182 milliseconds
2026-01-30 14:49:28.818 [info] Finished searching for custom virtual envs: 173 milliseconds
2026-01-30 14:49:28.827 [warning] Looking for python binaries within /bin failed with [Error: EACCES: permission denied, scandir '/bin'
	at async Object.readdir (node:internal/fs/promises:957:18)
	at async f (/data/data/com.termux/files/home/.local/share/code-server/extensions/ms-python.python-2026.0.0-universal/out/client/extension.js:2:742309)
	at async t.getPythonBinFromPosixPaths (/data/data/com.termux/files/home/.local/share/code-server/extensions/ms-python.python-2026.0.0-universal/out/client/extension.js:2:743133)
	at async /data/data/com.termux/files/home/.local/share/code-server/extensions/ms-python.python-2026.0.0-universal/out/client/extension.js:2:683892
	at async i (/data/data/com.termux/files/home/.local/share/code-server/extensions/ms-python.python-2026.0.0-universal/out/client/extension.js:2:338188)] {
  errno: -13,
  code: 'EACCES',
  syscall: 'scandir',
  path: '/bin'
}
2026-01-30 14:49:28.828 [info] Finished searching for global virtual envs: 186 milliseconds
2026-01-30 14:49:28.860 [info] Found: /data/data/com.termux/files/usr/bin/python --> /data/data/com.termux/files/usr/bin/python3.12
2026-01-30 14:49:28.878 [info] Found: /data/data/com.termux/files/usr/bin/python3 --> /data/data/com.termux/files/usr/bin/python3.12
2026-01-30 14:49:28.886 [info] Found: /data/data/com.termux/files/usr/bin/python3.12 --> /data/data/com.termux/files/usr/bin/python3.12
2026-01-30 14:49:28.962 [info] > /data/data/com.termux/files/usr/bin/python -I ./.local/share/code-server/extensions/ms-python.python-2026.0.0-universal/python_files/get_output_via_markers.py ./.local/share/code-server/extensions/ms-python.python-2026.0.0-universal/python_files/interpreterInfo.py
2026-01-30 14:49:28.962 [info] Finished searching for interpreters in posix paths locator: 343 milliseconds
2026-01-30 14:49:28.971 [info] Environments refresh paths discovered (event): 359 milliseconds
2026-01-30 14:49:28.971 [info] Environments refresh paths discovered: 359 milliseconds
2026-01-30 14:49:29.074 [info] Environments refresh finished (event): 461 milliseconds
2026-01-30 14:49:29.087 [info] Environment refresh took 480 milliseconds
2026-01-30 14:49:33.055 [info] Selected interpreter /data/data/com.termux/files/usr/bin/python for creating virtual environment.
2026-01-30 14:49:44.011 [info] Running Env creation script:  [
  '/data/data/com.termux/files/usr/bin/python',
  '/data/data/com.termux/files/home/.local/share/code-server/extensions/ms-python.python-2026.0.0-universal/python_files/create_venv.py',
  '--git-ignore',
  '--requirements',
  '/data/data/com.termux/files/home/.local/share/code-server/extensions/ms-python.python-2026.0.0-universal/requirements.txt'
]
2026-01-30 14:49:44.011 [info] > /data/data/com.termux/files/usr/bin/python ./.local/share/code-server/extensions/ms-python.python-2026.0.0-universal/python_files/create_venv.py --git-ignore --requirements ./.local/share/code-server/extensions/ms-python.python-2026.0.0-universal/requirements.txt
2026-01-30 14:49:44.011 [info] cwd: .
2026-01-30 14:49:44.244 [info] Running: /data/data/com.termux/files/usr/bin/python -m venv .venv
2026-01-30 14:49:44.244 [info] 
2026-01-30 14:49:48.293 [error] Error while running venv creation script:  undefined
2026-01-30 14:49:48.294 [error] Failed to create virtual environment with exitCode: null
