2026-01-30 13:27:10.794 [info] Extension host with pid 30348 started
2026-01-30 13:27:10.794 [error] Error: EEXIST: file already exists, open '/data/data/com.termux/files/home/.local/share/code-server/User/workspaceStorage/6b2b686c/vscode.lock'
2026-01-30 13:27:10.807 [info] Lock '/data/data/com.termux/files/home/.local/share/code-server/User/workspaceStorage/6b2b686c/vscode.lock': Could not acquire lock, checking if the file is stale.
2026-01-30 13:27:10.829 [info] Lock '/data/data/com.termux/files/home/.local/share/code-server/User/workspaceStorage/6b2b686c/vscode.lock': The pid 18595 appears to be gone.
2026-01-30 13:27:10.829 [info] Lock '/data/data/com.termux/files/home/.local/share/code-server/User/workspaceStorage/6b2b686c/vscode.lock': Deleting a stale lock.
2026-01-30 13:27:10.846 [info] Lock '/data/data/com.termux/files/home/.local/share/code-server/User/workspaceStorage/6b2b686c/vscode.lock': Lock acquired.
2026-01-30 13:27:11.689 [info] ExtensionService#_doActivateExtension vscode.github-authentication, startup: false, activationEvent: 'onAuthenticationRequest:github'
2026-01-30 13:27:11.696 [info] ExtensionService#_doActivateExtension ms-python.python, startup: false, activationEvent: 'onLanguage:python'
2026-01-30 13:27:11.715 [info] ExtensionService#_doActivateExtension vscode.emmet, startup: false, activationEvent: 'onLanguage'
2026-01-30 13:27:13.305 [info] ExtensionService#_doActivateExtension vscode.git-base, startup: true, activationEvent: '*', root cause: vscode.git
2026-01-30 13:27:13.452 [info] ExtensionService#_doActivateExtension vscode.terminal-suggest, startup: false, activationEvent: 'onTerminalShellIntegration:*'
2026-01-30 13:27:13.996 [info] ExtensionService#_doActivateExtension vscode.git, startup: true, activationEvent: '*'
2026-01-30 13:27:13.997 [info] ExtensionService#_doActivateExtension vscode.github, startup: true, activationEvent: '*'
2026-01-30 13:27:17.667 [info] Eager extensions activated
2026-01-30 13:27:17.668 [info] ExtensionService#_doActivateExtension vscode.debug-auto-launch, startup: false, activationEvent: 'onStartupFinished'
2026-01-30 13:27:17.669 [info] ExtensionService#_doActivateExtension vscode.merge-conflict, startup: false, activationEvent: 'onStartupFinished'
2026-01-30 13:41:05.863 [info] ExtensionService#_doActivateExtension vscode.npm, startup: false, activationEvent: 'onTerminalQuickFixRequest:ms-vscode.npm-command'
2026-01-30 13:41:13.188 [info] ExtensionService#_doActivateExtension vscode.configuration-editing, startup: false, activationEvent: 'onLanguage:json'
2026-01-30 13:41:13.189 [info] ExtensionService#_doActivateExtension vscode.extension-editing, startup: false, activationEvent: 'onLanguage:json'
2026-01-30 13:41:13.190 [info] ExtensionService#_doActivateExtension vscode.json-language-features, startup: false, activationEvent: 'onLanguage:json'
2026-01-30 13:47:17.327 [error] [ms-python.python] provider FAILED
2026-01-30 13:47:17.331 [error] Error: UnboundLocalError: cannot access local variable 'end_index' where it is not associated with a value
	at ae (/data/data/com.termux/files/home/.local/share/code-server/extensions/ms-python.python-2026.0.0-universal/out/client/extension.js:2:2026347)
	at oe (/data/data/com.termux/files/home/.local/share/code-server/extensions/ms-python.python-2026.0.0-universal/out/client/extension.js:2:2024307)
	at Immediate.<anonymous> (/data/data/com.termux/files/home/.local/share/code-server/extensions/ms-python.python-2026.0.0-universal/out/client/extension.js:2:2020601)
	at process.processImmediate (node:internal/timers:485:21)
2026-01-30 13:47:20.017 [error] [ms-python.python] provider FAILED
2026-01-30 13:47:20.017 [error] Error: UnboundLocalError: cannot access local variable 'end_index' where it is not associated with a value
	at ae (/data/data/com.termux/files/home/.local/share/code-server/extensions/ms-python.python-2026.0.0-universal/out/client/extension.js:2:2026347)
	at oe (/data/data/com.termux/files/home/.local/share/code-server/extensions/ms-python.python-2026.0.0-universal/out/client/extension.js:2:2024307)
	at Immediate.<anonymous> (/data/data/com.termux/files/home/.local/share/code-server/extensions/ms-python.python-2026.0.0-universal/out/client/extension.js:2:2020601)
	at process.processImmediate (node:internal/timers:485:21)
2026-01-30 13:47:21.050 [error] [ms-python.python] provider FAILED
2026-01-30 13:47:21.050 [error] Error: UnboundLocalError: cannot access local variable 'end_index' where it is not associated with a value
	at ae (/data/data/com.termux/files/home/.local/share/code-server/extensions/ms-python.python-2026.0.0-universal/out/client/extension.js:2:2026347)
	at oe (/data/data/com.termux/files/home/.local/share/code-server/extensions/ms-python.python-2026.0.0-universal/out/client/extension.js:2:2024307)
	at Immediate.<anonymous> (/data/data/com.termux/files/home/.local/share/code-server/extensions/ms-python.python-2026.0.0-universal/out/client/extension.js:2:2020601)
	at process.processImmediate (node:internal/timers:485:21)
2026-01-30 13:47:22.116 [error] [ms-python.python] provider FAILED
2026-01-30 13:47:22.116 [error] Error: UnboundLocalError: cannot access local variable 'end_index' where it is not associated with a value
	at ae (/data/data/com.termux/files/home/.local/share/code-server/extensions/ms-python.python-2026.0.0-universal/out/client/extension.js:2:2026347)
	at oe (/data/data/com.termux/files/home/.local/share/code-server/extensions/ms-python.python-2026.0.0-universal/out/client/extension.js:2:2024307)
	at Immediate.<anonymous> (/data/data/com.termux/files/home/.local/share/code-server/extensions/ms-python.python-2026.0.0-universal/out/client/extension.js:2:2020601)
	at process.processImmediate (node:internal/timers:485:21)
2026-01-30 13:48:49.475 [error] [ms-python.python] provider FAILED
2026-01-30 13:48:49.475 [error] Error: UnboundLocalError: cannot access local variable 'end_index' where it is not associated with a value
	at ae (/data/data/com.termux/files/home/.local/share/code-server/extensions/ms-python.python-2026.0.0-universal/out/client/extension.js:2:2026347)
	at oe (/data/data/com.termux/files/home/.local/share/code-server/extensions/ms-python.python-2026.0.0-universal/out/client/extension.js:2:2024307)
	at Immediate.<anonymous> (/data/data/com.termux/files/home/.local/share/code-server/extensions/ms-python.python-2026.0.0-universal/out/client/extension.js:2:2020601)
	at process.processImmediate (node:internal/timers:485:21)
2026-01-30 13:48:50.545 [error] [ms-python.python] provider FAILED
2026-01-30 13:48:50.545 [error] Error: UnboundLocalError: cannot access local variable 'end_index' where it is not associated with a value
	at ae (/data/data/com.termux/files/home/.local/share/code-server/extensions/ms-python.python-2026.0.0-universal/out/client/extension.js:2:2026347)
	at oe (/data/data/com.termux/files/home/.local/share/code-server/extensions/ms-python.python-2026.0.0-universal/out/client/extension.js:2:2024307)
	at Immediate.<anonymous> (/data/data/com.termux/files/home/.local/share/code-server/extensions/ms-python.python-2026.0.0-universal/out/client/extension.js:2:2020601)
	at process.processImmediate (node:internal/timers:485:21)
2026-01-30 13:48:51.596 [error] [ms-python.python] provider FAILED
2026-01-30 13:48:51.596 [error] Error: UnboundLocalError: cannot access local variable 'end_index' where it is not associated with a value
	at ae (/data/data/com.termux/files/home/.local/share/code-server/extensions/ms-python.python-2026.0.0-universal/out/client/extension.js:2:2026347)
	at oe (/data/data/com.termux/files/home/.local/share/code-server/extensions/ms-python.python-2026.0.0-universal/out/client/extension.js:2:2024307)
	at Immediate.<anonymous> (/data/data/com.termux/files/home/.local/share/code-server/extensions/ms-python.python-2026.0.0-universal/out/client/extension.js:2:2020601)
	at process.processImmediate (node:internal/timers:485:21)
2026-01-30 13:48:52.632 [error] [ms-python.python] provider FAILED
2026-01-30 13:48:52.633 [error] Error: UnboundLocalError: cannot access local variable 'end_index' where it is not associated with a value
	at ae (/data/data/com.termux/files/home/.local/share/code-server/extensions/ms-python.python-2026.0.0-universal/out/client/extension.js:2:2026347)
	at oe (/data/data/com.termux/files/home/.local/share/code-server/extensions/ms-python.python-2026.0.0-universal/out/client/extension.js:2:2024307)
	at Immediate.<anonymous> (/data/data/com.termux/files/home/.local/share/code-server/extensions/ms-python.python-2026.0.0-universal/out/client/extension.js:2:2020601)
	at process.processImmediate (node:internal/timers:485:21)
2026-01-30 13:50:12.737 [warning] [Decorations] CAPPING events from decorations provider vscode.git 251
2026-01-30 13:50:18.071 [warning] [Decorations] CAPPING events from decorations provider vscode.git 251
2026-01-30 13:50:23.243 [warning] [Decorations] CAPPING events from decorations provider vscode.git 251
2026-01-30 13:50:28.410 [warning] [Decorations] CAPPING events from decorations provider vscode.git 251
2026-01-30 13:50:33.567 [warning] [Decorations] CAPPING events from decorations provider vscode.git 252
2026-01-30 13:50:39.965 [warning] [Decorations] CAPPING events from decorations provider vscode.git 252
2026-01-30 13:50:45.119 [warning] [Decorations] CAPPING events from decorations provider vscode.git 252
2026-01-30 13:50:51.869 [warning] [Decorations] CAPPING events from decorations provider vscode.git 252
2026-01-30 13:50:57.117 [warning] [Decorations] CAPPING events from decorations provider vscode.git 252
2026-01-30 13:51:02.262 [warning] [Decorations] CAPPING events from decorations provider vscode.git 252
2026-01-30 13:51:07.410 [warning] [Decorations] CAPPING events from decorations provider vscode.git 252
2026-01-30 13:51:12.667 [warning] [Decorations] CAPPING events from decorations provider vscode.git 252
2026-01-30 13:51:18.923 [warning] [Decorations] CAPPING events from decorations provider vscode.git 252
2026-01-30 13:51:24.266 [warning] [Decorations] CAPPING events from decorations provider vscode.git 252
2026-01-30 13:51:29.517 [warning] [Decorations] CAPPING events from decorations provider vscode.git 252
2026-01-30 13:51:34.696 [warning] [Decorations] CAPPING events from decorations provider vscode.git 252
2026-01-30 13:51:39.836 [warning] [Decorations] CAPPING events from decorations provider vscode.git 252
2026-01-30 13:51:45.531 [warning] [Decorations] CAPPING events from decorations provider vscode.git 252
2026-01-30 13:51:51.231 [warning] [Decorations] CAPPING events from decorations provider vscode.git 252
2026-01-30 13:51:56.911 [warning] [Decorations] CAPPING events from decorations provider vscode.git 252
2026-01-30 13:52:03.997 [warning] [Decorations] CAPPING events from decorations provider vscode.git 252
2026-01-30 13:52:09.544 [warning] [Decorations] CAPPING events from decorations provider vscode.git 252
2026-01-30 13:52:15.894 [warning] [Decorations] CAPPING events from decorations provider vscode.git 252
2026-01-30 14:09:06.559 [warning] [Decorations] CAPPING events from decorations provider vscode.git 252
2026-01-30 14:09:11.689 [warning] [Decorations] CAPPING events from decorations provider vscode.git 252
2026-01-30 14:09:18.418 [warning] [Decorations] CAPPING events from decorations provider vscode.git 252
2026-01-30 14:09:23.546 [warning] [Decorations] CAPPING events from decorations provider vscode.git 253
2026-01-30 14:09:28.669 [warning] [Decorations] CAPPING events from decorations provider vscode.git 253
2026-01-30 14:09:38.438 [warning] [Decorations] CAPPING events from decorations provider vscode.git 253
2026-01-30 14:09:43.560 [warning] [Decorations] CAPPING events from decorations provider vscode.git 253
2026-01-30 14:10:00.435 [warning] [Decorations] CAPPING events from decorations provider vscode.git 253
2026-01-30 14:10:05.576 [warning] [Decorations] CAPPING events from decorations provider vscode.git 254
2026-01-30 14:10:17.869 [warning] [Decorations] CAPPING events from decorations provider vscode.git 254
2026-01-30 14:10:23.063 [warning] [Decorations] CAPPING events from decorations provider vscode.git 254
2026-01-30 14:10:28.549 [warning] [Decorations] CAPPING events from decorations provider vscode.git 255
2026-01-30 14:10:42.565 [warning] [Decorations] CAPPING events from decorations provider vscode.git 255
2026-01-30 14:10:58.420 [warning] [Decorations] CAPPING events from decorations provider vscode.git 255
2026-01-30 14:11:03.555 [warning] [Decorations] CAPPING events from decorations provider vscode.git 256
2026-01-30 14:11:24.117 [warning] [Decorations] CAPPING events from decorations provider vscode.git 263
2026-01-30 14:11:30.633 [warning] [Decorations] CAPPING events from decorations provider vscode.git 263
2026-01-30 14:11:35.755 [warning] [Decorations] CAPPING events from decorations provider vscode.git 263
2026-01-30 14:11:40.873 [warning] [Decorations] CAPPING events from decorations provider vscode.git 263
2026-01-30 14:11:59.540 [warning] [Decorations] CAPPING events from decorations provider vscode.git 263
2026-01-30 14:12:04.677 [warning] [Decorations] CAPPING events from decorations provider vscode.git 264
2026-01-30 14:12:35.276 [warning] [Decorations] CAPPING events from decorations provider vscode.git 264
2026-01-30 14:12:40.421 [warning] [Decorations] CAPPING events from decorations provider vscode.git 265
2026-01-30 14:12:45.854 [warning] [Decorations] CAPPING events from decorations provider vscode.git 265
2026-01-30 14:12:53.189 [warning] [Decorations] CAPPING events from decorations provider vscode.git 265
2026-01-30 14:12:58.294 [warning] [Decorations] CAPPING events from decorations provider vscode.git 266
2026-01-30 14:13:06.862 [warning] [Decorations] CAPPING events from decorations provider vscode.git 266
2026-01-30 14:13:11.998 [warning] [Decorations] CAPPING events from decorations provider vscode.git 266
2026-01-30 14:13:26.093 [warning] [Decorations] CAPPING events from decorations provider vscode.git 266
2026-01-30 14:13:41.228 [warning] [Decorations] CAPPING events from decorations provider vscode.git 266
2026-01-30 14:13:46.356 [warning] [Decorations] CAPPING events from decorations provider vscode.git 267
2026-01-30 14:13:51.480 [warning] [Decorations] CAPPING events from decorations provider vscode.git 267
2026-01-30 14:13:57.963 [warning] [Decorations] CAPPING events from decorations provider vscode.git 267
2026-01-30 14:14:09.164 [warning] [Decorations] CAPPING events from decorations provider vscode.git 267
2026-01-30 14:14:14.276 [warning] [Decorations] CAPPING events from decorations provider vscode.git 268
2026-01-30 14:14:19.416 [warning] [Decorations] CAPPING events from decorations provider vscode.git 268
2026-01-30 14:14:24.551 [warning] [Decorations] CAPPING events from decorations provider vscode.git 268
2026-01-30 14:14:29.681 [warning] [Decorations] CAPPING events from decorations provider vscode.git 268
2026-01-30 14:14:46.813 [warning] [Decorations] CAPPING events from decorations provider vscode.git 268
2026-01-30 14:14:54.194 [warning] [Decorations] CAPPING events from decorations provider vscode.git 269
2026-01-30 14:14:59.355 [warning] [Decorations] CAPPING events from decorations provider vscode.git 269
2026-01-30 14:15:04.511 [warning] [Decorations] CAPPING events from decorations provider vscode.git 269
2026-01-30 14:15:19.115 [warning] [Decorations] CAPPING events from decorations provider vscode.git 269
2026-01-30 14:15:24.257 [warning] [Decorations] CAPPING events from decorations provider vscode.git 270
2026-01-30 14:15:29.385 [warning] [Decorations] CAPPING events from decorations provider vscode.git 270
2026-01-30 14:15:50.284 [warning] [Decorations] CAPPING events from decorations provider vscode.git 270
2026-01-30 14:15:55.430 [warning] [Decorations] CAPPING events from decorations provider vscode.git 271
2026-01-30 14:16:00.568 [warning] [Decorations] CAPPING events from decorations provider vscode.git 271
2026-01-30 14:16:24.584 [warning] [Decorations] CAPPING events from decorations provider vscode.git 271
2026-01-30 14:16:29.728 [warning] [Decorations] CAPPING events from decorations provider vscode.git 272
2026-01-30 14:16:46.144 [warning] [Decorations] CAPPING events from decorations provider vscode.git 271
2026-01-30 14:17:18.505 [warning] [Decorations] CAPPING events from decorations provider vscode.git 271
2026-01-30 14:17:23.644 [warning] [Decorations] CAPPING events from decorations provider vscode.git 272
2026-01-30 14:17:33.262 [warning] [Decorations] CAPPING events from decorations provider vscode.git 271
2026-01-30 14:17:38.387 [warning] [Decorations] CAPPING events from decorations provider vscode.git 272
2026-01-30 14:17:50.539 [warning] [Decorations] CAPPING events from decorations provider vscode.git 271
2026-01-30 14:17:55.693 [warning] [Decorations] CAPPING events from decorations provider vscode.git 272
2026-01-30 14:18:00.861 [warning] [Decorations] CAPPING events from decorations provider vscode.git 271
2026-01-30 14:18:08.252 [warning] [Decorations] CAPPING events from decorations provider vscode.git 271
2026-01-30 14:18:20.277 [warning] [Decorations] CAPPING events from decorations provider vscode.git 271
2026-01-30 14:18:29.303 [warning] [Decorations] CAPPING events from decorations provider vscode.git 271
2026-01-30 14:18:34.422 [warning] [Decorations] CAPPING events from decorations provider vscode.git 272
2026-01-30 14:18:39.558 [warning] [Decorations] CAPPING events from decorations provider vscode.git 271
2026-01-30 14:18:58.078 [warning] [Decorations] CAPPING events from decorations provider vscode.git 271
2026-01-30 14:19:03.236 [warning] [Decorations] CAPPING events from decorations provider vscode.git 276
2026-01-30 14:19:16.531 [warning] [Decorations] CAPPING events from decorations provider vscode.git 275
2026-01-30 14:19:21.655 [warning] [Decorations] CAPPING events from decorations provider vscode.git 276
2026-01-30 14:19:52.479 [warning] [Decorations] CAPPING events from decorations provider vscode.git 275
2026-01-30 14:19:57.613 [warning] [Decorations] CAPPING events from decorations provider vscode.git 276
2026-01-30 14:20:02.733 [warning] [Decorations] CAPPING events from decorations provider vscode.git 275
2026-01-30 14:20:07.850 [warning] [Decorations] CAPPING events from decorations provider vscode.git 275
2026-01-30 14:20:12.985 [warning] [Decorations] CAPPING events from decorations provider vscode.git 275
2026-01-30 14:20:28.436 [warning] [Decorations] CAPPING events from decorations provider vscode.git 275
2026-01-30 14:20:37.295 [warning] [Decorations] CAPPING events from decorations provider vscode.git 280
2026-01-30 14:20:42.440 [warning] [Decorations] CAPPING events from decorations provider vscode.git 279
2026-01-30 14:20:47.608 [warning] [Decorations] CAPPING events from decorations provider vscode.git 280
2026-01-30 14:21:00.291 [warning] [Decorations] CAPPING events from decorations provider vscode.git 279
2026-01-30 14:21:05.408 [warning] [Decorations] CAPPING events from decorations provider vscode.git 279
2026-01-30 14:21:17.929 [warning] [Decorations] CAPPING events from decorations provider vscode.git 279
2026-01-30 14:21:23.091 [warning] [Decorations] CAPPING events from decorations provider vscode.git 280
2026-01-30 14:21:30.422 [warning] [Decorations] CAPPING events from decorations provider vscode.git 279
2026-01-30 14:21:44.241 [warning] [Decorations] CAPPING events from decorations provider vscode.git 279
2026-01-30 14:21:49.374 [warning] [Decorations] CAPPING events from decorations provider vscode.git 280
2026-01-30 14:22:00.369 [warning] [Decorations] CAPPING events from decorations provider vscode.git 279
2026-01-30 14:22:05.530 [warning] [Decorations] CAPPING events from decorations provider vscode.git 280
2026-01-30 14:22:13.743 [warning] [Decorations] CAPPING events from decorations provider vscode.git 279
2026-01-30 14:22:19.810 [warning] [Decorations] CAPPING events from decorations provider vscode.git 279
2026-01-30 14:22:24.940 [warning] [Decorations] CAPPING events from decorations provider vscode.git 279
2026-01-30 14:24:30.974 [warning] [Decorations] CAPPING events from decorations provider vscode.git 279
2026-01-30 14:24:36.130 [warning] [Decorations] CAPPING events from decorations provider vscode.git 279
2026-01-30 14:24:41.275 [warning] [Decorations] CAPPING events from decorations provider vscode.git 279
2026-01-30 14:24:46.944 [warning] [Decorations] CAPPING events from decorations provider vscode.git 279
2026-01-30 14:24:58.693 [warning] [Decorations] CAPPING events from decorations provider vscode.git 279
2026-01-30 14:25:04.346 [warning] [Decorations] CAPPING events from decorations provider vscode.git 280
2026-01-30 14:25:11.007 [warning] [Decorations] CAPPING events from decorations provider vscode.git 279
2026-01-30 14:25:16.138 [warning] [Decorations] CAPPING events from decorations provider vscode.git 280
2026-01-30 14:25:24.414 [warning] [Decorations] CAPPING events from decorations provider vscode.git 279
2026-01-30 14:25:29.556 [warning] [Decorations] CAPPING events from decorations provider vscode.git 279
2026-01-30 14:25:34.665 [warning] [Decorations] CAPPING events from decorations provider vscode.git 280
2026-01-30 14:25:58.008 [warning] [Decorations] CAPPING events from decorations provider vscode.git 279
2026-01-30 14:26:03.123 [warning] [Decorations] CAPPING events from decorations provider vscode.git 279
2026-01-30 14:26:08.258 [warning] [Decorations] CAPPING events from decorations provider vscode.git 280
2026-01-30 14:26:28.653 [warning] [Decorations] CAPPING events from decorations provider vscode.git 279
2026-01-30 14:26:33.785 [warning] [Decorations] CAPPING events from decorations provider vscode.git 280
2026-01-30 14:26:39.584 [warning] [Decorations] CAPPING events from decorations provider vscode.git 279
2026-01-30 14:26:44.700 [warning] [Decorations] CAPPING events from decorations provider vscode.git 279
2026-01-30 14:26:49.843 [warning] [Decorations] CAPPING events from decorations provider vscode.git 279
2026-01-30 14:26:56.338 [warning] [Decorations] CAPPING events from decorations provider vscode.git 279
2026-01-30 14:27:01.454 [warning] [Decorations] CAPPING events from decorations provider vscode.git 279
2026-01-30 14:27:06.576 [warning] [Decorations] CAPPING events from decorations provider vscode.git 280
2026-01-30 14:27:11.742 [warning] [Decorations] CAPPING events from decorations provider vscode.git 279
2026-01-30 14:27:16.877 [warning] [Decorations] CAPPING events from decorations provider vscode.git 279
2026-01-30 14:28:42.321 [warning] [Decorations] CAPPING events from decorations provider vscode.git 279
2026-01-30 14:28:47.439 [warning] [Decorations] CAPPING events from decorations provider vscode.git 279
2026-01-30 14:28:52.619 [warning] [Decorations] CAPPING events from decorations provider vscode.git 279
2026-01-30 14:28:58.137 [warning] [Decorations] CAPPING events from decorations provider vscode.git 279
2026-01-30 14:29:07.141 [warning] [Decorations] CAPPING events from decorations provider vscode.git 280
2026-01-30 14:29:42.385 [warning] [Decorations] CAPPING events from decorations provider vscode.git 279
2026-01-30 14:29:47.515 [warning] [Decorations] CAPPING events from decorations provider vscode.git 280
2026-01-30 14:30:39.145 [warning] [Decorations] CAPPING events from decorations provider vscode.git 279
2026-01-30 14:30:44.292 [warning] [Decorations] CAPPING events from decorations provider vscode.git 286
2026-01-30 14:30:49.432 [warning] [Decorations] CAPPING events from decorations provider vscode.git 285
2026-01-30 14:30:54.633 [warning] [Decorations] CAPPING events from decorations provider vscode.git 285
2026-01-30 14:32:47.891 [warning] [Decorations] CAPPING events from decorations provider vscode.git 285
2026-01-30 14:32:53.026 [warning] [Decorations] CAPPING events from decorations provider vscode.git 285
2026-01-30 14:32:58.197 [warning] [Decorations] CAPPING events from decorations provider vscode.git 285
2026-01-30 14:33:03.333 [warning] [Decorations] CAPPING events from decorations provider vscode.git 285
2026-01-30 14:33:08.450 [warning] [Decorations] CAPPING events from decorations provider vscode.git 285
2026-01-30 14:33:13.589 [warning] [Decorations] CAPPING events from decorations provider vscode.git 285
2026-01-30 14:33:18.715 [warning] [Decorations] CAPPING events from decorations provider vscode.git 285
2026-01-30 14:33:23.839 [warning] [Decorations] CAPPING events from decorations provider vscode.git 285
2026-01-30 14:33:28.985 [warning] [Decorations] CAPPING events from decorations provider vscode.git 285
2026-01-30 14:33:34.222 [warning] [Decorations] CAPPING events from decorations provider vscode.git 285
2026-01-30 14:33:39.376 [warning] [Decorations] CAPPING events from decorations provider vscode.git 285
2026-01-30 14:33:54.966 [warning] [Decorations] CAPPING events from decorations provider vscode.git 285
2026-01-30 14:34:00.087 [warning] [Decorations] CAPPING events from decorations provider vscode.git 285
2026-01-30 14:34:05.217 [warning] [Decorations] CAPPING events from decorations provider vscode.git 285
2026-01-30 14:34:10.362 [warning] [Decorations] CAPPING events from decorations provider vscode.git 285
2026-01-30 14:38:22.077 [warning] [Decorations] CAPPING events from decorations provider vscode.git 285
2026-01-30 14:38:27.209 [warning] [Decorations] CAPPING events from decorations provider vscode.git 285
2026-01-30 14:38:32.348 [warning] [Decorations] CAPPING events from decorations provider vscode.git 285
2026-01-30 14:38:37.482 [warning] [Decorations] CAPPING events from decorations provider vscode.git 285
2026-01-30 14:38:42.601 [warning] [Decorations] CAPPING events from decorations provider vscode.git 285
2026-01-30 14:38:47.753 [warning] [Decorations] CAPPING events from decorations provider vscode.git 285
2026-01-30 14:38:52.892 [warning] [Decorations] CAPPING events from decorations provider vscode.git 285
2026-01-30 14:38:57.521 [warning] [Decorations] CAPPING events from decorations provider vscode.git 285
2026-01-30 14:38:58.024 [warning] [Decorations] CAPPING events from decorations provider vscode.git 285
2026-01-30 14:39:03.167 [warning] [Decorations] CAPPING events from decorations provider vscode.git 285
2026-01-30 14:39:08.320 [warning] [Decorations] CAPPING events from decorations provider vscode.git 285
2026-01-30 14:39:13.442 [warning] [Decorations] CAPPING events from decorations provider vscode.git 285
2026-01-30 14:39:18.583 [warning] [Decorations] CAPPING events from decorations provider vscode.git 285
2026-01-30 14:39:20.016 [warning] [Decorations] CAPPING events from decorations provider vscode.git 285
2026-01-30 14:39:23.724 [warning] [Decorations] CAPPING events from decorations provider vscode.git 285
2026-01-30 14:39:28.850 [warning] [Decorations] CAPPING events from decorations provider vscode.git 285
2026-01-30 14:39:33.983 [warning] [Decorations] CAPPING events from decorations provider vscode.git 285
2026-01-30 14:39:39.097 [warning] [Decorations] CAPPING events from decorations provider vscode.git 285
2026-01-30 14:39:44.264 [warning] [Decorations] CAPPING events from decorations provider vscode.git 285
2026-01-30 14:39:49.382 [warning] [Decorations] CAPPING events from decorations provider vscode.git 285
2026-01-30 14:39:54.530 [warning] [Decorations] CAPPING events from decorations provider vscode.git 285
2026-01-30 14:39:59.642 [warning] [Decorations] CAPPING events from decorations provider vscode.git 285
2026-01-30 14:40:04.772 [warning] [Decorations] CAPPING events from decorations provider vscode.git 285
2026-01-30 14:40:09.907 [warning] [Decorations] CAPPING events from decorations provider vscode.git 285
2026-01-30 14:40:15.032 [warning] [Decorations] CAPPING events from decorations provider vscode.git 285
2026-01-30 14:40:20.167 [warning] [Decorations] CAPPING events from decorations provider vscode.git 287
2026-01-30 14:40:25.290 [warning] [Decorations] CAPPING events from decorations provider vscode.git 287
2026-01-30 14:40:30.431 [warning] [Decorations] CAPPING events from decorations provider vscode.git 287
2026-01-30 14:40:35.570 [warning] [Decorations] CAPPING events from decorations provider vscode.git 287
2026-01-30 14:40:40.688 [warning] [Decorations] CAPPING events from decorations provider vscode.git 287
2026-01-30 14:40:45.801 [warning] [Decorations] CAPPING events from decorations provider vscode.git 287
2026-01-30 14:40:50.937 [warning] [Decorations] CAPPING events from decorations provider vscode.git 287
2026-01-30 14:40:56.058 [warning] [Decorations] CAPPING events from decorations provider vscode.git 287
2026-01-30 14:41:01.185 [warning] [Decorations] CAPPING events from decorations provider vscode.git 287
2026-01-30 14:41:20.437 [warning] [Decorations] CAPPING events from decorations provider vscode.git 287
2026-01-30 14:41:25.586 [warning] [Decorations] CAPPING events from decorations provider vscode.git 287
2026-01-30 14:41:30.728 [warning] [Decorations] CAPPING events from decorations provider vscode.git 287
2026-01-30 14:41:35.873 [warning] [Decorations] CAPPING events from decorations provider vscode.git 287
2026-01-30 14:41:41.000 [warning] [Decorations] CAPPING events from decorations provider vscode.git 287
2026-01-30 14:41:46.187 [warning] [Decorations] CAPPING events from decorations provider vscode.git 287
2026-01-30 14:41:51.333 [warning] [Decorations] CAPPING events from decorations provider vscode.git 287
2026-01-30 14:41:57.045 [warning] [Decorations] CAPPING events from decorations provider vscode.git 287
2026-01-30 14:42:02.198 [warning] [Decorations] CAPPING events from decorations provider vscode.git 287
2026-01-30 14:42:07.324 [warning] [Decorations] CAPPING events from decorations provider vscode.git 287
2026-01-30 14:42:14.062 [warning] [Decorations] CAPPING events from decorations provider vscode.git 287
2026-01-30 14:42:20.432 [warning] [Decorations] CAPPING events from decorations provider vscode.git 287
2026-01-30 14:49:22.116 [info] Extension host terminating: renderer disconnected for too long (2)
2026-01-30 14:49:22.154 [info] Lock '/data/data/com.termux/files/home/.local/share/code-server/User/workspaceStorage/6b2b686c/vscode.lock': Marking the lockfile as scheduled to be released in 6000 ms.
2026-01-30 14:49:22.488 [error] Error: Channel has been closed
	at n (file:///data/data/com.termux/files/usr/lib/code-server/lib/vscode/out/vs/workbench/api/node/extensionHostProcess.js:123:2954)
	at Object.info (file:///data/data/com.termux/files/usr/lib/code-server/lib/vscode/out/vs/workbench/api/node/extensionHostProcess.js:123:3299)
	at T.info (/data/data/com.termux/files/usr/lib/code-server/lib/vscode/extensions/json-language-features/client/dist/node/jsonClientMain.js:2:45267)
	at ChildProcess.<anonymous> (/data/data/com.termux/files/usr/lib/code-server/lib/vscode/extensions/json-language-features/client/dist/node/jsonClientMain.js:2:600579)
	at ChildProcess.emit (node:events:519:28)
	at ChildProcess._handle.onexit (node:internal/child_process:293:12)
2026-01-30 14:49:22.501 [info] Extension host with pid 30348 exiting with code 0
