2026-01-31 04:28:23.355 [info] Experiment 'pythonSurveyNotificationcf' is active
2026-01-31 04:28:23.382 [warning] Dir "/data/data/com.termux/files/home/.pixi/envs" is not watchable (directory does not exist)
2026-01-31 04:28:23.651 [info] Starting Environment refresh
2026-01-31 04:28:23.651 [info] Searching for interpreters in posix paths locator
2026-01-31 04:28:23.672 [info] Searching for pyenv environments
2026-01-31 04:28:23.672 [info] Searching for conda environments
2026-01-31 04:28:23.673 [info] Searching for global virtual environments
2026-01-31 04:28:23.673 [info] Searching for custom virtual environments
2026-01-31 04:28:23.687 [info] Skipping ActivatedEnv Detection:  process.env.VSCODE_CLI !== '1'
2026-01-31 04:28:23.687 [info] Skipping ActivatedEnv Detection:  process.env.VSCODE_CLI !== '1'
2026-01-31 04:28:23.693 [info] pyenv is not installed
2026-01-31 04:28:23.693 [info] Finished searching for pyenv environments: 39 milliseconds
2026-01-31 04:28:23.694 [info] Finished searching for custom virtual envs: 37 milliseconds
2026-01-31 04:28:23.719 [info] > conda info --json
2026-01-31 04:28:23.738 [info] > hatch env show --json
2026-01-31 04:28:23.738 [info] cwd: .
2026-01-31 04:28:23.741 [warning] Looking for python binaries within /bin failed with [Error: EACCES: permission denied, scandir '/bin'
	at async Object.readdir (node:internal/fs/promises:957:18)
	at async f (/data/data/com.termux/files/home/.local/share/code-server/extensions/ms-python.python-2026.0.0-universal/out/client/extension.js:2:742309)
	at async t.getPythonBinFromPosixPaths (/data/data/com.termux/files/home/.local/share/code-server/extensions/ms-python.python-2026.0.0-universal/out/client/extension.js:2:743133)
	at async /data/data/com.termux/files/home/.local/share/code-server/extensions/ms-python.python-2026.0.0-universal/out/client/extension.js:2:683892
	at async i (/data/data/com.termux/files/home/.local/share/code-server/extensions/ms-python.python-2026.0.0-universal/out/client/extension.js:2:338188)] {
  errno: -13,
  code: 'EACCES',
  syscall: 'scandir',
  path: '/bin'
}
2026-01-31 04:28:23.761 [info] > pyenv which python
2026-01-31 04:28:23.761 [info] cwd: .
2026-01-31 04:28:23.762 [info] Finished searching for global virtual envs: 105 milliseconds
2026-01-31 04:28:23.803 [info] Found: /data/data/com.termux/files/usr/bin/python --> /data/data/com.termux/files/usr/bin/python3.12
2026-01-31 04:28:23.809 [info] Found: /data/data/com.termux/files/usr/bin/python3 --> /data/data/com.termux/files/usr/bin/python3.12
2026-01-31 04:28:23.814 [info] Found: /data/data/com.termux/files/usr/bin/python3.12 --> /data/data/com.termux/files/usr/bin/python3.12
2026-01-31 04:28:23.870 [info] > ./.venv/bin/python -I ./.local/share/code-server/extensions/ms-python.python-2026.0.0-universal/python_files/get_output_via_markers.py ./.local/share/code-server/extensions/ms-python.python-2026.0.0-universal/python_files/interpreterInfo.py
2026-01-31 04:28:23.877 [info] Finished searching for interpreters in posix paths locator: 230 milliseconds
2026-01-31 04:28:23.985 [info] > /data/data/com.termux/files/usr/bin/python -I ./.local/share/code-server/extensions/ms-python.python-2026.0.0-universal/python_files/get_output_via_markers.py ./.local/share/code-server/extensions/ms-python.python-2026.0.0-universal/python_files/interpreterInfo.py
2026-01-31 04:28:23.986 [info] Environments refresh paths discovered (event): 341 milliseconds
2026-01-31 04:28:23.986 [info] Environments refresh paths discovered: 342 milliseconds
2026-01-31 04:28:24.177 [info] Environments refresh finished (event): 533 milliseconds
2026-01-31 04:28:24.211 [info] Environment refresh took 566 milliseconds
2026-01-31 04:28:24.227 [info] Python interpreter path: ./.venv/bin/python
2026-01-31 04:28:26.418 [info] Starting Jedi language server for home.
