2026-01-31 04:44:38.040 [info] [main] Log level: Info
2026-01-31 04:44:38.040 [info] [main] Validating found git in: "git"
2026-01-31 04:44:38.040 [info] [main] Using git "2.52.0" from "git"
2026-01-31 04:44:38.040 [info] [Model][doInitialScan] Initial repository scan started
2026-01-31 04:44:38.040 [info] > git rev-parse --show-toplevel [140ms]
2026-01-31 04:44:38.040 [info] > git rev-parse --git-dir --git-common-dir --show-superproject-working-tree [70ms]
2026-01-31 04:44:38.040 [info] [Model][openRepository] Opened repository (path): /data/data/com.termux/files/home
2026-01-31 04:44:38.040 [info] [Model][openRepository] Opened repository (real path): /data/data/com.termux/files/home
2026-01-31 04:44:38.041 [info] [Model][openRepository] Opened repository (kind): repository
2026-01-31 04:44:38.041 [info] > git rev-parse --show-toplevel [58ms]
2026-01-31 04:44:38.041 [info] > git config --get commit.template [91ms]
2026-01-31 04:44:38.041 [info] > git rev-parse --show-toplevel [197ms]
2026-01-31 04:44:38.041 [info] > git for-each-ref --format=%(refname)%00%(upstream:short)%00%(objectname)%00%(upstream:track)%00%(upstream:remotename)%00%(upstream:remoteref) refs/heads/main refs/remotes/main [206ms]
2026-01-31 04:44:38.041 [info] > git rev-parse --show-toplevel [126ms]
2026-01-31 04:44:38.041 [info] > git rev-parse --show-toplevel [5ms]
2026-01-31 04:44:38.041 [info] > git for-each-ref --sort -committerdate --format %(refname)%00%(objectname)%00%(*objectname) [60ms]
2026-01-31 04:44:38.041 [info] > git rev-parse --show-toplevel [106ms]
2026-01-31 04:44:38.041 [info] > git status -z -uall [250ms]
2026-01-31 04:44:38.041 [info] > git for-each-ref --format=%(refname)%00%(upstream:short)%00%(objectname)%00%(upstream:track)%00%(upstream:remotename)%00%(upstream:remoteref) refs/heads/main refs/remotes/main [907ms]
2026-01-31 04:44:38.041 [info] > git config --get commit.template [34ms]
2026-01-31 04:44:38.041 [info] > git rev-parse --show-toplevel [66ms]
2026-01-31 04:44:38.065 [info] > git config --get --local branch.main.vscode-merge-base [42ms]
2026-01-31 04:44:38.066 [warning] [Git][config] git config failed: Failed to execute git
2026-01-31 04:44:38.122 [info] > git rev-parse --show-toplevel [59ms]
2026-01-31 04:44:38.161 [info] > git reflog main --grep-reflog=branch: Created from *. [72ms]
2026-01-31 04:44:38.186 [info] > git rev-parse --show-toplevel [36ms]
2026-01-31 04:44:38.200 [info] [Model][doInitialScan] Initial repository scan completed - repositories (1), closed repositories (0), parent repositories (0), unsafe repositories (0)
2026-01-31 04:44:38.201 [info] > git for-each-ref --format=%(refname)%00%(upstream:short)%00%(objectname)%00%(upstream:track)%00%(upstream:remotename)%00%(upstream:remoteref) refs/heads/main refs/remotes/main [85ms]
2026-01-31 04:44:38.214 [info] > git symbolic-ref --short refs/remotes/origin/HEAD [30ms]
2026-01-31 04:44:38.214 [info] fatal: ref refs/remotes/origin/HEAD is not a symbolic ref
2026-01-31 04:44:38.214 [warning] [Repository][getDefaultBranch] Failed to get default branch details: Failed to execute git.
2026-01-31 04:44:38.302 [info] > git merge-base refs/heads/main refs/remotes/origin/main [62ms]
2026-01-31 04:44:38.322 [info] > git for-each-ref --sort -committerdate --format %(refname)%00%(objectname)%00%(*objectname) [22ms]
2026-01-31 04:44:38.330 [info] > git status -z -uall [49ms]
2026-01-31 04:44:38.391 [info] > git diff --raw --numstat --diff-filter=ADMR -z --find-renames=50% 0032fdd865b150504279f68abdd97d3422865b82...refs/remotes/origin/main -- [71ms]
2026-01-31 04:44:38.396 [info] > git merge-base refs/heads/main refs/remotes/origin/main [15ms]
2026-01-31 04:44:38.428 [info] > git diff --raw --numstat --diff-filter=ADMR -z --find-renames=50% 0032fdd865b150504279f68abdd97d3422865b82...refs/remotes/origin/main -- [14ms]
2026-01-31 04:44:39.023 [info] > git check-ignore -v -z --stdin [19ms]
2026-01-31 04:44:45.148 [info] > git config --get commit.template [24ms]
2026-01-31 04:44:45.162 [info] > git for-each-ref --format=%(refname)%00%(upstream:short)%00%(objectname)%00%(upstream:track)%00%(upstream:remotename)%00%(upstream:remoteref) refs/heads/main refs/remotes/main [18ms]
2026-01-31 04:44:45.216 [info] > git for-each-ref --sort -committerdate --format %(refname)%00%(objectname)%00%(*objectname) [13ms]
2026-01-31 04:44:45.240 [info] > git status -z -uall [55ms]
2026-01-31 04:44:50.370 [info] > git config --get commit.template [22ms]
2026-01-31 04:44:50.378 [info] > git for-each-ref --format=%(refname)%00%(upstream:short)%00%(objectname)%00%(upstream:track)%00%(upstream:remotename)%00%(upstream:remoteref) refs/heads/main refs/remotes/main [11ms]
2026-01-31 04:44:50.428 [info] > git for-each-ref --sort -committerdate --format %(refname)%00%(objectname)%00%(*objectname) [11ms]
2026-01-31 04:44:50.467 [info] > git status -z -uall [67ms]
2026-01-31 04:44:56.319 [info] > git config --get commit.template [19ms]
2026-01-31 04:44:56.329 [info] > git for-each-ref --format=%(refname)%00%(upstream:short)%00%(objectname)%00%(upstream:track)%00%(upstream:remotename)%00%(upstream:remoteref) refs/heads/main refs/remotes/main [11ms]
2026-01-31 04:44:56.382 [info] > git for-each-ref --sort -committerdate --format %(refname)%00%(objectname)%00%(*objectname) [11ms]
2026-01-31 04:44:56.429 [info] > git status -z -uall [75ms]
2026-01-31 04:45:01.519 [info] > git config --get commit.template [23ms]
2026-01-31 04:45:01.529 [info] > git for-each-ref --format=%(refname)%00%(upstream:short)%00%(objectname)%00%(upstream:track)%00%(upstream:remotename)%00%(upstream:remoteref) refs/heads/main refs/remotes/main [13ms]
2026-01-31 04:45:01.588 [info] > git for-each-ref --sort -committerdate --format %(refname)%00%(objectname)%00%(*objectname) [12ms]
2026-01-31 04:45:01.613 [info] > git status -z -uall [59ms]
2026-01-31 04:47:21.352 [info] > git config --get commit.template [74ms]
2026-01-31 04:47:21.358 [info] > git for-each-ref --format=%(refname)%00%(upstream:short)%00%(objectname)%00%(upstream:track)%00%(upstream:remotename)%00%(upstream:remoteref) refs/heads/main refs/remotes/main [18ms]
2026-01-31 04:47:21.420 [info] > git for-each-ref --sort -committerdate --format %(refname)%00%(objectname)%00%(*objectname) [25ms]
2026-01-31 04:47:22.270 [info] > git status -z -uall [891ms]
2026-01-31 04:47:27.451 [info] > git config --get commit.template [19ms]
2026-01-31 04:47:27.457 [info] > git for-each-ref --format=%(refname)%00%(upstream:short)%00%(objectname)%00%(upstream:track)%00%(upstream:remotename)%00%(upstream:remoteref) refs/heads/main refs/remotes/main [10ms]
2026-01-31 04:47:27.503 [info] > git for-each-ref --sort -committerdate --format %(refname)%00%(objectname)%00%(*objectname) [11ms]
2026-01-31 04:47:27.530 [info] > git status -z -uall [52ms]
2026-01-31 04:47:32.639 [info] > git config --get commit.template [23ms]
2026-01-31 04:47:32.650 [info] > git for-each-ref --format=%(refname)%00%(upstream:short)%00%(objectname)%00%(upstream:track)%00%(upstream:remotename)%00%(upstream:remoteref) refs/heads/main refs/remotes/main [14ms]
2026-01-31 04:47:32.698 [info] > git for-each-ref --sort -committerdate --format %(refname)%00%(objectname)%00%(*objectname) [11ms]
2026-01-31 04:47:32.721 [info] > git status -z -uall [49ms]
2026-01-31 04:47:37.815 [info] > git config --get commit.template [24ms]
2026-01-31 04:47:37.826 [info] > git for-each-ref --format=%(refname)%00%(upstream:short)%00%(objectname)%00%(upstream:track)%00%(upstream:remotename)%00%(upstream:remoteref) refs/heads/main refs/remotes/main [12ms]
2026-01-31 04:47:37.874 [info] > git for-each-ref --sort -committerdate --format %(refname)%00%(objectname)%00%(*objectname) [7ms]
2026-01-31 04:47:37.951 [info] > git status -z -uall [109ms]
2026-01-31 04:49:26.936 [info] > git config --get commit.template [48ms]
2026-01-31 04:49:26.970 [info] > git for-each-ref --format=%(refname)%00%(upstream:short)%00%(objectname)%00%(upstream:track)%00%(upstream:remotename)%00%(upstream:remoteref) refs/heads/main refs/remotes/main [52ms]
2026-01-31 04:49:27.111 [info] > git for-each-ref --sort -committerdate --format %(refname)%00%(objectname)%00%(*objectname) [41ms]
2026-01-31 04:49:27.493 [info] > git status -z -uall [455ms]
2026-01-31 04:49:32.625 [info] > git config --get commit.template [30ms]
2026-01-31 04:49:32.635 [info] > git for-each-ref --format=%(refname)%00%(upstream:short)%00%(objectname)%00%(upstream:track)%00%(upstream:remotename)%00%(upstream:remoteref) refs/heads/main refs/remotes/main [18ms]
2026-01-31 04:49:32.694 [info] > git for-each-ref --sort -committerdate --format %(refname)%00%(objectname)%00%(*objectname) [13ms]
2026-01-31 04:49:32.725 [info] > git status -z -uall [63ms]
2026-01-31 04:49:37.839 [info] > git config --get commit.template [33ms]
2026-01-31 04:49:37.850 [info] > git for-each-ref --format=%(refname)%00%(upstream:short)%00%(objectname)%00%(upstream:track)%00%(upstream:remotename)%00%(upstream:remoteref) refs/heads/main refs/remotes/main [13ms]
2026-01-31 04:49:37.895 [info] > git for-each-ref --sort -committerdate --format %(refname)%00%(objectname)%00%(*objectname) [12ms]
2026-01-31 04:49:37.973 [info] > git status -z -uall [104ms]
2026-01-31 04:49:39.437 [info] > git check-ignore -v -z --stdin [13ms]
2026-01-31 04:49:39.490 [info] > git show --textconv :my_logic.py [20ms]
2026-01-31 04:49:39.518 [info] > git ls-files --stage -- my_logic.py [30ms]
2026-01-31 04:49:39.546 [info] > git hash-object -t tree /dev/null [33ms]
2026-01-31 04:49:39.547 [warning] [GitFileSystemProvider][readFile] File not found - git:/data/data/com.termux/files/home/my_logic.py.git?%7B%22path%22%3A%22%2Fdata%2Fdata%2Fcom.termux%2Ffiles%2Fhome%2Fmy_logic.py%22%2C%22ref%22%3A%22%22%7D
2026-01-31 04:49:39.553 [info] > git hash-object -t tree /dev/null [11ms]
2026-01-31 04:49:39.553 [warning] [GitFileSystemProvider][stat] File not found - git:/data/data/com.termux/files/home/my_logic.py.git?%7B%22path%22%3A%22%2Fdata%2Fdata%2Fcom.termux%2Ffiles%2Fhome%2Fmy_logic.py%22%2C%22ref%22%3A%22%22%7D
2026-01-31 04:49:39.629 [info] > git check-ignore -v -z --stdin [29ms]
2026-01-31 04:49:39.643 [info] > git blame --root --incremental 0032fdd865b150504279f68abdd97d3422865b82 -- my_logic.py [17ms]
2026-01-31 04:49:39.643 [info] fatal: no such path my_logic.py in 0032fdd865b150504279f68abdd97d3422865b82
2026-01-31 04:49:39.797 [info] > git check-ignore -v -z --stdin [13ms]
2026-01-31 04:49:43.087 [info] > git config --get commit.template [21ms]
2026-01-31 04:49:43.098 [info] > git for-each-ref --format=%(refname)%00%(upstream:short)%00%(objectname)%00%(upstream:track)%00%(upstream:remotename)%00%(upstream:remoteref) refs/heads/main refs/remotes/main [14ms]
2026-01-31 04:49:43.144 [info] > git for-each-ref --sort -committerdate --format %(refname)%00%(objectname)%00%(*objectname) [11ms]
2026-01-31 04:49:43.171 [info] > git status -z -uall [54ms]
2026-01-31 04:49:48.266 [info] > git config --get commit.template [18ms]
2026-01-31 04:49:48.277 [info] > git for-each-ref --format=%(refname)%00%(upstream:short)%00%(objectname)%00%(upstream:track)%00%(upstream:remotename)%00%(upstream:remoteref) refs/heads/main refs/remotes/main [14ms]
2026-01-31 04:49:48.325 [info] > git for-each-ref --sort -committerdate --format %(refname)%00%(objectname)%00%(*objectname) [11ms]
2026-01-31 04:49:48.350 [info] > git status -z -uall [52ms]
2026-01-31 04:49:53.430 [info] > git config --get commit.template [18ms]
2026-01-31 04:49:53.438 [info] > git for-each-ref --format=%(refname)%00%(upstream:short)%00%(objectname)%00%(upstream:track)%00%(upstream:remotename)%00%(upstream:remoteref) refs/heads/main refs/remotes/main [11ms]
2026-01-31 04:49:53.485 [info] > git for-each-ref --sort -committerdate --format %(refname)%00%(objectname)%00%(*objectname) [11ms]
2026-01-31 04:49:53.519 [info] > git status -z -uall [59ms]
2026-01-31 04:49:58.623 [info] > git config --get commit.template [18ms]
2026-01-31 04:49:58.632 [info] > git for-each-ref --format=%(refname)%00%(upstream:short)%00%(objectname)%00%(upstream:track)%00%(upstream:remotename)%00%(upstream:remoteref) refs/heads/main refs/remotes/main [11ms]
2026-01-31 04:49:58.682 [info] > git for-each-ref --sort -committerdate --format %(refname)%00%(objectname)%00%(*objectname) [11ms]
2026-01-31 04:49:58.710 [info] > git status -z -uall [53ms]
2026-01-31 04:50:03.817 [info] > git config --get commit.template [20ms]
2026-01-31 04:50:03.825 [info] > git for-each-ref --format=%(refname)%00%(upstream:short)%00%(objectname)%00%(upstream:track)%00%(upstream:remotename)%00%(upstream:remoteref) refs/heads/main refs/remotes/main [10ms]
2026-01-31 04:50:03.880 [info] > git for-each-ref --sort -committerdate --format %(refname)%00%(objectname)%00%(*objectname) [11ms]
2026-01-31 04:50:03.907 [info] > git status -z -uall [55ms]
2026-01-31 04:51:53.765 [info] > git config --get commit.template [58ms]
2026-01-31 04:51:53.777 [info] > git for-each-ref --format=%(refname)%00%(upstream:short)%00%(objectname)%00%(upstream:track)%00%(upstream:remotename)%00%(upstream:remoteref) refs/heads/main refs/remotes/main [19ms]
2026-01-31 04:51:53.928 [info] > git for-each-ref --sort -committerdate --format %(refname)%00%(objectname)%00%(*objectname) [108ms]
2026-01-31 04:51:54.326 [info] > git status -z -uall [521ms]
2026-01-31 04:51:59.418 [info] > git config --get commit.template [23ms]
2026-01-31 04:51:59.426 [info] > git for-each-ref --format=%(refname)%00%(upstream:short)%00%(objectname)%00%(upstream:track)%00%(upstream:remotename)%00%(upstream:remoteref) refs/heads/main refs/remotes/main [15ms]
2026-01-31 04:51:59.480 [info] > git for-each-ref --sort -committerdate --format %(refname)%00%(objectname)%00%(*objectname) [14ms]
2026-01-31 04:51:59.508 [info] > git status -z -uall [63ms]
2026-01-31 04:52:04.581 [info] > git config --get commit.template [21ms]
2026-01-31 04:52:04.597 [info] > git for-each-ref --format=%(refname)%00%(upstream:short)%00%(objectname)%00%(upstream:track)%00%(upstream:remotename)%00%(upstream:remoteref) refs/heads/main refs/remotes/main [18ms]
2026-01-31 04:52:04.658 [info] > git for-each-ref --sort -committerdate --format %(refname)%00%(objectname)%00%(*objectname) [16ms]
2026-01-31 04:52:04.684 [info] > git status -z -uall [65ms]
2026-01-31 04:52:09.784 [info] > git config --get commit.template [27ms]
2026-01-31 04:52:09.798 [info] > git for-each-ref --format=%(refname)%00%(upstream:short)%00%(objectname)%00%(upstream:track)%00%(upstream:remotename)%00%(upstream:remoteref) refs/heads/main refs/remotes/main [17ms]
2026-01-31 04:52:09.884 [info] > git for-each-ref --sort -committerdate --format %(refname)%00%(objectname)%00%(*objectname) [16ms]
2026-01-31 04:52:09.954 [info] > git status -z -uall [133ms]
2026-01-31 04:52:15.032 [info] > git config --get commit.template [22ms]
2026-01-31 04:52:15.047 [info] > git for-each-ref --format=%(refname)%00%(upstream:short)%00%(objectname)%00%(upstream:track)%00%(upstream:remotename)%00%(upstream:remoteref) refs/heads/main refs/remotes/main [18ms]
2026-01-31 04:52:15.119 [info] > git for-each-ref --sort -committerdate --format %(refname)%00%(objectname)%00%(*objectname) [2ms]
2026-01-31 04:52:15.153 [info] > git status -z -uall [82ms]
2026-01-31 04:52:20.260 [info] > git config --get commit.template [29ms]
2026-01-31 04:52:20.270 [info] > git for-each-ref --format=%(refname)%00%(upstream:short)%00%(objectname)%00%(upstream:track)%00%(upstream:remotename)%00%(upstream:remoteref) refs/heads/main refs/remotes/main [15ms]
2026-01-31 04:52:20.314 [info] > git for-each-ref --sort -committerdate --format %(refname)%00%(objectname)%00%(*objectname) [11ms]
2026-01-31 04:52:20.346 [info] > git status -z -uall [58ms]
2026-01-31 04:52:36.064 [info] > git config --get commit.template [6ms]
2026-01-31 04:52:36.224 [info] > git for-each-ref --format=%(refname)%00%(upstream:short)%00%(objectname)%00%(upstream:track)%00%(upstream:remotename)%00%(upstream:remoteref) refs/heads/main refs/remotes/main [69ms]
2026-01-31 04:52:36.328 [info] > git for-each-ref --sort -committerdate --format %(refname)%00%(objectname)%00%(*objectname) [22ms]
2026-01-31 04:52:36.424 [info] > git status -z -uall [172ms]
2026-01-31 04:52:41.538 [info] > git config --get commit.template [23ms]
2026-01-31 04:52:41.553 [info] > git for-each-ref --format=%(refname)%00%(upstream:short)%00%(objectname)%00%(upstream:track)%00%(upstream:remotename)%00%(upstream:remoteref) refs/heads/main refs/remotes/main [17ms]
2026-01-31 04:52:41.602 [info] > git for-each-ref --sort -committerdate --format %(refname)%00%(objectname)%00%(*objectname) [10ms]
2026-01-31 04:52:41.630 [info] > git status -z -uall [54ms]
2026-01-31 04:52:46.719 [info] > git config --get commit.template [18ms]
2026-01-31 04:52:46.727 [info] > git for-each-ref --format=%(refname)%00%(upstream:short)%00%(objectname)%00%(upstream:track)%00%(upstream:remotename)%00%(upstream:remoteref) refs/heads/main refs/remotes/main [11ms]
2026-01-31 04:52:46.781 [info] > git for-each-ref --sort -committerdate --format %(refname)%00%(objectname)%00%(*objectname) [10ms]
2026-01-31 04:52:46.818 [info] > git status -z -uall [66ms]
2026-01-31 04:55:02.416 [info] > git config --get commit.template [67ms]
2026-01-31 04:55:02.419 [info] > git for-each-ref --format=%(refname)%00%(upstream:short)%00%(objectname)%00%(upstream:track)%00%(upstream:remotename)%00%(upstream:remoteref) refs/heads/main refs/remotes/main [32ms]
2026-01-31 04:55:02.471 [info] > git for-each-ref --sort -committerdate --format %(refname)%00%(objectname)%00%(*objectname) [15ms]
2026-01-31 04:55:02.847 [info] > git status -z -uall [408ms]
2026-01-31 04:55:07.999 [info] > git config --get commit.template [16ms]
2026-01-31 04:55:08.007 [info] > git for-each-ref --format=%(refname)%00%(upstream:short)%00%(objectname)%00%(upstream:track)%00%(upstream:remotename)%00%(upstream:remoteref) refs/heads/main refs/remotes/main [11ms]
2026-01-31 04:55:08.052 [info] > git for-each-ref --sort -committerdate --format %(refname)%00%(objectname)%00%(*objectname) [9ms]
2026-01-31 04:55:08.078 [info] > git status -z -uall [51ms]
2026-01-31 04:55:13.168 [info] > git config --get commit.template [23ms]
2026-01-31 04:55:13.179 [info] > git for-each-ref --format=%(refname)%00%(upstream:short)%00%(objectname)%00%(upstream:track)%00%(upstream:remotename)%00%(upstream:remoteref) refs/heads/main refs/remotes/main [13ms]
2026-01-31 04:55:13.228 [info] > git for-each-ref --sort -committerdate --format %(refname)%00%(objectname)%00%(*objectname) [12ms]
2026-01-31 04:55:13.254 [info] > git status -z -uall [55ms]
2026-01-31 04:55:18.345 [info] > git config --get commit.template [32ms]
2026-01-31 04:55:18.356 [info] > git for-each-ref --format=%(refname)%00%(upstream:short)%00%(objectname)%00%(upstream:track)%00%(upstream:remotename)%00%(upstream:remoteref) refs/heads/main refs/remotes/main [17ms]
2026-01-31 04:55:18.410 [info] > git for-each-ref --sort -committerdate --format %(refname)%00%(objectname)%00%(*objectname) [18ms]
2026-01-31 04:55:18.442 [info] > git status -z -uall [68ms]
2026-01-31 04:55:23.535 [info] > git config --get commit.template [28ms]
2026-01-31 04:55:23.545 [info] > git for-each-ref --format=%(refname)%00%(upstream:short)%00%(objectname)%00%(upstream:track)%00%(upstream:remotename)%00%(upstream:remoteref) refs/heads/main refs/remotes/main [18ms]
2026-01-31 04:55:23.601 [info] > git for-each-ref --sort -committerdate --format %(refname)%00%(objectname)%00%(*objectname) [15ms]
2026-01-31 04:55:23.619 [info] > git status -z -uall [57ms]
2026-01-31 04:55:28.700 [info] > git config --get commit.template [17ms]
2026-01-31 04:55:28.719 [info] > git for-each-ref --format=%(refname)%00%(upstream:short)%00%(objectname)%00%(upstream:track)%00%(upstream:remotename)%00%(upstream:remoteref) refs/heads/main refs/remotes/main [21ms]
2026-01-31 04:55:28.777 [info] > git for-each-ref --sort -committerdate --format %(refname)%00%(objectname)%00%(*objectname) [13ms]
2026-01-31 04:55:28.811 [info] > git status -z -uall [69ms]
2026-01-31 04:55:33.890 [info] > git config --get commit.template [18ms]
2026-01-31 04:55:33.907 [info] > git for-each-ref --format=%(refname)%00%(upstream:short)%00%(objectname)%00%(upstream:track)%00%(upstream:remotename)%00%(upstream:remoteref) refs/heads/main refs/remotes/main [19ms]
2026-01-31 04:55:33.964 [info] > git for-each-ref --sort -committerdate --format %(refname)%00%(objectname)%00%(*objectname) [16ms]
2026-01-31 04:55:34.001 [info] > git status -z -uall [75ms]
2026-01-31 04:55:39.103 [info] > git config --get commit.template [25ms]
2026-01-31 04:55:39.113 [info] > git for-each-ref --format=%(refname)%00%(upstream:short)%00%(objectname)%00%(upstream:track)%00%(upstream:remotename)%00%(upstream:remoteref) refs/heads/main refs/remotes/main [11ms]
2026-01-31 04:55:39.168 [info] > git for-each-ref --sort -committerdate --format %(refname)%00%(objectname)%00%(*objectname) [11ms]
2026-01-31 04:55:39.200 [info] > git status -z -uall [60ms]
2026-01-31 04:55:44.304 [info] > git config --get commit.template [24ms]
2026-01-31 04:55:44.313 [info] > git for-each-ref --format=%(refname)%00%(upstream:short)%00%(objectname)%00%(upstream:track)%00%(upstream:remotename)%00%(upstream:remoteref) refs/heads/main refs/remotes/main [12ms]
2026-01-31 04:55:44.366 [info] > git for-each-ref --sort -committerdate --format %(refname)%00%(objectname)%00%(*objectname) [12ms]
2026-01-31 04:55:44.394 [info] > git status -z -uall [63ms]
2026-01-31 04:55:49.479 [info] > git config --get commit.template [19ms]
2026-01-31 04:55:49.490 [info] > git for-each-ref --format=%(refname)%00%(upstream:short)%00%(objectname)%00%(upstream:track)%00%(upstream:remotename)%00%(upstream:remoteref) refs/heads/main refs/remotes/main [14ms]
2026-01-31 04:55:49.541 [info] > git for-each-ref --sort -committerdate --format %(refname)%00%(objectname)%00%(*objectname) [13ms]
2026-01-31 04:55:49.559 [info] > git status -z -uall [51ms]
2026-01-31 04:55:54.665 [info] > git config --get commit.template [18ms]
2026-01-31 04:55:54.674 [info] > git for-each-ref --format=%(refname)%00%(upstream:short)%00%(objectname)%00%(upstream:track)%00%(upstream:remotename)%00%(upstream:remoteref) refs/heads/main refs/remotes/main [12ms]
2026-01-31 04:55:54.724 [info] > git for-each-ref --sort -committerdate --format %(refname)%00%(objectname)%00%(*objectname) [11ms]
2026-01-31 04:55:54.757 [info] > git status -z -uall [60ms]
2026-01-31 04:55:59.851 [info] > git config --get commit.template [30ms]
2026-01-31 04:55:59.864 [info] > git for-each-ref --format=%(refname)%00%(upstream:short)%00%(objectname)%00%(upstream:track)%00%(upstream:remotename)%00%(upstream:remoteref) refs/heads/main refs/remotes/main [17ms]
2026-01-31 04:55:59.920 [info] > git for-each-ref --sort -committerdate --format %(refname)%00%(objectname)%00%(*objectname) [16ms]
2026-01-31 04:55:59.949 [info] > git status -z -uall [66ms]
2026-01-31 04:56:17.052 [info] > git for-each-ref --format=%(refname)%00%(upstream:short)%00%(objectname)%00%(upstream:track)%00%(upstream:remotename)%00%(upstream:remoteref) refs/heads/main refs/remotes/main [13ms]
2026-01-31 04:56:17.063 [info] > git config --get commit.template [63ms]
2026-01-31 04:56:17.159 [info] > git for-each-ref --sort -committerdate --format %(refname)%00%(objectname)%00%(*objectname) [25ms]
2026-01-31 04:56:17.278 [info] > git status -z -uall [163ms]
2026-01-31 04:56:22.383 [info] > git config --get commit.template [24ms]
2026-01-31 04:56:22.397 [info] > git for-each-ref --format=%(refname)%00%(upstream:short)%00%(objectname)%00%(upstream:track)%00%(upstream:remotename)%00%(upstream:remoteref) refs/heads/main refs/remotes/main [16ms]
2026-01-31 04:56:22.450 [info] > git for-each-ref --sort -committerdate --format %(refname)%00%(objectname)%00%(*objectname) [11ms]
2026-01-31 04:56:22.478 [info] > git status -z -uall [54ms]
2026-01-31 04:56:27.576 [info] > git config --get commit.template [19ms]
2026-01-31 04:56:27.585 [info] > git for-each-ref --format=%(refname)%00%(upstream:short)%00%(objectname)%00%(upstream:track)%00%(upstream:remotename)%00%(upstream:remoteref) refs/heads/main refs/remotes/main [10ms]
2026-01-31 04:56:27.636 [info] > git for-each-ref --sort -committerdate --format %(refname)%00%(objectname)%00%(*objectname) [12ms]
2026-01-31 04:56:27.678 [info] > git status -z -uall [68ms]
2026-01-31 04:56:32.774 [info] > git config --get commit.template [24ms]
2026-01-31 04:56:32.817 [info] > git for-each-ref --format=%(refname)%00%(upstream:short)%00%(objectname)%00%(upstream:track)%00%(upstream:remotename)%00%(upstream:remoteref) refs/heads/main refs/remotes/main [46ms]
2026-01-31 04:56:32.887 [info] > git for-each-ref --sort -committerdate --format %(refname)%00%(objectname)%00%(*objectname) [21ms]
2026-01-31 04:56:32.904 [info] > git status -z -uall [63ms]
2026-01-31 04:58:42.892 [info] > git config --get commit.template [53ms]
2026-01-31 04:58:42.941 [info] > git for-each-ref --format=%(refname)%00%(upstream:short)%00%(objectname)%00%(upstream:track)%00%(upstream:remotename)%00%(upstream:remoteref) refs/heads/main refs/remotes/main [60ms]
2026-01-31 04:58:43.009 [info] > git for-each-ref --sort -committerdate --format %(refname)%00%(objectname)%00%(*objectname) [24ms]
2026-01-31 04:58:43.567 [info] > git status -z -uall [599ms]
2026-01-31 04:58:48.660 [info] > git config --get commit.template [17ms]
2026-01-31 04:58:48.669 [info] > git for-each-ref --format=%(refname)%00%(upstream:short)%00%(objectname)%00%(upstream:track)%00%(upstream:remotename)%00%(upstream:remoteref) refs/heads/main refs/remotes/main [12ms]
2026-01-31 04:58:48.715 [info] > git for-each-ref --sort -committerdate --format %(refname)%00%(objectname)%00%(*objectname) [13ms]
2026-01-31 04:58:48.763 [info] > git status -z -uall [80ms]
2026-01-31 04:58:53.891 [info] > git config --get commit.template [38ms]
2026-01-31 04:58:53.904 [info] > git for-each-ref --format=%(refname)%00%(upstream:short)%00%(objectname)%00%(upstream:track)%00%(upstream:remotename)%00%(upstream:remoteref) refs/heads/main refs/remotes/main [16ms]
2026-01-31 04:58:53.957 [info] > git for-each-ref --sort -committerdate --format %(refname)%00%(objectname)%00%(*objectname) [13ms]
2026-01-31 04:58:53.975 [info] > git status -z -uall [52ms]
2026-01-31 04:58:59.059 [info] > git config --get commit.template [19ms]
2026-01-31 04:58:59.069 [info] > git for-each-ref --format=%(refname)%00%(upstream:short)%00%(objectname)%00%(upstream:track)%00%(upstream:remotename)%00%(upstream:remoteref) refs/heads/main refs/remotes/main [11ms]
2026-01-31 04:58:59.112 [info] > git for-each-ref --sort -committerdate --format %(refname)%00%(objectname)%00%(*objectname) [13ms]
2026-01-31 04:58:59.149 [info] > git status -z -uall [65ms]
2026-01-31 04:59:04.246 [info] > git config --get commit.template [17ms]
2026-01-31 04:59:04.255 [info] > git for-each-ref --format=%(refname)%00%(upstream:short)%00%(objectname)%00%(upstream:track)%00%(upstream:remotename)%00%(upstream:remoteref) refs/heads/main refs/remotes/main [11ms]
2026-01-31 04:59:04.298 [info] > git for-each-ref --sort -committerdate --format %(refname)%00%(objectname)%00%(*objectname) [11ms]
2026-01-31 04:59:04.386 [info] > git status -z -uall [97ms]
2026-01-31 04:59:09.566 [info] > git config --get commit.template [17ms]
2026-01-31 04:59:09.576 [info] > git for-each-ref --format=%(refname)%00%(upstream:short)%00%(objectname)%00%(upstream:track)%00%(upstream:remotename)%00%(upstream:remoteref) refs/heads/main refs/remotes/main [12ms]
2026-01-31 04:59:09.632 [info] > git for-each-ref --sort -committerdate --format %(refname)%00%(objectname)%00%(*objectname) [12ms]
2026-01-31 04:59:09.659 [info] > git status -z -uall [60ms]
2026-01-31 04:59:14.751 [info] > git config --get commit.template [22ms]
2026-01-31 04:59:14.764 [info] > git for-each-ref --format=%(refname)%00%(upstream:short)%00%(objectname)%00%(upstream:track)%00%(upstream:remotename)%00%(upstream:remoteref) refs/heads/main refs/remotes/main [15ms]
2026-01-31 04:59:14.828 [info] > git for-each-ref --sort -committerdate --format %(refname)%00%(objectname)%00%(*objectname) [18ms]
2026-01-31 04:59:14.876 [info] > git status -z -uall [92ms]
