2026-01-31 05:17:24.120 [info] Extension host with pid 32506 started
2026-01-31 05:17:24.120 [error] Error: EEXIST: file already exists, open '/data/data/com.termux/files/home/.local/share/code-server/User/workspaceStorage/6b2b686c/vscode.lock'
2026-01-31 05:17:24.123 [info] Lock '/data/data/com.termux/files/home/.local/share/code-server/User/workspaceStorage/6b2b686c/vscode.lock': Could not acquire lock, checking if the file is stale.
2026-01-31 05:17:24.128 [info] Lock '/data/data/com.termux/files/home/.local/share/code-server/User/workspaceStorage/6b2b686c/vscode.lock': The lock does not look stale, elapsed: 947 ms, giving up.
2026-01-31 05:17:24.155 [info] Lock '/data/data/com.termux/files/home/.local/share/code-server/User/workspaceStorage/6b2b686c-1/vscode.lock': Lock acquired.
2026-01-31 05:17:24.533 [info] ExtensionService#_doActivateExtension vscode.github-authentication, startup: false, activationEvent: 'onAuthenticationRequest:github'
2026-01-31 05:17:24.537 [info] ExtensionService#_doActivateExtension ms-python.python, startup: false, activationEvent: 'onLanguage:python'
2026-01-31 05:17:24.538 [info] ExtensionService#_doActivateExtension vscode.emmet, startup: false, activationEvent: 'onLanguage'
2026-01-31 05:17:25.685 [info] ExtensionService#_doActivateExtension vscode.git-base, startup: true, activationEvent: '*', root cause: vscode.git
2026-01-31 05:17:26.017 [info] ExtensionService#_doActivateExtension vscode.git, startup: true, activationEvent: '*'
2026-01-31 05:17:26.019 [info] ExtensionService#_doActivateExtension vscode.github, startup: true, activationEvent: '*'
2026-01-31 05:17:27.941 [warning] [Decorations] CAPPING events from decorations provider vscode.git 1515
2026-01-31 05:17:29.807 [warning] [Decorations] CAPPING events from decorations provider vscode.git 1515
2026-01-31 05:17:30.516 [info] ExtensionService#_doActivateExtension vscode.terminal-suggest, startup: false, activationEvent: 'onTerminalShellIntegration:*'
2026-01-31 05:17:30.863 [info] Eager extensions activated
2026-01-31 05:17:30.864 [info] ExtensionService#_doActivateExtension vscode.debug-auto-launch, startup: false, activationEvent: 'onStartupFinished'
2026-01-31 05:17:30.865 [info] ExtensionService#_doActivateExtension vscode.merge-conflict, startup: false, activationEvent: 'onStartupFinished'
2026-01-31 05:17:51.043 [warning] [Decorations] CAPPING events from decorations provider vscode.git 1516
2026-01-31 05:17:56.508 [warning] [Decorations] CAPPING events from decorations provider vscode.git 1516
2026-01-31 05:18:01.699 [warning] [Decorations] CAPPING events from decorations provider vscode.git 1516
2026-01-31 05:20:27.385 [warning] [Decorations] CAPPING events from decorations provider vscode.git 1516
2026-01-31 05:20:32.610 [warning] [Decorations] CAPPING events from decorations provider vscode.git 1516
2026-01-31 05:20:50.462 [warning] [Decorations] CAPPING events from decorations provider vscode.git 1516
2026-01-31 05:20:55.650 [warning] [Decorations] CAPPING events from decorations provider vscode.git 1516
2026-01-31 05:21:05.193 [warning] [Decorations] CAPPING events from decorations provider vscode.git 1516
2026-01-31 05:21:09.095 [info] ExtensionService#_doActivateExtension vscode.npm, startup: false, activationEvent: 'onTerminalQuickFixRequest:ms-vscode.npm-command'
2026-01-31 05:21:10.384 [warning] [Decorations] CAPPING events from decorations provider vscode.git 1516
2026-01-31 05:21:21.811 [info] ExtensionService#_doActivateExtension vscode.configuration-editing, startup: false, activationEvent: 'onLanguage:json'
2026-01-31 05:21:21.812 [info] ExtensionService#_doActivateExtension vscode.extension-editing, startup: false, activationEvent: 'onLanguage:json'
2026-01-31 05:21:21.813 [info] ExtensionService#_doActivateExtension vscode.json-language-features, startup: false, activationEvent: 'onLanguage:json'
2026-01-31 05:23:10.036 [warning] [Decorations] CAPPING events from decorations provider vscode.git 1518
2026-01-31 05:23:15.197 [warning] [Decorations] CAPPING events from decorations provider vscode.git 1518
2026-01-31 05:23:20.386 [warning] [Decorations] CAPPING events from decorations provider vscode.git 1518
2026-01-31 05:23:25.571 [warning] [Decorations] CAPPING events from decorations provider vscode.git 1518
2026-01-31 05:23:40.984 [warning] [Decorations] CAPPING events from decorations provider vscode.git 1518
2026-01-31 05:23:46.181 [warning] [Decorations] CAPPING events from decorations provider vscode.git 1518
2026-01-31 05:23:56.820 [warning] [Decorations] CAPPING events from decorations provider vscode.git 1518
2026-01-31 05:24:02.027 [warning] [Decorations] CAPPING events from decorations provider vscode.git 1518
2026-01-31 05:24:07.207 [warning] [Decorations] CAPPING events from decorations provider vscode.git 1518
2026-01-31 05:24:12.428 [warning] [Decorations] CAPPING events from decorations provider vscode.git 1518
2026-01-31 05:24:17.602 [warning] [Decorations] CAPPING events from decorations provider vscode.git 1518
2026-01-31 05:24:22.796 [warning] [Decorations] CAPPING events from decorations provider vscode.git 1518
2026-01-31 05:24:27.975 [warning] [Decorations] CAPPING events from decorations provider vscode.git 1518
2026-01-31 05:26:39.487 [warning] [Decorations] CAPPING events from decorations provider vscode.git 1518
2026-01-31 05:26:44.689 [warning] [Decorations] CAPPING events from decorations provider vscode.git 1518
2026-01-31 05:27:00.176 [warning] [Decorations] CAPPING events from decorations provider vscode.git 1518
2026-01-31 05:27:05.372 [warning] [Decorations] CAPPING events from decorations provider vscode.git 1518
2026-01-31 05:27:15.101 [warning] [Decorations] CAPPING events from decorations provider vscode.git 1518
2026-01-31 05:27:20.294 [warning] [Decorations] CAPPING events from decorations provider vscode.git 1519
2026-01-31 05:27:25.464 [warning] [Decorations] CAPPING events from decorations provider vscode.git 1519
