2026-01-30 14:48:02.847 [info] Reading sessions from keychain...
2026-01-30 14:48:02.847 [info] Getting sessions for all scopes...
2026-01-30 14:48:02.847 [info] Got 0 sessions for ...
2026-01-30 14:48:02.847 [info] Getting sessions for all scopes...
2026-01-30 14:48:02.847 [info] Got 0 sessions for ...
2026-01-30 14:48:02.847 [info] Getting sessions for all scopes...
2026-01-30 14:48:02.847 [info] Got 0 sessions for ...
2026-01-30 14:48:02.847 [info] Getting sessions for all scopes...
2026-01-30 14:48:02.847 [info] Got 0 sessions for ...
2026-01-30 14:48:02.847 [info] Getting sessions for all scopes...
2026-01-30 14:48:02.847 [info] Got 0 sessions for ...
2026-01-30 14:48:02.847 [info] Getting sessions for all scopes...
2026-01-30 14:48:02.847 [info] Got 0 sessions for ...
2026-01-30 14:48:02.847 [info] Getting sessions for all scopes...
2026-01-30 14:48:02.847 [info] Got 0 sessions for ...
2026-01-30 14:48:02.847 [info] Getting sessions for all scopes...
2026-01-30 14:48:02.847 [info] Got 0 sessions for ...
2026-01-30 14:48:02.847 [info] Getting sessions for all scopes...
2026-01-30 14:48:02.847 [info] Got 0 sessions for ...
2026-01-30 14:48:02.927 [info] Getting sessions for all scopes...
2026-01-30 14:48:02.927 [info] Got 0 sessions for ...
2026-01-30 14:48:02.927 [info] Getting sessions for all scopes...
2026-01-30 14:48:02.928 [info] Got 0 sessions for ...
2026-01-30 14:48:02.928 [info] Getting sessions for all scopes...
2026-01-30 14:48:02.928 [info] Got 0 sessions for ...
2026-01-30 14:48:02.928 [info] Getting sessions for all scopes...
2026-01-30 14:48:02.928 [info] Got 0 sessions for ...
2026-01-30 14:48:02.928 [info] Getting sessions for all scopes...
2026-01-30 14:48:02.929 [info] Got 0 sessions for ...
2026-01-30 14:48:02.929 [info] Getting sessions for all scopes...
2026-01-30 14:48:02.929 [info] Got 0 sessions for ...
2026-01-30 14:48:07.144 [info] Getting sessions for read:user,repo,user:email,workflow...
2026-01-30 14:48:07.144 [info] Got 0 sessions for read:user,repo,user:email,workflow...
