2026-01-31 05:17:27.080 [info] Reading sessions from keychain...
2026-01-31 05:17:27.080 [info] Getting sessions for all scopes...
2026-01-31 05:17:27.080 [info] Got 0 sessions for ...
2026-01-31 05:17:27.080 [info] Getting sessions for all scopes...
2026-01-31 05:17:27.080 [info] Got 0 sessions for ...
2026-01-31 05:17:27.080 [info] Getting sessions for all scopes...
2026-01-31 05:17:27.080 [info] Got 0 sessions for ...
2026-01-31 05:17:27.080 [info] Getting sessions for all scopes...
2026-01-31 05:17:27.080 [info] Got 0 sessions for ...
2026-01-31 05:17:27.080 [info] Getting sessions for all scopes...
2026-01-31 05:17:27.080 [info] Got 0 sessions for ...
2026-01-31 05:17:27.080 [info] Getting sessions for all scopes...
2026-01-31 05:17:27.080 [info] Got 0 sessions for ...
2026-01-31 05:17:27.080 [info] Getting sessions for all scopes...
2026-01-31 05:17:27.080 [info] Got 0 sessions for ...
2026-01-31 05:17:27.081 [info] Getting sessions for all scopes...
2026-01-31 05:17:27.081 [info] Got 0 sessions for ...
2026-01-31 05:17:27.081 [info] Getting sessions for all scopes...
2026-01-31 05:17:27.081 [info] Got 0 sessions for ...
2026-01-31 05:17:27.085 [info] Getting sessions for all scopes...
2026-01-31 05:17:27.085 [info] Got 0 sessions for ...
2026-01-31 05:17:27.086 [info] Getting sessions for all scopes...
2026-01-31 05:17:27.086 [info] Got 0 sessions for ...
2026-01-31 05:17:27.086 [info] Getting sessions for all scopes...
2026-01-31 05:17:27.086 [info] Got 0 sessions for ...
2026-01-31 05:17:27.086 [info] Getting sessions for all scopes...
2026-01-31 05:17:27.086 [info] Got 0 sessions for ...
2026-01-31 05:17:27.087 [info] Getting sessions for all scopes...
2026-01-31 05:17:27.087 [info] Got 0 sessions for ...
2026-01-31 05:17:27.087 [info] Getting sessions for all scopes...
2026-01-31 05:17:27.087 [info] Got 0 sessions for ...
2026-01-31 05:17:31.050 [info] Getting sessions for read:user,repo,user:email,workflow...
2026-01-31 05:17:31.050 [info] Got 0 sessions for read:user,repo,user:email,workflow...
