2026-01-30 14:44:35.637 [info] [main] Log level: Info
2026-01-30 14:44:35.637 [info] [main] Validating found git in: "git"
2026-01-30 14:44:35.637 [info] [main] Using git "2.52.0" from "git"
2026-01-30 14:44:35.637 [info] [Model][doInitialScan] Initial repository scan started
2026-01-30 14:44:35.637 [info] > git rev-parse --show-toplevel [131ms]
2026-01-30 14:44:35.933 [info] > git rev-parse --git-dir --git-common-dir --show-superproject-working-tree [667ms]
2026-01-30 14:44:36.104 [info] [Model][openRepository] Opened repository (path): /data/data/com.termux/files/home
2026-01-30 14:44:36.104 [info] [Model][openRepository] Opened repository (real path): /data/data/com.termux/files/home
2026-01-30 14:44:36.104 [info] [Model][openRepository] Opened repository (kind): repository
2026-01-30 14:44:36.578 [info] > git config --get commit.template [362ms]
2026-01-30 14:44:36.749 [info] > git rev-parse --show-toplevel [507ms]
2026-01-30 14:44:36.959 [info] > git for-each-ref --format=%(refname)%00%(upstream:short)%00%(objectname)%00%(upstream:track)%00%(upstream:remotename)%00%(upstream:remoteref) refs/heads/main refs/remotes/main [219ms]
2026-01-30 14:44:37.255 [info] > git rev-parse --show-toplevel [285ms]
2026-01-30 14:44:37.293 [info] > git for-each-ref --sort -committerdate --format %(refname)%00%(objectname)%00%(*objectname) [69ms]
2026-01-30 14:44:37.304 [info] > git rev-parse --show-toplevel [14ms]
2026-01-30 14:44:37.471 [info] > git rev-parse --show-toplevel [126ms]
2026-01-30 14:44:37.561 [info] > git rev-parse --show-toplevel [62ms]
2026-01-30 14:44:37.620 [info] > git status -z -uall [532ms]
2026-01-30 14:44:38.356 [info] > git for-each-ref --format=%(refname)%00%(upstream:short)%00%(objectname)%00%(upstream:track)%00%(upstream:remotename)%00%(upstream:remoteref) refs/heads/main refs/remotes/main [530ms]
2026-01-30 14:44:38.417 [info] > git rev-parse --show-toplevel [813ms]
2026-01-30 14:44:38.440 [info] [Model][doInitialScan] Initial repository scan completed - repositories (1), closed repositories (0), parent repositories (0), unsafe repositories (0)
2026-01-30 14:44:38.446 [info] > git config --get --local branch.main.vscode-merge-base [37ms]
2026-01-30 14:44:38.447 [warning] [Git][config] git config failed: Failed to execute git
2026-01-30 14:44:38.466 [info] > git config --get commit.template [154ms]
2026-01-30 14:44:38.512 [info] > git reflog main --grep-reflog=branch: Created from *. [47ms]
2026-01-30 14:44:38.581 [info] > git for-each-ref --format=%(refname)%00%(upstream:short)%00%(objectname)%00%(upstream:track)%00%(upstream:remotename)%00%(upstream:remoteref) refs/heads/main refs/remotes/main [75ms]
2026-01-30 14:44:38.587 [info] > git symbolic-ref --short refs/remotes/origin/HEAD [33ms]
2026-01-30 14:44:38.587 [info] fatal: ref refs/remotes/origin/HEAD is not a symbolic ref
2026-01-30 14:44:38.587 [warning] [Repository][getDefaultBranch] Failed to get default branch details: Failed to execute git.
2026-01-30 14:44:38.716 [info] > git merge-base refs/heads/main refs/remotes/origin/main [108ms]
2026-01-30 14:44:38.788 [info] > git status -z -uall [126ms]
2026-01-30 14:44:38.791 [info] > git for-each-ref --sort -committerdate --format %(refname)%00%(objectname)%00%(*objectname) [88ms]
2026-01-30 14:44:38.914 [info] > git diff --raw --numstat --diff-filter=ADMR -z --find-renames=50% 0032fdd865b150504279f68abdd97d3422865b82...refs/remotes/origin/main -- [131ms]
2026-01-30 14:44:39.113 [info] > git merge-base refs/heads/main refs/remotes/origin/main [227ms]
2026-01-30 14:44:39.184 [info] > git diff --raw --numstat --diff-filter=ADMR -z --find-renames=50% 0032fdd865b150504279f68abdd97d3422865b82...refs/remotes/origin/main -- [42ms]
2026-01-30 14:44:39.200 [info] > git check-ignore -v -z --stdin [27ms]
2026-01-30 14:44:45.746 [info] > git config --get commit.template [20ms]
2026-01-30 14:44:45.754 [info] > git for-each-ref --format=%(refname)%00%(upstream:short)%00%(objectname)%00%(upstream:track)%00%(upstream:remotename)%00%(upstream:remoteref) refs/heads/main refs/remotes/main [10ms]
2026-01-30 14:44:45.800 [info] > git for-each-ref --sort -committerdate --format %(refname)%00%(objectname)%00%(*objectname) [12ms]
2026-01-30 14:44:45.813 [info] > git status -z -uall [40ms]
2026-01-30 14:44:50.891 [info] > git config --get commit.template [19ms]
2026-01-30 14:44:50.899 [info] > git for-each-ref --format=%(refname)%00%(upstream:short)%00%(objectname)%00%(upstream:track)%00%(upstream:remotename)%00%(upstream:remoteref) refs/heads/main refs/remotes/main [11ms]
2026-01-30 14:44:50.948 [info] > git for-each-ref --sort -committerdate --format %(refname)%00%(objectname)%00%(*objectname) [12ms]
2026-01-30 14:44:50.962 [info] > git status -z -uall [41ms]
2026-01-30 14:44:56.035 [info] > git config --get commit.template [18ms]
2026-01-30 14:44:56.043 [info] > git for-each-ref --format=%(refname)%00%(upstream:short)%00%(objectname)%00%(upstream:track)%00%(upstream:remotename)%00%(upstream:remoteref) refs/heads/main refs/remotes/main [12ms]
2026-01-30 14:44:56.088 [info] > git for-each-ref --sort -committerdate --format %(refname)%00%(objectname)%00%(*objectname) [11ms]
2026-01-30 14:44:56.097 [info] > git status -z -uall [35ms]
2026-01-30 14:45:01.159 [info] > git config --get commit.template [16ms]
2026-01-30 14:45:01.166 [info] > git for-each-ref --format=%(refname)%00%(upstream:short)%00%(objectname)%00%(upstream:track)%00%(upstream:remotename)%00%(upstream:remoteref) refs/heads/main refs/remotes/main [10ms]
2026-01-30 14:45:01.213 [info] > git for-each-ref --sort -committerdate --format %(refname)%00%(objectname)%00%(*objectname) [11ms]
2026-01-30 14:45:01.222 [info] > git status -z -uall [35ms]
2026-01-30 14:45:06.290 [info] > git config --get commit.template [17ms]
2026-01-30 14:45:06.298 [info] > git for-each-ref --format=%(refname)%00%(upstream:short)%00%(objectname)%00%(upstream:track)%00%(upstream:remotename)%00%(upstream:remoteref) refs/heads/main refs/remotes/main [11ms]
2026-01-30 14:45:06.348 [info] > git for-each-ref --sort -committerdate --format %(refname)%00%(objectname)%00%(*objectname) [12ms]
2026-01-30 14:45:06.360 [info] > git status -z -uall [39ms]
2026-01-30 14:45:11.814 [info] > git config --get commit.template [20ms]
2026-01-30 14:45:11.822 [info] > git for-each-ref --format=%(refname)%00%(upstream:short)%00%(objectname)%00%(upstream:track)%00%(upstream:remotename)%00%(upstream:remoteref) refs/heads/main refs/remotes/main [11ms]
2026-01-30 14:45:11.867 [info] > git for-each-ref --sort -committerdate --format %(refname)%00%(objectname)%00%(*objectname) [11ms]
2026-01-30 14:45:11.889 [info] > git status -z -uall [47ms]
2026-01-30 14:45:17.821 [info] > git config --get commit.template [32ms]
2026-01-30 14:45:17.837 [info] > git for-each-ref --format=%(refname)%00%(upstream:short)%00%(objectname)%00%(upstream:track)%00%(upstream:remotename)%00%(upstream:remoteref) refs/heads/main refs/remotes/main [18ms]
2026-01-30 14:45:17.924 [info] > git for-each-ref --sort -committerdate --format %(refname)%00%(objectname)%00%(*objectname) [19ms]
2026-01-30 14:45:17.940 [info] > git status -z -uall [66ms]
2026-01-30 14:45:53.480 [info] > git config --get commit.template [30ms]
2026-01-30 14:45:53.493 [info] > git for-each-ref --format=%(refname)%00%(upstream:short)%00%(objectname)%00%(upstream:track)%00%(upstream:remotename)%00%(upstream:remoteref) refs/heads/main refs/remotes/main [21ms]
2026-01-30 14:45:53.547 [info] > git for-each-ref --sort -committerdate --format %(refname)%00%(objectname)%00%(*objectname) [13ms]
2026-01-30 14:45:53.565 [info] > git status -z -uall [53ms]
2026-01-30 14:45:58.613 [info] > git config --get commit.template [18ms]
2026-01-30 14:45:58.622 [info] > git for-each-ref --format=%(refname)%00%(upstream:short)%00%(objectname)%00%(upstream:track)%00%(upstream:remotename)%00%(upstream:remoteref) refs/heads/main refs/remotes/main [11ms]
2026-01-30 14:45:58.690 [info] > git for-each-ref --sort -committerdate --format %(refname)%00%(objectname)%00%(*objectname) [21ms]
2026-01-30 14:45:58.698 [info] > git status -z -uall [53ms]
2026-01-30 14:46:03.774 [info] > git config --get commit.template [18ms]
2026-01-30 14:46:03.782 [info] > git for-each-ref --format=%(refname)%00%(upstream:short)%00%(objectname)%00%(upstream:track)%00%(upstream:remotename)%00%(upstream:remoteref) refs/heads/main refs/remotes/main [11ms]
2026-01-30 14:46:03.821 [info] > git for-each-ref --sort -committerdate --format %(refname)%00%(objectname)%00%(*objectname) [11ms]
2026-01-30 14:46:03.832 [info] > git status -z -uall [35ms]
