2026-01-31 04:28:38.947 [info] [main] Log level: Info
2026-01-31 04:28:38.947 [info] [main] Validating found git in: "git"
2026-01-31 04:28:38.948 [info] [main] Using git "2.52.0" from "git"
2026-01-31 04:28:38.948 [info] [Model][doInitialScan] Initial repository scan started
2026-01-31 04:28:38.948 [info] > git rev-parse --show-toplevel [80ms]
2026-01-31 04:28:38.975 [info] > git rev-parse --git-dir --git-common-dir --show-superproject-working-tree [56ms]
2026-01-31 04:28:39.028 [info] [Model][openRepository] Opened repository (path): /data/data/com.termux/files/home
2026-01-31 04:28:39.028 [info] [Model][openRepository] Opened repository (real path): /data/data/com.termux/files/home
2026-01-31 04:28:39.028 [info] [Model][openRepository] Opened repository (kind): repository
2026-01-31 04:28:39.088 [info] > git config --get commit.template [22ms]
2026-01-31 04:28:39.141 [info] > git rev-parse --show-toplevel [61ms]
2026-01-31 04:28:39.189 [info] > git for-each-ref --format=%(refname)%00%(upstream:short)%00%(objectname)%00%(upstream:track)%00%(upstream:remotename)%00%(upstream:remoteref) refs/heads/main refs/remotes/main [64ms]
2026-01-31 04:28:39.193 [info] > git rev-parse --show-toplevel [7ms]
2026-01-31 04:28:39.290 [info] > git for-each-ref --sort -committerdate --format %(refname)%00%(objectname)%00%(*objectname) [8ms]
2026-01-31 04:28:39.296 [info] > git rev-parse --show-toplevel [73ms]
2026-01-31 04:28:39.544 [info] > git status -z -uall [294ms]
2026-01-31 04:28:39.546 [info] > git rev-parse --show-toplevel [232ms]
2026-01-31 04:28:40.636 [info] > git check-ignore -v -z --stdin [940ms]
2026-01-31 04:28:40.641 [info] > git for-each-ref --format=%(refname)%00%(upstream:short)%00%(objectname)%00%(upstream:track)%00%(upstream:remotename)%00%(upstream:remoteref) refs/heads/main refs/remotes/main [973ms]
2026-01-31 04:28:40.702 [info] > git config --get commit.template [86ms]
2026-01-31 04:28:40.703 [info] > git rev-parse --show-toplevel [156ms]
2026-01-31 04:28:40.706 [info] > git config --get --local branch.main.vscode-merge-base [34ms]
2026-01-31 04:28:40.706 [warning] [Git][config] git config failed: Failed to execute git
2026-01-31 04:28:40.820 [info] > git rev-parse --show-toplevel [40ms]
2026-01-31 04:28:40.821 [info] > git reflog main --grep-reflog=branch: Created from *. [83ms]
2026-01-31 04:28:40.901 [info] > git for-each-ref --format=%(refname)%00%(upstream:short)%00%(objectname)%00%(upstream:track)%00%(upstream:remotename)%00%(upstream:remoteref) refs/heads/main refs/remotes/main [94ms]
2026-01-31 04:28:40.906 [info] > git symbolic-ref --short refs/remotes/origin/HEAD [32ms]
2026-01-31 04:28:40.906 [info] fatal: ref refs/remotes/origin/HEAD is not a symbolic ref
2026-01-31 04:28:40.906 [warning] [Repository][getDefaultBranch] Failed to get default branch details: Failed to execute git.
2026-01-31 04:28:40.953 [info] > git rev-parse --show-toplevel [53ms]
2026-01-31 04:28:40.968 [info] [Model][doInitialScan] Initial repository scan completed - repositories (1), closed repositories (0), parent repositories (0), unsafe repositories (0)
2026-01-31 04:28:40.971 [info] > git merge-base refs/heads/main refs/remotes/origin/main [35ms]
2026-01-31 04:28:41.067 [info] > git diff --raw --numstat --diff-filter=ADMR -z --find-renames=50% 0032fdd865b150504279f68abdd97d3422865b82...refs/remotes/origin/main -- [73ms]
2026-01-31 04:28:41.086 [info] > git for-each-ref --sort -committerdate --format %(refname)%00%(objectname)%00%(*objectname) [28ms]
2026-01-31 04:28:41.098 [info] > git status -z -uall [59ms]
2026-01-31 04:28:43.842 [info] > git check-ignore -v -z --stdin [99ms]
2026-01-31 04:28:48.497 [info] > git config --get commit.template [26ms]
2026-01-31 04:28:48.515 [info] > git for-each-ref --format=%(refname)%00%(upstream:short)%00%(objectname)%00%(upstream:track)%00%(upstream:remotename)%00%(upstream:remoteref) refs/heads/main refs/remotes/main [20ms]
2026-01-31 04:28:48.567 [info] > git for-each-ref --sort -committerdate --format %(refname)%00%(objectname)%00%(*objectname) [14ms]
2026-01-31 04:28:48.677 [info] > git status -z -uall [144ms]
2026-01-31 04:28:53.774 [info] > git config --get commit.template [19ms]
2026-01-31 04:28:53.782 [info] > git for-each-ref --format=%(refname)%00%(upstream:short)%00%(objectname)%00%(upstream:track)%00%(upstream:remotename)%00%(upstream:remoteref) refs/heads/main refs/remotes/main [11ms]
2026-01-31 04:28:53.823 [info] > git for-each-ref --sort -committerdate --format %(refname)%00%(objectname)%00%(*objectname) [10ms]
2026-01-31 04:28:53.848 [info] > git status -z -uall [51ms]
2026-01-31 04:28:58.937 [info] > git config --get commit.template [21ms]
2026-01-31 04:28:58.945 [info] > git for-each-ref --format=%(refname)%00%(upstream:short)%00%(objectname)%00%(upstream:track)%00%(upstream:remotename)%00%(upstream:remoteref) refs/heads/main refs/remotes/main [11ms]
2026-01-31 04:28:58.997 [info] > git for-each-ref --sort -committerdate --format %(refname)%00%(objectname)%00%(*objectname) [11ms]
2026-01-31 04:28:59.015 [info] > git status -z -uall [48ms]
2026-01-31 04:29:04.113 [info] > git config --get commit.template [24ms]
2026-01-31 04:29:04.122 [info] > git for-each-ref --format=%(refname)%00%(upstream:short)%00%(objectname)%00%(upstream:track)%00%(upstream:remotename)%00%(upstream:remoteref) refs/heads/main refs/remotes/main [14ms]
2026-01-31 04:29:04.172 [info] > git for-each-ref --sort -committerdate --format %(refname)%00%(objectname)%00%(*objectname) [11ms]
2026-01-31 04:29:04.192 [info] > git status -z -uall [49ms]
2026-01-31 04:29:09.277 [info] > git config --get commit.template [17ms]
2026-01-31 04:29:09.284 [info] > git for-each-ref --format=%(refname)%00%(upstream:short)%00%(objectname)%00%(upstream:track)%00%(upstream:remotename)%00%(upstream:remoteref) refs/heads/main refs/remotes/main [11ms]
2026-01-31 04:29:09.330 [info] > git for-each-ref --sort -committerdate --format %(refname)%00%(objectname)%00%(*objectname) [11ms]
2026-01-31 04:29:09.359 [info] > git status -z -uall [54ms]
2026-01-31 04:29:56.170 [info] > git config --get commit.template [59ms]
2026-01-31 04:29:56.187 [info] > git for-each-ref --format=%(refname)%00%(upstream:short)%00%(objectname)%00%(upstream:track)%00%(upstream:remotename)%00%(upstream:remoteref) refs/heads/main refs/remotes/main [39ms]
2026-01-31 04:29:56.504 [info] > git status -z -uall [118ms]
2026-01-31 04:29:56.505 [info] > git for-each-ref --sort -committerdate --format %(refname)%00%(objectname)%00%(*objectname) [59ms]
2026-01-31 04:30:01.639 [info] > git config --get commit.template [22ms]
2026-01-31 04:30:01.650 [info] > git for-each-ref --format=%(refname)%00%(upstream:short)%00%(objectname)%00%(upstream:track)%00%(upstream:remotename)%00%(upstream:remoteref) refs/heads/main refs/remotes/main [14ms]
2026-01-31 04:30:01.695 [info] > git for-each-ref --sort -committerdate --format %(refname)%00%(objectname)%00%(*objectname) [9ms]
2026-01-31 04:30:01.721 [info] > git status -z -uall [54ms]
2026-01-31 04:30:06.807 [info] > git config --get commit.template [15ms]
2026-01-31 04:30:06.813 [info] > git for-each-ref --format=%(refname)%00%(upstream:short)%00%(objectname)%00%(upstream:track)%00%(upstream:remotename)%00%(upstream:remoteref) refs/heads/main refs/remotes/main [9ms]
2026-01-31 04:30:06.857 [info] > git for-each-ref --sort -committerdate --format %(refname)%00%(objectname)%00%(*objectname) [10ms]
2026-01-31 04:30:06.881 [info] > git status -z -uall [48ms]
2026-01-31 04:30:54.270 [info] > git config --get commit.template [33ms]
2026-01-31 04:30:54.292 [info] > git for-each-ref --format=%(refname)%00%(upstream:short)%00%(objectname)%00%(upstream:track)%00%(upstream:remotename)%00%(upstream:remoteref) refs/heads/main refs/remotes/main [26ms]
2026-01-31 04:30:54.369 [info] > git for-each-ref --sort -committerdate --format %(refname)%00%(objectname)%00%(*objectname) [20ms]
2026-01-31 04:30:54.482 [info] > git status -z -uall [165ms]
2026-01-31 04:30:59.565 [info] > git config --get commit.template [21ms]
2026-01-31 04:30:59.581 [info] > git for-each-ref --format=%(refname)%00%(upstream:short)%00%(objectname)%00%(upstream:track)%00%(upstream:remotename)%00%(upstream:remoteref) refs/heads/main refs/remotes/main [19ms]
2026-01-31 04:30:59.721 [info] > git for-each-ref --sort -committerdate --format %(refname)%00%(objectname)%00%(*objectname) [108ms]
2026-01-31 04:30:59.722 [info] > git status -z -uall [125ms]
2026-01-31 04:31:04.800 [info] > git config --get commit.template [17ms]
2026-01-31 04:31:04.809 [info] > git for-each-ref --format=%(refname)%00%(upstream:short)%00%(objectname)%00%(upstream:track)%00%(upstream:remotename)%00%(upstream:remoteref) refs/heads/main refs/remotes/main [12ms]
2026-01-31 04:31:04.854 [info] > git for-each-ref --sort -committerdate --format %(refname)%00%(objectname)%00%(*objectname) [18ms]
2026-01-31 04:31:04.872 [info] > git status -z -uall [49ms]
2026-01-31 04:31:10.578 [info] > git config --get commit.template [22ms]
2026-01-31 04:31:10.587 [info] > git for-each-ref --format=%(refname)%00%(upstream:short)%00%(objectname)%00%(upstream:track)%00%(upstream:remotename)%00%(upstream:remoteref) refs/heads/main refs/remotes/main [10ms]
2026-01-31 04:31:10.629 [info] > git for-each-ref --sort -committerdate --format %(refname)%00%(objectname)%00%(*objectname) [11ms]
2026-01-31 04:31:10.648 [info] > git status -z -uall [44ms]
2026-01-31 04:31:15.730 [info] > git config --get commit.template [17ms]
2026-01-31 04:31:15.738 [info] > git for-each-ref --format=%(refname)%00%(upstream:short)%00%(objectname)%00%(upstream:track)%00%(upstream:remotename)%00%(upstream:remoteref) refs/heads/main refs/remotes/main [10ms]
2026-01-31 04:31:15.782 [info] > git for-each-ref --sort -committerdate --format %(refname)%00%(objectname)%00%(*objectname) [9ms]
2026-01-31 04:31:15.804 [info] > git status -z -uall [45ms]
2026-01-31 04:31:34.083 [info] > git config --get commit.template [150ms]
2026-01-31 04:31:34.118 [info] > git for-each-ref --format=%(refname)%00%(upstream:short)%00%(objectname)%00%(upstream:track)%00%(upstream:remotename)%00%(upstream:remoteref) refs/heads/main refs/remotes/main [42ms]
2026-01-31 04:31:34.201 [info] > git for-each-ref --sort -committerdate --format %(refname)%00%(objectname)%00%(*objectname) [12ms]
2026-01-31 04:31:34.233 [info] > git status -z -uall [76ms]
2026-01-31 04:31:39.319 [info] > git config --get commit.template [22ms]
2026-01-31 04:31:39.326 [info] > git for-each-ref --format=%(refname)%00%(upstream:short)%00%(objectname)%00%(upstream:track)%00%(upstream:remotename)%00%(upstream:remoteref) refs/heads/main refs/remotes/main [9ms]
2026-01-31 04:31:39.374 [info] > git for-each-ref --sort -committerdate --format %(refname)%00%(objectname)%00%(*objectname) [10ms]
2026-01-31 04:31:39.401 [info] > git status -z -uall [50ms]
2026-01-31 04:31:44.491 [info] > git config --get commit.template [16ms]
2026-01-31 04:31:44.499 [info] > git for-each-ref --format=%(refname)%00%(upstream:short)%00%(objectname)%00%(upstream:track)%00%(upstream:remotename)%00%(upstream:remoteref) refs/heads/main refs/remotes/main [10ms]
2026-01-31 04:31:44.553 [info] > git for-each-ref --sort -committerdate --format %(refname)%00%(objectname)%00%(*objectname) [11ms]
2026-01-31 04:31:44.574 [info] > git status -z -uall [52ms]
2026-01-31 04:31:49.651 [info] > git config --get commit.template [19ms]
2026-01-31 04:31:49.660 [info] > git for-each-ref --format=%(refname)%00%(upstream:short)%00%(objectname)%00%(upstream:track)%00%(upstream:remotename)%00%(upstream:remoteref) refs/heads/main refs/remotes/main [10ms]
2026-01-31 04:31:49.700 [info] > git for-each-ref --sort -committerdate --format %(refname)%00%(objectname)%00%(*objectname) [10ms]
2026-01-31 04:31:49.719 [info] > git status -z -uall [43ms]
2026-01-31 04:31:54.791 [info] > git config --get commit.template [20ms]
2026-01-31 04:31:54.800 [info] > git for-each-ref --format=%(refname)%00%(upstream:short)%00%(objectname)%00%(upstream:track)%00%(upstream:remotename)%00%(upstream:remoteref) refs/heads/main refs/remotes/main [11ms]
2026-01-31 04:31:54.847 [info] > git for-each-ref --sort -committerdate --format %(refname)%00%(objectname)%00%(*objectname) [10ms]
2026-01-31 04:31:54.863 [info] > git status -z -uall [46ms]
2026-01-31 04:33:32.353 [info] > git config --get commit.template [70ms]
2026-01-31 04:33:32.362 [info] > git for-each-ref --format=%(refname)%00%(upstream:short)%00%(objectname)%00%(upstream:track)%00%(upstream:remotename)%00%(upstream:remoteref) refs/heads/main refs/remotes/main [49ms]
2026-01-31 04:33:32.409 [info] > git for-each-ref --sort -committerdate --format %(refname)%00%(objectname)%00%(*objectname) [18ms]
2026-01-31 04:33:32.725 [info] > git status -z -uall [347ms]
2026-01-31 04:33:37.825 [info] > git config --get commit.template [20ms]
2026-01-31 04:33:37.834 [info] > git for-each-ref --format=%(refname)%00%(upstream:short)%00%(objectname)%00%(upstream:track)%00%(upstream:remotename)%00%(upstream:remoteref) refs/heads/main refs/remotes/main [12ms]
2026-01-31 04:33:37.887 [info] > git for-each-ref --sort -committerdate --format %(refname)%00%(objectname)%00%(*objectname) [16ms]
2026-01-31 04:33:37.902 [info] > git status -z -uall [48ms]
2026-01-31 04:34:03.633 [info] > git config --get commit.template [40ms]
2026-01-31 04:34:03.642 [info] > git for-each-ref --format=%(refname)%00%(upstream:short)%00%(objectname)%00%(upstream:track)%00%(upstream:remotename)%00%(upstream:remoteref) refs/heads/main refs/remotes/main [17ms]
2026-01-31 04:34:03.696 [info] > git for-each-ref --sort -committerdate --format %(refname)%00%(objectname)%00%(*objectname) [11ms]
2026-01-31 04:34:03.734 [info] > git status -z -uall [70ms]
2026-01-31 04:34:08.580 [info] > git check-ignore -v -z --stdin [11ms]
2026-01-31 04:34:08.827 [info] > git config --get commit.template [19ms]
2026-01-31 04:34:08.835 [info] > git for-each-ref --format=%(refname)%00%(upstream:short)%00%(objectname)%00%(upstream:track)%00%(upstream:remotename)%00%(upstream:remoteref) refs/heads/main refs/remotes/main [10ms]
2026-01-31 04:34:08.879 [info] > git for-each-ref --sort -committerdate --format %(refname)%00%(objectname)%00%(*objectname) [10ms]
2026-01-31 04:34:08.904 [info] > git status -z -uall [50ms]
2026-01-31 04:34:13.986 [info] > git config --get commit.template [17ms]
2026-01-31 04:34:13.994 [info] > git for-each-ref --format=%(refname)%00%(upstream:short)%00%(objectname)%00%(upstream:track)%00%(upstream:remotename)%00%(upstream:remoteref) refs/heads/main refs/remotes/main [10ms]
2026-01-31 04:34:14.038 [info] > git for-each-ref --sort -committerdate --format %(refname)%00%(objectname)%00%(*objectname) [13ms]
2026-01-31 04:34:14.059 [info] > git status -z -uall [48ms]
2026-01-31 04:34:19.156 [info] > git config --get commit.template [20ms]
2026-01-31 04:34:19.166 [info] > git for-each-ref --format=%(refname)%00%(upstream:short)%00%(objectname)%00%(upstream:track)%00%(upstream:remotename)%00%(upstream:remoteref) refs/heads/main refs/remotes/main [12ms]
2026-01-31 04:34:19.209 [info] > git for-each-ref --sort -committerdate --format %(refname)%00%(objectname)%00%(*objectname) [10ms]
2026-01-31 04:34:19.226 [info] > git status -z -uall [46ms]
2026-01-31 04:34:24.315 [info] > git config --get commit.template [17ms]
2026-01-31 04:34:24.324 [info] > git for-each-ref --format=%(refname)%00%(upstream:short)%00%(objectname)%00%(upstream:track)%00%(upstream:remotename)%00%(upstream:remoteref) refs/heads/main refs/remotes/main [11ms]
2026-01-31 04:34:24.371 [info] > git for-each-ref --sort -committerdate --format %(refname)%00%(objectname)%00%(*objectname) [10ms]
2026-01-31 04:34:24.400 [info] > git status -z -uall [53ms]
2026-01-31 04:37:05.960 [info] > git config --get commit.template [52ms]
2026-01-31 04:37:06.019 [info] > git for-each-ref --format=%(refname)%00%(upstream:short)%00%(objectname)%00%(upstream:track)%00%(upstream:remotename)%00%(upstream:remoteref) refs/heads/main refs/remotes/main [78ms]
2026-01-31 04:37:06.171 [info] > git for-each-ref --sort -committerdate --format %(refname)%00%(objectname)%00%(*objectname) [44ms]
2026-01-31 04:37:06.362 [info] > git status -z -uall [305ms]
2026-01-31 04:37:11.477 [info] > git config --get commit.template [18ms]
2026-01-31 04:37:11.485 [info] > git for-each-ref --format=%(refname)%00%(upstream:short)%00%(objectname)%00%(upstream:track)%00%(upstream:remotename)%00%(upstream:remoteref) refs/heads/main refs/remotes/main [11ms]
2026-01-31 04:37:11.536 [info] > git for-each-ref --sort -committerdate --format %(refname)%00%(objectname)%00%(*objectname) [10ms]
2026-01-31 04:37:11.563 [info] > git status -z -uall [53ms]
2026-01-31 04:37:27.678 [info] > git config --get commit.template [21ms]
2026-01-31 04:37:27.686 [info] > git for-each-ref --format=%(refname)%00%(upstream:short)%00%(objectname)%00%(upstream:track)%00%(upstream:remotename)%00%(upstream:remoteref) refs/heads/main refs/remotes/main [9ms]
2026-01-31 04:37:27.731 [info] > git for-each-ref --sort -committerdate --format %(refname)%00%(objectname)%00%(*objectname) [11ms]
2026-01-31 04:37:27.765 [info] > git status -z -uall [64ms]
2026-01-31 04:37:32.858 [info] > git config --get commit.template [26ms]
2026-01-31 04:37:32.864 [info] > git for-each-ref --format=%(refname)%00%(upstream:short)%00%(objectname)%00%(upstream:track)%00%(upstream:remotename)%00%(upstream:remoteref) refs/heads/main refs/remotes/main [11ms]
2026-01-31 04:37:32.918 [info] > git for-each-ref --sort -committerdate --format %(refname)%00%(objectname)%00%(*objectname) [12ms]
2026-01-31 04:37:32.945 [info] > git status -z -uall [64ms]
2026-01-31 04:37:37.090 [info] > git check-ignore -v -z --stdin [70ms]
2026-01-31 04:37:37.129 [info] > git check-ignore -v -z --stdin [46ms]
2026-01-31 04:37:37.234 [info] > git show --textconv :my_logic.py. [32ms]
2026-01-31 04:37:37.258 [info] > git ls-files --stage -- my_logic.py. [26ms]
2026-01-31 04:37:37.285 [info] > git hash-object -t tree /dev/null [31ms]
2026-01-31 04:37:37.285 [warning] [GitFileSystemProvider][readFile] File not found - git:/data/data/com.termux/files/home/my_logic.py..git?%7B%22path%22%3A%22%2Fdata%2Fdata%2Fcom.termux%2Ffiles%2Fhome%2Fmy_logic.py.%22%2C%22ref%22%3A%22%22%7D
2026-01-31 04:37:37.290 [info] > git hash-object -t tree /dev/null [11ms]
2026-01-31 04:37:37.291 [warning] [GitFileSystemProvider][stat] File not found - git:/data/data/com.termux/files/home/my_logic.py..git?%7B%22path%22%3A%22%2Fdata%2Fdata%2Fcom.termux%2Ffiles%2Fhome%2Fmy_logic.py.%22%2C%22ref%22%3A%22%22%7D
2026-01-31 04:37:37.361 [info] > git blame --root --incremental 0032fdd865b150504279f68abdd97d3422865b82 -- my_logic.py. [12ms]
2026-01-31 04:37:37.361 [info] fatal: no such path my_logic.py. in 0032fdd865b150504279f68abdd97d3422865b82
2026-01-31 04:37:38.033 [info] > git config --get commit.template [24ms]
2026-01-31 04:37:38.041 [info] > git for-each-ref --format=%(refname)%00%(upstream:short)%00%(objectname)%00%(upstream:track)%00%(upstream:remotename)%00%(upstream:remoteref) refs/heads/main refs/remotes/main [11ms]
2026-01-31 04:37:38.096 [info] > git for-each-ref --sort -committerdate --format %(refname)%00%(objectname)%00%(*objectname) [13ms]
2026-01-31 04:37:38.127 [info] > git status -z -uall [62ms]
2026-01-31 04:37:43.233 [info] > git config --get commit.template [17ms]
2026-01-31 04:37:43.241 [info] > git for-each-ref --format=%(refname)%00%(upstream:short)%00%(objectname)%00%(upstream:track)%00%(upstream:remotename)%00%(upstream:remoteref) refs/heads/main refs/remotes/main [11ms]
2026-01-31 04:37:43.289 [info] > git for-each-ref --sort -committerdate --format %(refname)%00%(objectname)%00%(*objectname) [11ms]
2026-01-31 04:37:43.330 [info] > git status -z -uall [67ms]
2026-01-31 04:37:48.420 [info] > git config --get commit.template [18ms]
2026-01-31 04:37:48.429 [info] > git for-each-ref --format=%(refname)%00%(upstream:short)%00%(objectname)%00%(upstream:track)%00%(upstream:remotename)%00%(upstream:remoteref) refs/heads/main refs/remotes/main [10ms]
2026-01-31 04:37:48.479 [info] > git for-each-ref --sort -committerdate --format %(refname)%00%(objectname)%00%(*objectname) [10ms]
2026-01-31 04:37:48.503 [info] > git status -z -uall [50ms]
2026-01-31 04:37:53.589 [info] > git config --get commit.template [19ms]
2026-01-31 04:37:53.597 [info] > git for-each-ref --format=%(refname)%00%(upstream:short)%00%(objectname)%00%(upstream:track)%00%(upstream:remotename)%00%(upstream:remoteref) refs/heads/main refs/remotes/main [10ms]
2026-01-31 04:37:53.642 [info] > git for-each-ref --sort -committerdate --format %(refname)%00%(objectname)%00%(*objectname) [11ms]
2026-01-31 04:37:53.667 [info] > git status -z -uall [51ms]
2026-01-31 04:37:58.757 [info] > git config --get commit.template [27ms]
2026-01-31 04:37:58.764 [info] > git for-each-ref --format=%(refname)%00%(upstream:short)%00%(objectname)%00%(upstream:track)%00%(upstream:remotename)%00%(upstream:remoteref) refs/heads/main refs/remotes/main [11ms]
2026-01-31 04:37:58.814 [info] > git for-each-ref --sort -committerdate --format %(refname)%00%(objectname)%00%(*objectname) [14ms]
2026-01-31 04:37:58.836 [info] > git status -z -uall [54ms]
2026-01-31 04:38:03.929 [info] > git config --get commit.template [17ms]
2026-01-31 04:38:03.937 [info] > git for-each-ref --format=%(refname)%00%(upstream:short)%00%(objectname)%00%(upstream:track)%00%(upstream:remotename)%00%(upstream:remoteref) refs/heads/main refs/remotes/main [10ms]
2026-01-31 04:38:03.984 [info] > git for-each-ref --sort -committerdate --format %(refname)%00%(objectname)%00%(*objectname) [11ms]
2026-01-31 04:38:04.006 [info] > git status -z -uall [48ms]
2026-01-31 04:38:09.103 [info] > git config --get commit.template [27ms]
2026-01-31 04:38:09.115 [info] > git for-each-ref --format=%(refname)%00%(upstream:short)%00%(objectname)%00%(upstream:track)%00%(upstream:remotename)%00%(upstream:remoteref) refs/heads/main refs/remotes/main [15ms]
2026-01-31 04:38:09.164 [info] > git for-each-ref --sort -committerdate --format %(refname)%00%(objectname)%00%(*objectname) [9ms]
2026-01-31 04:38:09.237 [info] > git status -z -uall [104ms]
2026-01-31 04:38:14.337 [info] > git config --get commit.template [28ms]
2026-01-31 04:38:14.347 [info] > git for-each-ref --format=%(refname)%00%(upstream:short)%00%(objectname)%00%(upstream:track)%00%(upstream:remotename)%00%(upstream:remoteref) refs/heads/main refs/remotes/main [13ms]
2026-01-31 04:38:14.400 [info] > git for-each-ref --sort -committerdate --format %(refname)%00%(objectname)%00%(*objectname) [11ms]
2026-01-31 04:38:14.425 [info] > git status -z -uall [52ms]
2026-01-31 04:38:19.520 [info] > git config --get commit.template [20ms]
2026-01-31 04:38:19.528 [info] > git for-each-ref --format=%(refname)%00%(upstream:short)%00%(objectname)%00%(upstream:track)%00%(upstream:remotename)%00%(upstream:remoteref) refs/heads/main refs/remotes/main [11ms]
2026-01-31 04:38:19.581 [info] > git for-each-ref --sort -committerdate --format %(refname)%00%(objectname)%00%(*objectname) [11ms]
2026-01-31 04:38:19.600 [info] > git status -z -uall [51ms]
2026-01-31 04:38:31.606 [info] > git config --get commit.template [198ms]
2026-01-31 04:38:31.616 [info] > git for-each-ref --format=%(refname)%00%(upstream:short)%00%(objectname)%00%(upstream:track)%00%(upstream:remotename)%00%(upstream:remoteref) refs/heads/main refs/remotes/main [24ms]
2026-01-31 04:38:31.715 [info] > git for-each-ref --sort -committerdate --format %(refname)%00%(objectname)%00%(*objectname) [19ms]
2026-01-31 04:38:32.174 [info] > git status -z -uall [518ms]
2026-01-31 04:38:37.298 [info] > git config --get commit.template [24ms]
2026-01-31 04:38:37.306 [info] > git for-each-ref --format=%(refname)%00%(upstream:short)%00%(objectname)%00%(upstream:track)%00%(upstream:remotename)%00%(upstream:remoteref) refs/heads/main refs/remotes/main [11ms]
2026-01-31 04:38:37.355 [info] > git for-each-ref --sort -committerdate --format %(refname)%00%(objectname)%00%(*objectname) [11ms]
2026-01-31 04:38:37.477 [info] > git status -z -uall [150ms]
2026-01-31 04:38:42.556 [info] > git config --get commit.template [22ms]
2026-01-31 04:38:42.565 [info] > git for-each-ref --format=%(refname)%00%(upstream:short)%00%(objectname)%00%(upstream:track)%00%(upstream:remotename)%00%(upstream:remoteref) refs/heads/main refs/remotes/main [11ms]
2026-01-31 04:38:42.615 [info] > git for-each-ref --sort -committerdate --format %(refname)%00%(objectname)%00%(*objectname) [11ms]
2026-01-31 04:38:42.647 [info] > git status -z -uall [62ms]
2026-01-31 04:38:47.759 [info] > git config --get commit.template [26ms]
2026-01-31 04:38:47.772 [info] > git for-each-ref --format=%(refname)%00%(upstream:short)%00%(objectname)%00%(upstream:track)%00%(upstream:remotename)%00%(upstream:remoteref) refs/heads/main refs/remotes/main [17ms]
2026-01-31 04:38:47.831 [info] > git for-each-ref --sort -committerdate --format %(refname)%00%(objectname)%00%(*objectname) [14ms]
2026-01-31 04:38:47.868 [info] > git status -z -uall [75ms]
2026-01-31 04:38:52.951 [info] > git config --get commit.template [17ms]
2026-01-31 04:38:52.960 [info] > git for-each-ref --format=%(refname)%00%(upstream:short)%00%(objectname)%00%(upstream:track)%00%(upstream:remotename)%00%(upstream:remoteref) refs/heads/main refs/remotes/main [11ms]
2026-01-31 04:38:53.009 [info] > git for-each-ref --sort -committerdate --format %(refname)%00%(objectname)%00%(*objectname) [16ms]
2026-01-31 04:38:53.033 [info] > git status -z -uall [56ms]
2026-01-31 04:38:58.129 [info] > git config --get commit.template [28ms]
2026-01-31 04:38:58.139 [info] > git for-each-ref --format=%(refname)%00%(upstream:short)%00%(objectname)%00%(upstream:track)%00%(upstream:remotename)%00%(upstream:remoteref) refs/heads/main refs/remotes/main [13ms]
2026-01-31 04:38:58.196 [info] > git for-each-ref --sort -committerdate --format %(refname)%00%(objectname)%00%(*objectname) [14ms]
2026-01-31 04:38:58.220 [info] > git status -z -uall [58ms]
2026-01-31 04:39:03.316 [info] > git config --get commit.template [17ms]
2026-01-31 04:39:03.324 [info] > git for-each-ref --format=%(refname)%00%(upstream:short)%00%(objectname)%00%(upstream:track)%00%(upstream:remotename)%00%(upstream:remoteref) refs/heads/main refs/remotes/main [11ms]
2026-01-31 04:39:03.369 [info] > git for-each-ref --sort -committerdate --format %(refname)%00%(objectname)%00%(*objectname) [10ms]
2026-01-31 04:39:03.397 [info] > git status -z -uall [52ms]
2026-01-31 04:39:04.871 [info] > git check-ignore -v -z --stdin [52ms]
2026-01-31 04:39:05.054 [info] > git check-ignore -v -z --stdin [17ms]
2026-01-31 04:39:05.158 [info] > git show --textconv :learning.py [36ms]
2026-01-31 04:39:05.160 [warning] [GitFileSystemProvider][readFile] File not found - git:/data/data/com.termux/files/home/learning.py.git?%7B%22path%22%3A%22%2Fdata%2Fdata%2Fcom.termux%2Ffiles%2Fhome%2Flearning.py%22%2C%22ref%22%3A%22%22%7D
2026-01-31 04:39:05.169 [info] > git ls-files --stage -- learning.py [16ms]
2026-01-31 04:39:05.169 [warning] [GitFileSystemProvider][stat] File not found - git:/data/data/com.termux/files/home/learning.py.git?%7B%22path%22%3A%22%2Fdata%2Fdata%2Fcom.termux%2Ffiles%2Fhome%2Flearning.py%22%2C%22ref%22%3A%22%22%7D
2026-01-31 04:39:08.489 [info] > git config --get commit.template [17ms]
2026-01-31 04:39:08.497 [info] > git for-each-ref --format=%(refname)%00%(upstream:short)%00%(objectname)%00%(upstream:track)%00%(upstream:remotename)%00%(upstream:remoteref) refs/heads/main refs/remotes/main [11ms]
2026-01-31 04:39:08.553 [info] > git for-each-ref --sort -committerdate --format %(refname)%00%(objectname)%00%(*objectname) [11ms]
2026-01-31 04:39:08.578 [info] > git status -z -uall [58ms]
2026-01-31 04:39:13.671 [info] > git config --get commit.template [17ms]
2026-01-31 04:39:13.680 [info] > git for-each-ref --format=%(refname)%00%(upstream:short)%00%(objectname)%00%(upstream:track)%00%(upstream:remotename)%00%(upstream:remoteref) refs/heads/main refs/remotes/main [11ms]
2026-01-31 04:39:13.740 [info] > git for-each-ref --sort -committerdate --format %(refname)%00%(objectname)%00%(*objectname) [15ms]
2026-01-31 04:39:13.759 [info] > git status -z -uall [53ms]
2026-01-31 04:39:18.855 [info] > git config --get commit.template [24ms]
2026-01-31 04:39:18.865 [info] > git for-each-ref --format=%(refname)%00%(upstream:short)%00%(objectname)%00%(upstream:track)%00%(upstream:remotename)%00%(upstream:remoteref) refs/heads/main refs/remotes/main [12ms]
2026-01-31 04:39:18.911 [info] > git for-each-ref --sort -committerdate --format %(refname)%00%(objectname)%00%(*objectname) [2ms]
2026-01-31 04:39:18.933 [info] > git status -z -uall [52ms]
2026-01-31 04:39:24.020 [info] > git config --get commit.template [16ms]
2026-01-31 04:39:24.028 [info] > git for-each-ref --format=%(refname)%00%(upstream:short)%00%(objectname)%00%(upstream:track)%00%(upstream:remotename)%00%(upstream:remoteref) refs/heads/main refs/remotes/main [10ms]
2026-01-31 04:39:24.074 [info] > git for-each-ref --sort -committerdate --format %(refname)%00%(objectname)%00%(*objectname) [10ms]
2026-01-31 04:39:24.101 [info] > git status -z -uall [53ms]
