2026-01-31 04:27:37.183 [info] Reading sessions from keychain...
2026-01-31 04:27:37.183 [info] Getting sessions for all scopes...
2026-01-31 04:27:37.183 [info] Got 0 sessions for ...
2026-01-31 04:27:37.183 [info] Getting sessions for all scopes...
2026-01-31 04:27:37.183 [info] Got 0 sessions for ...
2026-01-31 04:27:37.183 [info] Getting sessions for all scopes...
2026-01-31 04:27:37.183 [info] Got 0 sessions for ...
2026-01-31 04:27:37.183 [info] Getting sessions for all scopes...
2026-01-31 04:27:37.183 [info] Got 0 sessions for ...
2026-01-31 04:27:37.183 [info] Getting sessions for all scopes...
2026-01-31 04:27:37.183 [info] Got 0 sessions for ...
2026-01-31 04:27:37.183 [info] Getting sessions for all scopes...
2026-01-31 04:27:37.183 [info] Got 0 sessions for ...
2026-01-31 04:27:37.183 [info] Getting sessions for all scopes...
2026-01-31 04:27:37.183 [info] Got 0 sessions for ...
2026-01-31 04:27:37.183 [info] Getting sessions for all scopes...
2026-01-31 04:27:37.183 [info] Got 0 sessions for ...
2026-01-31 04:27:37.183 [info] Getting sessions for all scopes...
2026-01-31 04:27:37.183 [info] Got 0 sessions for ...
2026-01-31 04:27:37.183 [info] Getting sessions for all scopes...
2026-01-31 04:27:37.183 [info] Got 0 sessions for ...
2026-01-31 04:27:37.183 [info] Getting sessions for all scopes...
2026-01-31 04:27:37.183 [info] Got 0 sessions for ...
2026-01-31 04:27:37.183 [info] Getting sessions for all scopes...
2026-01-31 04:27:37.183 [info] Got 0 sessions for ...
2026-01-31 04:27:37.183 [info] Getting sessions for all scopes...
2026-01-31 04:27:37.183 [info] Got 0 sessions for ...
2026-01-31 04:27:37.183 [info] Getting sessions for all scopes...
2026-01-31 04:27:37.183 [info] Got 0 sessions for ...
2026-01-31 04:27:37.183 [info] Getting sessions for all scopes...
2026-01-31 04:27:37.183 [info] Got 0 sessions for ...
2026-01-31 04:27:39.537 [info] Getting sessions for read:user,repo,user:email,workflow...
2026-01-31 04:27:39.537 [info] Got 0 sessions for read:user,repo,user:email,workflow...
