2026-01-29 15:21:49.221 [info] Reading sessions from keychain...
2026-01-29 15:21:49.221 [info] Getting sessions for all scopes...
2026-01-29 15:21:49.221 [info] Got 0 sessions for ...
2026-01-29 15:21:49.221 [info] Getting sessions for all scopes...
2026-01-29 15:21:49.221 [info] Got 0 sessions for ...
2026-01-29 15:21:49.221 [info] Getting sessions for all scopes...
2026-01-29 15:21:49.221 [info] Got 0 sessions for ...
2026-01-29 15:21:49.221 [info] Getting sessions for all scopes...
2026-01-29 15:21:49.221 [info] Got 0 sessions for ...
2026-01-29 15:21:49.221 [info] Getting sessions for all scopes...
2026-01-29 15:21:49.221 [info] Got 0 sessions for ...
2026-01-29 15:21:49.221 [info] Getting sessions for all scopes...
2026-01-29 15:21:49.221 [info] Got 0 sessions for ...
2026-01-29 15:21:49.221 [info] Getting sessions for all scopes...
2026-01-29 15:21:49.221 [info] Got 0 sessions for ...
2026-01-29 15:21:49.221 [info] Getting sessions for all scopes...
2026-01-29 15:21:49.221 [info] Got 0 sessions for ...
2026-01-29 15:21:49.221 [info] Getting sessions for all scopes...
2026-01-29 15:21:49.221 [info] Got 0 sessions for ...
2026-01-29 15:21:49.221 [info] Getting sessions for all scopes...
2026-01-29 15:21:49.221 [info] Got 0 sessions for ...
2026-01-29 15:21:49.221 [info] Getting sessions for all scopes...
2026-01-29 15:21:49.221 [info] Got 0 sessions for ...
2026-01-29 15:21:49.221 [info] Getting sessions for all scopes...
2026-01-29 15:21:49.221 [info] Got 0 sessions for ...
2026-01-29 15:21:49.221 [info] Getting sessions for all scopes...
2026-01-29 15:21:49.221 [info] Got 0 sessions for ...
2026-01-29 15:21:49.221 [info] Getting sessions for all scopes...
2026-01-29 15:21:49.221 [info] Got 0 sessions for ...
2026-01-29 15:21:49.221 [info] Getting sessions for all scopes...
2026-01-29 15:21:49.221 [info] Got 0 sessions for ...
2026-01-29 15:21:53.927 [info] Getting sessions for read:user,repo,user:email,workflow...
2026-01-29 15:21:53.927 [info] Got 0 sessions for read:user,repo,user:email,workflow...
