2026-01-29 15:23:58.794 [info] Reading sessions from keychain...
2026-01-29 15:23:58.794 [info] Getting sessions for all scopes...
2026-01-29 15:23:58.795 [info] Got 0 sessions for ...
2026-01-29 15:23:58.795 [info] Getting sessions for all scopes...
2026-01-29 15:23:58.795 [info] Got 0 sessions for ...
2026-01-29 15:23:58.795 [info] Getting sessions for all scopes...
2026-01-29 15:23:58.795 [info] Got 0 sessions for ...
2026-01-29 15:23:58.795 [info] Getting sessions for all scopes...
2026-01-29 15:23:58.795 [info] Got 0 sessions for ...
2026-01-29 15:23:58.795 [info] Getting sessions for all scopes...
2026-01-29 15:23:58.795 [info] Got 0 sessions for ...
2026-01-29 15:23:58.795 [info] Getting sessions for all scopes...
2026-01-29 15:23:58.795 [info] Got 0 sessions for ...
2026-01-29 15:23:58.795 [info] Getting sessions for all scopes...
2026-01-29 15:23:58.795 [info] Got 0 sessions for ...
2026-01-29 15:23:58.795 [info] Getting sessions for all scopes...
2026-01-29 15:23:58.795 [info] Got 0 sessions for ...
2026-01-29 15:23:58.795 [info] Getting sessions for all scopes...
2026-01-29 15:23:58.795 [info] Got 0 sessions for ...
2026-01-29 15:23:58.890 [info] Getting sessions for all scopes...
2026-01-29 15:23:58.892 [info] Got 0 sessions for ...
2026-01-29 15:23:59.640 [info] Getting sessions for all scopes...
2026-01-29 15:23:59.654 [info] Got 0 sessions for ...
2026-01-29 15:23:59.662 [info] Getting sessions for all scopes...
2026-01-29 15:23:59.662 [info] Got 0 sessions for ...
2026-01-29 15:23:59.662 [info] Getting sessions for all scopes...
2026-01-29 15:23:59.662 [info] Got 0 sessions for ...
2026-01-29 15:23:59.664 [info] Getting sessions for all scopes...
2026-01-29 15:23:59.666 [info] Got 0 sessions for ...
2026-01-29 15:23:59.666 [info] Getting sessions for all scopes...
2026-01-29 15:23:59.668 [info] Got 0 sessions for ...
2026-01-29 15:24:01.493 [info] Getting sessions for read:user,repo,user:email,workflow...
2026-01-29 15:24:01.493 [info] Got 0 sessions for read:user,repo,user:email,workflow...
2026-01-29 15:24:48.198 [info] Getting sessions for read:user,repo,user:email,workflow...
2026-01-29 15:24:48.198 [info] Got 0 sessions for read:user,repo,user:email,workflow...
