2026-01-30 23:36:34.293 [info] Extension host with pid 4335 started
2026-01-30 23:36:34.317 [info] Lock '/data/data/com.termux/files/home/.local/share/code-server/User/workspaceStorage/6b2b686c/vscode.lock': Lock acquired.
2026-01-30 23:36:35.578 [info] ExtensionService#_doActivateExtension vscode.github-authentication, startup: false, activationEvent: 'onAuthenticationRequest:github'
2026-01-30 23:36:35.593 [info] ExtensionService#_doActivateExtension ms-python.python, startup: false, activationEvent: 'onLanguage:python'
2026-01-30 23:36:35.610 [info] ExtensionService#_doActivateExtension vscode.emmet, startup: false, activationEvent: 'onLanguage'
2026-01-30 23:36:37.467 [info] ExtensionService#_doActivateExtension vscode.git-base, startup: true, activationEvent: '*', root cause: vscode.git
2026-01-30 23:36:37.899 [info] ExtensionService#_doActivateExtension vscode.git, startup: true, activationEvent: '*'
2026-01-30 23:36:37.900 [info] ExtensionService#_doActivateExtension vscode.github, startup: true, activationEvent: '*'
2026-01-30 23:36:42.803 [info] ExtensionService#_doActivateExtension vscode.terminal-suggest, startup: false, activationEvent: 'onTerminalShellIntegration:*'
2026-01-30 23:36:43.713 [warning] [Decorations] CAPPING events from decorations provider vscode.git 1171
2026-01-30 23:36:45.211 [info] Not activating extension 'ms-python.python': Timed out while searching for 'workspaceContains' pattern **/pylock.*.toml
2026-01-30 23:36:45.516 [warning] [Decorations] CAPPING events from decorations provider vscode.git 1171
2026-01-30 23:36:46.488 [info] Eager extensions activated
2026-01-30 23:36:46.492 [info] ExtensionService#_doActivateExtension vscode.debug-auto-launch, startup: false, activationEvent: 'onStartupFinished'
2026-01-30 23:36:46.495 [info] ExtensionService#_doActivateExtension vscode.merge-conflict, startup: false, activationEvent: 'onStartupFinished'
2026-01-30 23:36:50.686 [warning] [Decorations] CAPPING events from decorations provider vscode.git 1172
2026-01-30 23:36:56.174 [warning] [Decorations] CAPPING events from decorations provider vscode.git 1172
2026-01-30 23:37:01.345 [warning] [Decorations] CAPPING events from decorations provider vscode.git 1173
2026-01-30 23:37:06.659 [warning] [Decorations] CAPPING events from decorations provider vscode.git 1173
2026-01-30 23:37:17.752 [warning] [Decorations] CAPPING events from decorations provider vscode.git 1173
2026-01-30 23:37:22.910 [warning] [Decorations] CAPPING events from decorations provider vscode.git 1173
2026-01-30 23:37:28.552 [warning] [Decorations] CAPPING events from decorations provider vscode.git 1173
2026-01-30 23:37:33.728 [warning] [Decorations] CAPPING events from decorations provider vscode.git 1174
2026-01-30 23:37:38.906 [warning] [Decorations] CAPPING events from decorations provider vscode.git 1174
2026-01-30 23:37:44.066 [warning] [Decorations] CAPPING events from decorations provider vscode.git 1174
2026-01-30 23:38:07.091 [warning] [Decorations] CAPPING events from decorations provider vscode.git 1174
2026-01-30 23:38:12.241 [warning] [Decorations] CAPPING events from decorations provider vscode.git 1174
2026-01-30 23:38:17.884 [warning] [Decorations] CAPPING events from decorations provider vscode.git 1176
2026-01-30 23:38:28.894 [warning] [Decorations] CAPPING events from decorations provider vscode.git 1176
2026-01-30 23:38:34.077 [warning] [Decorations] CAPPING events from decorations provider vscode.git 1176
2026-01-30 23:38:39.224 [warning] [Decorations] CAPPING events from decorations provider vscode.git 1176
2026-01-30 23:38:44.358 [warning] [Decorations] CAPPING events from decorations provider vscode.git 1176
2026-01-30 23:38:49.529 [warning] [Decorations] CAPPING events from decorations provider vscode.git 1176
2026-01-30 23:38:54.690 [warning] [Decorations] CAPPING events from decorations provider vscode.git 1176
2026-01-30 23:39:00.133 [warning] [Decorations] CAPPING events from decorations provider vscode.git 1176
2026-01-30 23:39:15.505 [warning] [Decorations] CAPPING events from decorations provider vscode.git 1176
2026-01-30 23:39:20.650 [warning] [Decorations] CAPPING events from decorations provider vscode.git 1177
2026-01-30 23:39:31.420 [warning] [Decorations] CAPPING events from decorations provider vscode.git 1177
2026-01-30 23:39:36.590 [warning] [Decorations] CAPPING events from decorations provider vscode.git 1178
2026-01-30 23:39:43.603 [warning] [Decorations] CAPPING events from decorations provider vscode.git 1178
2026-01-30 23:39:48.748 [warning] [Decorations] CAPPING events from decorations provider vscode.git 1178
2026-01-30 23:39:53.924 [warning] [Decorations] CAPPING events from decorations provider vscode.git 1178
2026-01-30 23:39:59.067 [warning] [Decorations] CAPPING events from decorations provider vscode.git 1178
2026-01-30 23:40:04.224 [warning] [Decorations] CAPPING events from decorations provider vscode.git 1178
2026-01-30 23:40:09.388 [warning] [Decorations] CAPPING events from decorations provider vscode.git 1178
2026-01-30 23:40:14.521 [warning] [Decorations] CAPPING events from decorations provider vscode.git 1178
2026-01-30 23:40:19.690 [warning] [Decorations] CAPPING events from decorations provider vscode.git 1178
2026-01-30 23:40:24.860 [warning] [Decorations] CAPPING events from decorations provider vscode.git 1179
2026-01-30 23:40:30.020 [warning] [Decorations] CAPPING events from decorations provider vscode.git 1179
2026-01-30 23:40:35.191 [warning] [Decorations] CAPPING events from decorations provider vscode.git 1179
2026-01-30 23:40:40.360 [warning] [Decorations] CAPPING events from decorations provider vscode.git 1181
2026-01-30 23:40:54.428 [warning] [Decorations] CAPPING events from decorations provider vscode.git 1181
2026-01-30 23:40:59.594 [warning] [Decorations] CAPPING events from decorations provider vscode.git 1182
2026-01-30 23:41:04.734 [warning] [Decorations] CAPPING events from decorations provider vscode.git 1182
2026-01-30 23:41:11.411 [warning] [Decorations] CAPPING events from decorations provider vscode.git 1182
2026-01-30 23:41:16.558 [warning] [Decorations] CAPPING events from decorations provider vscode.git 1182
2026-01-30 23:41:21.685 [warning] [Decorations] CAPPING events from decorations provider vscode.git 1182
2026-01-30 23:41:29.417 [warning] [Decorations] CAPPING events from decorations provider vscode.git 1182
2026-01-30 23:41:38.617 [warning] [Decorations] CAPPING events from decorations provider vscode.git 1182
2026-01-30 23:41:39.221 [info] ExtensionService#_doActivateExtension vscode.npm, startup: false, activationEvent: 'onTerminalQuickFixRequest:ms-vscode.npm-command'
2026-01-30 23:41:43.803 [warning] [Decorations] CAPPING events from decorations provider vscode.git 1182
2026-01-30 23:41:46.047 [info] ExtensionService#_doActivateExtension vscode.configuration-editing, startup: false, activationEvent: 'onLanguage:json'
2026-01-30 23:41:46.048 [info] ExtensionService#_doActivateExtension vscode.extension-editing, startup: false, activationEvent: 'onLanguage:json'
2026-01-30 23:41:46.049 [info] ExtensionService#_doActivateExtension vscode.json-language-features, startup: false, activationEvent: 'onLanguage:json'
2026-01-30 23:41:48.980 [warning] [Decorations] CAPPING events from decorations provider vscode.git 1183
2026-01-30 23:41:54.174 [warning] [Decorations] CAPPING events from decorations provider vscode.git 1183
2026-01-30 23:41:59.337 [warning] [Decorations] CAPPING events from decorations provider vscode.git 1183
2026-01-30 23:42:04.504 [warning] [Decorations] CAPPING events from decorations provider vscode.git 1184
2026-01-30 23:42:09.689 [warning] [Decorations] CAPPING events from decorations provider vscode.git 1184
2026-01-30 23:42:14.848 [warning] [Decorations] CAPPING events from decorations provider vscode.git 1184
2026-01-30 23:42:19.992 [warning] [Decorations] CAPPING events from decorations provider vscode.git 1184
2026-01-30 23:42:25.166 [warning] [Decorations] CAPPING events from decorations provider vscode.git 1184
2026-01-30 23:42:30.323 [warning] [Decorations] CAPPING events from decorations provider vscode.git 1185
2026-01-30 23:42:35.481 [warning] [Decorations] CAPPING events from decorations provider vscode.git 1185
2026-01-30 23:42:40.665 [warning] [Decorations] CAPPING events from decorations provider vscode.git 1185
2026-01-30 23:42:45.806 [warning] [Decorations] CAPPING events from decorations provider vscode.git 1185
2026-01-30 23:42:50.980 [warning] [Decorations] CAPPING events from decorations provider vscode.git 1185
2026-01-30 23:42:56.141 [warning] [Decorations] CAPPING events from decorations provider vscode.git 1185
2026-01-30 23:43:01.290 [warning] [Decorations] CAPPING events from decorations provider vscode.git 1186
2026-01-30 23:43:06.451 [warning] [Decorations] CAPPING events from decorations provider vscode.git 1186
2026-01-30 23:43:11.592 [warning] [Decorations] CAPPING events from decorations provider vscode.git 1186
2026-01-30 23:43:16.732 [warning] [Decorations] CAPPING events from decorations provider vscode.git 1186
2026-01-30 23:43:21.906 [warning] [Decorations] CAPPING events from decorations provider vscode.git 1186
2026-01-30 23:43:27.051 [warning] [Decorations] CAPPING events from decorations provider vscode.git 1186
2026-01-30 23:43:32.334 [warning] [Decorations] CAPPING events from decorations provider vscode.git 1186
2026-01-30 23:43:37.509 [warning] [Decorations] CAPPING events from decorations provider vscode.git 1186
2026-01-30 23:43:52.352 [warning] [Decorations] CAPPING events from decorations provider vscode.git 1186
2026-01-30 23:43:57.501 [warning] [Decorations] CAPPING events from decorations provider vscode.git 1187
2026-01-30 23:44:02.655 [warning] [Decorations] CAPPING events from decorations provider vscode.git 1187
2026-01-30 23:44:07.797 [warning] [Decorations] CAPPING events from decorations provider vscode.git 1187
2026-01-30 23:44:12.967 [warning] [Decorations] CAPPING events from decorations provider vscode.git 1187
2026-01-30 23:44:18.117 [warning] [Decorations] CAPPING events from decorations provider vscode.git 1187
2026-01-30 23:44:23.303 [warning] [Decorations] CAPPING events from decorations provider vscode.git 1188
2026-01-30 23:44:28.444 [warning] [Decorations] CAPPING events from decorations provider vscode.git 1188
2026-01-30 23:44:33.595 [warning] [Decorations] CAPPING events from decorations provider vscode.git 1188
2026-01-30 23:44:39.277 [warning] [Decorations] CAPPING events from decorations provider vscode.git 1188
2026-01-30 23:44:44.422 [warning] [Decorations] CAPPING events from decorations provider vscode.git 1188
2026-01-30 23:44:49.606 [warning] [Decorations] CAPPING events from decorations provider vscode.git 1188
2026-01-30 23:45:06.359 [warning] [Decorations] CAPPING events from decorations provider vscode.git 1188
2026-01-30 23:45:11.531 [warning] [Decorations] CAPPING events from decorations provider vscode.git 1188
2026-01-30 23:45:16.692 [warning] [Decorations] CAPPING events from decorations provider vscode.git 1189
2026-01-30 23:45:21.847 [warning] [Decorations] CAPPING events from decorations provider vscode.git 1189
2026-01-30 23:45:27.013 [warning] [Decorations] CAPPING events from decorations provider vscode.git 1189
2026-01-30 23:45:32.181 [warning] [Decorations] CAPPING events from decorations provider vscode.git 1189
2026-01-30 23:45:37.849 [warning] [Decorations] CAPPING events from decorations provider vscode.git 1189
2026-01-30 23:45:43.021 [warning] [Decorations] CAPPING events from decorations provider vscode.git 1189
2026-01-30 23:45:48.166 [warning] [Decorations] CAPPING events from decorations provider vscode.git 1189
2026-01-30 23:45:53.318 [warning] [Decorations] CAPPING events from decorations provider vscode.git 1190
2026-01-30 23:45:58.994 [warning] [Decorations] CAPPING events from decorations provider vscode.git 1190
2026-01-30 23:46:04.136 [warning] [Decorations] CAPPING events from decorations provider vscode.git 1190
2026-01-30 23:46:09.286 [warning] [Decorations] CAPPING events from decorations provider vscode.git 1190
2026-01-30 23:46:15.021 [warning] [Decorations] CAPPING events from decorations provider vscode.git 1190
2026-01-30 23:46:20.165 [warning] [Decorations] CAPPING events from decorations provider vscode.git 1190
2026-01-30 23:46:25.312 [warning] [Decorations] CAPPING events from decorations provider vscode.git 1190
2026-01-30 23:46:30.466 [warning] [Decorations] CAPPING events from decorations provider vscode.git 1190
2026-01-30 23:46:35.599 [warning] [Decorations] CAPPING events from decorations provider vscode.git 1190
2026-01-30 23:46:40.758 [warning] [Decorations] CAPPING events from decorations provider vscode.git 1190
2026-01-30 23:46:45.964 [warning] [Decorations] CAPPING events from decorations provider vscode.git 1190
2026-01-30 23:46:51.102 [warning] [Decorations] CAPPING events from decorations provider vscode.git 1190
2026-01-30 23:46:56.248 [warning] [Decorations] CAPPING events from decorations provider vscode.git 1190
2026-01-30 23:47:01.425 [warning] [Decorations] CAPPING events from decorations provider vscode.git 1190
2026-01-30 23:47:06.561 [warning] [Decorations] CAPPING events from decorations provider vscode.git 1190
2026-01-30 23:47:11.727 [warning] [Decorations] CAPPING events from decorations provider vscode.git 1190
2026-01-30 23:47:16.893 [warning] [Decorations] CAPPING events from decorations provider vscode.git 1190
2026-01-30 23:47:22.198 [warning] [Decorations] CAPPING events from decorations provider vscode.git 1190
2026-01-30 23:50:45.419 [warning] [Decorations] CAPPING events from decorations provider vscode.git 1190
2026-01-30 23:50:50.651 [warning] [Decorations] CAPPING events from decorations provider vscode.git 1191
2026-01-30 23:51:01.454 [warning] [Decorations] CAPPING events from decorations provider vscode.git 1191
2026-01-30 23:51:06.603 [warning] [Decorations] CAPPING events from decorations provider vscode.git 1191
2026-01-30 23:51:11.741 [warning] [Decorations] CAPPING events from decorations provider vscode.git 1191
2026-01-30 23:51:18.466 [warning] [Decorations] CAPPING events from decorations provider vscode.git 1191
2026-01-30 23:51:23.663 [warning] [Decorations] CAPPING events from decorations provider vscode.git 1191
2026-01-30 23:51:28.848 [warning] [Decorations] CAPPING events from decorations provider vscode.git 1191
2026-01-30 23:51:34.027 [warning] [Decorations] CAPPING events from decorations provider vscode.git 1191
2026-01-30 23:51:39.175 [warning] [Decorations] CAPPING events from decorations provider vscode.git 1191
2026-01-30 23:51:44.345 [warning] [Decorations] CAPPING events from decorations provider vscode.git 1191
2026-01-30 23:51:49.493 [warning] [Decorations] CAPPING events from decorations provider vscode.git 1191
2026-01-30 23:51:54.657 [warning] [Decorations] CAPPING events from decorations provider vscode.git 1191
2026-01-30 23:52:00.323 [warning] [Decorations] CAPPING events from decorations provider vscode.git 1191
2026-01-30 23:52:05.492 [warning] [Decorations] CAPPING events from decorations provider vscode.git 1191
2026-01-30 23:52:10.655 [warning] [Decorations] CAPPING events from decorations provider vscode.git 1191
2026-01-30 23:52:15.814 [warning] [Decorations] CAPPING events from decorations provider vscode.git 1192
2026-01-30 23:52:20.961 [warning] [Decorations] CAPPING events from decorations provider vscode.git 1192
2026-01-30 23:52:26.149 [warning] [Decorations] CAPPING events from decorations provider vscode.git 1192
2026-01-30 23:52:31.313 [warning] [Decorations] CAPPING events from decorations provider vscode.git 1192
2026-01-30 23:52:36.454 [warning] [Decorations] CAPPING events from decorations provider vscode.git 1192
2026-01-30 23:52:41.618 [warning] [Decorations] CAPPING events from decorations provider vscode.git 1192
2026-01-30 23:52:46.792 [warning] [Decorations] CAPPING events from decorations provider vscode.git 1192
2026-01-30 23:52:51.955 [warning] [Decorations] CAPPING events from decorations provider vscode.git 1192
2026-01-30 23:52:57.148 [warning] [Decorations] CAPPING events from decorations provider vscode.git 1192
2026-01-30 23:53:02.322 [warning] [Decorations] CAPPING events from decorations provider vscode.git 1192
2026-01-30 23:53:07.479 [warning] [Decorations] CAPPING events from decorations provider vscode.git 1192
2026-01-30 23:53:12.627 [warning] [Decorations] CAPPING events from decorations provider vscode.git 1192
2026-01-30 23:53:18.229 [warning] [Decorations] CAPPING events from decorations provider vscode.git 1192
2026-01-30 23:55:25.620 [warning] [Decorations] CAPPING events from decorations provider vscode.git 1192
2026-01-30 23:55:33.007 [warning] [Decorations] CAPPING events from decorations provider vscode.git 1192
2026-01-30 23:55:38.161 [warning] [Decorations] CAPPING events from decorations provider vscode.git 1193
2026-01-30 23:55:43.337 [warning] [Decorations] CAPPING events from decorations provider vscode.git 1193
2026-01-30 23:55:48.489 [warning] [Decorations] CAPPING events from decorations provider vscode.git 1193
2026-01-30 23:55:53.639 [warning] [Decorations] CAPPING events from decorations provider vscode.git 1193
2026-01-30 23:56:01.608 [warning] [Decorations] CAPPING events from decorations provider vscode.git 1193
2026-01-30 23:56:06.812 [warning] [Decorations] CAPPING events from decorations provider vscode.git 1193
2026-01-30 23:56:11.995 [warning] [Decorations] CAPPING events from decorations provider vscode.git 1194
2026-01-30 23:56:17.134 [warning] [Decorations] CAPPING events from decorations provider vscode.git 1194
2026-01-30 23:56:22.280 [warning] [Decorations] CAPPING events from decorations provider vscode.git 1194
2026-01-30 23:56:30.919 [warning] [Decorations] CAPPING events from decorations provider vscode.git 1194
2026-01-30 23:56:36.081 [warning] [Decorations] CAPPING events from decorations provider vscode.git 1194
2026-01-30 23:56:41.211 [warning] [Decorations] CAPPING events from decorations provider vscode.git 1194
2026-01-30 23:56:46.400 [warning] [Decorations] CAPPING events from decorations provider vscode.git 1194
2026-01-30 23:56:51.547 [warning] [Decorations] CAPPING events from decorations provider vscode.git 1194
2026-01-30 23:56:56.699 [warning] [Decorations] CAPPING events from decorations provider vscode.git 1194
2026-01-30 23:57:01.908 [warning] [Decorations] CAPPING events from decorations provider vscode.git 1195
2026-01-30 23:57:07.050 [warning] [Decorations] CAPPING events from decorations provider vscode.git 1195
2026-01-30 23:57:12.210 [warning] [Decorations] CAPPING events from decorations provider vscode.git 1195
2026-01-30 23:57:17.372 [warning] [Decorations] CAPPING events from decorations provider vscode.git 1195
2026-01-30 23:57:22.523 [warning] [Decorations] CAPPING events from decorations provider vscode.git 1195
2026-01-30 23:57:30.224 [warning] [Decorations] CAPPING events from decorations provider vscode.git 1195
2026-01-30 23:57:35.382 [warning] [Decorations] CAPPING events from decorations provider vscode.git 1195
2026-01-30 23:57:40.525 [warning] [Decorations] CAPPING events from decorations provider vscode.git 1195
2026-01-30 23:57:45.690 [warning] [Decorations] CAPPING events from decorations provider vscode.git 1195
2026-01-30 23:57:50.868 [warning] [Decorations] CAPPING events from decorations provider vscode.git 1195
2026-01-30 23:57:56.028 [warning] [Decorations] CAPPING events from decorations provider vscode.git 1195
2026-01-30 23:58:03.706 [warning] [Decorations] CAPPING events from decorations provider vscode.git 1196
2026-01-30 23:58:08.852 [warning] [Decorations] CAPPING events from decorations provider vscode.git 1196
2026-01-30 23:58:14.017 [warning] [Decorations] CAPPING events from decorations provider vscode.git 1196
2026-01-30 23:58:19.180 [warning] [Decorations] CAPPING events from decorations provider vscode.git 1196
2026-01-30 23:58:24.321 [warning] [Decorations] CAPPING events from decorations provider vscode.git 1196
2026-01-30 23:58:29.467 [warning] [Decorations] CAPPING events from decorations provider vscode.git 1197
2026-01-30 23:58:34.646 [warning] [Decorations] CAPPING events from decorations provider vscode.git 1197
2026-01-30 23:58:39.778 [warning] [Decorations] CAPPING events from decorations provider vscode.git 1197
2026-01-30 23:58:44.910 [warning] [Decorations] CAPPING events from decorations provider vscode.git 1197
2026-01-30 23:58:50.570 [warning] [Decorations] CAPPING events from decorations provider vscode.git 1197
2026-01-30 23:58:55.722 [warning] [Decorations] CAPPING events from decorations provider vscode.git 1197
2026-01-30 23:59:00.894 [warning] [Decorations] CAPPING events from decorations provider vscode.git 1197
2026-01-30 23:59:06.049 [warning] [Decorations] CAPPING events from decorations provider vscode.git 1197
2026-01-30 23:59:11.217 [warning] [Decorations] CAPPING events from decorations provider vscode.git 1197
2026-01-30 23:59:16.379 [warning] [Decorations] CAPPING events from decorations provider vscode.git 1197
2026-01-30 23:59:21.520 [warning] [Decorations] CAPPING events from decorations provider vscode.git 1198
2026-01-30 23:59:26.680 [warning] [Decorations] CAPPING events from decorations provider vscode.git 1198
2026-01-30 23:59:31.836 [warning] [Decorations] CAPPING events from decorations provider vscode.git 1198
2026-01-30 23:59:36.998 [warning] [Decorations] CAPPING events from decorations provider vscode.git 1198
2026-01-30 23:59:42.202 [warning] [Decorations] CAPPING events from decorations provider vscode.git 1198
2026-01-30 23:59:47.364 [warning] [Decorations] CAPPING events from decorations provider vscode.git 1198
2026-01-30 23:59:52.518 [warning] [Decorations] CAPPING events from decorations provider vscode.git 1198
2026-01-30 23:59:58.733 [warning] [Decorations] CAPPING events from decorations provider vscode.git 1198
2026-01-31 00:08:50.661 [warning] [Decorations] CAPPING events from decorations provider vscode.git 1198
2026-01-31 00:08:55.803 [warning] [Decorations] CAPPING events from decorations provider vscode.git 1199
2026-01-31 00:09:01.545 [warning] [Decorations] CAPPING events from decorations provider vscode.git 1199
2026-01-31 00:09:06.709 [warning] [Decorations] CAPPING events from decorations provider vscode.git 1199
2026-01-31 00:09:11.867 [warning] [Decorations] CAPPING events from decorations provider vscode.git 1199
2026-01-31 00:09:17.055 [warning] [Decorations] CAPPING events from decorations provider vscode.git 1199
2026-01-31 00:09:22.223 [warning] [Decorations] CAPPING events from decorations provider vscode.git 1199
2026-01-31 00:09:27.387 [warning] [Decorations] CAPPING events from decorations provider vscode.git 1199
2026-01-31 00:09:44.944 [warning] [Decorations] CAPPING events from decorations provider vscode.git 1199
2026-01-31 00:09:50.117 [warning] [Decorations] CAPPING events from decorations provider vscode.git 1200
2026-01-31 00:09:55.279 [warning] [Decorations] CAPPING events from decorations provider vscode.git 1200
2026-01-31 00:10:00.441 [warning] [Decorations] CAPPING events from decorations provider vscode.git 1200
2026-01-31 00:10:05.612 [warning] [Decorations] CAPPING events from decorations provider vscode.git 1200
2026-01-31 00:10:10.778 [warning] [Decorations] CAPPING events from decorations provider vscode.git 1200
2026-01-31 00:10:15.956 [warning] [Decorations] CAPPING events from decorations provider vscode.git 1200
2026-01-31 00:10:21.244 [warning] [Decorations] CAPPING events from decorations provider vscode.git 1200
2026-01-31 00:10:41.225 [warning] [Decorations] CAPPING events from decorations provider vscode.git 1200
2026-01-31 00:10:46.401 [warning] [Decorations] CAPPING events from decorations provider vscode.git 1200
2026-01-31 00:10:51.566 [warning] [Decorations] CAPPING events from decorations provider vscode.git 1200
2026-01-31 00:10:56.720 [warning] [Decorations] CAPPING events from decorations provider vscode.git 1200
2026-01-31 00:11:01.874 [warning] [Decorations] CAPPING events from decorations provider vscode.git 1201
2026-01-31 00:11:07.029 [warning] [Decorations] CAPPING events from decorations provider vscode.git 1201
2026-01-31 00:11:12.176 [warning] [Decorations] CAPPING events from decorations provider vscode.git 1201
2026-01-31 00:11:17.335 [warning] [Decorations] CAPPING events from decorations provider vscode.git 1201
2026-01-31 00:11:23.047 [warning] [Decorations] CAPPING events from decorations provider vscode.git 1201
2026-01-31 00:11:28.198 [warning] [Decorations] CAPPING events from decorations provider vscode.git 1201
2026-01-31 00:11:33.370 [warning] [Decorations] CAPPING events from decorations provider vscode.git 1201
2026-01-31 00:11:38.520 [warning] [Decorations] CAPPING events from decorations provider vscode.git 1201
2026-01-31 00:11:43.696 [warning] [Decorations] CAPPING events from decorations provider vscode.git 1201
2026-01-31 00:11:48.868 [warning] [Decorations] CAPPING events from decorations provider vscode.git 1201
2026-01-31 00:11:54.018 [warning] [Decorations] CAPPING events from decorations provider vscode.git 1202
2026-01-31 00:11:59.172 [warning] [Decorations] CAPPING events from decorations provider vscode.git 1202
2026-01-31 00:12:04.344 [warning] [Decorations] CAPPING events from decorations provider vscode.git 1202
2026-01-31 00:12:09.490 [warning] [Decorations] CAPPING events from decorations provider vscode.git 1202
2026-01-31 00:12:14.631 [warning] [Decorations] CAPPING events from decorations provider vscode.git 1202
2026-01-31 00:12:19.846 [warning] [Decorations] CAPPING events from decorations provider vscode.git 1202
2026-01-31 00:12:25.012 [warning] [Decorations] CAPPING events from decorations provider vscode.git 1202
2026-01-31 00:12:30.667 [warning] [Decorations] CAPPING events from decorations provider vscode.git 1202
2026-01-31 00:12:35.805 [warning] [Decorations] CAPPING events from decorations provider vscode.git 1202
2026-01-31 00:12:40.938 [warning] [Decorations] CAPPING events from decorations provider vscode.git 1202
2026-01-31 00:12:46.095 [warning] [Decorations] CAPPING events from decorations provider vscode.git 1202
2026-01-31 00:12:51.266 [warning] [Decorations] CAPPING events from decorations provider vscode.git 1203
2026-01-31 00:12:56.945 [warning] [Decorations] CAPPING events from decorations provider vscode.git 1203
2026-01-31 00:13:02.407 [warning] [Decorations] CAPPING events from decorations provider vscode.git 1203
2026-01-31 00:13:07.549 [warning] [Decorations] CAPPING events from decorations provider vscode.git 1203
2026-01-31 00:13:12.719 [warning] [Decorations] CAPPING events from decorations provider vscode.git 1203
2026-01-31 00:13:17.891 [warning] [Decorations] CAPPING events from decorations provider vscode.git 1203
2026-01-31 00:13:23.065 [warning] [Decorations] CAPPING events from decorations provider vscode.git 1203
2026-01-31 00:13:28.230 [warning] [Decorations] CAPPING events from decorations provider vscode.git 1203
2026-01-31 00:13:33.371 [warning] [Decorations] CAPPING events from decorations provider vscode.git 1203
2026-01-31 00:13:41.059 [warning] [Decorations] CAPPING events from decorations provider vscode.git 1204
2026-01-31 00:13:46.219 [warning] [Decorations] CAPPING events from decorations provider vscode.git 1204
2026-01-31 00:13:52.088 [warning] [Decorations] CAPPING events from decorations provider vscode.git 1205
2026-01-31 00:14:08.350 [warning] [Decorations] CAPPING events from decorations provider vscode.git 1205
2026-01-31 00:14:13.575 [warning] [Decorations] CAPPING events from decorations provider vscode.git 1206
2026-01-31 00:14:18.763 [warning] [Decorations] CAPPING events from decorations provider vscode.git 1206
2026-01-31 00:14:23.901 [warning] [Decorations] CAPPING events from decorations provider vscode.git 1206
2026-01-31 00:14:30.543 [warning] [Decorations] CAPPING events from decorations provider vscode.git 1206
2026-01-31 00:14:35.730 [warning] [Decorations] CAPPING events from decorations provider vscode.git 1206
2026-01-31 00:14:40.917 [warning] [Decorations] CAPPING events from decorations provider vscode.git 1206
2026-01-31 00:14:46.429 [warning] [Decorations] CAPPING events from decorations provider vscode.git 1206
2026-01-31 00:18:12.573 [warning] [Decorations] CAPPING events from decorations provider vscode.git 1206
2026-01-31 00:18:17.745 [warning] [Decorations] CAPPING events from decorations provider vscode.git 1207
2026-01-31 00:18:22.898 [warning] [Decorations] CAPPING events from decorations provider vscode.git 1207
2026-01-31 00:18:28.032 [warning] [Decorations] CAPPING events from decorations provider vscode.git 1207
2026-01-31 00:18:33.174 [warning] [Decorations] CAPPING events from decorations provider vscode.git 1207
2026-01-31 00:18:38.340 [warning] [Decorations] CAPPING events from decorations provider vscode.git 1207
2026-01-31 00:18:43.482 [warning] [Decorations] CAPPING events from decorations provider vscode.git 1207
2026-01-31 00:18:48.623 [warning] [Decorations] CAPPING events from decorations provider vscode.git 1207
2026-01-31 00:20:47.896 [warning] [Decorations] CAPPING events from decorations provider vscode.git 1207
2026-01-31 00:20:53.070 [warning] [Decorations] CAPPING events from decorations provider vscode.git 1208
2026-01-31 00:20:58.221 [warning] [Decorations] CAPPING events from decorations provider vscode.git 1208
2026-01-31 00:21:03.360 [warning] [Decorations] CAPPING events from decorations provider vscode.git 1208
2026-01-31 00:21:08.509 [warning] [Decorations] CAPPING events from decorations provider vscode.git 1208
2026-01-31 00:21:13.689 [warning] [Decorations] CAPPING events from decorations provider vscode.git 1208
2026-01-31 00:21:18.838 [warning] [Decorations] CAPPING events from decorations provider vscode.git 1208
2026-01-31 00:21:29.495 [warning] [Decorations] CAPPING events from decorations provider vscode.git 1209
2026-01-31 00:21:34.615 [warning] [Decorations] CAPPING events from decorations provider vscode.git 1209
2026-01-31 00:21:39.760 [warning] [Decorations] CAPPING events from decorations provider vscode.git 1209
2026-01-31 00:21:44.908 [warning] [Decorations] CAPPING events from decorations provider vscode.git 1210
2026-01-31 00:21:50.140 [warning] [Decorations] CAPPING events from decorations provider vscode.git 1210
2026-01-31 00:21:55.601 [warning] [Decorations] CAPPING events from decorations provider vscode.git 1210
2026-01-31 00:22:19.068 [warning] [Decorations] CAPPING events from decorations provider vscode.git 1210
2026-01-31 00:22:24.279 [warning] [Decorations] CAPPING events from decorations provider vscode.git 1211
2026-01-31 00:22:35.970 [warning] [Decorations] CAPPING events from decorations provider vscode.git 1211
2026-01-31 00:22:41.134 [warning] [Decorations] CAPPING events from decorations provider vscode.git 1211
2026-01-31 00:22:46.255 [warning] [Decorations] CAPPING events from decorations provider vscode.git 1211
2026-01-31 00:22:51.405 [warning] [Decorations] CAPPING events from decorations provider vscode.git 1211
2026-01-31 00:22:59.157 [warning] [Decorations] CAPPING events from decorations provider vscode.git 1211
2026-01-31 00:23:04.328 [warning] [Decorations] CAPPING events from decorations provider vscode.git 1211
2026-01-31 00:23:09.534 [warning] [Decorations] CAPPING events from decorations provider vscode.git 1211
2026-01-31 00:23:14.704 [warning] [Decorations] CAPPING events from decorations provider vscode.git 1211
2026-01-31 00:23:19.862 [warning] [Decorations] CAPPING events from decorations provider vscode.git 1211
2026-01-31 00:25:52.506 [warning] [Decorations] CAPPING events from decorations provider vscode.git 1211
2026-01-31 00:25:57.821 [warning] [Decorations] CAPPING events from decorations provider vscode.git 1212
2026-01-31 00:26:02.998 [warning] [Decorations] CAPPING events from decorations provider vscode.git 1212
2026-01-31 00:26:08.173 [warning] [Decorations] CAPPING events from decorations provider vscode.git 1212
2026-01-31 00:26:35.362 [warning] [Decorations] CAPPING events from decorations provider vscode.git 1212
2026-01-31 00:26:40.600 [warning] [Decorations] CAPPING events from decorations provider vscode.git 1213
2026-01-31 00:26:45.728 [warning] [Decorations] CAPPING events from decorations provider vscode.git 1213
2026-01-31 00:26:50.871 [warning] [Decorations] CAPPING events from decorations provider vscode.git 1213
2026-01-31 00:26:56.025 [warning] [Decorations] CAPPING events from decorations provider vscode.git 1213
2026-01-31 00:27:01.198 [warning] [Decorations] CAPPING events from decorations provider vscode.git 1213
2026-01-31 00:27:06.357 [warning] [Decorations] CAPPING events from decorations provider vscode.git 1213
2026-01-31 00:27:11.511 [warning] [Decorations] CAPPING events from decorations provider vscode.git 1213
2026-01-31 00:27:16.692 [warning] [Decorations] CAPPING events from decorations provider vscode.git 1213
2026-01-31 00:27:21.838 [warning] [Decorations] CAPPING events from decorations provider vscode.git 1213
2026-01-31 00:27:26.990 [warning] [Decorations] CAPPING events from decorations provider vscode.git 1213
2026-01-31 00:27:32.125 [warning] [Decorations] CAPPING events from decorations provider vscode.git 1214
2026-01-31 00:27:37.253 [warning] [Decorations] CAPPING events from decorations provider vscode.git 1214
2026-01-31 00:27:42.405 [warning] [Decorations] CAPPING events from decorations provider vscode.git 1214
2026-01-31 00:27:47.567 [warning] [Decorations] CAPPING events from decorations provider vscode.git 1214
2026-01-31 00:27:52.718 [warning] [Decorations] CAPPING events from decorations provider vscode.git 1214
2026-01-31 00:27:57.873 [warning] [Decorations] CAPPING events from decorations provider vscode.git 1214
2026-01-31 00:28:03.044 [warning] [Decorations] CAPPING events from decorations provider vscode.git 1214
2026-01-31 00:28:08.232 [warning] [Decorations] CAPPING events from decorations provider vscode.git 1214
2026-01-31 00:28:13.411 [warning] [Decorations] CAPPING events from decorations provider vscode.git 1214
2026-01-31 00:28:18.592 [warning] [Decorations] CAPPING events from decorations provider vscode.git 1214
2026-01-31 00:28:23.724 [warning] [Decorations] CAPPING events from decorations provider vscode.git 1214
2026-01-31 00:28:28.887 [warning] [Decorations] CAPPING events from decorations provider vscode.git 1214
2026-01-31 00:28:34.044 [warning] [Decorations] CAPPING events from decorations provider vscode.git 1214
2026-01-31 00:28:39.208 [warning] [Decorations] CAPPING events from decorations provider vscode.git 1214
2026-01-31 00:28:50.890 [warning] [Decorations] CAPPING events from decorations provider vscode.git 1215
2026-01-31 00:28:56.004 [warning] [Decorations] CAPPING events from decorations provider vscode.git 1215
2026-01-31 00:29:01.219 [warning] [Decorations] CAPPING events from decorations provider vscode.git 1215
2026-01-31 00:29:06.386 [warning] [Decorations] CAPPING events from decorations provider vscode.git 1215
2026-01-31 00:29:12.073 [warning] [Decorations] CAPPING events from decorations provider vscode.git 1215
2026-01-31 00:29:17.237 [warning] [Decorations] CAPPING events from decorations provider vscode.git 1215
2026-01-31 00:29:24.104 [warning] [Decorations] CAPPING events from decorations provider vscode.git 1215
2026-01-31 00:29:29.291 [warning] [Decorations] CAPPING events from decorations provider vscode.git 1215
2026-01-31 00:29:34.443 [warning] [Decorations] CAPPING events from decorations provider vscode.git 1215
2026-01-31 00:29:40.036 [warning] [Decorations] CAPPING events from decorations provider vscode.git 1215
2026-01-31 00:33:20.252 [warning] [Decorations] CAPPING events from decorations provider vscode.git 1215
2026-01-31 00:33:25.428 [warning] [Decorations] CAPPING events from decorations provider vscode.git 1216
2026-01-31 00:33:30.570 [warning] [Decorations] CAPPING events from decorations provider vscode.git 1216
2026-01-31 00:33:37.555 [warning] [Decorations] CAPPING events from decorations provider vscode.git 1216
2026-01-31 00:33:42.704 [warning] [Decorations] CAPPING events from decorations provider vscode.git 1216
2026-01-31 00:33:50.562 [warning] [Decorations] CAPPING events from decorations provider vscode.git 1216
2026-01-31 00:33:55.733 [warning] [Decorations] CAPPING events from decorations provider vscode.git 1216
2026-01-31 00:34:01.610 [warning] [Decorations] CAPPING events from decorations provider vscode.git 1216
2026-01-31 00:34:06.770 [warning] [Decorations] CAPPING events from decorations provider vscode.git 1216
2026-01-31 00:34:17.057 [warning] [Decorations] CAPPING events from decorations provider vscode.git 1216
2026-01-31 00:34:22.229 [warning] [Decorations] CAPPING events from decorations provider vscode.git 1216
2026-01-31 00:34:27.420 [warning] [Decorations] CAPPING events from decorations provider vscode.git 1217
2026-01-31 00:34:32.609 [warning] [Decorations] CAPPING events from decorations provider vscode.git 1217
2026-01-31 00:34:37.761 [warning] [Decorations] CAPPING events from decorations provider vscode.git 1217
2026-01-31 00:34:42.914 [warning] [Decorations] CAPPING events from decorations provider vscode.git 1218
2026-01-31 00:34:48.074 [warning] [Decorations] CAPPING events from decorations provider vscode.git 1218
2026-01-31 00:34:53.218 [warning] [Decorations] CAPPING events from decorations provider vscode.git 1218
2026-01-31 00:34:58.378 [warning] [Decorations] CAPPING events from decorations provider vscode.git 1218
2026-01-31 00:35:03.535 [warning] [Decorations] CAPPING events from decorations provider vscode.git 1218
2026-01-31 00:35:08.707 [warning] [Decorations] CAPPING events from decorations provider vscode.git 1218
2026-01-31 00:35:13.870 [warning] [Decorations] CAPPING events from decorations provider vscode.git 1218
2026-01-31 00:35:23.661 [warning] [Decorations] CAPPING events from decorations provider vscode.git 1219
2026-01-31 00:35:28.819 [warning] [Decorations] CAPPING events from decorations provider vscode.git 1219
2026-01-31 00:35:33.991 [warning] [Decorations] CAPPING events from decorations provider vscode.git 1219
2026-01-31 00:35:43.718 [warning] [Decorations] CAPPING events from decorations provider vscode.git 1219
2026-01-31 00:35:50.705 [warning] [Decorations] CAPPING events from decorations provider vscode.git 1219
2026-01-31 00:35:55.856 [warning] [Decorations] CAPPING events from decorations provider vscode.git 1219
2026-01-31 00:36:01.011 [warning] [Decorations] CAPPING events from decorations provider vscode.git 1219
2026-01-31 00:36:06.161 [warning] [Decorations] CAPPING events from decorations provider vscode.git 1219
2026-01-31 00:36:11.278 [warning] [Decorations] CAPPING events from decorations provider vscode.git 1219
2026-01-31 00:36:16.415 [warning] [Decorations] CAPPING events from decorations provider vscode.git 1219
2026-01-31 00:36:21.542 [warning] [Decorations] CAPPING events from decorations provider vscode.git 1219
2026-01-31 00:36:30.250 [warning] [Decorations] CAPPING events from decorations provider vscode.git 1219
2026-01-31 00:36:36.229 [warning] [Decorations] CAPPING events from decorations provider vscode.git 1219
2026-01-31 00:36:41.437 [warning] [Decorations] CAPPING events from decorations provider vscode.git 1219
2026-01-31 00:36:46.589 [warning] [Decorations] CAPPING events from decorations provider vscode.git 1219
2026-01-31 00:36:52.304 [warning] [Decorations] CAPPING events from decorations provider vscode.git 1219
2026-01-31 00:36:57.488 [warning] [Decorations] CAPPING events from decorations provider vscode.git 1219
2026-01-31 00:37:02.662 [warning] [Decorations] CAPPING events from decorations provider vscode.git 1219
2026-01-31 00:37:08.049 [warning] [Decorations] CAPPING events from decorations provider vscode.git 1219
2026-01-31 00:45:00.357 [warning] [Decorations] CAPPING events from decorations provider vscode.git 1219
2026-01-31 00:45:05.511 [warning] [Decorations] CAPPING events from decorations provider vscode.git 1219
2026-01-31 00:45:10.691 [warning] [Decorations] CAPPING events from decorations provider vscode.git 1219
2026-01-31 00:45:15.993 [warning] [Decorations] CAPPING events from decorations provider vscode.git 1219
2026-01-31 00:45:21.173 [warning] [Decorations] CAPPING events from decorations provider vscode.git 1219
2026-01-31 00:45:26.359 [warning] [Decorations] CAPPING events from decorations provider vscode.git 1219
2026-01-31 00:48:04.226 [warning] [Decorations] CAPPING events from decorations provider vscode.git 1219
2026-01-31 00:48:09.415 [warning] [Decorations] CAPPING events from decorations provider vscode.git 1219
2026-01-31 00:48:14.621 [warning] [Decorations] CAPPING events from decorations provider vscode.git 1219
2026-01-31 00:48:19.773 [warning] [Decorations] CAPPING events from decorations provider vscode.git 1219
2026-01-31 00:48:25.106 [warning] [Decorations] CAPPING events from decorations provider vscode.git 1219
2026-01-31 00:49:48.427 [warning] [Decorations] CAPPING events from decorations provider vscode.git 1219
2026-01-31 00:49:53.624 [warning] [Decorations] CAPPING events from decorations provider vscode.git 1219
2026-01-31 00:49:58.880 [warning] [Decorations] CAPPING events from decorations provider vscode.git 1220
2026-01-31 00:50:12.549 [warning] [Decorations] CAPPING events from decorations provider vscode.git 1220
2026-01-31 00:50:17.697 [warning] [Decorations] CAPPING events from decorations provider vscode.git 1222
2026-01-31 00:50:22.879 [warning] [Decorations] CAPPING events from decorations provider vscode.git 1222
2026-01-31 00:50:28.033 [warning] [Decorations] CAPPING events from decorations provider vscode.git 1222
2026-01-31 00:50:33.964 [warning] [Decorations] CAPPING events from decorations provider vscode.git 1222
2026-01-31 00:50:39.104 [warning] [Decorations] CAPPING events from decorations provider vscode.git 1222
2026-01-31 00:50:44.277 [warning] [Decorations] CAPPING events from decorations provider vscode.git 1222
2026-01-31 00:50:49.460 [warning] [Decorations] CAPPING events from decorations provider vscode.git 1222
2026-01-31 00:50:54.639 [warning] [Decorations] CAPPING events from decorations provider vscode.git 1223
2026-01-31 00:50:59.836 [warning] [Decorations] CAPPING events from decorations provider vscode.git 1223
2026-01-31 00:51:05.043 [warning] [Decorations] CAPPING events from decorations provider vscode.git 1223
2026-01-31 00:51:10.205 [warning] [Decorations] CAPPING events from decorations provider vscode.git 1223
2026-01-31 00:51:15.383 [warning] [Decorations] CAPPING events from decorations provider vscode.git 1223
2026-01-31 00:51:20.570 [warning] [Decorations] CAPPING events from decorations provider vscode.git 1223
2026-01-31 00:51:25.726 [warning] [Decorations] CAPPING events from decorations provider vscode.git 1223
2026-01-31 00:51:30.882 [warning] [Decorations] CAPPING events from decorations provider vscode.git 1223
2026-01-31 00:51:36.064 [warning] [Decorations] CAPPING events from decorations provider vscode.git 1223
2026-01-31 00:51:41.803 [warning] [Decorations] CAPPING events from decorations provider vscode.git 1223
2026-01-31 00:51:46.982 [warning] [Decorations] CAPPING events from decorations provider vscode.git 1223
2026-01-31 00:51:52.285 [warning] [Decorations] CAPPING events from decorations provider vscode.git 1223
2026-01-31 00:51:57.618 [warning] [Decorations] CAPPING events from decorations provider vscode.git 1223
