2026-01-31 04:27:38.211 [info] [main] Log level: Info
2026-01-31 04:27:38.211 [info] [main] Validating found git in: "git"
2026-01-31 04:27:38.211 [info] [main] Using git "2.52.0" from "git"
2026-01-31 04:27:38.211 [info] [Model][doInitialScan] Initial repository scan started
2026-01-31 04:27:38.211 [info] > git rev-parse --show-toplevel [28ms]
2026-01-31 04:27:38.211 [info] > git rev-parse --git-dir --git-common-dir --show-superproject-working-tree [123ms]
2026-01-31 04:27:38.211 [info] [Model][openRepository] Opened repository (path): /data/data/com.termux/files/home
2026-01-31 04:27:38.211 [info] [Model][openRepository] Opened repository (real path): /data/data/com.termux/files/home
2026-01-31 04:27:38.211 [info] [Model][openRepository] Opened repository (kind): repository
2026-01-31 04:27:38.211 [info] > git rev-parse --show-toplevel [104ms]
2026-01-31 04:27:38.211 [info] > git config --get commit.template [122ms]
2026-01-31 04:27:38.211 [info] > git rev-parse --show-toplevel [35ms]
2026-01-31 04:27:38.239 [info] > git for-each-ref --format=%(refname)%00%(upstream:short)%00%(objectname)%00%(upstream:track)%00%(upstream:remotename)%00%(upstream:remoteref) refs/heads/main refs/remotes/main [62ms]
2026-01-31 04:27:38.254 [info] > git rev-parse --show-toplevel [18ms]
2026-01-31 04:27:38.318 [info] > git for-each-ref --sort -committerdate --format %(refname)%00%(objectname)%00%(*objectname) [24ms]
2026-01-31 04:27:38.359 [info] > git rev-parse --show-toplevel [47ms]
2026-01-31 04:27:38.362 [info] > git status -z -uall [90ms]
2026-01-31 04:27:39.185 [info] > git for-each-ref --format=%(refname)%00%(upstream:short)%00%(objectname)%00%(upstream:track)%00%(upstream:remotename)%00%(upstream:remoteref) refs/heads/main refs/remotes/main [705ms]
2026-01-31 04:27:39.224 [info] > git config --get --local branch.main.vscode-merge-base [22ms]
2026-01-31 04:27:39.224 [warning] [Git][config] git config failed: Failed to execute git
2026-01-31 04:27:39.242 [info] > git config --get commit.template [59ms]
2026-01-31 04:27:39.243 [info] > git rev-parse --show-toplevel [75ms]
2026-01-31 04:27:39.273 [info] > git check-ignore -v -z --stdin [53ms]
2026-01-31 04:27:39.299 [info] > git rev-parse --show-toplevel [30ms]
2026-01-31 04:27:39.300 [info] > git reflog main --grep-reflog=branch: Created from *. [58ms]
2026-01-31 04:27:39.337 [info] > git for-each-ref --format=%(refname)%00%(upstream:short)%00%(objectname)%00%(upstream:track)%00%(upstream:remotename)%00%(upstream:remoteref) refs/heads/main refs/remotes/main [43ms]
2026-01-31 04:27:39.339 [info] > git symbolic-ref --short refs/remotes/origin/HEAD [22ms]
2026-01-31 04:27:39.339 [info] fatal: ref refs/remotes/origin/HEAD is not a symbolic ref
2026-01-31 04:27:39.339 [warning] [Repository][getDefaultBranch] Failed to get default branch details: Failed to execute git.
2026-01-31 04:27:39.359 [info] > git rev-parse --show-toplevel [24ms]
2026-01-31 04:27:39.372 [info] [Model][doInitialScan] Initial repository scan completed - repositories (1), closed repositories (0), parent repositories (0), unsafe repositories (0)
2026-01-31 04:27:39.374 [info] > git merge-base refs/heads/main refs/remotes/origin/main [21ms]
2026-01-31 04:27:39.439 [info] > git diff --raw --numstat --diff-filter=ADMR -z --find-renames=50% 0032fdd865b150504279f68abdd97d3422865b82...refs/remotes/origin/main -- [51ms]
2026-01-31 04:27:39.447 [info] > git for-each-ref --sort -committerdate --format %(refname)%00%(objectname)%00%(*objectname) [10ms]
2026-01-31 04:27:39.470 [info] > git status -z -uall [58ms]
2026-01-31 04:27:48.371 [info] > git config --get commit.template [21ms]
2026-01-31 04:27:48.382 [info] > git for-each-ref --format=%(refname)%00%(upstream:short)%00%(objectname)%00%(upstream:track)%00%(upstream:remotename)%00%(upstream:remoteref) refs/heads/main refs/remotes/main [13ms]
2026-01-31 04:27:48.427 [info] > git for-each-ref --sort -committerdate --format %(refname)%00%(objectname)%00%(*objectname) [12ms]
2026-01-31 04:27:48.454 [info] > git status -z -uall [55ms]
2026-01-31 04:27:53.543 [info] > git config --get commit.template [22ms]
2026-01-31 04:27:53.555 [info] > git for-each-ref --format=%(refname)%00%(upstream:short)%00%(objectname)%00%(upstream:track)%00%(upstream:remotename)%00%(upstream:remoteref) refs/heads/main refs/remotes/main [16ms]
2026-01-31 04:27:53.596 [info] > git for-each-ref --sort -committerdate --format %(refname)%00%(objectname)%00%(*objectname) [12ms]
2026-01-31 04:27:53.624 [info] > git status -z -uall [53ms]
2026-01-31 04:27:58.707 [info] > git config --get commit.template [14ms]
2026-01-31 04:27:58.714 [info] > git for-each-ref --format=%(refname)%00%(upstream:short)%00%(objectname)%00%(upstream:track)%00%(upstream:remotename)%00%(upstream:remoteref) refs/heads/main refs/remotes/main [10ms]
2026-01-31 04:27:58.751 [info] > git for-each-ref --sort -committerdate --format %(refname)%00%(objectname)%00%(*objectname) [10ms]
2026-01-31 04:27:58.771 [info] > git status -z -uall [44ms]
2026-01-31 04:28:15.675 [info] > git config --get commit.template [74ms]
2026-01-31 04:28:15.754 [info] > git for-each-ref --format=%(refname)%00%(upstream:short)%00%(objectname)%00%(upstream:track)%00%(upstream:remotename)%00%(upstream:remoteref) refs/heads/main refs/remotes/main [33ms]
2026-01-31 04:28:15.825 [info] > git for-each-ref --sort -committerdate --format %(refname)%00%(objectname)%00%(*objectname) [17ms]
2026-01-31 04:28:15.889 [info] > git status -z -uall [104ms]
2026-01-31 04:28:21.000 [info] > git config --get commit.template [41ms]
2026-01-31 04:28:22.185 [info] > git for-each-ref --format=%(refname)%00%(upstream:short)%00%(objectname)%00%(upstream:track)%00%(upstream:remotename)%00%(upstream:remoteref) refs/heads/main refs/remotes/main [1188ms]
2026-01-31 04:28:22.190 [info] > git check-ignore -v -z --stdin [15ms]
2026-01-31 04:28:22.243 [info] > git for-each-ref --sort -committerdate --format %(refname)%00%(objectname)%00%(*objectname) [17ms]
2026-01-31 04:28:22.255 [info] > git status -z -uall [47ms]
2026-01-31 04:28:27.363 [info] > git config --get commit.template [24ms]
2026-01-31 04:28:27.371 [info] > git for-each-ref --format=%(refname)%00%(upstream:short)%00%(objectname)%00%(upstream:track)%00%(upstream:remotename)%00%(upstream:remoteref) refs/heads/main refs/remotes/main [9ms]
2026-01-31 04:28:27.416 [info] > git for-each-ref --sort -committerdate --format %(refname)%00%(objectname)%00%(*objectname) [12ms]
2026-01-31 04:28:27.443 [info] > git status -z -uall [53ms]
