2026-01-31 02:08:16.700 [info] Extension host with pid 19672 started
2026-01-31 02:08:16.700 [error] Error: EEXIST: file already exists, open '/data/data/com.termux/files/home/.local/share/code-server/User/workspaceStorage/6b2b686c/vscode.lock'
2026-01-31 02:08:16.707 [info] Lock '/data/data/com.termux/files/home/.local/share/code-server/User/workspaceStorage/6b2b686c/vscode.lock': Could not acquire lock, checking if the file is stale.
2026-01-31 02:08:16.711 [info] Lock '/data/data/com.termux/files/home/.local/share/code-server/User/workspaceStorage/6b2b686c/vscode.lock': The pid 4335 appears to be gone.
2026-01-31 02:08:16.712 [info] Lock '/data/data/com.termux/files/home/.local/share/code-server/User/workspaceStorage/6b2b686c/vscode.lock': Deleting a stale lock.
2026-01-31 02:08:16.733 [info] Lock '/data/data/com.termux/files/home/.local/share/code-server/User/workspaceStorage/6b2b686c/vscode.lock': Lock acquired.
2026-01-31 02:08:17.160 [info] ExtensionService#_doActivateExtension vscode.github-authentication, startup: false, activationEvent: 'onAuthenticationRequest:github'
2026-01-31 02:08:17.164 [info] ExtensionService#_doActivateExtension ms-python.python, startup: false, activationEvent: 'onLanguage:python'
2026-01-31 02:08:17.165 [info] ExtensionService#_doActivateExtension vscode.emmet, startup: false, activationEvent: 'onLanguage'
2026-01-31 02:08:19.027 [info] ExtensionService#_doActivateExtension vscode.git-base, startup: true, activationEvent: '*', root cause: vscode.git
2026-01-31 02:08:20.028 [info] ExtensionService#_doActivateExtension vscode.git, startup: true, activationEvent: '*'
2026-01-31 02:08:20.033 [info] ExtensionService#_doActivateExtension vscode.github, startup: true, activationEvent: '*'
2026-01-31 02:08:20.247 [info] ExtensionService#_doActivateExtension vscode.terminal-suggest, startup: false, activationEvent: 'onTerminalShellIntegration:*'
2026-01-31 02:08:22.493 [warning] [Decorations] CAPPING events from decorations provider vscode.git 1232
2026-01-31 02:08:23.252 [info] Eager extensions activated
2026-01-31 02:08:23.252 [info] ExtensionService#_doActivateExtension vscode.debug-auto-launch, startup: false, activationEvent: 'onStartupFinished'
2026-01-31 02:08:23.254 [info] ExtensionService#_doActivateExtension vscode.merge-conflict, startup: false, activationEvent: 'onStartupFinished'
2026-01-31 02:08:23.590 [warning] [Decorations] CAPPING events from decorations provider vscode.git 1232
2026-01-31 02:08:27.650 [warning] [Decorations] CAPPING events from decorations provider vscode.git 1233
2026-01-31 02:08:32.845 [warning] [Decorations] CAPPING events from decorations provider vscode.git 1233
2026-01-31 02:08:38.050 [warning] [Decorations] CAPPING events from decorations provider vscode.git 1233
2026-01-31 02:08:43.219 [warning] [Decorations] CAPPING events from decorations provider vscode.git 1233
2026-01-31 02:08:48.980 [warning] [Decorations] CAPPING events from decorations provider vscode.git 1234
2026-01-31 02:09:01.107 [warning] [Decorations] CAPPING events from decorations provider vscode.git 1234
2026-01-31 02:09:06.266 [warning] [Decorations] CAPPING events from decorations provider vscode.git 1236
2026-01-31 02:09:11.429 [warning] [Decorations] CAPPING events from decorations provider vscode.git 1236
2026-01-31 02:09:16.607 [warning] [Decorations] CAPPING events from decorations provider vscode.git 1236
2026-01-31 02:09:21.792 [warning] [Decorations] CAPPING events from decorations provider vscode.git 1236
2026-01-31 02:09:26.945 [warning] [Decorations] CAPPING events from decorations provider vscode.git 1236
2026-01-31 02:09:32.106 [warning] [Decorations] CAPPING events from decorations provider vscode.git 1236
2026-01-31 02:09:37.251 [warning] [Decorations] CAPPING events from decorations provider vscode.git 1236
2026-01-31 02:09:42.410 [warning] [Decorations] CAPPING events from decorations provider vscode.git 1236
2026-01-31 02:09:47.729 [warning] [Decorations] CAPPING events from decorations provider vscode.git 1236
2026-01-31 02:09:52.877 [warning] [Decorations] CAPPING events from decorations provider vscode.git 1236
2026-01-31 02:09:58.041 [warning] [Decorations] CAPPING events from decorations provider vscode.git 1236
2026-01-31 02:10:03.200 [warning] [Decorations] CAPPING events from decorations provider vscode.git 1236
2026-01-31 02:10:08.345 [warning] [Decorations] CAPPING events from decorations provider vscode.git 1236
2026-01-31 02:10:13.511 [warning] [Decorations] CAPPING events from decorations provider vscode.git 1237
2026-01-31 02:10:18.675 [warning] [Decorations] CAPPING events from decorations provider vscode.git 1237
2026-01-31 02:10:23.836 [warning] [Decorations] CAPPING events from decorations provider vscode.git 1237
2026-01-31 02:10:29.010 [warning] [Decorations] CAPPING events from decorations provider vscode.git 1238
2026-01-31 02:10:34.172 [warning] [Decorations] CAPPING events from decorations provider vscode.git 1238
2026-01-31 02:10:39.331 [warning] [Decorations] CAPPING events from decorations provider vscode.git 1239
2026-01-31 02:10:44.514 [warning] [Decorations] CAPPING events from decorations provider vscode.git 1239
2026-01-31 02:10:49.685 [warning] [Decorations] CAPPING events from decorations provider vscode.git 1239
2026-01-31 02:10:54.862 [warning] [Decorations] CAPPING events from decorations provider vscode.git 1239
2026-01-31 02:11:00.026 [warning] [Decorations] CAPPING events from decorations provider vscode.git 1239
2026-01-31 02:11:05.156 [warning] [Decorations] CAPPING events from decorations provider vscode.git 1239
2026-01-31 02:11:10.308 [warning] [Decorations] CAPPING events from decorations provider vscode.git 1239
2026-01-31 02:11:15.463 [warning] [Decorations] CAPPING events from decorations provider vscode.git 1239
2026-01-31 02:11:20.831 [warning] [Decorations] CAPPING events from decorations provider vscode.git 1239
2026-01-31 02:11:35.694 [warning] [Decorations] CAPPING events from decorations provider vscode.git 1239
2026-01-31 02:11:58.656 [warning] [Decorations] CAPPING events from decorations provider vscode.git 1239
2026-01-31 02:12:03.827 [warning] [Decorations] CAPPING events from decorations provider vscode.git 1239
2026-01-31 02:12:40.836 [warning] [Decorations] CAPPING events from decorations provider vscode.git 1240
2026-01-31 02:12:45.997 [warning] [Decorations] CAPPING events from decorations provider vscode.git 1240
2026-01-31 02:12:51.166 [warning] [Decorations] CAPPING events from decorations provider vscode.git 1242
2026-01-31 02:12:56.357 [warning] [Decorations] CAPPING events from decorations provider vscode.git 1242
2026-01-31 02:13:01.534 [warning] [Decorations] CAPPING events from decorations provider vscode.git 1242
2026-01-31 02:13:06.700 [warning] [Decorations] CAPPING events from decorations provider vscode.git 1242
2026-01-31 02:13:11.848 [warning] [Decorations] CAPPING events from decorations provider vscode.git 1242
2026-01-31 02:13:17.014 [warning] [Decorations] CAPPING events from decorations provider vscode.git 1243
2026-01-31 02:13:22.158 [warning] [Decorations] CAPPING events from decorations provider vscode.git 1243
2026-01-31 02:13:27.298 [warning] [Decorations] CAPPING events from decorations provider vscode.git 1245
2026-01-31 02:13:32.432 [warning] [Decorations] CAPPING events from decorations provider vscode.git 1247
2026-01-31 02:13:37.555 [warning] [Decorations] CAPPING events from decorations provider vscode.git 1247
2026-01-31 02:13:43.232 [warning] [Decorations] CAPPING events from decorations provider vscode.git 1247
2026-01-31 02:13:48.412 [warning] [Decorations] CAPPING events from decorations provider vscode.git 1247
2026-01-31 02:13:53.589 [warning] [Decorations] CAPPING events from decorations provider vscode.git 1247
2026-01-31 02:13:58.758 [warning] [Decorations] CAPPING events from decorations provider vscode.git 1247
2026-01-31 02:14:03.709 [info] ExtensionService#_doActivateExtension vscode.npm, startup: false, activationEvent: 'onTerminalQuickFixRequest:ms-vscode.npm-command'
2026-01-31 02:14:03.970 [warning] [Decorations] CAPPING events from decorations provider vscode.git 1247
2026-01-31 02:14:09.110 [warning] [Decorations] CAPPING events from decorations provider vscode.git 1247
2026-01-31 02:14:10.717 [info] ExtensionService#_doActivateExtension vscode.configuration-editing, startup: false, activationEvent: 'onLanguage:json'
2026-01-31 02:14:10.718 [info] ExtensionService#_doActivateExtension vscode.extension-editing, startup: false, activationEvent: 'onLanguage:json'
2026-01-31 02:14:10.719 [info] ExtensionService#_doActivateExtension vscode.json-language-features, startup: false, activationEvent: 'onLanguage:json'
2026-01-31 02:14:14.282 [warning] [Decorations] CAPPING events from decorations provider vscode.git 1248
2026-01-31 02:14:19.487 [warning] [Decorations] CAPPING events from decorations provider vscode.git 1248
2026-01-31 02:14:24.640 [warning] [Decorations] CAPPING events from decorations provider vscode.git 1248
2026-01-31 02:14:29.811 [warning] [Decorations] CAPPING events from decorations provider vscode.git 1248
2026-01-31 02:14:49.493 [warning] [Decorations] CAPPING events from decorations provider vscode.git 1248
2026-01-31 02:14:54.654 [warning] [Decorations] CAPPING events from decorations provider vscode.git 1248
2026-01-31 02:15:08.233 [warning] [Decorations] CAPPING events from decorations provider vscode.git 1248
2026-01-31 02:15:13.423 [warning] [Decorations] CAPPING events from decorations provider vscode.git 1248
2026-01-31 02:15:18.570 [warning] [Decorations] CAPPING events from decorations provider vscode.git 1248
2026-01-31 02:15:23.716 [warning] [Decorations] CAPPING events from decorations provider vscode.git 1248
2026-01-31 02:15:28.862 [warning] [Decorations] CAPPING events from decorations provider vscode.git 1249
2026-01-31 02:15:34.034 [warning] [Decorations] CAPPING events from decorations provider vscode.git 1249
2026-01-31 02:15:39.204 [warning] [Decorations] CAPPING events from decorations provider vscode.git 1249
2026-01-31 02:15:44.368 [warning] [Decorations] CAPPING events from decorations provider vscode.git 1249
2026-01-31 02:15:49.548 [warning] [Decorations] CAPPING events from decorations provider vscode.git 1249
2026-01-31 02:15:54.739 [warning] [Decorations] CAPPING events from decorations provider vscode.git 1249
2026-01-31 02:15:59.911 [warning] [Decorations] CAPPING events from decorations provider vscode.git 1249
2026-01-31 02:16:05.141 [warning] [Decorations] CAPPING events from decorations provider vscode.git 1249
2026-01-31 02:16:10.300 [warning] [Decorations] CAPPING events from decorations provider vscode.git 1249
2026-01-31 02:16:15.451 [warning] [Decorations] CAPPING events from decorations provider vscode.git 1249
2026-01-31 02:16:20.593 [warning] [Decorations] CAPPING events from decorations provider vscode.git 1249
2026-01-31 02:16:25.772 [warning] [Decorations] CAPPING events from decorations provider vscode.git 1249
2026-01-31 02:16:38.328 [warning] [Decorations] CAPPING events from decorations provider vscode.git 1250
2026-01-31 02:16:43.491 [warning] [Decorations] CAPPING events from decorations provider vscode.git 1251
2026-01-31 02:16:48.640 [warning] [Decorations] CAPPING events from decorations provider vscode.git 1251
2026-01-31 02:16:53.804 [warning] [Decorations] CAPPING events from decorations provider vscode.git 1251
2026-01-31 02:17:01.520 [warning] [Decorations] CAPPING events from decorations provider vscode.git 1252
2026-01-31 02:17:06.690 [warning] [Decorations] CAPPING events from decorations provider vscode.git 1252
2026-01-31 02:17:11.837 [warning] [Decorations] CAPPING events from decorations provider vscode.git 1252
2026-01-31 02:17:16.989 [warning] [Decorations] CAPPING events from decorations provider vscode.git 1252
2026-01-31 02:17:22.199 [warning] [Decorations] CAPPING events from decorations provider vscode.git 1252
2026-01-31 02:17:27.358 [warning] [Decorations] CAPPING events from decorations provider vscode.git 1252
2026-01-31 02:17:32.529 [warning] [Decorations] CAPPING events from decorations provider vscode.git 1252
2026-01-31 02:17:37.658 [warning] [Decorations] CAPPING events from decorations provider vscode.git 1252
2026-01-31 02:17:42.813 [warning] [Decorations] CAPPING events from decorations provider vscode.git 1252
2026-01-31 02:17:47.974 [warning] [Decorations] CAPPING events from decorations provider vscode.git 1252
2026-01-31 02:17:53.168 [warning] [Decorations] CAPPING events from decorations provider vscode.git 1252
2026-01-31 02:17:58.343 [warning] [Decorations] CAPPING events from decorations provider vscode.git 1252
2026-01-31 02:18:03.508 [warning] [Decorations] CAPPING events from decorations provider vscode.git 1252
2026-01-31 02:18:08.660 [warning] [Decorations] CAPPING events from decorations provider vscode.git 1252
2026-01-31 02:18:13.918 [warning] [Decorations] CAPPING events from decorations provider vscode.git 1252
2026-01-31 02:18:19.072 [warning] [Decorations] CAPPING events from decorations provider vscode.git 1252
2026-01-31 02:21:57.650 [warning] [Decorations] CAPPING events from decorations provider vscode.git 1252
2026-01-31 02:22:03.078 [warning] [Decorations] CAPPING events from decorations provider vscode.git 1252
2026-01-31 02:22:08.272 [warning] [Decorations] CAPPING events from decorations provider vscode.git 1253
2026-01-31 02:22:18.306 [warning] [Decorations] CAPPING events from decorations provider vscode.git 1253
2026-01-31 02:22:23.465 [warning] [Decorations] CAPPING events from decorations provider vscode.git 1253
2026-01-31 02:22:28.890 [warning] [Decorations] CAPPING events from decorations provider vscode.git 1255
2026-01-31 02:22:34.054 [warning] [Decorations] CAPPING events from decorations provider vscode.git 1255
2026-01-31 02:22:39.241 [warning] [Decorations] CAPPING events from decorations provider vscode.git 1255
2026-01-31 02:22:44.405 [warning] [Decorations] CAPPING events from decorations provider vscode.git 1255
2026-01-31 02:22:49.593 [warning] [Decorations] CAPPING events from decorations provider vscode.git 1256
2026-01-31 02:22:54.749 [warning] [Decorations] CAPPING events from decorations provider vscode.git 1256
2026-01-31 02:22:59.885 [warning] [Decorations] CAPPING events from decorations provider vscode.git 1256
2026-01-31 02:23:05.035 [warning] [Decorations] CAPPING events from decorations provider vscode.git 1256
2026-01-31 02:23:10.203 [warning] [Decorations] CAPPING events from decorations provider vscode.git 1256
2026-01-31 02:23:15.362 [warning] [Decorations] CAPPING events from decorations provider vscode.git 1256
2026-01-31 02:23:20.517 [warning] [Decorations] CAPPING events from decorations provider vscode.git 1256
2026-01-31 02:23:25.682 [warning] [Decorations] CAPPING events from decorations provider vscode.git 1256
2026-01-31 02:23:30.847 [warning] [Decorations] CAPPING events from decorations provider vscode.git 1256
2026-01-31 02:23:36.039 [warning] [Decorations] CAPPING events from decorations provider vscode.git 1256
2026-01-31 02:23:41.223 [warning] [Decorations] CAPPING events from decorations provider vscode.git 1256
2026-01-31 02:23:46.424 [warning] [Decorations] CAPPING events from decorations provider vscode.git 1256
2026-01-31 02:23:51.576 [warning] [Decorations] CAPPING events from decorations provider vscode.git 1257
2026-01-31 02:23:56.766 [warning] [Decorations] CAPPING events from decorations provider vscode.git 1257
2026-01-31 02:24:01.946 [warning] [Decorations] CAPPING events from decorations provider vscode.git 1257
2026-01-31 02:24:07.104 [warning] [Decorations] CAPPING events from decorations provider vscode.git 1257
2026-01-31 02:24:12.266 [warning] [Decorations] CAPPING events from decorations provider vscode.git 1257
2026-01-31 02:24:17.405 [warning] [Decorations] CAPPING events from decorations provider vscode.git 1257
2026-01-31 02:24:22.551 [warning] [Decorations] CAPPING events from decorations provider vscode.git 1257
2026-01-31 02:24:27.716 [warning] [Decorations] CAPPING events from decorations provider vscode.git 1257
2026-01-31 02:24:32.874 [warning] [Decorations] CAPPING events from decorations provider vscode.git 1257
2026-01-31 02:24:38.046 [warning] [Decorations] CAPPING events from decorations provider vscode.git 1258
2026-01-31 02:24:43.200 [warning] [Decorations] CAPPING events from decorations provider vscode.git 1258
2026-01-31 02:24:48.410 [warning] [Decorations] CAPPING events from decorations provider vscode.git 1258
2026-01-31 02:24:53.556 [warning] [Decorations] CAPPING events from decorations provider vscode.git 1258
2026-01-31 02:24:58.728 [warning] [Decorations] CAPPING events from decorations provider vscode.git 1258
2026-01-31 02:25:03.928 [warning] [Decorations] CAPPING events from decorations provider vscode.git 1258
2026-01-31 02:25:09.512 [warning] [Decorations] CAPPING events from decorations provider vscode.git 1258
2026-01-31 02:25:58.685 [warning] [Decorations] CAPPING events from decorations provider vscode.git 1258
2026-01-31 02:26:03.851 [warning] [Decorations] CAPPING events from decorations provider vscode.git 1258
2026-01-31 02:26:09.018 [warning] [Decorations] CAPPING events from decorations provider vscode.git 1259
2026-01-31 02:26:14.753 [warning] [Decorations] CAPPING events from decorations provider vscode.git 1259
2026-01-31 02:26:19.923 [warning] [Decorations] CAPPING events from decorations provider vscode.git 1259
2026-01-31 02:28:02.194 [warning] [Decorations] CAPPING events from decorations provider vscode.git 1259
2026-01-31 02:28:07.365 [warning] [Decorations] CAPPING events from decorations provider vscode.git 1259
2026-01-31 02:28:12.548 [warning] [Decorations] CAPPING events from decorations provider vscode.git 1259
2026-01-31 02:28:17.715 [warning] [Decorations] CAPPING events from decorations provider vscode.git 1259
2026-01-31 02:28:22.879 [warning] [Decorations] CAPPING events from decorations provider vscode.git 1259
2026-01-31 02:28:28.075 [warning] [Decorations] CAPPING events from decorations provider vscode.git 1259
2026-01-31 02:28:33.238 [warning] [Decorations] CAPPING events from decorations provider vscode.git 1259
2026-01-31 02:28:38.403 [warning] [Decorations] CAPPING events from decorations provider vscode.git 1259
2026-01-31 02:28:43.578 [warning] [Decorations] CAPPING events from decorations provider vscode.git 1259
2026-01-31 02:28:48.739 [warning] [Decorations] CAPPING events from decorations provider vscode.git 1259
2026-01-31 02:28:53.922 [warning] [Decorations] CAPPING events from decorations provider vscode.git 1259
2026-01-31 02:28:59.099 [warning] [Decorations] CAPPING events from decorations provider vscode.git 1259
2026-01-31 02:29:04.273 [warning] [Decorations] CAPPING events from decorations provider vscode.git 1259
2026-01-31 02:29:09.464 [warning] [Decorations] CAPPING events from decorations provider vscode.git 1259
2026-01-31 02:29:14.649 [warning] [Decorations] CAPPING events from decorations provider vscode.git 1259
2026-01-31 02:29:19.836 [warning] [Decorations] CAPPING events from decorations provider vscode.git 1259
2026-01-31 02:29:25.012 [warning] [Decorations] CAPPING events from decorations provider vscode.git 1259
2026-01-31 02:29:30.181 [warning] [Decorations] CAPPING events from decorations provider vscode.git 1260
2026-01-31 02:29:35.350 [warning] [Decorations] CAPPING events from decorations provider vscode.git 1260
2026-01-31 02:29:40.601 [warning] [Decorations] CAPPING events from decorations provider vscode.git 1260
2026-01-31 02:29:45.761 [warning] [Decorations] CAPPING events from decorations provider vscode.git 1260
2026-01-31 02:29:50.939 [warning] [Decorations] CAPPING events from decorations provider vscode.git 1260
2026-01-31 02:29:56.115 [warning] [Decorations] CAPPING events from decorations provider vscode.git 1260
2026-01-31 02:30:01.272 [warning] [Decorations] CAPPING events from decorations provider vscode.git 1260
2026-01-31 02:30:06.447 [warning] [Decorations] CAPPING events from decorations provider vscode.git 1261
2026-01-31 02:30:13.232 [warning] [Decorations] CAPPING events from decorations provider vscode.git 1261
2026-01-31 02:30:19.194 [warning] [Decorations] CAPPING events from decorations provider vscode.git 1261
2026-01-31 02:30:24.367 [warning] [Decorations] CAPPING events from decorations provider vscode.git 1261
2026-01-31 02:30:26.143 [error] [ms-python.python] provider FAILED
2026-01-31 02:30:26.145 [error] Error: UnboundLocalError: cannot access local variable 'start_index' where it is not associated with a value
	at ae (/data/data/com.termux/files/home/.local/share/code-server/extensions/ms-python.python-2026.0.0-universal/out/client/extension.js:2:2026347)
	at oe (/data/data/com.termux/files/home/.local/share/code-server/extensions/ms-python.python-2026.0.0-universal/out/client/extension.js:2:2024307)
	at Immediate.<anonymous> (/data/data/com.termux/files/home/.local/share/code-server/extensions/ms-python.python-2026.0.0-universal/out/client/extension.js:2:2020601)
	at process.processImmediate (node:internal/timers:485:21)
2026-01-31 02:30:31.217 [warning] [Decorations] CAPPING events from decorations provider vscode.git 1261
2026-01-31 02:30:36.402 [warning] [Decorations] CAPPING events from decorations provider vscode.git 1261
2026-01-31 02:30:41.562 [warning] [Decorations] CAPPING events from decorations provider vscode.git 1261
2026-01-31 02:30:46.765 [warning] [Decorations] CAPPING events from decorations provider vscode.git 1262
2026-01-31 02:30:51.946 [warning] [Decorations] CAPPING events from decorations provider vscode.git 1262
2026-01-31 02:30:57.112 [warning] [Decorations] CAPPING events from decorations provider vscode.git 1263
2026-01-31 02:31:02.272 [warning] [Decorations] CAPPING events from decorations provider vscode.git 1263
2026-01-31 02:31:07.432 [warning] [Decorations] CAPPING events from decorations provider vscode.git 1263
2026-01-31 02:31:12.604 [warning] [Decorations] CAPPING events from decorations provider vscode.git 1263
2026-01-31 02:31:17.765 [warning] [Decorations] CAPPING events from decorations provider vscode.git 1263
2026-01-31 02:31:22.949 [warning] [Decorations] CAPPING events from decorations provider vscode.git 1263
2026-01-31 02:31:28.104 [warning] [Decorations] CAPPING events from decorations provider vscode.git 1263
2026-01-31 02:31:33.258 [warning] [Decorations] CAPPING events from decorations provider vscode.git 1263
2026-01-31 02:31:38.414 [warning] [Decorations] CAPPING events from decorations provider vscode.git 1263
2026-01-31 02:32:21.855 [warning] [Decorations] CAPPING events from decorations provider vscode.git 1263
2026-01-31 02:32:27.060 [warning] [Decorations] CAPPING events from decorations provider vscode.git 1263
2026-01-31 02:32:32.341 [warning] [Decorations] CAPPING events from decorations provider vscode.git 1263
2026-01-31 02:32:37.503 [warning] [Decorations] CAPPING events from decorations provider vscode.git 1263
2026-01-31 02:32:42.659 [warning] [Decorations] CAPPING events from decorations provider vscode.git 1263
2026-01-31 02:32:47.816 [warning] [Decorations] CAPPING events from decorations provider vscode.git 1263
2026-01-31 02:32:52.982 [warning] [Decorations] CAPPING events from decorations provider vscode.git 1264
2026-01-31 02:32:58.174 [warning] [Decorations] CAPPING events from decorations provider vscode.git 1264
2026-01-31 02:33:03.382 [warning] [Decorations] CAPPING events from decorations provider vscode.git 1264
2026-01-31 02:33:08.552 [warning] [Decorations] CAPPING events from decorations provider vscode.git 1265
2026-01-31 02:33:13.711 [warning] [Decorations] CAPPING events from decorations provider vscode.git 1265
2026-01-31 02:33:18.891 [warning] [Decorations] CAPPING events from decorations provider vscode.git 1265
2026-01-31 02:33:24.056 [warning] [Decorations] CAPPING events from decorations provider vscode.git 1265
2026-01-31 02:33:29.232 [warning] [Decorations] CAPPING events from decorations provider vscode.git 1266
2026-01-31 02:33:34.421 [warning] [Decorations] CAPPING events from decorations provider vscode.git 1266
2026-01-31 02:33:39.583 [warning] [Decorations] CAPPING events from decorations provider vscode.git 1266
2026-01-31 02:33:47.315 [warning] [Decorations] CAPPING events from decorations provider vscode.git 1266
2026-01-31 02:33:52.471 [warning] [Decorations] CAPPING events from decorations provider vscode.git 1266
2026-01-31 02:33:57.661 [warning] [Decorations] CAPPING events from decorations provider vscode.git 1267
2026-01-31 02:34:02.823 [warning] [Decorations] CAPPING events from decorations provider vscode.git 1267
2026-01-31 02:34:07.984 [warning] [Decorations] CAPPING events from decorations provider vscode.git 1268
2026-01-31 02:34:13.144 [warning] [Decorations] CAPPING events from decorations provider vscode.git 1268
2026-01-31 02:34:18.311 [warning] [Decorations] CAPPING events from decorations provider vscode.git 1269
2026-01-31 02:34:23.474 [warning] [Decorations] CAPPING events from decorations provider vscode.git 1269
2026-01-31 02:34:28.641 [warning] [Decorations] CAPPING events from decorations provider vscode.git 1269
2026-01-31 02:34:33.802 [warning] [Decorations] CAPPING events from decorations provider vscode.git 1269
2026-01-31 02:34:38.991 [warning] [Decorations] CAPPING events from decorations provider vscode.git 1269
2026-01-31 02:34:44.157 [warning] [Decorations] CAPPING events from decorations provider vscode.git 1269
2026-01-31 02:34:49.464 [warning] [Decorations] CAPPING events from decorations provider vscode.git 1269
2026-01-31 02:34:54.635 [warning] [Decorations] CAPPING events from decorations provider vscode.git 1269
2026-01-31 02:34:59.832 [warning] [Decorations] CAPPING events from decorations provider vscode.git 1269
2026-01-31 02:35:05.033 [warning] [Decorations] CAPPING events from decorations provider vscode.git 1269
2026-01-31 02:35:10.189 [warning] [Decorations] CAPPING events from decorations provider vscode.git 1269
2026-01-31 02:35:15.368 [warning] [Decorations] CAPPING events from decorations provider vscode.git 1269
2026-01-31 02:35:20.593 [warning] [Decorations] CAPPING events from decorations provider vscode.git 1274
2026-01-31 02:35:25.777 [warning] [Decorations] CAPPING events from decorations provider vscode.git 1274
2026-01-31 02:35:30.937 [warning] [Decorations] CAPPING events from decorations provider vscode.git 1274
2026-01-31 02:35:36.108 [warning] [Decorations] CAPPING events from decorations provider vscode.git 1275
2026-01-31 02:35:41.291 [warning] [Decorations] CAPPING events from decorations provider vscode.git 1275
2026-01-31 02:35:46.450 [warning] [Decorations] CAPPING events from decorations provider vscode.git 1275
2026-01-31 02:35:51.615 [warning] [Decorations] CAPPING events from decorations provider vscode.git 1275
2026-01-31 02:36:01.404 [warning] [Decorations] CAPPING events from decorations provider vscode.git 1276
2026-01-31 02:36:06.661 [warning] [Decorations] CAPPING events from decorations provider vscode.git 1277
2026-01-31 02:36:12.039 [warning] [Decorations] CAPPING events from decorations provider vscode.git 1277
2026-01-31 02:36:40.783 [warning] [Decorations] CAPPING events from decorations provider vscode.git 1277
2026-01-31 02:36:45.949 [warning] [Decorations] CAPPING events from decorations provider vscode.git 1277
2026-01-31 02:36:51.124 [warning] [Decorations] CAPPING events from decorations provider vscode.git 1278
2026-01-31 02:36:56.295 [warning] [Decorations] CAPPING events from decorations provider vscode.git 1278
2026-01-31 02:37:01.489 [warning] [Decorations] CAPPING events from decorations provider vscode.git 1278
2026-01-31 02:37:06.666 [warning] [Decorations] CAPPING events from decorations provider vscode.git 1278
2026-01-31 02:37:17.401 [warning] [Decorations] CAPPING events from decorations provider vscode.git 1278
2026-01-31 02:37:22.543 [warning] [Decorations] CAPPING events from decorations provider vscode.git 1278
2026-01-31 02:37:27.809 [warning] [Decorations] CAPPING events from decorations provider vscode.git 1279
2026-01-31 02:37:32.974 [warning] [Decorations] CAPPING events from decorations provider vscode.git 1279
2026-01-31 02:37:38.119 [warning] [Decorations] CAPPING events from decorations provider vscode.git 1279
2026-01-31 02:37:43.268 [warning] [Decorations] CAPPING events from decorations provider vscode.git 1279
2026-01-31 02:37:48.481 [warning] [Decorations] CAPPING events from decorations provider vscode.git 1279
2026-01-31 02:37:53.637 [warning] [Decorations] CAPPING events from decorations provider vscode.git 1279
2026-01-31 02:37:58.804 [warning] [Decorations] CAPPING events from decorations provider vscode.git 1279
2026-01-31 02:38:03.980 [warning] [Decorations] CAPPING events from decorations provider vscode.git 1280
2026-01-31 02:38:09.143 [warning] [Decorations] CAPPING events from decorations provider vscode.git 1280
2026-01-31 02:38:14.295 [warning] [Decorations] CAPPING events from decorations provider vscode.git 1280
2026-01-31 02:38:19.463 [warning] [Decorations] CAPPING events from decorations provider vscode.git 1280
2026-01-31 02:38:24.644 [warning] [Decorations] CAPPING events from decorations provider vscode.git 1280
2026-01-31 02:38:29.796 [warning] [Decorations] CAPPING events from decorations provider vscode.git 1280
2026-01-31 02:38:34.979 [warning] [Decorations] CAPPING events from decorations provider vscode.git 1280
2026-01-31 02:38:40.146 [warning] [Decorations] CAPPING events from decorations provider vscode.git 1280
2026-01-31 02:38:45.316 [warning] [Decorations] CAPPING events from decorations provider vscode.git 1280
2026-01-31 02:39:19.860 [warning] [Decorations] CAPPING events from decorations provider vscode.git 1280
2026-01-31 02:39:25.045 [warning] [Decorations] CAPPING events from decorations provider vscode.git 1280
2026-01-31 02:39:30.213 [warning] [Decorations] CAPPING events from decorations provider vscode.git 1280
2026-01-31 02:39:35.384 [warning] [Decorations] CAPPING events from decorations provider vscode.git 1280
2026-01-31 02:39:40.542 [warning] [Decorations] CAPPING events from decorations provider vscode.git 1280
2026-01-31 02:39:46.295 [warning] [Decorations] CAPPING events from decorations provider vscode.git 1281
2026-01-31 02:39:51.462 [warning] [Decorations] CAPPING events from decorations provider vscode.git 1281
2026-01-31 02:39:56.634 [warning] [Decorations] CAPPING events from decorations provider vscode.git 1281
2026-01-31 02:40:01.792 [warning] [Decorations] CAPPING events from decorations provider vscode.git 1281
2026-01-31 02:40:06.978 [warning] [Decorations] CAPPING events from decorations provider vscode.git 1281
2026-01-31 02:40:12.129 [warning] [Decorations] CAPPING events from decorations provider vscode.git 1281
2026-01-31 02:40:17.301 [warning] [Decorations] CAPPING events from decorations provider vscode.git 1281
2026-01-31 02:40:22.500 [warning] [Decorations] CAPPING events from decorations provider vscode.git 1281
2026-01-31 02:40:27.663 [warning] [Decorations] CAPPING events from decorations provider vscode.git 1281
2026-01-31 02:40:32.801 [warning] [Decorations] CAPPING events from decorations provider vscode.git 1282
2026-01-31 02:40:41.555 [warning] [Decorations] CAPPING events from decorations provider vscode.git 1282
2026-01-31 02:40:46.728 [warning] [Decorations] CAPPING events from decorations provider vscode.git 1282
2026-01-31 02:40:51.943 [warning] [Decorations] CAPPING events from decorations provider vscode.git 1282
2026-01-31 02:40:57.150 [warning] [Decorations] CAPPING events from decorations provider vscode.git 1282
2026-01-31 02:41:02.322 [warning] [Decorations] CAPPING events from decorations provider vscode.git 1282
2026-01-31 02:41:07.512 [warning] [Decorations] CAPPING events from decorations provider vscode.git 1282
2026-01-31 02:41:12.667 [warning] [Decorations] CAPPING events from decorations provider vscode.git 1282
2026-01-31 02:41:17.828 [warning] [Decorations] CAPPING events from decorations provider vscode.git 1282
2026-01-31 02:44:10.016 [warning] [Decorations] CAPPING events from decorations provider vscode.git 1282
2026-01-31 02:44:15.186 [warning] [Decorations] CAPPING events from decorations provider vscode.git 1282
2026-01-31 02:44:20.360 [warning] [Decorations] CAPPING events from decorations provider vscode.git 1282
2026-01-31 02:44:25.509 [warning] [Decorations] CAPPING events from decorations provider vscode.git 1282
2026-01-31 02:44:30.682 [warning] [Decorations] CAPPING events from decorations provider vscode.git 1282
2026-01-31 02:44:35.851 [warning] [Decorations] CAPPING events from decorations provider vscode.git 1282
2026-01-31 02:44:41.041 [warning] [Decorations] CAPPING events from decorations provider vscode.git 1282
2026-01-31 02:44:46.224 [warning] [Decorations] CAPPING events from decorations provider vscode.git 1282
2026-01-31 02:44:51.386 [warning] [Decorations] CAPPING events from decorations provider vscode.git 1282
2026-01-31 02:44:56.595 [warning] [Decorations] CAPPING events from decorations provider vscode.git 1282
2026-01-31 02:45:01.751 [warning] [Decorations] CAPPING events from decorations provider vscode.git 1283
2026-01-31 02:45:06.935 [warning] [Decorations] CAPPING events from decorations provider vscode.git 1283
2026-01-31 02:45:12.938 [warning] [Decorations] CAPPING events from decorations provider vscode.git 1283
2026-01-31 02:45:18.492 [warning] [Decorations] CAPPING events from decorations provider vscode.git 1283
2026-01-31 02:45:23.655 [warning] [Decorations] CAPPING events from decorations provider vscode.git 1283
2026-01-31 02:45:28.797 [warning] [Decorations] CAPPING events from decorations provider vscode.git 1283
2026-01-31 02:45:33.995 [warning] [Decorations] CAPPING events from decorations provider vscode.git 1283
2026-01-31 02:45:39.160 [warning] [Decorations] CAPPING events from decorations provider vscode.git 1283
2026-01-31 02:45:44.315 [warning] [Decorations] CAPPING events from decorations provider vscode.git 1283
2026-01-31 02:45:49.466 [warning] [Decorations] CAPPING events from decorations provider vscode.git 1283
2026-01-31 02:45:54.607 [warning] [Decorations] CAPPING events from decorations provider vscode.git 1283
2026-01-31 02:46:15.197 [warning] [Decorations] CAPPING events from decorations provider vscode.git 1283
2026-01-31 02:46:20.720 [warning] [Decorations] CAPPING events from decorations provider vscode.git 1283
2026-01-31 02:46:27.417 [warning] [Decorations] CAPPING events from decorations provider vscode.git 1283
2026-01-31 02:48:06.311 [warning] [Decorations] CAPPING events from decorations provider vscode.git 1283
2026-01-31 02:48:11.480 [warning] [Decorations] CAPPING events from decorations provider vscode.git 1283
2026-01-31 02:48:16.643 [warning] [Decorations] CAPPING events from decorations provider vscode.git 1284
2026-01-31 02:48:21.822 [warning] [Decorations] CAPPING events from decorations provider vscode.git 1284
2026-01-31 02:48:26.994 [warning] [Decorations] CAPPING events from decorations provider vscode.git 1284
2026-01-31 02:48:32.169 [warning] [Decorations] CAPPING events from decorations provider vscode.git 1284
2026-01-31 02:48:37.360 [warning] [Decorations] CAPPING events from decorations provider vscode.git 1284
2026-01-31 02:48:42.526 [warning] [Decorations] CAPPING events from decorations provider vscode.git 1285
2026-01-31 02:48:47.684 [warning] [Decorations] CAPPING events from decorations provider vscode.git 1285
2026-01-31 02:48:52.854 [warning] [Decorations] CAPPING events from decorations provider vscode.git 1285
2026-01-31 02:48:58.006 [warning] [Decorations] CAPPING events from decorations provider vscode.git 1285
2026-01-31 02:49:03.148 [warning] [Decorations] CAPPING events from decorations provider vscode.git 1285
2026-01-31 02:49:08.294 [warning] [Decorations] CAPPING events from decorations provider vscode.git 1285
2026-01-31 02:49:13.479 [warning] [Decorations] CAPPING events from decorations provider vscode.git 1285
2026-01-31 02:49:18.631 [warning] [Decorations] CAPPING events from decorations provider vscode.git 1285
2026-01-31 02:49:23.803 [warning] [Decorations] CAPPING events from decorations provider vscode.git 1285
2026-01-31 02:49:28.950 [warning] [Decorations] CAPPING events from decorations provider vscode.git 1285
2026-01-31 02:49:34.103 [warning] [Decorations] CAPPING events from decorations provider vscode.git 1285
2026-01-31 02:49:39.274 [warning] [Decorations] CAPPING events from decorations provider vscode.git 1285
2026-01-31 02:49:44.446 [warning] [Decorations] CAPPING events from decorations provider vscode.git 1285
2026-01-31 02:49:49.613 [warning] [Decorations] CAPPING events from decorations provider vscode.git 1285
2026-01-31 02:49:54.791 [warning] [Decorations] CAPPING events from decorations provider vscode.git 1285
2026-01-31 02:49:59.962 [warning] [Decorations] CAPPING events from decorations provider vscode.git 1285
2026-01-31 02:50:05.114 [warning] [Decorations] CAPPING events from decorations provider vscode.git 1285
2026-01-31 02:50:10.273 [warning] [Decorations] CAPPING events from decorations provider vscode.git 1285
2026-01-31 02:50:15.469 [warning] [Decorations] CAPPING events from decorations provider vscode.git 1285
2026-01-31 02:50:20.669 [warning] [Decorations] CAPPING events from decorations provider vscode.git 1285
2026-01-31 02:50:25.843 [warning] [Decorations] CAPPING events from decorations provider vscode.git 1285
2026-01-31 02:50:30.929 [error] [ms-python.python] provider FAILED
2026-01-31 02:50:30.931 [error] Error: ValueError: `column` parameter (44) is not in a valid range (0-25) for line 15 ('    print(clean_and_long)\n').
	at ae (/data/data/com.termux/files/home/.local/share/code-server/extensions/ms-python.python-2026.0.0-universal/out/client/extension.js:2:2026347)
	at oe (/data/data/com.termux/files/home/.local/share/code-server/extensions/ms-python.python-2026.0.0-universal/out/client/extension.js:2:2024307)
	at Immediate.<anonymous> (/data/data/com.termux/files/home/.local/share/code-server/extensions/ms-python.python-2026.0.0-universal/out/client/extension.js:2:2020601)
	at process.processImmediate (node:internal/timers:485:21)
2026-01-31 02:50:31.028 [warning] [Decorations] CAPPING events from decorations provider vscode.git 1285
2026-01-31 02:50:36.303 [warning] [Decorations] CAPPING events from decorations provider vscode.git 1285
2026-01-31 03:03:01.903 [error] Error: read ECONNRESET
	at TCP.onStreamRead (node:internal/stream_base_commons:216:20)
