2026-01-31 05:02:16.357 [info] Reading sessions from keychain...
2026-01-31 05:02:16.357 [info] Getting sessions for all scopes...
2026-01-31 05:02:16.357 [info] Got 0 sessions for ...
2026-01-31 05:02:16.357 [info] Getting sessions for all scopes...
2026-01-31 05:02:16.358 [info] Got 0 sessions for ...
2026-01-31 05:02:16.358 [info] Getting sessions for all scopes...
2026-01-31 05:02:16.358 [info] Got 0 sessions for ...
2026-01-31 05:02:16.358 [info] Getting sessions for all scopes...
2026-01-31 05:02:16.358 [info] Got 0 sessions for ...
2026-01-31 05:02:16.358 [info] Getting sessions for all scopes...
2026-01-31 05:02:16.358 [info] Got 0 sessions for ...
2026-01-31 05:02:16.358 [info] Getting sessions for all scopes...
2026-01-31 05:02:16.358 [info] Got 0 sessions for ...
2026-01-31 05:02:16.358 [info] Getting sessions for all scopes...
2026-01-31 05:02:16.358 [info] Got 0 sessions for ...
2026-01-31 05:02:16.358 [info] Getting sessions for all scopes...
2026-01-31 05:02:16.358 [info] Got 0 sessions for ...
2026-01-31 05:02:16.358 [info] Getting sessions for all scopes...
2026-01-31 05:02:16.358 [info] Got 0 sessions for ...
2026-01-31 05:02:16.412 [info] Getting sessions for all scopes...
2026-01-31 05:02:16.412 [info] Got 0 sessions for ...
2026-01-31 05:02:16.418 [info] Getting sessions for all scopes...
2026-01-31 05:02:16.418 [info] Got 0 sessions for ...
2026-01-31 05:02:16.418 [info] Getting sessions for all scopes...
2026-01-31 05:02:16.418 [info] Got 0 sessions for ...
2026-01-31 05:02:16.418 [info] Getting sessions for all scopes...
2026-01-31 05:02:16.418 [info] Got 0 sessions for ...
2026-01-31 05:02:16.418 [info] Getting sessions for all scopes...
2026-01-31 05:02:16.418 [info] Got 0 sessions for ...
2026-01-31 05:02:16.418 [info] Getting sessions for all scopes...
2026-01-31 05:02:16.419 [info] Got 0 sessions for ...
2026-01-31 05:02:19.757 [info] Getting sessions for read:user,repo,user:email,workflow...
2026-01-31 05:02:19.757 [info] Got 0 sessions for read:user,repo,user:email,workflow...
