2026-01-30 14:48:02.966 [info] [main] Log level: Info
2026-01-30 14:48:02.966 [info] [main] Validating found git in: "git"
2026-01-30 14:48:02.966 [info] [main] Using git "2.52.0" from "git"
2026-01-30 14:48:02.966 [info] [Model][doInitialScan] Initial repository scan started
2026-01-30 14:48:02.966 [info] > git rev-parse --show-toplevel [33ms]
2026-01-30 14:48:03.052 [info] > git rev-parse --git-dir --git-common-dir --show-superproject-working-tree [174ms]
2026-01-30 14:48:03.145 [info] [Model][openRepository] Opened repository (path): /data/data/com.termux/files/home
2026-01-30 14:48:03.145 [info] [Model][openRepository] Opened repository (real path): /data/data/com.termux/files/home
2026-01-30 14:48:03.145 [info] [Model][openRepository] Opened repository (kind): repository
2026-01-30 14:48:03.315 [info] > git config --get commit.template [134ms]
2026-01-30 14:48:03.338 [info] > git rev-parse --show-toplevel [130ms]
2026-01-30 14:48:03.528 [info] > git for-each-ref --format=%(refname)%00%(upstream:short)%00%(objectname)%00%(upstream:track)%00%(upstream:remotename)%00%(upstream:remoteref) refs/heads/main refs/remotes/main [130ms]
2026-01-30 14:48:03.532 [info] > git rev-parse --show-toplevel [59ms]
2026-01-30 14:48:03.830 [info] > git status -z -uall [207ms]
2026-01-30 14:48:03.841 [info] > git rev-parse --show-toplevel [274ms]
2026-01-30 14:48:04.102 [info] > git check-ignore -v -z --stdin [196ms]
2026-01-30 14:48:04.108 [info] > git for-each-ref --sort -committerdate --format %(refname)%00%(objectname)%00%(*objectname) [435ms]
2026-01-30 14:48:05.145 [info] > git for-each-ref --format=%(refname)%00%(upstream:short)%00%(objectname)%00%(upstream:track)%00%(upstream:remotename)%00%(upstream:remoteref) refs/heads/main refs/remotes/main [725ms]
2026-01-30 14:48:05.184 [info] > git rev-parse --show-toplevel [1107ms]
2026-01-30 14:48:05.228 [info] > git config --get commit.template [90ms]
2026-01-30 14:48:05.232 [info] > git config --get --local branch.main.vscode-merge-base [48ms]
2026-01-30 14:48:05.232 [warning] [Git][config] git config failed: Failed to execute git
2026-01-30 14:48:05.306 [info] > git rev-parse --show-toplevel [87ms]
2026-01-30 14:48:05.333 [info] > git reflog main --grep-reflog=branch: Created from *. [75ms]
2026-01-30 14:48:05.367 [info] > git rev-parse --show-toplevel [36ms]
2026-01-30 14:48:05.390 [info] [Model][doInitialScan] Initial repository scan completed - repositories (1), closed repositories (0), parent repositories (0), unsafe repositories (0)
2026-01-30 14:48:05.394 [info] > git for-each-ref --format=%(refname)%00%(upstream:short)%00%(objectname)%00%(upstream:track)%00%(upstream:remotename)%00%(upstream:remoteref) refs/heads/main refs/remotes/main [96ms]
2026-01-30 14:48:05.408 [info] > git symbolic-ref --short refs/remotes/origin/HEAD [45ms]
2026-01-30 14:48:05.409 [info] fatal: ref refs/remotes/origin/HEAD is not a symbolic ref
2026-01-30 14:48:05.409 [warning] [Repository][getDefaultBranch] Failed to get default branch details: Failed to execute git.
2026-01-30 14:48:05.560 [info] > git merge-base refs/heads/main refs/remotes/origin/main [127ms]
2026-01-30 14:48:05.602 [info] > git status -z -uall [113ms]
2026-01-30 14:48:05.604 [info] > git for-each-ref --sort -committerdate --format %(refname)%00%(objectname)%00%(*objectname) [76ms]
2026-01-30 14:48:05.722 [info] > git diff --raw --numstat --diff-filter=ADMR -z --find-renames=50% 0032fdd865b150504279f68abdd97d3422865b82...refs/remotes/origin/main -- [127ms]
2026-01-30 14:48:06.138 [info] > git merge-base refs/heads/main refs/remotes/origin/main [445ms]
2026-01-30 14:48:06.248 [info] > git diff --raw --numstat --diff-filter=ADMR -z --find-renames=50% 0032fdd865b150504279f68abdd97d3422865b82...refs/remotes/origin/main -- [71ms]
2026-01-30 14:48:07.122 [info] > git check-ignore -v -z --stdin [23ms]
