2026-01-31 03:40:51.859 [info] [main] Log level: Info
2026-01-31 03:40:51.859 [info] [main] Validating found git in: "git"
2026-01-31 03:40:51.859 [info] [main] Using git "2.52.0" from "git"
2026-01-31 03:40:51.859 [info] [Model][doInitialScan] Initial repository scan started
2026-01-31 03:40:51.859 [info] > git rev-parse --show-toplevel [46ms]
2026-01-31 03:40:51.859 [info] > git rev-parse --git-dir --git-common-dir --show-superproject-working-tree [63ms]
2026-01-31 03:40:51.859 [info] [Model][openRepository] Opened repository (path): /data/data/com.termux/files/home
2026-01-31 03:40:51.859 [info] [Model][openRepository] Opened repository (real path): /data/data/com.termux/files/home
2026-01-31 03:40:51.859 [info] [Model][openRepository] Opened repository (kind): repository
2026-01-31 03:40:51.859 [info] > git rev-parse --show-toplevel [53ms]
2026-01-31 03:40:51.859 [info] > git config --get commit.template [71ms]
2026-01-31 03:40:51.871 [info] > git rev-parse --show-toplevel [55ms]
2026-01-31 03:40:52.020 [info] > git for-each-ref --format=%(refname)%00%(upstream:short)%00%(objectname)%00%(upstream:track)%00%(upstream:remotename)%00%(upstream:remoteref) refs/heads/main refs/remotes/main [165ms]
2026-01-31 03:40:52.039 [info] > git rev-parse --show-toplevel [141ms]
2026-01-31 03:40:52.186 [info] > git rev-parse --show-toplevel [105ms]
2026-01-31 03:40:52.499 [info] > git for-each-ref --sort -committerdate --format %(refname)%00%(objectname)%00%(*objectname) [319ms]
2026-01-31 03:40:52.556 [info] > git status -z -uall [427ms]
2026-01-31 03:40:52.557 [info] > git check-ignore -v -z --stdin [21ms]
2026-01-31 03:40:52.560 [info] > git rev-parse --show-toplevel [346ms]
2026-01-31 03:40:53.182 [info] > git for-each-ref --format=%(refname)%00%(upstream:short)%00%(objectname)%00%(upstream:track)%00%(upstream:remotename)%00%(upstream:remoteref) refs/heads/main refs/remotes/main [491ms]
2026-01-31 03:40:53.207 [info] > git config --get commit.template [27ms]
2026-01-31 03:40:53.207 [info] > git rev-parse --show-toplevel [49ms]
2026-01-31 03:40:53.229 [info] > git config --get --local branch.main.vscode-merge-base [32ms]
2026-01-31 03:40:53.229 [warning] [Git][config] git config failed: Failed to execute git
2026-01-31 03:40:53.268 [info] > git rev-parse --show-toplevel [39ms]
2026-01-31 03:40:53.278 [info] [Model][doInitialScan] Initial repository scan completed - repositories (1), closed repositories (0), parent repositories (0), unsafe repositories (0)
2026-01-31 03:40:53.283 [info] > git for-each-ref --format=%(refname)%00%(upstream:short)%00%(objectname)%00%(upstream:track)%00%(upstream:remotename)%00%(upstream:remoteref) refs/heads/main refs/remotes/main [17ms]
2026-01-31 03:40:53.283 [info] > git reflog main --grep-reflog=branch: Created from *. [37ms]
2026-01-31 03:40:53.347 [info] > git symbolic-ref --short refs/remotes/origin/HEAD [50ms]
2026-01-31 03:40:53.347 [info] fatal: ref refs/remotes/origin/HEAD is not a symbolic ref
2026-01-31 03:40:53.348 [warning] [Repository][getDefaultBranch] Failed to get default branch details: Failed to execute git.
2026-01-31 03:40:53.384 [info] > git for-each-ref --sort -committerdate --format %(refname)%00%(objectname)%00%(*objectname) [39ms]
2026-01-31 03:40:53.402 [info] > git merge-base refs/heads/main refs/remotes/origin/main [33ms]
2026-01-31 03:40:53.424 [info] > git status -z -uall [97ms]
2026-01-31 03:40:53.520 [info] > git diff --raw --numstat --diff-filter=ADMR -z --find-renames=50% 0032fdd865b150504279f68abdd97d3422865b82...refs/remotes/origin/main -- [100ms]
2026-01-31 03:40:53.527 [info] > git merge-base refs/heads/main refs/remotes/origin/main [18ms]
2026-01-31 03:40:54.207 [info] > git diff --raw --numstat --diff-filter=ADMR -z --find-renames=50% 0032fdd865b150504279f68abdd97d3422865b82...refs/remotes/origin/main -- [655ms]
2026-01-31 03:40:54.252 [info] > git check-ignore -v -z --stdin [26ms]
2026-01-31 03:40:55.920 [info] > git check-ignore -v -z --stdin [14ms]
2026-01-31 03:40:57.734 [info] > git config --get commit.template [27ms]
2026-01-31 03:40:57.744 [info] > git for-each-ref --format=%(refname)%00%(upstream:short)%00%(objectname)%00%(upstream:track)%00%(upstream:remotename)%00%(upstream:remoteref) refs/heads/main refs/remotes/main [13ms]
2026-01-31 03:40:57.798 [info] > git for-each-ref --sort -committerdate --format %(refname)%00%(objectname)%00%(*objectname) [14ms]
2026-01-31 03:40:57.811 [info] > git status -z -uall [45ms]
2026-01-31 03:41:00.283 [info] > git check-ignore -v -z --stdin [14ms]
2026-01-31 03:41:00.372 [info] > git show --textconv :first.py [35ms]
2026-01-31 03:41:00.383 [info] > git ls-files --stage -- first.py [14ms]
2026-01-31 03:41:00.415 [info] > git cat-file -s 0d84ba20005b17f64ca8643f1b097ac09b577574 [13ms]
2026-01-31 03:41:00.463 [info] > git check-ignore -v -z --stdin [13ms]
2026-01-31 03:41:02.947 [info] > git config --get commit.template [41ms]
2026-01-31 03:41:02.962 [info] > git for-each-ref --format=%(refname)%00%(upstream:short)%00%(objectname)%00%(upstream:track)%00%(upstream:remotename)%00%(upstream:remoteref) refs/heads/main refs/remotes/main [18ms]
2026-01-31 03:41:03.014 [info] > git for-each-ref --sort -committerdate --format %(refname)%00%(objectname)%00%(*objectname) [11ms]
2026-01-31 03:41:03.032 [info] > git status -z -uall [51ms]
2026-01-31 03:41:06.989 [info] > git check-ignore -v -z --stdin [17ms]
2026-01-31 03:41:07.063 [info] > git show --textconv :investor_stats.py [41ms]
2026-01-31 03:41:07.063 [info] > git ls-files --stage -- investor_stats.py [21ms]
2026-01-31 03:41:07.104 [info] > git check-ignore -v -z --stdin [43ms]
2026-01-31 03:41:07.106 [info] > git hash-object -t tree /dev/null [23ms]
2026-01-31 03:41:07.106 [warning] [GitFileSystemProvider][stat] File not found - git:/data/data/com.termux/files/home/investor_stats.py.git?%7B%22path%22%3A%22%2Fdata%2Fdata%2Fcom.termux%2Ffiles%2Fhome%2Finvestor_stats.py%22%2C%22ref%22%3A%22%22%7D
2026-01-31 03:41:07.112 [info] > git hash-object -t tree /dev/null [11ms]
2026-01-31 03:41:07.113 [warning] [GitFileSystemProvider][readFile] File not found - git:/data/data/com.termux/files/home/investor_stats.py.git?%7B%22path%22%3A%22%2Fdata%2Fdata%2Fcom.termux%2Ffiles%2Fhome%2Finvestor_stats.py%22%2C%22ref%22%3A%22%22%7D
2026-01-31 03:41:08.123 [info] > git config --get commit.template [30ms]
2026-01-31 03:41:08.134 [info] > git for-each-ref --format=%(refname)%00%(upstream:short)%00%(objectname)%00%(upstream:track)%00%(upstream:remotename)%00%(upstream:remoteref) refs/heads/main refs/remotes/main [14ms]
2026-01-31 03:41:08.197 [info] > git for-each-ref --sort -committerdate --format %(refname)%00%(objectname)%00%(*objectname) [18ms]
2026-01-31 03:41:08.212 [info] > git status -z -uall [55ms]
2026-01-31 03:41:13.294 [info] > git config --get commit.template [25ms]
2026-01-31 03:41:13.305 [info] > git for-each-ref --format=%(refname)%00%(upstream:short)%00%(objectname)%00%(upstream:track)%00%(upstream:remotename)%00%(upstream:remoteref) refs/heads/main refs/remotes/main [15ms]
2026-01-31 03:41:13.352 [info] > git for-each-ref --sort -committerdate --format %(refname)%00%(objectname)%00%(*objectname) [10ms]
2026-01-31 03:41:13.380 [info] > git status -z -uall [55ms]
2026-01-31 03:43:08.249 [info] > git config --get commit.template [30ms]
2026-01-31 03:43:08.252 [info] > git for-each-ref --format=%(refname)%00%(upstream:short)%00%(objectname)%00%(upstream:track)%00%(upstream:remotename)%00%(upstream:remoteref) refs/heads/main refs/remotes/main [21ms]
2026-01-31 03:43:08.310 [info] > git for-each-ref --sort -committerdate --format %(refname)%00%(objectname)%00%(*objectname) [17ms]
2026-01-31 03:43:08.618 [info] > git status -z -uall [342ms]
2026-01-31 03:43:59.481 [info] > git config --get commit.template [30ms]
2026-01-31 03:43:59.483 [info] > git for-each-ref --format=%(refname)%00%(upstream:short)%00%(objectname)%00%(upstream:track)%00%(upstream:remotename)%00%(upstream:remoteref) refs/heads/main refs/remotes/main [10ms]
2026-01-31 03:43:59.546 [info] > git for-each-ref --sort -committerdate --format %(refname)%00%(objectname)%00%(*objectname) [22ms]
2026-01-31 03:43:59.622 [info] > git status -z -uall [113ms]
2026-01-31 03:44:04.727 [info] > git config --get commit.template [15ms]
2026-01-31 03:44:04.735 [info] > git for-each-ref --format=%(refname)%00%(upstream:short)%00%(objectname)%00%(upstream:track)%00%(upstream:remotename)%00%(upstream:remoteref) refs/heads/main refs/remotes/main [11ms]
2026-01-31 03:44:04.776 [info] > git for-each-ref --sort -committerdate --format %(refname)%00%(objectname)%00%(*objectname) [10ms]
2026-01-31 03:44:04.800 [info] > git status -z -uall [46ms]
2026-01-31 03:44:09.885 [info] > git config --get commit.template [19ms]
2026-01-31 03:44:09.893 [info] > git for-each-ref --format=%(refname)%00%(upstream:short)%00%(objectname)%00%(upstream:track)%00%(upstream:remotename)%00%(upstream:remoteref) refs/heads/main refs/remotes/main [10ms]
2026-01-31 03:44:09.935 [info] > git for-each-ref --sort -committerdate --format %(refname)%00%(objectname)%00%(*objectname) [10ms]
2026-01-31 03:44:09.957 [info] > git status -z -uall [47ms]
2026-01-31 03:44:15.038 [info] > git config --get commit.template [21ms]
2026-01-31 03:44:15.050 [info] > git for-each-ref --format=%(refname)%00%(upstream:short)%00%(objectname)%00%(upstream:track)%00%(upstream:remotename)%00%(upstream:remoteref) refs/heads/main refs/remotes/main [15ms]
2026-01-31 03:44:15.091 [info] > git for-each-ref --sort -committerdate --format %(refname)%00%(objectname)%00%(*objectname) [10ms]
2026-01-31 03:44:15.109 [info] > git status -z -uall [40ms]
2026-01-31 03:44:20.186 [info] > git config --get commit.template [17ms]
2026-01-31 03:44:20.194 [info] > git for-each-ref --format=%(refname)%00%(upstream:short)%00%(objectname)%00%(upstream:track)%00%(upstream:remotename)%00%(upstream:remoteref) refs/heads/main refs/remotes/main [10ms]
2026-01-31 03:44:20.245 [info] > git for-each-ref --sort -committerdate --format %(refname)%00%(objectname)%00%(*objectname) [14ms]
2026-01-31 03:44:20.259 [info] > git status -z -uall [45ms]
2026-01-31 03:44:25.343 [info] > git config --get commit.template [23ms]
2026-01-31 03:44:25.352 [info] > git for-each-ref --format=%(refname)%00%(upstream:short)%00%(objectname)%00%(upstream:track)%00%(upstream:remotename)%00%(upstream:remoteref) refs/heads/main refs/remotes/main [11ms]
2026-01-31 03:44:25.400 [info] > git for-each-ref --sort -committerdate --format %(refname)%00%(objectname)%00%(*objectname) [13ms]
2026-01-31 03:44:25.426 [info] > git status -z -uall [57ms]
2026-01-31 03:44:30.494 [info] > git config --get commit.template [19ms]
2026-01-31 03:44:30.503 [info] > git for-each-ref --format=%(refname)%00%(upstream:short)%00%(objectname)%00%(upstream:track)%00%(upstream:remotename)%00%(upstream:remoteref) refs/heads/main refs/remotes/main [10ms]
2026-01-31 03:44:30.543 [info] > git for-each-ref --sort -committerdate --format %(refname)%00%(objectname)%00%(*objectname) [12ms]
2026-01-31 03:44:30.565 [info] > git status -z -uall [48ms]
2026-01-31 03:44:35.626 [info] > git config --get commit.template [17ms]
2026-01-31 03:44:35.637 [info] > git for-each-ref --format=%(refname)%00%(upstream:short)%00%(objectname)%00%(upstream:track)%00%(upstream:remotename)%00%(upstream:remoteref) refs/heads/main refs/remotes/main [13ms]
2026-01-31 03:44:35.681 [info] > git for-each-ref --sort -committerdate --format %(refname)%00%(objectname)%00%(*objectname) [10ms]
2026-01-31 03:44:35.703 [info] > git status -z -uall [48ms]
2026-01-31 03:44:40.783 [info] > git config --get commit.template [18ms]
2026-01-31 03:44:40.792 [info] > git for-each-ref --format=%(refname)%00%(upstream:short)%00%(objectname)%00%(upstream:track)%00%(upstream:remotename)%00%(upstream:remoteref) refs/heads/main refs/remotes/main [14ms]
2026-01-31 03:44:40.842 [info] > git for-each-ref --sort -committerdate --format %(refname)%00%(objectname)%00%(*objectname) [9ms]
2026-01-31 03:44:40.858 [info] > git status -z -uall [40ms]
2026-01-31 03:44:57.505 [info] > git config --get commit.template [39ms]
2026-01-31 03:44:57.524 [info] > git for-each-ref --format=%(refname)%00%(upstream:short)%00%(objectname)%00%(upstream:track)%00%(upstream:remotename)%00%(upstream:remoteref) refs/heads/main refs/remotes/main [21ms]
2026-01-31 03:44:57.608 [info] > git for-each-ref --sort -committerdate --format %(refname)%00%(objectname)%00%(*objectname) [24ms]
2026-01-31 03:44:57.644 [info] > git status -z -uall [92ms]
2026-01-31 03:45:02.738 [info] > git config --get commit.template [22ms]
2026-01-31 03:45:02.753 [info] > git for-each-ref --format=%(refname)%00%(upstream:short)%00%(objectname)%00%(upstream:track)%00%(upstream:remotename)%00%(upstream:remoteref) refs/heads/main refs/remotes/main [16ms]
2026-01-31 03:45:02.806 [info] > git for-each-ref --sort -committerdate --format %(refname)%00%(objectname)%00%(*objectname) [14ms]
2026-01-31 03:45:02.821 [info] > git status -z -uall [47ms]
2026-01-31 03:45:07.927 [info] > git config --get commit.template [32ms]
2026-01-31 03:45:07.938 [info] > git for-each-ref --format=%(refname)%00%(upstream:short)%00%(objectname)%00%(upstream:track)%00%(upstream:remotename)%00%(upstream:remoteref) refs/heads/main refs/remotes/main [13ms]
2026-01-31 03:45:07.985 [info] > git for-each-ref --sort -committerdate --format %(refname)%00%(objectname)%00%(*objectname) [11ms]
2026-01-31 03:45:08.006 [info] > git status -z -uall [46ms]
2026-01-31 03:45:13.081 [info] > git config --get commit.template [20ms]
2026-01-31 03:45:13.094 [info] > git for-each-ref --format=%(refname)%00%(upstream:short)%00%(objectname)%00%(upstream:track)%00%(upstream:remotename)%00%(upstream:remoteref) refs/heads/main refs/remotes/main [16ms]
2026-01-31 03:45:13.146 [info] > git for-each-ref --sort -committerdate --format %(refname)%00%(objectname)%00%(*objectname) [17ms]
2026-01-31 03:45:13.169 [info] > git status -z -uall [55ms]
2026-01-31 03:45:18.257 [info] > git config --get commit.template [20ms]
2026-01-31 03:45:18.267 [info] > git for-each-ref --format=%(refname)%00%(upstream:short)%00%(objectname)%00%(upstream:track)%00%(upstream:remotename)%00%(upstream:remoteref) refs/heads/main refs/remotes/main [11ms]
2026-01-31 03:45:18.309 [info] > git for-each-ref --sort -committerdate --format %(refname)%00%(objectname)%00%(*objectname) [11ms]
2026-01-31 03:45:18.329 [info] > git status -z -uall [46ms]
2026-01-31 03:45:23.408 [info] > git config --get commit.template [23ms]
2026-01-31 03:45:23.418 [info] > git for-each-ref --format=%(refname)%00%(upstream:short)%00%(objectname)%00%(upstream:track)%00%(upstream:remotename)%00%(upstream:remoteref) refs/heads/main refs/remotes/main [14ms]
2026-01-31 03:45:23.473 [info] > git for-each-ref --sort -committerdate --format %(refname)%00%(objectname)%00%(*objectname) [10ms]
2026-01-31 03:45:23.488 [info] > git status -z -uall [47ms]
2026-01-31 03:45:28.575 [info] > git config --get commit.template [19ms]
2026-01-31 03:45:28.584 [info] > git for-each-ref --format=%(refname)%00%(upstream:short)%00%(objectname)%00%(upstream:track)%00%(upstream:remotename)%00%(upstream:remoteref) refs/heads/main refs/remotes/main [11ms]
2026-01-31 03:45:28.633 [info] > git for-each-ref --sort -committerdate --format %(refname)%00%(objectname)%00%(*objectname) [10ms]
2026-01-31 03:45:28.669 [info] > git status -z -uall [61ms]
2026-01-31 03:45:33.756 [info] > git config --get commit.template [18ms]
2026-01-31 03:45:33.764 [info] > git for-each-ref --format=%(refname)%00%(upstream:short)%00%(objectname)%00%(upstream:track)%00%(upstream:remotename)%00%(upstream:remoteref) refs/heads/main refs/remotes/main [10ms]
2026-01-31 03:45:33.809 [info] > git for-each-ref --sort -committerdate --format %(refname)%00%(objectname)%00%(*objectname) [11ms]
2026-01-31 03:45:33.839 [info] > git status -z -uall [56ms]
2026-01-31 03:45:48.626 [info] > git config --get commit.template [25ms]
2026-01-31 03:45:48.641 [info] > git for-each-ref --format=%(refname)%00%(upstream:short)%00%(objectname)%00%(upstream:track)%00%(upstream:remotename)%00%(upstream:remoteref) refs/heads/main refs/remotes/main [18ms]
2026-01-31 03:45:48.748 [info] > git for-each-ref --sort -committerdate --format %(refname)%00%(objectname)%00%(*objectname) [37ms]
2026-01-31 03:45:48.822 [info] > git status -z -uall [146ms]
2026-01-31 03:45:53.957 [info] > git config --get commit.template [50ms]
2026-01-31 03:45:53.988 [info] > git for-each-ref --format=%(refname)%00%(upstream:short)%00%(objectname)%00%(upstream:track)%00%(upstream:remotename)%00%(upstream:remoteref) refs/heads/main refs/remotes/main [39ms]
2026-01-31 03:45:54.307 [info] > git for-each-ref --sort -committerdate --format %(refname)%00%(objectname)%00%(*objectname) [222ms]
2026-01-31 03:45:54.329 [info] > git status -z -uall [265ms]
2026-01-31 03:46:06.606 [info] > git config --get commit.template [30ms]
2026-01-31 03:46:06.615 [info] > git for-each-ref --format=%(refname)%00%(upstream:short)%00%(objectname)%00%(upstream:track)%00%(upstream:remotename)%00%(upstream:remoteref) refs/heads/main refs/remotes/main [12ms]
2026-01-31 03:46:06.718 [info] > git for-each-ref --sort -committerdate --format %(refname)%00%(objectname)%00%(*objectname) [30ms]
2026-01-31 03:46:06.805 [info] > git status -z -uall [158ms]
2026-01-31 03:46:11.934 [info] > git config --get commit.template [18ms]
2026-01-31 03:46:11.943 [info] > git for-each-ref --format=%(refname)%00%(upstream:short)%00%(objectname)%00%(upstream:track)%00%(upstream:remotename)%00%(upstream:remoteref) refs/heads/main refs/remotes/main [10ms]
2026-01-31 03:46:11.983 [info] > git for-each-ref --sort -committerdate --format %(refname)%00%(objectname)%00%(*objectname) [11ms]
2026-01-31 03:46:11.999 [info] > git status -z -uall [43ms]
2026-01-31 03:46:17.075 [info] > git config --get commit.template [15ms]
2026-01-31 03:46:17.083 [info] > git for-each-ref --format=%(refname)%00%(upstream:short)%00%(objectname)%00%(upstream:track)%00%(upstream:remotename)%00%(upstream:remoteref) refs/heads/main refs/remotes/main [10ms]
2026-01-31 03:46:17.127 [info] > git for-each-ref --sort -committerdate --format %(refname)%00%(objectname)%00%(*objectname) [11ms]
2026-01-31 03:46:17.144 [info] > git status -z -uall [41ms]
2026-01-31 03:46:22.248 [info] > git config --get commit.template [30ms]
2026-01-31 03:46:22.258 [info] > git for-each-ref --format=%(refname)%00%(upstream:short)%00%(objectname)%00%(upstream:track)%00%(upstream:remotename)%00%(upstream:remoteref) refs/heads/main refs/remotes/main [13ms]
2026-01-31 03:46:22.299 [info] > git for-each-ref --sort -committerdate --format %(refname)%00%(objectname)%00%(*objectname) [11ms]
2026-01-31 03:46:22.319 [info] > git status -z -uall [46ms]
2026-01-31 03:46:27.392 [info] > git config --get commit.template [15ms]
2026-01-31 03:46:27.399 [info] > git for-each-ref --format=%(refname)%00%(upstream:short)%00%(objectname)%00%(upstream:track)%00%(upstream:remotename)%00%(upstream:remoteref) refs/heads/main refs/remotes/main [9ms]
2026-01-31 03:46:27.440 [info] > git for-each-ref --sort -committerdate --format %(refname)%00%(objectname)%00%(*objectname) [10ms]
2026-01-31 03:46:27.460 [info] > git status -z -uall [44ms]
2026-01-31 03:46:32.553 [info] > git config --get commit.template [18ms]
2026-01-31 03:46:32.560 [info] > git for-each-ref --format=%(refname)%00%(upstream:short)%00%(objectname)%00%(upstream:track)%00%(upstream:remotename)%00%(upstream:remoteref) refs/heads/main refs/remotes/main [9ms]
2026-01-31 03:46:32.610 [info] > git for-each-ref --sort -committerdate --format %(refname)%00%(objectname)%00%(*objectname) [10ms]
2026-01-31 03:46:32.624 [info] > git status -z -uall [43ms]
2026-01-31 03:46:37.805 [info] > git for-each-ref --format=%(refname)%00%(upstream:short)%00%(objectname)%00%(upstream:track)%00%(upstream:remotename)%00%(upstream:remoteref) refs/heads/main refs/remotes/main [5ms]
2026-01-31 03:46:37.810 [info] > git config --get commit.template [131ms]
2026-01-31 03:46:37.973 [info] > git for-each-ref --sort -committerdate --format %(refname)%00%(objectname)%00%(*objectname) [15ms]
2026-01-31 03:46:38.035 [info] > git status -z -uall [128ms]
2026-01-31 03:46:45.840 [info] > git config --get commit.template [157ms]
2026-01-31 03:46:45.869 [info] > git for-each-ref --format=%(refname)%00%(upstream:short)%00%(objectname)%00%(upstream:track)%00%(upstream:remotename)%00%(upstream:remoteref) refs/heads/main refs/remotes/main [41ms]
2026-01-31 03:46:45.970 [info] > git for-each-ref --sort -committerdate --format %(refname)%00%(objectname)%00%(*objectname) [31ms]
2026-01-31 03:46:46.017 [info] > git status -z -uall [110ms]
2026-01-31 03:46:51.112 [info] > git config --get commit.template [24ms]
2026-01-31 03:46:51.120 [info] > git for-each-ref --format=%(refname)%00%(upstream:short)%00%(objectname)%00%(upstream:track)%00%(upstream:remotename)%00%(upstream:remoteref) refs/heads/main refs/remotes/main [12ms]
2026-01-31 03:46:51.171 [info] > git for-each-ref --sort -committerdate --format %(refname)%00%(objectname)%00%(*objectname) [13ms]
2026-01-31 03:46:51.190 [info] > git status -z -uall [47ms]
2026-01-31 03:46:56.272 [info] > git config --get commit.template [21ms]
2026-01-31 03:46:56.283 [info] > git for-each-ref --format=%(refname)%00%(upstream:short)%00%(objectname)%00%(upstream:track)%00%(upstream:remotename)%00%(upstream:remoteref) refs/heads/main refs/remotes/main [13ms]
2026-01-31 03:46:56.329 [info] > git for-each-ref --sort -committerdate --format %(refname)%00%(objectname)%00%(*objectname) [11ms]
2026-01-31 03:46:56.346 [info] > git status -z -uall [43ms]
2026-01-31 03:47:01.436 [info] > git config --get commit.template [33ms]
2026-01-31 03:47:01.443 [info] > git for-each-ref --format=%(refname)%00%(upstream:short)%00%(objectname)%00%(upstream:track)%00%(upstream:remotename)%00%(upstream:remoteref) refs/heads/main refs/remotes/main [10ms]
2026-01-31 03:47:01.496 [info] > git for-each-ref --sort -committerdate --format %(refname)%00%(objectname)%00%(*objectname) [15ms]
2026-01-31 03:47:01.507 [info] > git status -z -uall [45ms]
2026-01-31 03:47:06.643 [info] > git config --get commit.template [64ms]
2026-01-31 03:47:06.687 [info] > git for-each-ref --format=%(refname)%00%(upstream:short)%00%(objectname)%00%(upstream:track)%00%(upstream:remotename)%00%(upstream:remoteref) refs/heads/main refs/remotes/main [52ms]
2026-01-31 03:47:06.807 [info] > git for-each-ref --sort -committerdate --format %(refname)%00%(objectname)%00%(*objectname) [45ms]
2026-01-31 03:47:06.819 [info] > git status -z -uall [97ms]
2026-01-31 03:47:25.645 [info] > git config --get commit.template [28ms]
2026-01-31 03:47:25.698 [info] > git for-each-ref --format=%(refname)%00%(upstream:short)%00%(objectname)%00%(upstream:track)%00%(upstream:remotename)%00%(upstream:remoteref) refs/heads/main refs/remotes/main [55ms]
2026-01-31 03:47:25.784 [info] > git for-each-ref --sort -committerdate --format %(refname)%00%(objectname)%00%(*objectname) [16ms]
2026-01-31 03:47:25.813 [info] > git status -z -uall [82ms]
2026-01-31 03:47:30.906 [info] > git config --get commit.template [27ms]
2026-01-31 03:47:30.914 [info] > git for-each-ref --format=%(refname)%00%(upstream:short)%00%(objectname)%00%(upstream:track)%00%(upstream:remotename)%00%(upstream:remoteref) refs/heads/main refs/remotes/main [12ms]
2026-01-31 03:47:30.959 [info] > git for-each-ref --sort -committerdate --format %(refname)%00%(objectname)%00%(*objectname) [9ms]
2026-01-31 03:47:30.967 [info] > git status -z -uall [37ms]
2026-01-31 03:47:36.054 [info] > git config --get commit.template [19ms]
2026-01-31 03:47:36.063 [info] > git for-each-ref --format=%(refname)%00%(upstream:short)%00%(objectname)%00%(upstream:track)%00%(upstream:remotename)%00%(upstream:remoteref) refs/heads/main refs/remotes/main [11ms]
2026-01-31 03:47:36.109 [info] > git for-each-ref --sort -committerdate --format %(refname)%00%(objectname)%00%(*objectname) [10ms]
2026-01-31 03:47:36.128 [info] > git status -z -uall [44ms]
2026-01-31 03:47:41.220 [info] > git config --get commit.template [18ms]
2026-01-31 03:47:41.228 [info] > git for-each-ref --format=%(refname)%00%(upstream:short)%00%(objectname)%00%(upstream:track)%00%(upstream:remotename)%00%(upstream:remoteref) refs/heads/main refs/remotes/main [11ms]
2026-01-31 03:47:41.274 [info] > git for-each-ref --sort -committerdate --format %(refname)%00%(objectname)%00%(*objectname) [9ms]
2026-01-31 03:47:41.292 [info] > git status -z -uall [43ms]
2026-01-31 03:47:46.381 [info] > git config --get commit.template [20ms]
2026-01-31 03:47:46.386 [info] > git for-each-ref --format=%(refname)%00%(upstream:short)%00%(objectname)%00%(upstream:track)%00%(upstream:remotename)%00%(upstream:remoteref) refs/heads/main refs/remotes/main [11ms]
2026-01-31 03:47:46.427 [info] > git for-each-ref --sort -committerdate --format %(refname)%00%(objectname)%00%(*objectname) [11ms]
2026-01-31 03:47:46.441 [info] > git status -z -uall [40ms]
2026-01-31 03:47:52.058 [info] > git config --get commit.template [19ms]
2026-01-31 03:47:52.067 [info] > git for-each-ref --format=%(refname)%00%(upstream:short)%00%(objectname)%00%(upstream:track)%00%(upstream:remotename)%00%(upstream:remoteref) refs/heads/main refs/remotes/main [11ms]
2026-01-31 03:47:52.106 [info] > git for-each-ref --sort -committerdate --format %(refname)%00%(objectname)%00%(*objectname) [10ms]
2026-01-31 03:47:52.123 [info] > git status -z -uall [43ms]
2026-01-31 03:47:57.192 [info] > git config --get commit.template [14ms]
2026-01-31 03:47:57.198 [info] > git for-each-ref --format=%(refname)%00%(upstream:short)%00%(objectname)%00%(upstream:track)%00%(upstream:remotename)%00%(upstream:remoteref) refs/heads/main refs/remotes/main [8ms]
2026-01-31 03:47:57.242 [info] > git for-each-ref --sort -committerdate --format %(refname)%00%(objectname)%00%(*objectname) [9ms]
2026-01-31 03:47:57.260 [info] > git status -z -uall [44ms]
2026-01-31 03:48:02.326 [info] > git config --get commit.template [16ms]
2026-01-31 03:48:02.335 [info] > git for-each-ref --format=%(refname)%00%(upstream:short)%00%(objectname)%00%(upstream:track)%00%(upstream:remotename)%00%(upstream:remoteref) refs/heads/main refs/remotes/main [10ms]
2026-01-31 03:48:02.380 [info] > git for-each-ref --sort -committerdate --format %(refname)%00%(objectname)%00%(*objectname) [10ms]
2026-01-31 03:48:02.397 [info] > git status -z -uall [44ms]
2026-01-31 03:48:13.146 [info] > git config --get commit.template [23ms]
2026-01-31 03:48:13.155 [info] > git for-each-ref --format=%(refname)%00%(upstream:short)%00%(objectname)%00%(upstream:track)%00%(upstream:remotename)%00%(upstream:remoteref) refs/heads/main refs/remotes/main [11ms]
2026-01-31 03:48:13.210 [info] > git for-each-ref --sort -committerdate --format %(refname)%00%(objectname)%00%(*objectname) [13ms]
2026-01-31 03:48:13.235 [info] > git status -z -uall [63ms]
2026-01-31 03:48:27.396 [info] > git config --get commit.template [20ms]
2026-01-31 03:48:27.412 [info] > git for-each-ref --format=%(refname)%00%(upstream:short)%00%(objectname)%00%(upstream:track)%00%(upstream:remotename)%00%(upstream:remoteref) refs/heads/main refs/remotes/main [19ms]
2026-01-31 03:48:27.478 [info] > git for-each-ref --sort -committerdate --format %(refname)%00%(objectname)%00%(*objectname) [19ms]
2026-01-31 03:48:27.492 [info] > git status -z -uall [59ms]
2026-01-31 03:48:32.592 [info] > git config --get commit.template [22ms]
2026-01-31 03:48:32.603 [info] > git for-each-ref --format=%(refname)%00%(upstream:short)%00%(objectname)%00%(upstream:track)%00%(upstream:remotename)%00%(upstream:remoteref) refs/heads/main refs/remotes/main [13ms]
2026-01-31 03:48:32.650 [info] > git for-each-ref --sort -committerdate --format %(refname)%00%(objectname)%00%(*objectname) [14ms]
2026-01-31 03:48:32.674 [info] > git status -z -uall [54ms]
2026-01-31 03:48:37.768 [info] > git config --get commit.template [18ms]
2026-01-31 03:48:37.775 [info] > git for-each-ref --format=%(refname)%00%(upstream:short)%00%(objectname)%00%(upstream:track)%00%(upstream:remotename)%00%(upstream:remoteref) refs/heads/main refs/remotes/main [11ms]
2026-01-31 03:48:37.830 [info] > git for-each-ref --sort -committerdate --format %(refname)%00%(objectname)%00%(*objectname) [13ms]
2026-01-31 03:48:37.849 [info] > git status -z -uall [47ms]
2026-01-31 03:48:42.914 [info] > git config --get commit.template [15ms]
2026-01-31 03:48:42.923 [info] > git for-each-ref --format=%(refname)%00%(upstream:short)%00%(objectname)%00%(upstream:track)%00%(upstream:remotename)%00%(upstream:remoteref) refs/heads/main refs/remotes/main [11ms]
2026-01-31 03:48:42.962 [info] > git for-each-ref --sort -committerdate --format %(refname)%00%(objectname)%00%(*objectname) [11ms]
2026-01-31 03:48:42.986 [info] > git status -z -uall [47ms]
2026-01-31 03:48:48.065 [info] > git config --get commit.template [25ms]
2026-01-31 03:48:48.073 [info] > git for-each-ref --format=%(refname)%00%(upstream:short)%00%(objectname)%00%(upstream:track)%00%(upstream:remotename)%00%(upstream:remoteref) refs/heads/main refs/remotes/main [10ms]
2026-01-31 03:48:48.128 [info] > git for-each-ref --sort -committerdate --format %(refname)%00%(objectname)%00%(*objectname) [12ms]
2026-01-31 03:48:48.139 [info] > git status -z -uall [46ms]
2026-01-31 03:48:53.249 [info] > git config --get commit.template [21ms]
2026-01-31 03:48:53.256 [info] > git for-each-ref --format=%(refname)%00%(upstream:short)%00%(objectname)%00%(upstream:track)%00%(upstream:remotename)%00%(upstream:remoteref) refs/heads/main refs/remotes/main [9ms]
2026-01-31 03:48:53.298 [info] > git for-each-ref --sort -committerdate --format %(refname)%00%(objectname)%00%(*objectname) [10ms]
2026-01-31 03:48:53.316 [info] > git status -z -uall [43ms]
2026-01-31 03:48:58.389 [info] > git config --get commit.template [16ms]
2026-01-31 03:48:58.397 [info] > git for-each-ref --format=%(refname)%00%(upstream:short)%00%(objectname)%00%(upstream:track)%00%(upstream:remotename)%00%(upstream:remoteref) refs/heads/main refs/remotes/main [10ms]
2026-01-31 03:48:58.437 [info] > git for-each-ref --sort -committerdate --format %(refname)%00%(objectname)%00%(*objectname) [11ms]
2026-01-31 03:48:58.455 [info] > git status -z -uall [43ms]
2026-01-31 03:49:03.565 [info] > git config --get commit.template [39ms]
2026-01-31 03:49:03.567 [info] > git for-each-ref --format=%(refname)%00%(upstream:short)%00%(objectname)%00%(upstream:track)%00%(upstream:remotename)%00%(upstream:remoteref) refs/heads/main refs/remotes/main [17ms]
2026-01-31 03:49:03.618 [info] > git for-each-ref --sort -committerdate --format %(refname)%00%(objectname)%00%(*objectname) [13ms]
2026-01-31 03:49:03.640 [info] > git status -z -uall [53ms]
2026-01-31 03:49:08.727 [info] > git config --get commit.template [20ms]
2026-01-31 03:49:08.736 [info] > git for-each-ref --format=%(refname)%00%(upstream:short)%00%(objectname)%00%(upstream:track)%00%(upstream:remotename)%00%(upstream:remoteref) refs/heads/main refs/remotes/main [12ms]
2026-01-31 03:49:08.783 [info] > git for-each-ref --sort -committerdate --format %(refname)%00%(objectname)%00%(*objectname) [11ms]
2026-01-31 03:49:08.795 [info] > git status -z -uall [39ms]
2026-01-31 03:49:21.558 [info] > git config --get commit.template [25ms]
2026-01-31 03:49:21.571 [info] > git for-each-ref --format=%(refname)%00%(upstream:short)%00%(objectname)%00%(upstream:track)%00%(upstream:remotename)%00%(upstream:remoteref) refs/heads/main refs/remotes/main [17ms]
2026-01-31 03:49:21.640 [info] > git for-each-ref --sort -committerdate --format %(refname)%00%(objectname)%00%(*objectname) [11ms]
2026-01-31 03:49:21.660 [info] > git status -z -uall [55ms]
2026-01-31 03:49:26.835 [info] > git config --get commit.template [26ms]
2026-01-31 03:49:26.846 [info] > git for-each-ref --format=%(refname)%00%(upstream:short)%00%(objectname)%00%(upstream:track)%00%(upstream:remotename)%00%(upstream:remoteref) refs/heads/main refs/remotes/main [14ms]
2026-01-31 03:49:26.898 [info] > git for-each-ref --sort -committerdate --format %(refname)%00%(objectname)%00%(*objectname) [10ms]
2026-01-31 03:49:26.909 [info] > git status -z -uall [42ms]
2026-01-31 03:49:32.031 [info] > git config --get commit.template [33ms]
2026-01-31 03:49:32.048 [info] > git for-each-ref --format=%(refname)%00%(upstream:short)%00%(objectname)%00%(upstream:track)%00%(upstream:remotename)%00%(upstream:remoteref) refs/heads/main refs/remotes/main [22ms]
2026-01-31 03:49:32.094 [info] > git for-each-ref --sort -committerdate --format %(refname)%00%(objectname)%00%(*objectname) [10ms]
2026-01-31 03:49:32.111 [info] > git status -z -uall [43ms]
2026-01-31 03:49:37.188 [info] > git config --get commit.template [15ms]
2026-01-31 03:49:37.195 [info] > git for-each-ref --format=%(refname)%00%(upstream:short)%00%(objectname)%00%(upstream:track)%00%(upstream:remotename)%00%(upstream:remoteref) refs/heads/main refs/remotes/main [10ms]
2026-01-31 03:49:37.243 [info] > git for-each-ref --sort -committerdate --format %(refname)%00%(objectname)%00%(*objectname) [11ms]
2026-01-31 03:49:37.269 [info] > git status -z -uall [50ms]
2026-01-31 03:49:59.153 [info] > git config --get commit.template [27ms]
2026-01-31 03:49:59.164 [info] > git for-each-ref --format=%(refname)%00%(upstream:short)%00%(objectname)%00%(upstream:track)%00%(upstream:remotename)%00%(upstream:remoteref) refs/heads/main refs/remotes/main [14ms]
2026-01-31 03:49:59.224 [info] > git for-each-ref --sort -committerdate --format %(refname)%00%(objectname)%00%(*objectname) [20ms]
2026-01-31 03:49:59.256 [info] > git status -z -uall [70ms]
2026-01-31 03:50:04.385 [info] > git config --get commit.template [18ms]
2026-01-31 03:50:04.393 [info] > git for-each-ref --format=%(refname)%00%(upstream:short)%00%(objectname)%00%(upstream:track)%00%(upstream:remotename)%00%(upstream:remoteref) refs/heads/main refs/remotes/main [10ms]
2026-01-31 03:50:04.448 [info] > git for-each-ref --sort -committerdate --format %(refname)%00%(objectname)%00%(*objectname) [11ms]
2026-01-31 03:50:04.465 [info] > git status -z -uall [50ms]
2026-01-31 03:50:09.549 [info] > git config --get commit.template [22ms]
2026-01-31 03:50:09.561 [info] > git for-each-ref --format=%(refname)%00%(upstream:short)%00%(objectname)%00%(upstream:track)%00%(upstream:remotename)%00%(upstream:remoteref) refs/heads/main refs/remotes/main [15ms]
2026-01-31 03:50:09.602 [info] > git for-each-ref --sort -committerdate --format %(refname)%00%(objectname)%00%(*objectname) [9ms]
2026-01-31 03:50:09.618 [info] > git status -z -uall [42ms]
2026-01-31 03:50:14.701 [info] > git config --get commit.template [18ms]
2026-01-31 03:50:14.710 [info] > git for-each-ref --format=%(refname)%00%(upstream:short)%00%(objectname)%00%(upstream:track)%00%(upstream:remotename)%00%(upstream:remoteref) refs/heads/main refs/remotes/main [10ms]
2026-01-31 03:50:14.749 [info] > git for-each-ref --sort -committerdate --format %(refname)%00%(objectname)%00%(*objectname) [11ms]
2026-01-31 03:50:14.770 [info] > git status -z -uall [46ms]
2026-01-31 03:50:28.231 [info] > git config --get commit.template [53ms]
2026-01-31 03:50:28.284 [info] > git for-each-ref --format=%(refname)%00%(upstream:short)%00%(objectname)%00%(upstream:track)%00%(upstream:remotename)%00%(upstream:remoteref) refs/heads/main refs/remotes/main [65ms]
2026-01-31 03:50:28.359 [info] > git for-each-ref --sort -committerdate --format %(refname)%00%(objectname)%00%(*objectname) [22ms]
2026-01-31 03:50:28.397 [info] > git status -z -uall [85ms]
2026-01-31 03:50:33.514 [info] > git config --get commit.template [31ms]
2026-01-31 03:50:33.522 [info] > git for-each-ref --format=%(refname)%00%(upstream:short)%00%(objectname)%00%(upstream:track)%00%(upstream:remotename)%00%(upstream:remoteref) refs/heads/main refs/remotes/main [16ms]
2026-01-31 03:50:33.570 [info] > git for-each-ref --sort -committerdate --format %(refname)%00%(objectname)%00%(*objectname) [9ms]
2026-01-31 03:50:33.587 [info] > git status -z -uall [43ms]
2026-01-31 03:50:38.667 [info] > git config --get commit.template [16ms]
2026-01-31 03:50:38.674 [info] > git for-each-ref --format=%(refname)%00%(upstream:short)%00%(objectname)%00%(upstream:track)%00%(upstream:remotename)%00%(upstream:remoteref) refs/heads/main refs/remotes/main [9ms]
2026-01-31 03:50:38.709 [info] > git for-each-ref --sort -committerdate --format %(refname)%00%(objectname)%00%(*objectname) [9ms]
2026-01-31 03:50:38.724 [info] > git status -z -uall [37ms]
2026-01-31 03:50:45.600 [info] > git config --get commit.template [90ms]
2026-01-31 03:50:45.633 [info] > git for-each-ref --format=%(refname)%00%(upstream:short)%00%(objectname)%00%(upstream:track)%00%(upstream:remotename)%00%(upstream:remoteref) refs/heads/main refs/remotes/main [57ms]
2026-01-31 03:50:45.718 [info] > git for-each-ref --sort -committerdate --format %(refname)%00%(objectname)%00%(*objectname) [23ms]
2026-01-31 03:50:45.758 [info] > git status -z -uall [90ms]
2026-01-31 03:50:58.257 [info] > git config --get commit.template [23ms]
2026-01-31 03:50:58.271 [info] > git for-each-ref --format=%(refname)%00%(upstream:short)%00%(objectname)%00%(upstream:track)%00%(upstream:remotename)%00%(upstream:remoteref) refs/heads/main refs/remotes/main [16ms]
2026-01-31 03:50:58.363 [info] > git for-each-ref --sort -committerdate --format %(refname)%00%(objectname)%00%(*objectname) [35ms]
2026-01-31 03:50:58.387 [info] > git status -z -uall [87ms]
2026-01-31 03:51:03.503 [info] > git config --get commit.template [20ms]
2026-01-31 03:51:03.511 [info] > git for-each-ref --format=%(refname)%00%(upstream:short)%00%(objectname)%00%(upstream:track)%00%(upstream:remotename)%00%(upstream:remoteref) refs/heads/main refs/remotes/main [12ms]
2026-01-31 03:51:03.558 [info] > git for-each-ref --sort -committerdate --format %(refname)%00%(objectname)%00%(*objectname) [10ms]
2026-01-31 03:51:03.577 [info] > git status -z -uall [43ms]
2026-01-31 03:51:08.660 [info] > git config --get commit.template [17ms]
2026-01-31 03:51:08.667 [info] > git for-each-ref --format=%(refname)%00%(upstream:short)%00%(objectname)%00%(upstream:track)%00%(upstream:remotename)%00%(upstream:remoteref) refs/heads/main refs/remotes/main [9ms]
2026-01-31 03:51:08.708 [info] > git for-each-ref --sort -committerdate --format %(refname)%00%(objectname)%00%(*objectname) [11ms]
2026-01-31 03:51:08.730 [info] > git status -z -uall [48ms]
2026-01-31 03:51:13.807 [info] > git config --get commit.template [19ms]
2026-01-31 03:51:13.814 [info] > git for-each-ref --format=%(refname)%00%(upstream:short)%00%(objectname)%00%(upstream:track)%00%(upstream:remotename)%00%(upstream:remoteref) refs/heads/main refs/remotes/main [12ms]
2026-01-31 03:51:13.856 [info] > git for-each-ref --sort -committerdate --format %(refname)%00%(objectname)%00%(*objectname) [10ms]
2026-01-31 03:51:13.878 [info] > git status -z -uall [47ms]
2026-01-31 03:51:18.954 [info] > git config --get commit.template [14ms]
2026-01-31 03:51:18.962 [info] > git for-each-ref --format=%(refname)%00%(upstream:short)%00%(objectname)%00%(upstream:track)%00%(upstream:remotename)%00%(upstream:remoteref) refs/heads/main refs/remotes/main [9ms]
2026-01-31 03:51:19.011 [info] > git for-each-ref --sort -committerdate --format %(refname)%00%(objectname)%00%(*objectname) [12ms]
2026-01-31 03:51:19.033 [info] > git status -z -uall [54ms]
2026-01-31 03:51:24.104 [info] > git config --get commit.template [24ms]
2026-01-31 03:51:24.114 [info] > git for-each-ref --format=%(refname)%00%(upstream:short)%00%(objectname)%00%(upstream:track)%00%(upstream:remotename)%00%(upstream:remoteref) refs/heads/main refs/remotes/main [13ms]
2026-01-31 03:51:24.157 [info] > git for-each-ref --sort -committerdate --format %(refname)%00%(objectname)%00%(*objectname) [12ms]
2026-01-31 03:51:24.172 [info] > git status -z -uall [43ms]
2026-01-31 03:51:32.818 [info] > git config --get commit.template [36ms]
2026-01-31 03:51:32.829 [info] > git for-each-ref --format=%(refname)%00%(upstream:short)%00%(objectname)%00%(upstream:track)%00%(upstream:remotename)%00%(upstream:remoteref) refs/heads/main refs/remotes/main [17ms]
2026-01-31 03:51:32.876 [info] > git for-each-ref --sort -committerdate --format %(refname)%00%(objectname)%00%(*objectname) [11ms]
2026-01-31 03:51:32.892 [info] > git status -z -uall [45ms]
2026-01-31 03:51:41.762 [info] > git config --get commit.template [3ms]
2026-01-31 03:51:41.840 [info] > git for-each-ref --format=%(refname)%00%(upstream:short)%00%(objectname)%00%(upstream:track)%00%(upstream:remotename)%00%(upstream:remoteref) refs/heads/main refs/remotes/main [17ms]
2026-01-31 03:51:41.894 [info] > git for-each-ref --sort -committerdate --format %(refname)%00%(objectname)%00%(*objectname) [10ms]
2026-01-31 03:51:41.925 [info] > git status -z -uall [64ms]
2026-01-31 03:51:46.993 [info] > git config --get commit.template [19ms]
2026-01-31 03:51:47.001 [info] > git for-each-ref --format=%(refname)%00%(upstream:short)%00%(objectname)%00%(upstream:track)%00%(upstream:remotename)%00%(upstream:remoteref) refs/heads/main refs/remotes/main [10ms]
2026-01-31 03:51:47.043 [info] > git for-each-ref --sort -committerdate --format %(refname)%00%(objectname)%00%(*objectname) [12ms]
2026-01-31 03:51:47.060 [info] > git status -z -uall [46ms]
2026-01-31 03:51:52.135 [info] > git config --get commit.template [20ms]
2026-01-31 03:51:52.143 [info] > git for-each-ref --format=%(refname)%00%(upstream:short)%00%(objectname)%00%(upstream:track)%00%(upstream:remotename)%00%(upstream:remoteref) refs/heads/main refs/remotes/main [11ms]
2026-01-31 03:51:52.195 [info] > git for-each-ref --sort -committerdate --format %(refname)%00%(objectname)%00%(*objectname) [16ms]
2026-01-31 03:51:52.210 [info] > git status -z -uall [50ms]
2026-01-31 03:51:57.272 [info] > git config --get commit.template [17ms]
2026-01-31 03:51:57.279 [info] > git for-each-ref --format=%(refname)%00%(upstream:short)%00%(objectname)%00%(upstream:track)%00%(upstream:remotename)%00%(upstream:remoteref) refs/heads/main refs/remotes/main [10ms]
2026-01-31 03:51:57.317 [info] > git for-each-ref --sort -committerdate --format %(refname)%00%(objectname)%00%(*objectname) [10ms]
2026-01-31 03:51:57.337 [info] > git status -z -uall [42ms]
2026-01-31 03:52:02.395 [info] > git config --get commit.template [19ms]
2026-01-31 03:52:02.402 [info] > git for-each-ref --format=%(refname)%00%(upstream:short)%00%(objectname)%00%(upstream:track)%00%(upstream:remotename)%00%(upstream:remoteref) refs/heads/main refs/remotes/main [8ms]
2026-01-31 03:52:02.438 [info] > git for-each-ref --sort -committerdate --format %(refname)%00%(objectname)%00%(*objectname) [9ms]
2026-01-31 03:52:02.463 [info] > git status -z -uall [48ms]
2026-01-31 03:52:07.569 [info] > git config --get commit.template [36ms]
2026-01-31 03:52:07.578 [info] > git for-each-ref --format=%(refname)%00%(upstream:short)%00%(objectname)%00%(upstream:track)%00%(upstream:remotename)%00%(upstream:remoteref) refs/heads/main refs/remotes/main [18ms]
2026-01-31 03:52:07.666 [info] > git for-each-ref --sort -committerdate --format %(refname)%00%(objectname)%00%(*objectname) [24ms]
2026-01-31 03:52:07.713 [info] > git status -z -uall [108ms]
2026-01-31 03:52:12.808 [info] > git config --get commit.template [17ms]
2026-01-31 03:52:12.815 [info] > git for-each-ref --format=%(refname)%00%(upstream:short)%00%(objectname)%00%(upstream:track)%00%(upstream:remotename)%00%(upstream:remoteref) refs/heads/main refs/remotes/main [9ms]
2026-01-31 03:52:12.855 [info] > git for-each-ref --sort -committerdate --format %(refname)%00%(objectname)%00%(*objectname) [10ms]
2026-01-31 03:52:12.871 [info] > git status -z -uall [41ms]
2026-01-31 03:52:17.955 [info] > git config --get commit.template [18ms]
2026-01-31 03:52:17.964 [info] > git for-each-ref --format=%(refname)%00%(upstream:short)%00%(objectname)%00%(upstream:track)%00%(upstream:remotename)%00%(upstream:remoteref) refs/heads/main refs/remotes/main [12ms]
2026-01-31 03:52:18.014 [info] > git for-each-ref --sort -committerdate --format %(refname)%00%(objectname)%00%(*objectname) [12ms]
2026-01-31 03:52:18.037 [info] > git status -z -uall [50ms]
2026-01-31 03:52:23.143 [info] > git config --get commit.template [29ms]
2026-01-31 03:52:23.159 [info] > git for-each-ref --format=%(refname)%00%(upstream:short)%00%(objectname)%00%(upstream:track)%00%(upstream:remotename)%00%(upstream:remoteref) refs/heads/main refs/remotes/main [18ms]
2026-01-31 03:52:23.215 [info] > git for-each-ref --sort -committerdate --format %(refname)%00%(objectname)%00%(*objectname) [10ms]
2026-01-31 03:52:23.250 [info] > git status -z -uall [62ms]
2026-01-31 03:52:28.350 [info] > git config --get commit.template [21ms]
2026-01-31 03:52:28.359 [info] > git for-each-ref --format=%(refname)%00%(upstream:short)%00%(objectname)%00%(upstream:track)%00%(upstream:remotename)%00%(upstream:remoteref) refs/heads/main refs/remotes/main [11ms]
2026-01-31 03:52:28.437 [info] > git for-each-ref --sort -committerdate --format %(refname)%00%(objectname)%00%(*objectname) [25ms]
2026-01-31 03:52:28.507 [info] > git status -z -uall [113ms]
2026-01-31 03:52:33.621 [info] > git config --get commit.template [24ms]
2026-01-31 03:52:33.632 [info] > git for-each-ref --format=%(refname)%00%(upstream:short)%00%(objectname)%00%(upstream:track)%00%(upstream:remotename)%00%(upstream:remoteref) refs/heads/main refs/remotes/main [12ms]
2026-01-31 03:52:33.685 [info] > git for-each-ref --sort -committerdate --format %(refname)%00%(objectname)%00%(*objectname) [14ms]
2026-01-31 03:52:33.703 [info] > git status -z -uall [51ms]
2026-01-31 03:56:01.660 [info] > git config --get commit.template [38ms]
2026-01-31 03:56:01.669 [info] > git for-each-ref --format=%(refname)%00%(upstream:short)%00%(objectname)%00%(upstream:track)%00%(upstream:remotename)%00%(upstream:remoteref) refs/heads/main refs/remotes/main [32ms]
2026-01-31 03:56:01.718 [info] > git for-each-ref --sort -committerdate --format %(refname)%00%(objectname)%00%(*objectname) [10ms]
2026-01-31 03:56:01.975 [info] > git status -z -uall [291ms]
2026-01-31 03:56:07.113 [info] > git config --get commit.template [37ms]
2026-01-31 03:56:07.130 [info] > git for-each-ref --format=%(refname)%00%(upstream:short)%00%(objectname)%00%(upstream:track)%00%(upstream:remotename)%00%(upstream:remoteref) refs/heads/main refs/remotes/main [21ms]
2026-01-31 03:56:07.183 [info] > git for-each-ref --sort -committerdate --format %(refname)%00%(objectname)%00%(*objectname) [16ms]
2026-01-31 03:56:07.199 [info] > git status -z -uall [49ms]
2026-01-31 03:56:12.294 [info] > git config --get commit.template [26ms]
2026-01-31 03:56:12.304 [info] > git for-each-ref --format=%(refname)%00%(upstream:short)%00%(objectname)%00%(upstream:track)%00%(upstream:remotename)%00%(upstream:remoteref) refs/heads/main refs/remotes/main [14ms]
2026-01-31 03:56:12.365 [info] > git for-each-ref --sort -committerdate --format %(refname)%00%(objectname)%00%(*objectname) [13ms]
2026-01-31 03:56:12.383 [info] > git status -z -uall [50ms]
2026-01-31 04:00:37.903 [info] > git config --get commit.template [52ms]
2026-01-31 04:00:37.905 [info] > git for-each-ref --format=%(refname)%00%(upstream:short)%00%(objectname)%00%(upstream:track)%00%(upstream:remotename)%00%(upstream:remoteref) refs/heads/main refs/remotes/main [35ms]
2026-01-31 04:00:38.006 [info] > git for-each-ref --sort -committerdate --format %(refname)%00%(objectname)%00%(*objectname) [53ms]
2026-01-31 04:00:38.340 [info] > git status -z -uall [414ms]
2026-01-31 04:00:43.431 [info] > git config --get commit.template [16ms]
2026-01-31 04:00:43.439 [info] > git for-each-ref --format=%(refname)%00%(upstream:short)%00%(objectname)%00%(upstream:track)%00%(upstream:remotename)%00%(upstream:remoteref) refs/heads/main refs/remotes/main [10ms]
2026-01-31 04:00:43.484 [info] > git for-each-ref --sort -committerdate --format %(refname)%00%(objectname)%00%(*objectname) [10ms]
2026-01-31 04:00:43.505 [info] > git status -z -uall [45ms]
2026-01-31 04:00:48.581 [info] > git config --get commit.template [16ms]
2026-01-31 04:00:48.591 [info] > git for-each-ref --format=%(refname)%00%(upstream:short)%00%(objectname)%00%(upstream:track)%00%(upstream:remotename)%00%(upstream:remoteref) refs/heads/main refs/remotes/main [12ms]
2026-01-31 04:00:48.634 [info] > git for-each-ref --sort -committerdate --format %(refname)%00%(objectname)%00%(*objectname) [10ms]
2026-01-31 04:00:48.650 [info] > git status -z -uall [43ms]
2026-01-31 04:00:53.741 [info] > git config --get commit.template [22ms]
2026-01-31 04:00:53.750 [info] > git for-each-ref --format=%(refname)%00%(upstream:short)%00%(objectname)%00%(upstream:track)%00%(upstream:remotename)%00%(upstream:remoteref) refs/heads/main refs/remotes/main [11ms]
2026-01-31 04:00:53.790 [info] > git for-each-ref --sort -committerdate --format %(refname)%00%(objectname)%00%(*objectname) [10ms]
2026-01-31 04:00:53.810 [info] > git status -z -uall [44ms]
2026-01-31 04:00:58.909 [info] > git config --get commit.template [20ms]
2026-01-31 04:00:58.919 [info] > git for-each-ref --format=%(refname)%00%(upstream:short)%00%(objectname)%00%(upstream:track)%00%(upstream:remotename)%00%(upstream:remoteref) refs/heads/main refs/remotes/main [12ms]
2026-01-31 04:00:58.966 [info] > git for-each-ref --sort -committerdate --format %(refname)%00%(objectname)%00%(*objectname) [11ms]
2026-01-31 04:00:58.989 [info] > git status -z -uall [50ms]
2026-01-31 04:01:04.078 [info] > git config --get commit.template [21ms]
2026-01-31 04:01:04.087 [info] > git for-each-ref --format=%(refname)%00%(upstream:short)%00%(objectname)%00%(upstream:track)%00%(upstream:remotename)%00%(upstream:remoteref) refs/heads/main refs/remotes/main [13ms]
2026-01-31 04:01:04.140 [info] > git for-each-ref --sort -committerdate --format %(refname)%00%(objectname)%00%(*objectname) [11ms]
2026-01-31 04:01:04.171 [info] > git status -z -uall [57ms]
2026-01-31 04:01:09.263 [info] > git config --get commit.template [16ms]
2026-01-31 04:01:09.272 [info] > git for-each-ref --format=%(refname)%00%(upstream:short)%00%(objectname)%00%(upstream:track)%00%(upstream:remotename)%00%(upstream:remoteref) refs/heads/main refs/remotes/main [11ms]
2026-01-31 04:01:09.317 [info] > git for-each-ref --sort -committerdate --format %(refname)%00%(objectname)%00%(*objectname) [5ms]
2026-01-31 04:01:09.340 [info] > git status -z -uall [46ms]
2026-01-31 04:01:14.422 [info] > git config --get commit.template [21ms]
2026-01-31 04:01:14.429 [info] > git for-each-ref --format=%(refname)%00%(upstream:short)%00%(objectname)%00%(upstream:track)%00%(upstream:remotename)%00%(upstream:remoteref) refs/heads/main refs/remotes/main [11ms]
2026-01-31 04:01:14.476 [info] > git for-each-ref --sort -committerdate --format %(refname)%00%(objectname)%00%(*objectname) [11ms]
2026-01-31 04:01:14.495 [info] > git status -z -uall [45ms]
2026-01-31 04:01:19.590 [info] > git config --get commit.template [16ms]
2026-01-31 04:01:19.598 [info] > git for-each-ref --format=%(refname)%00%(upstream:short)%00%(objectname)%00%(upstream:track)%00%(upstream:remotename)%00%(upstream:remoteref) refs/heads/main refs/remotes/main [10ms]
2026-01-31 04:01:19.644 [info] > git for-each-ref --sort -committerdate --format %(refname)%00%(objectname)%00%(*objectname) [12ms]
2026-01-31 04:01:19.663 [info] > git status -z -uall [45ms]
2026-01-31 04:01:24.744 [info] > git config --get commit.template [20ms]
2026-01-31 04:01:24.756 [info] > git for-each-ref --format=%(refname)%00%(upstream:short)%00%(objectname)%00%(upstream:track)%00%(upstream:remotename)%00%(upstream:remoteref) refs/heads/main refs/remotes/main [14ms]
2026-01-31 04:01:24.809 [info] > git for-each-ref --sort -committerdate --format %(refname)%00%(objectname)%00%(*objectname) [11ms]
2026-01-31 04:01:24.835 [info] > git status -z -uall [52ms]
2026-01-31 04:01:29.908 [info] > git config --get commit.template [17ms]
2026-01-31 04:01:29.916 [info] > git for-each-ref --format=%(refname)%00%(upstream:short)%00%(objectname)%00%(upstream:track)%00%(upstream:remotename)%00%(upstream:remoteref) refs/heads/main refs/remotes/main [10ms]
2026-01-31 04:01:29.965 [info] > git for-each-ref --sort -committerdate --format %(refname)%00%(objectname)%00%(*objectname) [11ms]
2026-01-31 04:01:29.982 [info] > git status -z -uall [47ms]
2026-01-31 04:01:35.070 [info] > git config --get commit.template [23ms]
2026-01-31 04:01:35.081 [info] > git for-each-ref --format=%(refname)%00%(upstream:short)%00%(objectname)%00%(upstream:track)%00%(upstream:remotename)%00%(upstream:remoteref) refs/heads/main refs/remotes/main [14ms]
2026-01-31 04:01:35.133 [info] > git for-each-ref --sort -committerdate --format %(refname)%00%(objectname)%00%(*objectname) [10ms]
2026-01-31 04:01:35.153 [info] > git status -z -uall [45ms]
2026-01-31 04:01:40.246 [info] > git config --get commit.template [21ms]
2026-01-31 04:01:40.253 [info] > git for-each-ref --format=%(refname)%00%(upstream:short)%00%(objectname)%00%(upstream:track)%00%(upstream:remotename)%00%(upstream:remoteref) refs/heads/main refs/remotes/main [11ms]
2026-01-31 04:01:40.293 [info] > git for-each-ref --sort -committerdate --format %(refname)%00%(objectname)%00%(*objectname) [11ms]
2026-01-31 04:01:40.320 [info] > git status -z -uall [51ms]
