2026-01-30 13:27:34.783 [info] WARNING:pygls.protocol.json_rpc:Cancel notification for unknown message id "4"

2026-01-30 13:30:54.529 [info] WARNING:pygls.protocol.json_rpc:Cancel notification for unknown message id "88"

2026-01-30 13:30:54.541 [info] WARNING:pygls.protocol.json_rpc:Cancel notification for unknown message id "89"

2026-01-30 13:30:55.329 [info] WARNING:pygls.protocol.json_rpc:Cancel notification for unknown message id "90"

2026-01-30 13:30:55.335 [info] WARNING:pygls.protocol.json_rpc:Cancel notification for unknown message id "92"

2026-01-30 13:30:56.808 [info] WARNING:pygls.protocol.json_rpc:Cancel notification for unknown message id "95"

2026-01-30 13:30:56.813 [info] WARNING:pygls.protocol.json_rpc:Cancel notification for unknown message id "93"

2026-01-30 13:30:58.205 [info] WARNING:pygls.protocol.json_rpc:Cancel notification for unknown message id "94"

2026-01-30 13:30:58.213 [info] WARNING:pygls.protocol.json_rpc:Cancel notification for unknown message id "96"

2026-01-30 13:30:58.220 [info] WARNING:pygls.protocol.json_rpc:Cancel notification for unknown message id "98"

2026-01-30 13:30:58.222 [info] WARNING:pygls.protocol.json_rpc:Cancel notification for unknown message id "97"

2026-01-30 13:31:19.880 [info] WARNING:pygls.protocol.json_rpc:Cancel notification for unknown message id "108"

2026-01-30 13:31:20.672 [info] WARNING:pygls.protocol.json_rpc:Cancel notification for unknown message id "110"

2026-01-30 13:31:20.682 [info] WARNING:pygls.protocol.json_rpc:Cancel notification for unknown message id "111"

2026-01-30 13:31:23.774 [info] WARNING:pygls.protocol.json_rpc:Cancel notification for unknown message id "120"

2026-01-30 13:31:24.368 [info] WARNING:pygls.protocol.json_rpc:Cancel notification for unknown message id "122"

2026-01-30 13:31:40.420 [info] WARNING:pygls.protocol.json_rpc:Cancel notification for unknown message id "128"

2026-01-30 13:31:40.427 [info] WARNING:pygls.protocol.json_rpc:Cancel notification for unknown message id "129"

2026-01-30 13:31:42.994 [info] WARNING:pygls.protocol.json_rpc:Cancel notification for unknown message id "133"

2026-01-30 13:31:43.666 [info] WARNING:pygls.protocol.json_rpc:Cancel notification for unknown message id "135"

2026-01-30 13:31:43.679 [info] WARNING:pygls.protocol.json_rpc:Cancel notification for unknown message id "136"

2026-01-30 13:31:44.350 [info] WARNING:pygls.protocol.json_rpc:Cancel notification for unknown message id "137"

2026-01-30 13:31:44.362 [info] WARNING:pygls.protocol.json_rpc:Cancel notification for unknown message id "138"

2026-01-30 13:31:46.573 [info] WARNING:pygls.protocol.json_rpc:Cancel notification for unknown message id "145"

2026-01-30 13:31:46.584 [info] WARNING:pygls.protocol.json_rpc:Cancel notification for unknown message id "147"

2026-01-30 13:31:54.599 [info] WARNING:pygls.protocol.json_rpc:Cancel notification for unknown message id "169"

2026-01-30 13:31:58.701 [info] WARNING:pygls.protocol.json_rpc:Cancel notification for unknown message id "174"

2026-01-30 13:32:19.288 [info] WARNING:pygls.protocol.json_rpc:Cancel notification for unknown message id "211"

2026-01-30 13:32:19.295 [info] WARNING:pygls.protocol.json_rpc:Cancel notification for unknown message id "212"

2026-01-30 13:33:56.745 [info] WARNING:pygls.protocol.json_rpc:Cancel notification for unknown message id "291"

2026-01-30 13:33:56.748 [info] WARNING:pygls.protocol.json_rpc:Cancel notification for unknown message id "292"

2026-01-30 13:33:57.364 [info] WARNING:pygls.protocol.json_rpc:Cancel notification for unknown message id "293"

2026-01-30 13:33:57.372 [info] WARNING:pygls.protocol.json_rpc:Cancel notification for unknown message id "294"

2026-01-30 13:33:57.382 [info] WARNING:pygls.protocol.json_rpc:Cancel notification for unknown message id "295"

2026-01-30 13:33:57.385 [info] WARNING:pygls.protocol.json_rpc:Cancel notification for unknown message id "296"

2026-01-30 13:33:57.428 [info] WARNING:pygls.protocol.json_rpc:Cancel notification for unknown message id "298"

2026-01-30 13:33:57.439 [info] WARNING:pygls.protocol.json_rpc:Cancel notification for unknown message id "300"

2026-01-30 13:33:57.687 [info] WARNING:pygls.protocol.json_rpc:Cancel notification for unknown message id "302"

2026-01-30 13:33:57.697 [info] WARNING:pygls.protocol.json_rpc:Cancel notification for unknown message id "304"

2026-01-30 13:34:38.552 [info] WARNING:pygls.protocol.json_rpc:Cancel notification for unknown message id "343"

2026-01-30 13:34:38.558 [info] WARNING:pygls.protocol.json_rpc:Cancel notification for unknown message id "344"

2026-01-30 13:34:43.454 [info] WARNING:pygls.protocol.json_rpc:Cancel notification for unknown message id "356"

2026-01-30 13:34:44.514 [info] WARNING:pygls.protocol.json_rpc:Cancel notification for unknown message id "357"

2026-01-30 13:34:44.518 [info] WARNING:pygls.protocol.json_rpc:Cancel notification for unknown message id "358"

2026-01-30 13:35:07.290 [info] WARNING:pygls.protocol.json_rpc:Cancel notification for unknown message id "367"

2026-01-30 13:35:07.304 [info] WARNING:pygls.protocol.json_rpc:Cancel notification for unknown message id "368"

2026-01-30 13:35:07.898 [info] WARNING:pygls.protocol.json_rpc:Cancel notification for unknown message id "369"

2026-01-30 13:35:07.902 [info] WARNING:pygls.protocol.json_rpc:Cancel notification for unknown message id "370"

2026-01-30 13:35:08.483 [info] WARNING:pygls.protocol.json_rpc:Cancel notification for unknown message id "371"

2026-01-30 13:35:08.492 [info] WARNING:pygls.protocol.json_rpc:Cancel notification for unknown message id "372"

2026-01-30 13:35:08.526 [info] WARNING:pygls.protocol.json_rpc:Cancel notification for unknown message id "373"

2026-01-30 13:35:09.188 [info] WARNING:pygls.protocol.json_rpc:Cancel notification for unknown message id "374"
WARNING:pygls.protocol.json_rpc:Cancel notification for unknown message id "376"
WARNING:pygls.protocol.json_rpc:Cancel notification for unknown message id "377"

2026-01-30 13:35:10.135 [info] WARNING:pygls.protocol.json_rpc:Cancel notification for unknown message id "379"

2026-01-30 13:35:10.140 [info] WARNING:pygls.protocol.json_rpc:Cancel notification for unknown message id "380"

2026-01-30 13:35:14.954 [info] WARNING:pygls.protocol.json_rpc:Cancel notification for unknown message id "396"

2026-01-30 13:35:14.967 [info] WARNING:pygls.protocol.json_rpc:Cancel notification for unknown message id "397"

2026-01-30 13:35:15.557 [info] WARNING:pygls.protocol.json_rpc:Cancel notification for unknown message id "399"

2026-01-30 13:35:15.563 [info] WARNING:pygls.protocol.json_rpc:Cancel notification for unknown message id "400"

2026-01-30 13:35:15.566 [info] WARNING:pygls.protocol.json_rpc:Cancel notification for unknown message id "398"

2026-01-30 13:35:25.971 [info] WARNING:pygls.protocol.json_rpc:Cancel notification for unknown message id "435"

2026-01-30 13:36:03.644 [info] WARNING:pygls.protocol.json_rpc:Cancel notification for unknown message id "481"

2026-01-30 13:36:03.656 [info] WARNING:pygls.protocol.json_rpc:Cancel notification for unknown message id "482"

2026-01-30 13:36:04.257 [info] WARNING:pygls.protocol.json_rpc:Cancel notification for unknown message id "483"

2026-01-30 13:36:04.264 [info] WARNING:pygls.protocol.json_rpc:Cancel notification for unknown message id "484"

2026-01-30 13:36:04.266 [info] WARNING:pygls.protocol.json_rpc:Cancel notification for unknown message id "485"

2026-01-30 13:36:22.684 [info] WARNING:pygls.protocol.json_rpc:Cancel notification for unknown message id "504"

2026-01-30 13:36:23.506 [info] WARNING:pygls.protocol.json_rpc:Cancel notification for unknown message id "505"

2026-01-30 13:36:23.510 [info] WARNING:pygls.protocol.json_rpc:Cancel notification for unknown message id "506"

2026-01-30 13:36:24.219 [info] WARNING:pygls.protocol.json_rpc:Cancel notification for unknown message id "508"

2026-01-30 13:36:24.229 [info] WARNING:pygls.protocol.json_rpc:Cancel notification for unknown message id "509"

2026-01-30 13:36:43.156 [info] WARNING:pygls.protocol.json_rpc:Cancel notification for unknown message id "537"

2026-01-30 13:36:43.160 [info] WARNING:pygls.protocol.json_rpc:Cancel notification for unknown message id "538"

2026-01-30 13:36:43.776 [info] WARNING:pygls.protocol.json_rpc:Cancel notification for unknown message id "539"

2026-01-30 13:36:43.789 [info] WARNING:pygls.protocol.json_rpc:Cancel notification for unknown message id "541"

2026-01-30 13:36:43.930 [info] WARNING:pygls.protocol.json_rpc:Cancel notification for unknown message id "542"
WARNING:pygls.protocol.json_rpc:Cancel notification for unknown message id "543"

2026-01-30 13:37:33.981 [info] WARNING:pygls.protocol.json_rpc:Cancel notification for unknown message id "576"

2026-01-30 13:37:34.572 [info] WARNING:pygls.protocol.json_rpc:Cancel notification for unknown message id "577"

2026-01-30 13:37:47.557 [info] WARNING:pygls.protocol.json_rpc:Cancel notification for unknown message id "590"

2026-01-30 13:37:47.560 [info] WARNING:pygls.protocol.json_rpc:Cancel notification for unknown message id "589"

2026-01-30 13:37:47.593 [info] WARNING:pygls.protocol.json_rpc:Cancel notification for unknown message id "591"

2026-01-30 13:38:56.742 [info] WARNING:pygls.protocol.json_rpc:Cancel notification for unknown message id "657"

2026-01-30 13:38:57.680 [info] WARNING:pygls.protocol.json_rpc:Cancel notification for unknown message id "658"

2026-01-30 13:38:57.685 [info] WARNING:pygls.protocol.json_rpc:Cancel notification for unknown message id "659"

2026-01-30 13:38:58.304 [info] WARNING:pygls.protocol.json_rpc:Cancel notification for unknown message id "661"

2026-01-30 13:39:03.017 [info] WARNING:pygls.protocol.json_rpc:Cancel notification for unknown message id "680"

2026-01-30 13:39:04.108 [info] WARNING:pygls.protocol.json_rpc:Cancel notification for unknown message id "683"

2026-01-30 13:39:04.118 [info] WARNING:pygls.protocol.json_rpc:Cancel notification for unknown message id "684"

2026-01-30 13:39:04.758 [info] WARNING:pygls.protocol.json_rpc:Cancel notification for unknown message id "686"

2026-01-30 13:39:04.765 [info] WARNING:pygls.protocol.json_rpc:Cancel notification for unknown message id "687"

2026-01-30 13:39:04.767 [info] WARNING:pygls.protocol.json_rpc:Cancel notification for unknown message id "685"

2026-01-30 13:39:06.437 [info] WARNING:pygls.protocol.json_rpc:Cancel notification for unknown message id "688"

2026-01-30 13:39:25.398 [info] WARNING:pygls.protocol.json_rpc:Cancel notification for unknown message id "696"

2026-01-30 13:40:32.886 [info] WARNING:pygls.protocol.json_rpc:Cancel notification for unknown message id "739"

2026-01-30 13:42:33.477 [info] WARNING:pygls.protocol.json_rpc:Cancel notification for unknown message id "771"

2026-01-30 13:42:33.482 [info] WARNING:pygls.protocol.json_rpc:Cancel notification for unknown message id "773"

2026-01-30 13:42:47.697 [info] WARNING:pygls.protocol.json_rpc:Cancel notification for unknown message id "799"

2026-01-30 13:42:47.711 [info] WARNING:pygls.protocol.json_rpc:Cancel notification for unknown message id "800"

2026-01-30 13:42:48.361 [info] WARNING:pygls.protocol.json_rpc:Cancel notification for unknown message id "802"

2026-01-30 13:42:48.368 [info] WARNING:pygls.protocol.json_rpc:Cancel notification for unknown message id "801"

2026-01-30 13:43:08.048 [info] WARNING:pygls.protocol.json_rpc:Cancel notification for unknown message id "830"

2026-01-30 13:43:44.326 [info] WARNING:pygls.protocol.json_rpc:Cancel notification for unknown message id "872"

2026-01-30 13:44:53.221 [info] WARNING:pygls.protocol.json_rpc:Cancel notification for unknown message id "910"

2026-01-30 13:47:17.265 [info] ERROR:pygls.protocol.json_rpc:Failed to handle request 991 textDocument/codeAction CodeActionParams(text_document=TextDocumentIdentifier(uri='file:///data/data/com.termux/files/home/converter.py'), range=9:38-9:38, context=CodeActionContext(diagnostics=[], only=None, trigger_kind=<CodeActionTriggerKind.Automatic: 2>), work_done_token=None, partial_result_token=None)
Traceback (most recent call last):
  File "/data/data/com.termux/files/home/.local/share/code-server/extensions/ms-python.python-2026.0.0-universal/python_files/lib/jedilsp/pygls/protocol/json_rpc.py", line 266, in _handle_request
    self._execute_request(msg_id, handler, params)
  File "/data/data/com.termux/files/home/.local/share/code-server/extensions/ms-python.python-2026.0.0-universal/python_files/lib/jedilsp/pygls/protocol/json_rpc.py", line 188, in _execute_request
    self._send_response(msg_id, handler(params))
                                ^^^^^^^^^^^^^^^
  File "/data/data/com.termux/files/home/.local/share/code-server/extensions/ms-python.python-2026.0.0-universal/python_files/lib/jedilsp/jedi_language_server/notebook_utils.py", line 373, in wrapped
    result = f(notebook_server, notebook_params)
             ^^^^^^^^^^^^^^^^^^^^^^^^^^^^^^^^^^^
  File "/data/data/com.termux/files/home/.local/share/code-server/extensions/ms-python.python-2026.0.0-universal/python_files/lib/jedilsp/jedi_language_server/server.py", line 693, in code_action
    extract_variable_refactoring = jedi_script.extract_variable(
                                   ^^^^^^^^^^^^^^^^^^^^^^^^^^^^^
  File "/data/data/com.termux/files/home/.local/share/code-server/extensions/ms-python.python-2026.0.0-universal/python_files/lib/jedilsp/jedi/api/helpers.py", line 487, in wrapper
    return func(self, line, column, *args, **kwargs)
           ^^^^^^^^^^^^^^^^^^^^^^^^^^^^^^^^^^^^^^^^^
  File "/data/data/com.termux/files/home/.local/share/code-server/extensions/ms-python.python-2026.0.0-universal/python_files/lib/jedilsp/jedi/api/__init__.py", line 628, in extract_variable
    return extract_variable(
           ^^^^^^^^^^^^^^^^^
  File "/data/data/com.termux/files/home/.local/share/code-server/extensions/ms-python.python-2026.0.0-universal/python_files/lib/jedilsp/jedi/api/refactoring/extract.py", line 19, in extract_variable
    nodes = _find_nodes(module_node, pos, until_pos)
            ^^^^^^^^^^^^^^^^^^^^^^^^^^^^^^^^^^^^^^^^
  File "/data/data/com.termux/files/home/.local/share/code-server/extensions/ms-python.python-2026.0.0-universal/python_files/lib/jedilsp/jedi/api/refactoring/extract.py", line 87, in _find_nodes
    nodes = _remove_unwanted_expression_nodes(parent_node, pos, until_pos)
            ^^^^^^^^^^^^^^^^^^^^^^^^^^^^^^^^^^^^^^^^^^^^^^^^^^^^^^^^^^^^^^
  File "/data/data/com.termux/files/home/.local/share/code-server/extensions/ms-python.python-2026.0.0-universal/python_files/lib/jedilsp/jedi/api/refactoring/extract.py", line 196, in _remove_unwanted_expression_nodes
    nodes = nodes[start_index:end_index + 1]
                              ^^^^^^^^^
UnboundLocalError: cannot access local variable 'end_index' where it is not associated with a value

2026-01-30 13:47:17.325 [info] [Error - 1:47:17 PM] Request textDocument/codeAction failed.
2026-01-30 13:47:17.325 [info]   Message: UnboundLocalError: cannot access local variable 'end_index' where it is not associated with a value
  Code: -32603 
[object Object]
2026-01-30 13:47:20.012 [info] ERROR:pygls.protocol.json_rpc:Failed to handle request 992 textDocument/codeAction CodeActionParams(text_document=TextDocumentIdentifier(uri='file:///data/data/com.termux/files/home/converter.py'), range=9:39-9:39, context=CodeActionContext(diagnostics=[], only=None, trigger_kind=<CodeActionTriggerKind.Automatic: 2>), work_done_token=None, partial_result_token=None)
Traceback (most recent call last):
  File "/data/data/com.termux/files/home/.local/share/code-server/extensions/ms-python.python-2026.0.0-universal/python_files/lib/jedilsp/pygls/protocol/json_rpc.py", line 266, in _handle_request
    self._execute_request(msg_id, handler, params)
  File "/data/data/com.termux/files/home/.local/share/code-server/extensions/ms-python.python-2026.0.0-universal/python_files/lib/jedilsp/pygls/protocol/json_rpc.py", line 188, in _execute_request
    self._send_response(msg_id, handler(params))
                                ^^^^^^^^^^^^^^^
  File "/data/data/com.termux/files/home/.local/share/code-server/extensions/ms-python.python-2026.0.0-universal/python_files/lib/jedilsp/jedi_language_server/notebook_utils.py", line 373, in wrapped
    result = f(notebook_server, notebook_params)
             ^^^^^^^^^^^^^^^^^^^^^^^^^^^^^^^^^^^
  File "/data/data/com.termux/files/home/.local/share/code-server/extensions/ms-python.python-2026.0.0-universal/python_files/lib/jedilsp/jedi_language_server/server.py", line 693, in code_action
    extract_variable_refactoring = jedi_script.extract_variable(
                                   ^^^^^^^^^^^^^^^^^^^^^^^^^^^^^
  File "/data/data/com.termux/files/home/.local/share/code-server/extensions/ms-python.python-2026.0.0-universal/python_files/lib/jedilsp/jedi/api/helpers.py", line 487, in wrapper
    return func(self, line, column, *args, **kwargs)
           ^^^^^^^^^^^^^^^^^^^^^^^^^^^^^^^^^^^^^^^^^
  File "/data/data/com.termux/files/home/.local/share/code-server/extensions/ms-python.python-2026.0.0-universal/python_files/lib/jedilsp/jedi/api/__init__.py", line 628, in extract_variable
    return extract_variable(
           ^^^^^^^^^^^^^^^^^
  File "/data/data/com.termux/files/home/.local/share/code-server/extensions/ms-python.python-2026.0.0-universal/python_files/lib/jedilsp/jedi/api/refactoring/extract.py", line 19, in extract_variable
    nodes = _find_nodes(module_node, pos, until_pos)
            ^^^^^^^^^^^^^^^^^^^^^^^^^^^^^^^^^^^^^^^^
  File "/data/data/com.termux/files/home/.local/share/code-server/extensions/ms-python.python-2026.0.0-universal/python_files/lib/jedilsp/jedi/api/refactoring/extract.py", line 87, in _find_nodes
    nodes = _remove_unwanted_expression_nodes(parent_node, pos, until_pos)
            ^^^^^^^^^^^^^^^^^^^^^^^^^^^^^^^^^^^^^^^^^^^^^^^^^^^^^^^^^^^^^^
  File "/data/data/com.termux/files/home/.local/share/code-server/extensions/ms-python.python-2026.0.0-universal/python_files/lib/jedilsp/jedi/api/refactoring/extract.py", line 196, in _remove_unwanted_expression_nodes
    nodes = nodes[start_index:end_index + 1]
                              ^^^^^^^^^
UnboundLocalError: cannot access local variable 'end_index' where it is not associated with a value

2026-01-30 13:47:20.017 [info] [Error - 1:47:20 PM] Request textDocument/codeAction failed.
2026-01-30 13:47:20.017 [info]   Message: UnboundLocalError: cannot access local variable 'end_index' where it is not associated with a value
  Code: -32603 
[object Object]
2026-01-30 13:47:21.042 [info] ERROR:pygls.protocol.json_rpc:Failed to handle request 995 textDocument/codeAction CodeActionParams(text_document=TextDocumentIdentifier(uri='file:///data/data/com.termux/files/home/converter.py'), range=9:39-9:39, context=CodeActionContext(diagnostics=[], only=None, trigger_kind=<CodeActionTriggerKind.Automatic: 2>), work_done_token=None, partial_result_token=None)
Traceback (most recent call last):
  File "/data/data/com.termux/files/home/.local/share/code-server/extensions/ms-python.python-2026.0.0-universal/python_files/lib/jedilsp/pygls/protocol/json_rpc.py", line 266, in _handle_request
    self._execute_request(msg_id, handler, params)
  File "/data/data/com.termux/files/home/.local/share/code-server/extensions/ms-python.python-2026.0.0-universal/python_files/lib/jedilsp/pygls/protocol/json_rpc.py", line 188, in _execute_request
    self._send_response(msg_id, handler(params))
                                ^^^^^^^^^^^^^^^
  File "/data/data/com.termux/files/home/.local/share/code-server/extensions/ms-python.python-2026.0.0-universal/python_files/lib/jedilsp/jedi_language_server/notebook_utils.py", line 373, in wrapped
    result = f(notebook_server, notebook_params)
             ^^^^^^^^^^^^^^^^^^^^^^^^^^^^^^^^^^^
  File "/data/data/com.termux/files/home/.local/share/code-server/extensions/ms-python.python-2026.0.0-universal/python_files/lib/jedilsp/jedi_language_server/server.py", line 693, in code_action
    extract_variable_refactoring = jedi_script.extract_variable(
                                   ^^^^^^^^^^^^^^^^^^^^^^^^^^^^^
  File "/data/data/com.termux/files/home/.local/share/code-server/extensions/ms-python.python-2026.0.0-universal/python_files/lib/jedilsp/jedi/api/helpers.py", line 487, in wrapper
    return func(self, line, column, *args, **kwargs)
           ^^^^^^^^^^^^^^^^^^^^^^^^^^^^^^^^^^^^^^^^^
  File "/data/data/com.termux/files/home/.local/share/code-server/extensions/ms-python.python-2026.0.0-universal/python_files/lib/jedilsp/jedi/api/__init__.py", line 628, in extract_variable
    return extract_variable(
           ^^^^^^^^^^^^^^^^^
  File "/data/data/com.termux/files/home/.local/share/code-server/extensions/ms-python.python-2026.0.0-universal/python_files/lib/jedilsp/jedi/api/refactoring/extract.py", line 19, in extract_variable
    nodes = _find_nodes(module_node, pos, until_pos)
            ^^^^^^^^^^^^^^^^^^^^^^^^^^^^^^^^^^^^^^^^
  File "/data/data/com.termux/files/home/.local/share/code-server/extensions/ms-python.python-2026.0.0-universal/python_files/lib/jedilsp/jedi/api/refactoring/extract.py", line 87, in _find_nodes
    nodes = _remove_unwanted_expression_nodes(parent_node, pos, until_pos)
            ^^^^^^^^^^^^^^^^^^^^^^^^^^^^^^^^^^^^^^^^^^^^^^^^^^^^^^^^^^^^^^
  File "/data/data/com.termux/files/home/.local/share/code-server/extensions/ms-python.python-2026.0.0-universal/python_files/lib/jedilsp/jedi/api/refactoring/extract.py", line 196, in _remove_unwanted_expression_nodes
    nodes = nodes[start_index:end_index + 1]
                              ^^^^^^^^^
UnboundLocalError: cannot access local variable 'end_index' where it is not associated with a value

2026-01-30 13:47:21.050 [info] [Error - 1:47:21 PM] Request textDocument/codeAction failed.
2026-01-30 13:47:21.050 [info]   Message: UnboundLocalError: cannot access local variable 'end_index' where it is not associated with a value
  Code: -32603 
[object Object]
2026-01-30 13:47:22.107 [info] ERROR:pygls.protocol.json_rpc:Failed to handle request 996 textDocument/codeAction CodeActionParams(text_document=TextDocumentIdentifier(uri='file:///data/data/com.termux/files/home/converter.py'), range=9:39-9:39, context=CodeActionContext(diagnostics=[], only=None, trigger_kind=<CodeActionTriggerKind.Automatic: 2>), work_done_token=None, partial_result_token=None)
Traceback (most recent call last):
  File "/data/data/com.termux/files/home/.local/share/code-server/extensions/ms-python.python-2026.0.0-universal/python_files/lib/jedilsp/pygls/protocol/json_rpc.py", line 266, in _handle_request
    self._execute_request(msg_id, handler, params)
  File "/data/data/com.termux/files/home/.local/share/code-server/extensions/ms-python.python-2026.0.0-universal/python_files/lib/jedilsp/pygls/protocol/json_rpc.py", line 188, in _execute_request
    self._send_response(msg_id, handler(params))
                                ^^^^^^^^^^^^^^^
  File "/data/data/com.termux/files/home/.local/share/code-server/extensions/ms-python.python-2026.0.0-universal/python_files/lib/jedilsp/jedi_language_server/notebook_utils.py", line 373, in wrapped
    result = f(notebook_server, notebook_params)
             ^^^^^^^^^^^^^^^^^^^^^^^^^^^^^^^^^^^
  File "/data/data/com.termux/files/home/.local/share/code-server/extensions/ms-python.python-2026.0.0-universal/python_files/lib/jedilsp/jedi_language_server/server.py", line 693, in code_action
    extract_variable_refactoring = jedi_script.extract_variable(
                                   ^^^^^^^^^^^^^^^^^^^^^^^^^^^^^
  File "/data/data/com.termux/files/home/.local/share/code-server/extensions/ms-python.python-2026.0.0-universal/python_files/lib/jedilsp/jedi/api/helpers.py", line 487, in wrapper
    return func(self, line, column, *args, **kwargs)
           ^^^^^^^^^^^^^^^^^^^^^^^^^^^^^^^^^^^^^^^^^
  File "/data/data/com.termux/files/home/.local/share/code-server/extensions/ms-python.python-2026.0.0-universal/python_files/lib/jedilsp/jedi/api/__init__.py", line 628, in extract_variable
    return extract_variable(
           ^^^^^^^^^^^^^^^^^
  File "/data/data/com.termux/files/home/.local/share/code-server/extensions/ms-python.python-2026.0.0-universal/python_files/lib/jedilsp/jedi/api/refactoring/extract.py", line 19, in extract_variable
    nodes = _find_nodes(module_node, pos, until_pos)
            ^^^^^^^^^^^^^^^^^^^^^^^^^^^^^^^^^^^^^^^^
  File "/data/data/com.termux/files/home/.local/share/code-server/extensions/ms-python.python-2026.0.0-universal/python_files/lib/jedilsp/jedi/api/refactoring/extract.py", line 87, in _find_nodes
    nodes = _remove_unwanted_expression_nodes(parent_node, pos, until_pos)
            ^^^^^^^^^^^^^^^^^^^^^^^^^^^^^^^^^^^^^^^^^^^^^^^^^^^^^^^^^^^^^^
  File "/data/data/com.termux/files/home/.local/share/code-server/extensions/ms-python.python-2026.0.0-universal/python_files/lib/jedilsp/jedi/api/refactoring/extract.py", line 196, in _remove_unwanted_expression_nodes
    nodes = nodes[start_index:end_index + 1]
                              ^^^^^^^^^
UnboundLocalError: cannot access local variable 'end_index' where it is not associated with a value

2026-01-30 13:47:22.115 [info] [Error - 1:47:22 PM] Request textDocument/codeAction failed.
2026-01-30 13:47:22.115 [info]   Message: UnboundLocalError: cannot access local variable 'end_index' where it is not associated with a value
  Code: -32603 
[object Object]
2026-01-30 13:48:49.470 [info] ERROR:pygls.protocol.json_rpc:Failed to handle request 1008 textDocument/codeAction CodeActionParams(text_document=TextDocumentIdentifier(uri='file:///data/data/com.termux/files/home/converter.py'), range=9:40-9:40, context=CodeActionContext(diagnostics=[], only=None, trigger_kind=<CodeActionTriggerKind.Automatic: 2>), work_done_token=None, partial_result_token=None)
Traceback (most recent call last):
  File "/data/data/com.termux/files/home/.local/share/code-server/extensions/ms-python.python-2026.0.0-universal/python_files/lib/jedilsp/pygls/protocol/json_rpc.py", line 266, in _handle_request
    self._execute_request(msg_id, handler, params)
  File "/data/data/com.termux/files/home/.local/share/code-server/extensions/ms-python.python-2026.0.0-universal/python_files/lib/jedilsp/pygls/protocol/json_rpc.py", line 188, in _execute_request
    self._send_response(msg_id, handler(params))
                                ^^^^^^^^^^^^^^^
  File "/data/data/com.termux/files/home/.local/share/code-server/extensions/ms-python.python-2026.0.0-universal/python_files/lib/jedilsp/jedi_language_server/notebook_utils.py", line 373, in wrapped
    result = f(notebook_server, notebook_params)
             ^^^^^^^^^^^^^^^^^^^^^^^^^^^^^^^^^^^
  File "/data/data/com.termux/files/home/.local/share/code-server/extensions/ms-python.python-2026.0.0-universal/python_files/lib/jedilsp/jedi_language_server/server.py", line 693, in code_action
    extract_variable_refactoring = jedi_script.extract_variable(
                                   ^^^^^^^^^^^^^^^^^^^^^^^^^^^^^
  File "/data/data/com.termux/files/home/.local/share/code-server/extensions/ms-python.python-2026.0.0-universal/python_files/lib/jedilsp/jedi/api/helpers.py", line 487, in wrapper
    return func(self, line, column, *args, **kwargs)
           ^^^^^^^^^^^^^^^^^^^^^^^^^^^^^^^^^^^^^^^^^
  File "/data/data/com.termux/files/home/.local/share/code-server/extensions/ms-python.python-2026.0.0-universal/python_files/lib/jedilsp/jedi/api/__init__.py", line 628, in extract_variable
    return extract_variable(
           ^^^^^^^^^^^^^^^^^
  File "/data/data/com.termux/files/home/.local/share/code-server/extensions/ms-python.python-2026.0.0-universal/python_files/lib/jedilsp/jedi/api/refactoring/extract.py", line 19, in extract_variable
    nodes = _find_nodes(module_node, pos, until_pos)
            ^^^^^^^^^^^^^^^^^^^^^^^^^^^^^^^^^^^^^^^^
  File "/data/data/com.termux/files/home/.local/share/code-server/extensions/ms-python.python-2026.0.0-universal/python_files/lib/jedilsp/jedi/api/refactoring/extract.py", line 87, in _find_nodes
    nodes = _remove_unwanted_expression_nodes(parent_node, pos, until_pos)
            ^^^^^^^^^^^^^^^^^^^^^^^^^^^^^^^^^^^^^^^^^^^^^^^^^^^^^^^^^^^^^^
  File "/data/data/com.termux/files/home/.local/share/code-server/extensions/ms-python.python-2026.0.0-universal/python_files/lib/jedilsp/jedi/api/refactoring/extract.py", line 196, in _remove_unwanted_expression_nodes
    nodes = nodes[start_index:end_index + 1]
                              ^^^^^^^^^
UnboundLocalError: cannot access local variable 'end_index' where it is not associated with a value

2026-01-30 13:48:49.474 [info] [Error - 1:48:49 PM] Request textDocument/codeAction failed.
2026-01-30 13:48:49.474 [info]   Message: UnboundLocalError: cannot access local variable 'end_index' where it is not associated with a value
  Code: -32603 
[object Object]
2026-01-30 13:48:50.540 [info] ERROR:pygls.protocol.json_rpc:Failed to handle request 1009 textDocument/codeAction CodeActionParams(text_document=TextDocumentIdentifier(uri='file:///data/data/com.termux/files/home/converter.py'), range=9:41-9:41, context=CodeActionContext(diagnostics=[], only=None, trigger_kind=<CodeActionTriggerKind.Automatic: 2>), work_done_token=None, partial_result_token=None)
Traceback (most recent call last):
  File "/data/data/com.termux/files/home/.local/share/code-server/extensions/ms-python.python-2026.0.0-universal/python_files/lib/jedilsp/pygls/protocol/json_rpc.py", line 266, in _handle_request
    self._execute_request(msg_id, handler, params)
  File "/data/data/com.termux/files/home/.local/share/code-server/extensions/ms-python.python-2026.0.0-universal/python_files/lib/jedilsp/pygls/protocol/json_rpc.py", line 188, in _execute_request
    self._send_response(msg_id, handler(params))
                                ^^^^^^^^^^^^^^^
  File "/data/data/com.termux/files/home/.local/share/code-server/extensions/ms-python.python-2026.0.0-universal/python_files/lib/jedilsp/jedi_language_server/notebook_utils.py", line 373, in wrapped
    result = f(notebook_server, notebook_params)
             ^^^^^^^^^^^^^^^^^^^^^^^^^^^^^^^^^^^
  File "/data/data/com.termux/files/home/.local/share/code-server/extensions/ms-python.python-2026.0.0-universal/python_files/lib/jedilsp/jedi_language_server/server.py", line 693, in code_action
    extract_variable_refactoring = jedi_script.extract_variable(
                                   ^^^^^^^^^^^^^^^^^^^^^^^^^^^^^
  File "/data/data/com.termux/files/home/.local/share/code-server/extensions/ms-python.python-2026.0.0-universal/python_files/lib/jedilsp/jedi/api/helpers.py", line 487, in wrapper
    return func(self, line, column, *args, **kwargs)
           ^^^^^^^^^^^^^^^^^^^^^^^^^^^^^^^^^^^^^^^^^
  File "/data/data/com.termux/files/home/.local/share/code-server/extensions/ms-python.python-2026.0.0-universal/python_files/lib/jedilsp/jedi/api/__init__.py", line 628, in extract_variable
    return extract_variable(
           ^^^^^^^^^^^^^^^^^
  File "/data/data/com.termux/files/home/.local/share/code-server/extensions/ms-python.python-2026.0.0-universal/python_files/lib/jedilsp/jedi/api/refactoring/extract.py", line 19, in extract_variable
    nodes = _find_nodes(module_node, pos, until_pos)
            ^^^^^^^^^^^^^^^^^^^^^^^^^^^^^^^^^^^^^^^^
  File "/data/data/com.termux/files/home/.local/share/code-server/extensions/ms-python.python-2026.0.0-universal/python_files/lib/jedilsp/jedi/api/refactoring/extract.py", line 87, in _find_nodes
    nodes = _remove_unwanted_expression_nodes(parent_node, pos, until_pos)
            ^^^^^^^^^^^^^^^^^^^^^^^^^^^^^^^^^^^^^^^^^^^^^^^^^^^^^^^^^^^^^^
  File "/data/data/com.termux/files/home/.local/share/code-server/extensions/ms-python.python-2026.0.0-universal/python_files/lib/jedilsp/jedi/api/refactoring/extract.py", line 196, in _remove_unwanted_expression_nodes
    nodes = nodes[start_index:end_index + 1]
                              ^^^^^^^^^
UnboundLocalError: cannot access local variable 'end_index' where it is not associated with a value

2026-01-30 13:48:50.544 [info] [Error - 1:48:50 PM] Request textDocument/codeAction failed.
2026-01-30 13:48:50.544 [info]   Message: UnboundLocalError: cannot access local variable 'end_index' where it is not associated with a value
  Code: -32603 
[object Object]
2026-01-30 13:48:51.594 [info] ERROR:pygls.protocol.json_rpc:Failed to handle request 1012 textDocument/codeAction CodeActionParams(text_document=TextDocumentIdentifier(uri='file:///data/data/com.termux/files/home/converter.py'), range=9:41-9:41, context=CodeActionContext(diagnostics=[], only=None, trigger_kind=<CodeActionTriggerKind.Automatic: 2>), work_done_token=None, partial_result_token=None)
Traceback (most recent call last):
  File "/data/data/com.termux/files/home/.local/share/code-server/extensions/ms-python.python-2026.0.0-universal/python_files/lib/jedilsp/pygls/protocol/json_rpc.py", line 266, in _handle_request
    self._execute_request(msg_id, handler, params)
  File "/data/data/com.termux/files/home/.local/share/code-server/extensions/ms-python.python-2026.0.0-universal/python_files/lib/jedilsp/pygls/protocol/json_rpc.py", line 188, in _execute_request
    self._send_response(msg_id, handler(params))
                                ^^^^^^^^^^^^^^^
  File "/data/data/com.termux/files/home/.local/share/code-server/extensions/ms-python.python-2026.0.0-universal/python_files/lib/jedilsp/jedi_language_server/notebook_utils.py", line 373, in wrapped
    result = f(notebook_server, notebook_params)
             ^^^^^^^^^^^^^^^^^^^^^^^^^^^^^^^^^^^
  File "/data/data/com.termux/files/home/.local/share/code-server/extensions/ms-python.python-2026.0.0-universal/python_files/lib/jedilsp/jedi_language_server/server.py", line 693, in code_action
    extract_variable_refactoring = jedi_script.extract_variable(
                                   ^^^^^^^^^^^^^^^^^^^^^^^^^^^^^
  File "/data/data/com.termux/files/home/.local/share/code-server/extensions/ms-python.python-2026.0.0-universal/python_files/lib/jedilsp/jedi/api/helpers.py", line 487, in wrapper
    return func(self, line, column, *args, **kwargs)
           ^^^^^^^^^^^^^^^^^^^^^^^^^^^^^^^^^^^^^^^^^
  File "/data/data/com.termux/files/home/.local/share/code-server/extensions/ms-python.python-2026.0.0-universal/python_files/lib/jedilsp/jedi/api/__init__.py", line 628, in extract_variable
    return extract_variable(
           ^^^^^^^^^^^^^^^^^
  File "/data/data/com.termux/files/home/.local/share/code-server/extensions/ms-python.python-2026.0.0-universal/python_files/lib/jedilsp/jedi/api/refactoring/extract.py", line 19, in extract_variable
    nodes = _find_nodes(module_node, pos, until_pos)
            ^^^^^^^^^^^^^^^^^^^^^^^^^^^^^^^^^^^^^^^^
  File "/data/data/com.termux/files/home/.local/share/code-server/extensions/ms-python.python-2026.0.0-universal/python_files/lib/jedilsp/jedi/api/refactoring/extract.py", line 87, in _find_nodes
    nodes = _remove_unwanted_expression_nodes(parent_node, pos, until_pos)
            ^^^^^^^^^^^^^^^^^^^^^^^^^^^^^^^^^^^^^^^^^^^^^^^^^^^^^^^^^^^^^^
  File "/data/data/com.termux/files/home/.local/share/code-server/extensions/ms-python.python-2026.0.0-universal/python_files/lib/jedilsp/jedi/api/refactoring/extract.py", line 196, in _remove_unwanted_expression_nodes
    nodes = nodes[start_index:end_index + 1]
                              ^^^^^^^^^
UnboundLocalError: cannot access local variable 'end_index' where it is not associated with a value

2026-01-30 13:48:51.596 [info] [Error - 1:48:51 PM] Request textDocument/codeAction failed.
2026-01-30 13:48:51.596 [info]   Message: UnboundLocalError: cannot access local variable 'end_index' where it is not associated with a value
  Code: -32603 
[object Object]
2026-01-30 13:48:52.628 [info] ERROR:pygls.protocol.json_rpc:Failed to handle request 1013 textDocument/codeAction CodeActionParams(text_document=TextDocumentIdentifier(uri='file:///data/data/com.termux/files/home/converter.py'), range=9:41-9:41, context=CodeActionContext(diagnostics=[], only=None, trigger_kind=<CodeActionTriggerKind.Automatic: 2>), work_done_token=None, partial_result_token=None)
Traceback (most recent call last):
  File "/data/data/com.termux/files/home/.local/share/code-server/extensions/ms-python.python-2026.0.0-universal/python_files/lib/jedilsp/pygls/protocol/json_rpc.py", line 266, in _handle_request
    self._execute_request(msg_id, handler, params)
  File "/data/data/com.termux/files/home/.local/share/code-server/extensions/ms-python.python-2026.0.0-universal/python_files/lib/jedilsp/pygls/protocol/json_rpc.py", line 188, in _execute_request
    self._send_response(msg_id, handler(params))
                                ^^^^^^^^^^^^^^^
  File "/data/data/com.termux/files/home/.local/share/code-server/extensions/ms-python.python-2026.0.0-universal/python_files/lib/jedilsp/jedi_language_server/notebook_utils.py", line 373, in wrapped
    result = f(notebook_server, notebook_params)
             ^^^^^^^^^^^^^^^^^^^^^^^^^^^^^^^^^^^
  File "/data/data/com.termux/files/home/.local/share/code-server/extensions/ms-python.python-2026.0.0-universal/python_files/lib/jedilsp/jedi_language_server/server.py", line 693, in code_action
    extract_variable_refactoring = jedi_script.extract_variable(
                                   ^^^^^^^^^^^^^^^^^^^^^^^^^^^^^
  File "/data/data/com.termux/files/home/.local/share/code-server/extensions/ms-python.python-2026.0.0-universal/python_files/lib/jedilsp/jedi/api/helpers.py", line 487, in wrapper
    return func(self, line, column, *args, **kwargs)
           ^^^^^^^^^^^^^^^^^^^^^^^^^^^^^^^^^^^^^^^^^
  File "/data/data/com.termux/files/home/.local/share/code-server/extensions/ms-python.python-2026.0.0-universal/python_files/lib/jedilsp/jedi/api/__init__.py", line 628, in extract_variable
    return extract_variable(
           ^^^^^^^^^^^^^^^^^
  File "/data/data/com.termux/files/home/.local/share/code-server/extensions/ms-python.python-2026.0.0-universal/python_files/lib/jedilsp/jedi/api/refactoring/extract.py", line 19, in extract_variable
    nodes = _find_nodes(module_node, pos, until_pos)
            ^^^^^^^^^^^^^^^^^^^^^^^^^^^^^^^^^^^^^^^^
  File "/data/data/com.termux/files/home/.local/share/code-server/extensions/ms-python.python-2026.0.0-universal/python_files/lib/jedilsp/jedi/api/refactoring/extract.py", line 87, in _find_nodes
    nodes = _remove_unwanted_expression_nodes(parent_node, pos, until_pos)
            ^^^^^^^^^^^^^^^^^^^^^^^^^^^^^^^^^^^^^^^^^^^^^^^^^^^^^^^^^^^^^^
  File "/data/data/com.termux/files/home/.local/share/code-server/extensions/ms-python.python-2026.0.0-universal/python_files/lib/jedilsp/jedi/api/refactoring/extract.py", line 196, in _remove_unwanted_expression_nodes
    nodes = nodes[start_index:end_index + 1]
                              ^^^^^^^^^
UnboundLocalError: cannot access local variable 'end_index' where it is not associated with a value

2026-01-30 13:48:52.632 [info] [Error - 1:48:52 PM] Request textDocument/codeAction failed.
2026-01-30 13:48:52.632 [info]   Message: UnboundLocalError: cannot access local variable 'end_index' where it is not associated with a value
  Code: -32603 
[object Object]
2026-01-30 13:50:10.001 [info] WARNING:pygls.protocol.json_rpc:Cancel notification for unknown message id "1015"

2026-01-30 13:50:14.910 [info] WARNING:pygls.protocol.json_rpc:Cancel notification for unknown message id "1024"

2026-01-30 14:09:38.659 [info] WARNING:pygls.protocol.json_rpc:Cancel notification for unknown message id "1056"

2026-01-30 14:09:38.700 [info] WARNING:pygls.protocol.json_rpc:Cancel notification for unknown message id "1057"

2026-01-30 14:10:07.838 [info] WARNING:pygls.protocol.json_rpc:Cancel notification for unknown message id "1079"

2026-01-30 14:10:07.871 [info] WARNING:pygls.protocol.json_rpc:Cancel notification for unknown message id "1080"

2026-01-30 14:10:08.458 [info] WARNING:pygls.protocol.json_rpc:Cancel notification for unknown message id "1081"

2026-01-30 14:10:08.466 [info] WARNING:pygls.protocol.json_rpc:Cancel notification for unknown message id "1083"

2026-01-30 14:10:08.472 [info] WARNING:pygls.protocol.json_rpc:Cancel notification for unknown message id "1084"

2026-01-30 14:10:09.028 [info] WARNING:pygls.protocol.json_rpc:Cancel notification for unknown message id "1086"

2026-01-30 14:10:09.626 [info] WARNING:pygls.protocol.json_rpc:Cancel notification for unknown message id "1085"

2026-01-30 14:10:09.638 [info] WARNING:pygls.protocol.json_rpc:Cancel notification for unknown message id "1087"

2026-01-30 14:10:09.652 [info] WARNING:pygls.protocol.json_rpc:Cancel notification for unknown message id "1089"

2026-01-30 14:10:09.655 [info] WARNING:pygls.protocol.json_rpc:Cancel notification for unknown message id "1088"

2026-01-30 14:10:09.706 [info] WARNING:pygls.protocol.json_rpc:Cancel notification for unknown message id "1091"

2026-01-30 14:10:11.815 [info] WARNING:pygls.protocol.json_rpc:Cancel notification for unknown message id "1090"

2026-01-30 14:10:29.348 [info] WARNING:pygls.protocol.json_rpc:Cancel notification for unknown message id "1112"

2026-01-30 14:10:29.359 [info] WARNING:pygls.protocol.json_rpc:Cancel notification for unknown message id "1113"

2026-01-30 14:10:29.981 [info] WARNING:pygls.protocol.json_rpc:Cancel notification for unknown message id "1114"

2026-01-30 14:10:29.986 [info] WARNING:pygls.protocol.json_rpc:Cancel notification for unknown message id "1115"

2026-01-30 14:10:32.798 [info] WARNING:pygls.protocol.json_rpc:Cancel notification for unknown message id "1119"

2026-01-30 14:10:33.485 [info] WARNING:pygls.protocol.json_rpc:Cancel notification for unknown message id "1121"

2026-01-30 14:10:33.492 [info] WARNING:pygls.protocol.json_rpc:Cancel notification for unknown message id "1122"

2026-01-30 14:10:34.194 [info] WARNING:pygls.protocol.json_rpc:Cancel notification for unknown message id "1125"

2026-01-30 14:10:34.840 [info] WARNING:pygls.protocol.json_rpc:Cancel notification for unknown message id "1127"

2026-01-30 14:10:35.491 [info] WARNING:pygls.protocol.json_rpc:Cancel notification for unknown message id "1128"

2026-01-30 14:10:35.500 [info] WARNING:pygls.protocol.json_rpc:Cancel notification for unknown message id "1129"

2026-01-30 14:10:36.095 [info] WARNING:pygls.protocol.json_rpc:Cancel notification for unknown message id "1131"

2026-01-30 14:10:36.100 [info] WARNING:pygls.protocol.json_rpc:Cancel notification for unknown message id "1132"

2026-01-30 14:10:36.792 [info] WARNING:pygls.protocol.json_rpc:Cancel notification for unknown message id "1133"

2026-01-30 14:10:36.799 [info] WARNING:pygls.protocol.json_rpc:Cancel notification for unknown message id "1134"

2026-01-30 14:10:36.802 [info] WARNING:pygls.protocol.json_rpc:Cancel notification for unknown message id "1135"

2026-01-30 14:10:37.502 [info] WARNING:pygls.protocol.json_rpc:Cancel notification for unknown message id "1137"

2026-01-30 14:10:37.510 [info] WARNING:pygls.protocol.json_rpc:Cancel notification for unknown message id "1138"

2026-01-30 14:10:39.333 [info] WARNING:pygls.protocol.json_rpc:Cancel notification for unknown message id "1144"

2026-01-30 14:10:39.345 [info] WARNING:pygls.protocol.json_rpc:Cancel notification for unknown message id "1145"

2026-01-30 14:10:46.327 [info] WARNING:pygls.protocol.json_rpc:Cancel notification for unknown message id "1159"

2026-01-30 14:11:05.143 [info] WARNING:pygls.protocol.json_rpc:Cancel notification for unknown message id "1171"

2026-01-30 14:11:05.147 [info] WARNING:pygls.protocol.json_rpc:Cancel notification for unknown message id "1172"

2026-01-30 14:11:06.794 [info] WARNING:pygls.protocol.json_rpc:Cancel notification for unknown message id "1178"

2026-01-30 14:11:06.799 [info] WARNING:pygls.protocol.json_rpc:Cancel notification for unknown message id "1179"

2026-01-30 14:11:07.389 [info] WARNING:pygls.protocol.json_rpc:Cancel notification for unknown message id "1180"

2026-01-30 14:11:07.396 [info] WARNING:pygls.protocol.json_rpc:Cancel notification for unknown message id "1181"

2026-01-30 14:11:07.400 [info] WARNING:pygls.protocol.json_rpc:Cancel notification for unknown message id "1182"

2026-01-30 14:11:09.738 [info] WARNING:pygls.protocol.json_rpc:Cancel notification for unknown message id "1190"

2026-01-30 14:11:12.918 [info] WARNING:pygls.protocol.json_rpc:Cancel notification for unknown message id "1201"

2026-01-30 14:11:12.934 [info] WARNING:pygls.protocol.json_rpc:Cancel notification for unknown message id "1203"

2026-01-30 14:11:13.512 [info] WARNING:pygls.protocol.json_rpc:Cancel notification for unknown message id "1202"

2026-01-30 14:11:13.521 [info] WARNING:pygls.protocol.json_rpc:Cancel notification for unknown message id "1205"

2026-01-30 14:11:13.526 [info] WARNING:pygls.protocol.json_rpc:Cancel notification for unknown message id "1207"

2026-01-30 14:11:14.487 [info] WARNING:pygls.protocol.json_rpc:Cancel notification for unknown message id "1206"

2026-01-30 14:12:05.961 [info] WARNING:pygls.protocol.json_rpc:Cancel notification for unknown message id "1249"

2026-01-30 14:12:06.754 [info] WARNING:pygls.protocol.json_rpc:Cancel notification for unknown message id "1251"

2026-01-30 14:12:06.760 [info] WARNING:pygls.protocol.json_rpc:Cancel notification for unknown message id "1252"

2026-01-30 14:12:07.411 [info] WARNING:pygls.protocol.json_rpc:Cancel notification for unknown message id "1255"

2026-01-30 14:12:07.415 [info] WARNING:pygls.protocol.json_rpc:Cancel notification for unknown message id "1256"

2026-01-30 14:12:08.051 [info] WARNING:pygls.protocol.json_rpc:Cancel notification for unknown message id "1258"

2026-01-30 14:12:40.724 [info] WARNING:pygls.protocol.json_rpc:Cancel notification for unknown message id "1269"

2026-01-30 14:13:46.772 [info] WARNING:pygls.protocol.json_rpc:Cancel notification for unknown message id "1301"

2026-01-30 14:14:13.503 [info] WARNING:pygls.protocol.json_rpc:Cancel notification for unknown message id "1334"

2026-01-30 14:14:13.509 [info] WARNING:pygls.protocol.json_rpc:Cancel notification for unknown message id "1335"

2026-01-30 14:14:14.051 [info] WARNING:pygls.protocol.json_rpc:Cancel notification for unknown message id "1336"

2026-01-30 14:14:14.057 [info] WARNING:pygls.protocol.json_rpc:Cancel notification for unknown message id "1337"

2026-01-30 14:14:14.060 [info] WARNING:pygls.protocol.json_rpc:Cancel notification for unknown message id "1338"

2026-01-30 14:14:14.609 [info] WARNING:pygls.protocol.json_rpc:Cancel notification for unknown message id "1339"

2026-01-30 14:14:14.616 [info] WARNING:pygls.protocol.json_rpc:Cancel notification for unknown message id "1340"

2026-01-30 14:14:14.627 [info] WARNING:pygls.protocol.json_rpc:Cancel notification for unknown message id "1341"

2026-01-30 14:14:14.628 [info] WARNING:pygls.protocol.json_rpc:Cancel notification for unknown message id "1342"

2026-01-30 14:14:16.719 [info] WARNING:pygls.protocol.json_rpc:Cancel notification for unknown message id "1349"

2026-01-30 14:14:16.730 [info] WARNING:pygls.protocol.json_rpc:Cancel notification for unknown message id "1350"

2026-01-30 14:14:58.271 [info] WARNING:pygls.protocol.json_rpc:Cancel notification for unknown message id "1388"

2026-01-30 14:14:58.763 [info] WARNING:pygls.protocol.json_rpc:Cancel notification for unknown message id "1389"

2026-01-30 14:16:28.730 [info] WARNING:pygls.protocol.json_rpc:Cancel notification for unknown message id "1478"

2026-01-30 14:16:28.732 [info] WARNING:pygls.protocol.json_rpc:Cancel notification for unknown message id "1479"

2026-01-30 14:19:23.575 [info] WARNING:pygls.protocol.json_rpc:Cancel notification for unknown message id "1730"

2026-01-30 14:19:23.579 [info] WARNING:pygls.protocol.json_rpc:Cancel notification for unknown message id "1731"

2026-01-30 14:19:24.097 [info] WARNING:pygls.protocol.json_rpc:Cancel notification for unknown message id "1732"

2026-01-30 14:19:24.104 [info] WARNING:pygls.protocol.json_rpc:Cancel notification for unknown message id "1734"

2026-01-30 14:19:24.107 [info] WARNING:pygls.protocol.json_rpc:Cancel notification for unknown message id "1735"

2026-01-30 14:20:33.826 [info] WARNING:pygls.protocol.json_rpc:Cancel notification for unknown message id "1825"

2026-01-30 14:20:48.784 [info] WARNING:pygls.protocol.json_rpc:Cancel notification for unknown message id "1838"

2026-01-30 14:20:48.794 [info] WARNING:pygls.protocol.json_rpc:Cancel notification for unknown message id "1839"

2026-01-30 14:20:49.349 [info] WARNING:pygls.protocol.json_rpc:Cancel notification for unknown message id "1840"

2026-01-30 14:20:49.353 [info] WARNING:pygls.protocol.json_rpc:Cancel notification for unknown message id "1841"

2026-01-30 14:20:51.211 [info] WARNING:pygls.protocol.json_rpc:Cancel notification for unknown message id "1846"

2026-01-30 14:20:51.887 [info] WARNING:pygls.protocol.json_rpc:Cancel notification for unknown message id "1847"

2026-01-30 14:20:51.892 [info] WARNING:pygls.protocol.json_rpc:Cancel notification for unknown message id "1848"

2026-01-30 14:20:53.611 [info] WARNING:pygls.protocol.json_rpc:Cancel notification for unknown message id "1849"

2026-01-30 14:21:05.904 [info] WARNING:pygls.protocol.json_rpc:Cancel notification for unknown message id "1862"

2026-01-30 14:21:05.909 [info] WARNING:pygls.protocol.json_rpc:Cancel notification for unknown message id "1863"

2026-01-30 14:21:07.943 [info] WARNING:pygls.protocol.json_rpc:Cancel notification for unknown message id "1867"

2026-01-30 14:21:07.949 [info] WARNING:pygls.protocol.json_rpc:Cancel notification for unknown message id "1868"

2026-01-30 14:21:08.870 [info] WARNING:pygls.protocol.json_rpc:Cancel notification for unknown message id "1870"

2026-01-30 14:21:08.875 [info] WARNING:pygls.protocol.json_rpc:Cancel notification for unknown message id "1871"

2026-01-30 14:21:09.392 [info] WARNING:pygls.protocol.json_rpc:Cancel notification for unknown message id "1872"

2026-01-30 14:21:21.395 [info] WARNING:pygls.protocol.json_rpc:Cancel notification for unknown message id "1882"

2026-01-30 14:21:23.492 [info] WARNING:pygls.protocol.json_rpc:Cancel notification for unknown message id "1894"

2026-01-30 14:21:23.504 [info] WARNING:pygls.protocol.json_rpc:Cancel notification for unknown message id "1895"

2026-01-30 14:21:24.115 [info] WARNING:pygls.protocol.json_rpc:Cancel notification for unknown message id "1899"

2026-01-30 14:21:24.633 [info] WARNING:pygls.protocol.json_rpc:Cancel notification for unknown message id "1901"

2026-01-30 14:21:24.638 [info] WARNING:pygls.protocol.json_rpc:Cancel notification for unknown message id "1902"

2026-01-30 14:21:46.384 [info] WARNING:pygls.protocol.json_rpc:Cancel notification for unknown message id "1923"

2026-01-30 14:21:46.388 [info] WARNING:pygls.protocol.json_rpc:Cancel notification for unknown message id "1925"

2026-01-30 14:21:46.897 [info] WARNING:pygls.protocol.json_rpc:Cancel notification for unknown message id "1926"

2026-01-30 14:21:46.908 [info] WARNING:pygls.protocol.json_rpc:Cancel notification for unknown message id "1927"

2026-01-30 14:21:46.910 [info] WARNING:pygls.protocol.json_rpc:Cancel notification for unknown message id "1924"

2026-01-30 14:21:46.930 [info] WARNING:pygls.protocol.json_rpc:Cancel notification for unknown message id "1930"

2026-01-30 14:21:46.941 [info] WARNING:pygls.protocol.json_rpc:Cancel notification for unknown message id "1929"

2026-01-30 14:21:46.955 [info] WARNING:pygls.protocol.json_rpc:Cancel notification for unknown message id "1928"

2026-01-30 14:25:34.907 [info] WARNING:pygls.protocol.json_rpc:Cancel notification for unknown message id "2029"

2026-01-30 14:25:36.529 [info] WARNING:pygls.protocol.json_rpc:Cancel notification for unknown message id "2033"

2026-01-30 14:25:36.542 [info] WARNING:pygls.protocol.json_rpc:Cancel notification for unknown message id "2034"

2026-01-30 14:25:37.108 [info] WARNING:pygls.protocol.json_rpc:Cancel notification for unknown message id "2036"

2026-01-30 14:25:37.117 [info] WARNING:pygls.protocol.json_rpc:Cancel notification for unknown message id "2037"

2026-01-30 14:25:37.120 [info] WARNING:pygls.protocol.json_rpc:Cancel notification for unknown message id "2035"

2026-01-30 14:25:37.752 [info] WARNING:pygls.protocol.json_rpc:Cancel notification for unknown message id "2038"

2026-01-30 14:25:37.758 [info] WARNING:pygls.protocol.json_rpc:Cancel notification for unknown message id "2040"

2026-01-30 14:25:38.354 [info] WARNING:pygls.protocol.json_rpc:Cancel notification for unknown message id "2043"

2026-01-30 14:25:38.359 [info] WARNING:pygls.protocol.json_rpc:Cancel notification for unknown message id "2041"

2026-01-30 14:25:38.404 [info] WARNING:pygls.protocol.json_rpc:Cancel notification for unknown message id "2042"

2026-01-30 14:25:38.414 [info] WARNING:pygls.protocol.json_rpc:Cancel notification for unknown message id "2045"

2026-01-30 14:25:38.418 [info] WARNING:pygls.protocol.json_rpc:Cancel notification for unknown message id "2046"

2026-01-30 14:25:38.420 [info] WARNING:pygls.protocol.json_rpc:Cancel notification for unknown message id "2044"

2026-01-30 14:25:40.192 [info] WARNING:pygls.protocol.json_rpc:Cancel notification for unknown message id "2049"

2026-01-30 14:26:08.996 [info] WARNING:pygls.protocol.json_rpc:Cancel notification for unknown message id "2071"

2026-01-30 14:26:09.731 [info] WARNING:pygls.protocol.json_rpc:Cancel notification for unknown message id "2073"

2026-01-30 14:26:09.746 [info] WARNING:pygls.protocol.json_rpc:Cancel notification for unknown message id "2074"

2026-01-30 14:26:10.307 [info] WARNING:pygls.protocol.json_rpc:Cancel notification for unknown message id "2076"

2026-01-30 14:26:10.314 [info] WARNING:pygls.protocol.json_rpc:Cancel notification for unknown message id "2077"

2026-01-30 14:26:10.316 [info] WARNING:pygls.protocol.json_rpc:Cancel notification for unknown message id "2075"

2026-01-30 14:30:41.856 [info] WARNING:pygls.protocol.json_rpc:Cancel notification for unknown message id "2130"

2026-01-30 14:30:42.415 [info] WARNING:pygls.protocol.json_rpc:Cancel notification for unknown message id "2131"

2026-01-30 14:30:42.422 [info] WARNING:pygls.protocol.json_rpc:Cancel notification for unknown message id "2133"

2026-01-30 14:30:42.437 [info] WARNING:pygls.protocol.json_rpc:Cancel notification for unknown message id "2132"

2026-01-30 14:30:42.450 [info] WARNING:pygls.protocol.json_rpc:Cancel notification for unknown message id "2134"

2026-01-30 14:30:42.500 [info] WARNING:pygls.protocol.json_rpc:Cancel notification for unknown message id "2136"

2026-01-30 14:30:43.022 [info] WARNING:pygls.protocol.json_rpc:Cancel notification for unknown message id "2135"

