2026-01-31 04:28:36.036 [info] Extension host with pid 8248 started
2026-01-31 04:28:36.042 [info] Lock '/data/data/com.termux/files/home/.local/share/code-server/User/workspaceStorage/6b2b686c/vscode.lock': Lock acquired.
2026-01-31 04:28:36.434 [info] ExtensionService#_doActivateExtension vscode.github-authentication, startup: false, activationEvent: 'onAuthenticationRequest:github'
2026-01-31 04:28:36.438 [info] ExtensionService#_doActivateExtension ms-python.python, startup: false, activationEvent: 'onLanguage:python'
2026-01-31 04:28:36.439 [info] ExtensionService#_doActivateExtension vscode.emmet, startup: false, activationEvent: 'onLanguage'
2026-01-31 04:28:37.467 [info] ExtensionService#_doActivateExtension vscode.git-base, startup: true, activationEvent: '*', root cause: vscode.git
2026-01-31 04:28:37.612 [info] ExtensionService#_doActivateExtension vscode.git, startup: true, activationEvent: '*'
2026-01-31 04:28:37.613 [info] ExtensionService#_doActivateExtension vscode.github, startup: true, activationEvent: '*'
2026-01-31 04:28:39.433 [info] Eager extensions activated
2026-01-31 04:28:39.434 [info] ExtensionService#_doActivateExtension vscode.debug-auto-launch, startup: false, activationEvent: 'onStartupFinished'
2026-01-31 04:28:39.436 [info] ExtensionService#_doActivateExtension vscode.merge-conflict, startup: false, activationEvent: 'onStartupFinished'
2026-01-31 04:28:39.621 [warning] [Decorations] CAPPING events from decorations provider vscode.git 1478
2026-01-31 04:28:41.184 [warning] [Decorations] CAPPING events from decorations provider vscode.git 1478
2026-01-31 04:28:44.530 [info] Not activating extension 'ms-python.python': Timed out while searching for 'workspaceContains' pattern **/pylock.*.toml
2026-01-31 04:28:44.668 [info] ExtensionService#_doActivateExtension vscode.terminal-suggest, startup: false, activationEvent: 'onTerminalShellIntegration:*'
2026-01-31 04:28:48.714 [warning] [Decorations] CAPPING events from decorations provider vscode.git 1479
2026-01-31 04:28:53.876 [warning] [Decorations] CAPPING events from decorations provider vscode.git 1479
2026-01-31 04:28:59.046 [warning] [Decorations] CAPPING events from decorations provider vscode.git 1479
2026-01-31 04:29:04.217 [warning] [Decorations] CAPPING events from decorations provider vscode.git 1479
2026-01-31 04:29:09.383 [warning] [Decorations] CAPPING events from decorations provider vscode.git 1479
2026-01-31 04:29:56.554 [warning] [Decorations] CAPPING events from decorations provider vscode.git 1479
2026-01-31 04:30:01.750 [warning] [Decorations] CAPPING events from decorations provider vscode.git 1481
2026-01-31 04:30:06.904 [warning] [Decorations] CAPPING events from decorations provider vscode.git 1481
2026-01-31 04:30:54.506 [warning] [Decorations] CAPPING events from decorations provider vscode.git 1481
2026-01-31 04:30:59.620 [info] ExtensionService#_doActivateExtension vscode.npm, startup: false, activationEvent: 'onTerminalQuickFixRequest:ms-vscode.npm-command'
2026-01-31 04:30:59.743 [warning] [Decorations] CAPPING events from decorations provider vscode.git 1481
2026-01-31 04:31:04.893 [warning] [Decorations] CAPPING events from decorations provider vscode.git 1481
2026-01-31 04:31:06.768 [info] ExtensionService#_doActivateExtension vscode.configuration-editing, startup: false, activationEvent: 'onLanguage:json'
2026-01-31 04:31:06.769 [info] ExtensionService#_doActivateExtension vscode.extension-editing, startup: false, activationEvent: 'onLanguage:json'
2026-01-31 04:31:06.770 [info] ExtensionService#_doActivateExtension vscode.json-language-features, startup: false, activationEvent: 'onLanguage:json'
2026-01-31 04:31:10.672 [warning] [Decorations] CAPPING events from decorations provider vscode.git 1482
2026-01-31 04:31:15.829 [warning] [Decorations] CAPPING events from decorations provider vscode.git 1482
2026-01-31 04:31:34.255 [warning] [Decorations] CAPPING events from decorations provider vscode.git 1482
2026-01-31 04:31:39.427 [warning] [Decorations] CAPPING events from decorations provider vscode.git 1482
2026-01-31 04:31:44.598 [warning] [Decorations] CAPPING events from decorations provider vscode.git 1482
2026-01-31 04:31:49.739 [warning] [Decorations] CAPPING events from decorations provider vscode.git 1482
2026-01-31 04:31:54.884 [warning] [Decorations] CAPPING events from decorations provider vscode.git 1482
2026-01-31 04:33:32.769 [warning] [Decorations] CAPPING events from decorations provider vscode.git 1482
2026-01-31 04:33:37.927 [warning] [Decorations] CAPPING events from decorations provider vscode.git 1482
2026-01-31 04:34:03.775 [warning] [Decorations] CAPPING events from decorations provider vscode.git 1482
2026-01-31 04:34:08.934 [warning] [Decorations] CAPPING events from decorations provider vscode.git 1483
2026-01-31 04:34:14.082 [warning] [Decorations] CAPPING events from decorations provider vscode.git 1483
2026-01-31 04:34:19.257 [warning] [Decorations] CAPPING events from decorations provider vscode.git 1483
2026-01-31 04:34:24.426 [warning] [Decorations] CAPPING events from decorations provider vscode.git 1483
2026-01-31 04:37:06.402 [warning] [Decorations] CAPPING events from decorations provider vscode.git 1483
2026-01-31 04:37:11.596 [warning] [Decorations] CAPPING events from decorations provider vscode.git 1483
2026-01-31 04:37:27.804 [warning] [Decorations] CAPPING events from decorations provider vscode.git 1483
2026-01-31 04:37:32.969 [warning] [Decorations] CAPPING events from decorations provider vscode.git 1483
2026-01-31 04:37:38.166 [warning] [Decorations] CAPPING events from decorations provider vscode.git 1487
2026-01-31 04:37:43.357 [warning] [Decorations] CAPPING events from decorations provider vscode.git 1484
2026-01-31 04:37:48.530 [warning] [Decorations] CAPPING events from decorations provider vscode.git 1484
2026-01-31 04:37:53.692 [warning] [Decorations] CAPPING events from decorations provider vscode.git 1484
2026-01-31 04:37:58.864 [warning] [Decorations] CAPPING events from decorations provider vscode.git 1484
2026-01-31 04:38:04.036 [warning] [Decorations] CAPPING events from decorations provider vscode.git 1483
2026-01-31 04:38:09.255 [warning] [Decorations] CAPPING events from decorations provider vscode.git 1483
2026-01-31 04:38:14.455 [warning] [Decorations] CAPPING events from decorations provider vscode.git 1483
2026-01-31 04:38:19.628 [warning] [Decorations] CAPPING events from decorations provider vscode.git 1483
2026-01-31 04:38:32.233 [warning] [Decorations] CAPPING events from decorations provider vscode.git 1483
2026-01-31 04:38:37.501 [warning] [Decorations] CAPPING events from decorations provider vscode.git 1483
2026-01-31 04:38:42.685 [warning] [Decorations] CAPPING events from decorations provider vscode.git 1483
2026-01-31 04:38:47.896 [warning] [Decorations] CAPPING events from decorations provider vscode.git 1483
2026-01-31 04:38:53.058 [warning] [Decorations] CAPPING events from decorations provider vscode.git 1483
2026-01-31 04:38:58.260 [warning] [Decorations] CAPPING events from decorations provider vscode.git 1483
2026-01-31 04:39:03.421 [warning] [Decorations] CAPPING events from decorations provider vscode.git 1483
2026-01-31 04:39:08.601 [warning] [Decorations] CAPPING events from decorations provider vscode.git 1484
2026-01-31 04:39:13.783 [warning] [Decorations] CAPPING events from decorations provider vscode.git 1483
2026-01-31 04:39:18.964 [warning] [Decorations] CAPPING events from decorations provider vscode.git 1483
2026-01-31 04:39:24.127 [warning] [Decorations] CAPPING events from decorations provider vscode.git 1483
