2026-01-29 16:15:11.724 [info] [main] Log level: Info
2026-01-29 16:15:11.725 [info] [main] Validating found git in: "git"
2026-01-29 16:15:11.725 [info] [main] Using git "2.52.0" from "git"
2026-01-29 16:15:11.725 [info] [Model][doInitialScan] Initial repository scan started
2026-01-29 16:15:11.725 [info] > git rev-parse --show-toplevel [24ms]
2026-01-29 16:15:11.725 [info] > git rev-parse --git-dir --git-common-dir --show-superproject-working-tree [171ms]
2026-01-29 16:15:11.725 [info] [Model][openRepository] Opened repository (path): /data/data/com.termux/files/home
2026-01-29 16:15:11.725 [info] [Model][openRepository] Opened repository (real path): /data/data/com.termux/files/home
2026-01-29 16:15:11.725 [info] [Model][openRepository] Opened repository (kind): repository
2026-01-29 16:15:11.734 [info] > git config --get commit.template [42ms]
2026-01-29 16:15:11.740 [info] > git rev-parse --show-toplevel [34ms]
2026-01-29 16:15:11.823 [info] > git for-each-ref --format=%(refname)%00%(upstream:short)%00%(objectname)%00%(upstream:track)%00%(upstream:remotename)%00%(upstream:remoteref) refs/heads/main refs/remotes/main [58ms]
2026-01-29 16:15:11.918 [info] > git rev-parse --show-toplevel [120ms]
2026-01-29 16:15:12.003 [info] > git status -z -uall [144ms]
2026-01-29 16:15:12.009 [info] > git for-each-ref --sort -committerdate --format %(refname)%00%(objectname)%00%(*objectname) [101ms]
2026-01-29 16:15:12.252 [info] > git for-each-ref --format=%(refname)%00%(upstream:short)%00%(objectname)%00%(upstream:track)%00%(upstream:remotename)%00%(upstream:remoteref) refs/heads/main refs/remotes/main [135ms]
2026-01-29 16:15:12.277 [info] > git rev-parse --show-toplevel [282ms]
2026-01-29 16:15:12.354 [info] > git check-ignore -v -z --stdin [53ms]
2026-01-29 16:15:12.358 [info] > git config --get --local branch.main.vscode-merge-base [83ms]
2026-01-29 16:15:12.360 [warning] [Git][config] git config failed: Failed to execute git
2026-01-29 16:15:12.385 [info] > git config --get commit.template [137ms]
2026-01-29 16:15:12.390 [info] > git rev-parse --show-toplevel [38ms]
2026-01-29 16:15:12.447 [info] > git for-each-ref --format=%(refname)%00%(upstream:short)%00%(objectname)%00%(upstream:track)%00%(upstream:remotename)%00%(upstream:remoteref) refs/heads/main refs/remotes/main [35ms]
2026-01-29 16:15:12.448 [info] > git reflog main --grep-reflog=branch: Created from *. [64ms]
2026-01-29 16:15:12.465 [info] > git rev-parse --show-toplevel [26ms]
2026-01-29 16:15:12.552 [info] > git rev-parse --show-toplevel [49ms]
2026-01-29 16:15:12.574 [info] [Model][doInitialScan] Initial repository scan completed - repositories (1), closed repositories (0), parent repositories (0), unsafe repositories (0)
2026-01-29 16:15:12.574 [info] > git symbolic-ref --short refs/remotes/origin/HEAD [111ms]
2026-01-29 16:15:12.575 [info] fatal: ref refs/remotes/origin/HEAD is not a symbolic ref
2026-01-29 16:15:12.575 [warning] [Repository][getDefaultBranch] Failed to get default branch details: Failed to execute git.
2026-01-29 16:15:12.609 [info] > git status -z -uall [92ms]
2026-01-29 16:15:12.609 [info] > git merge-base refs/heads/main refs/remotes/origin/main [8ms]
2026-01-29 16:15:12.630 [info] > git for-each-ref --sort -committerdate --format %(refname)%00%(objectname)%00%(*objectname) [90ms]
2026-01-29 16:15:12.710 [info] > git merge-base refs/heads/main refs/remotes/origin/main [38ms]
2026-01-29 16:15:12.737 [info] > git diff --raw --numstat --diff-filter=ADMR -z --find-renames=50% 0032fdd865b150504279f68abdd97d3422865b82...refs/remotes/origin/main -- [108ms]
2026-01-29 16:15:12.803 [info] > git diff --raw --numstat --diff-filter=ADMR -z --find-renames=50% 0032fdd865b150504279f68abdd97d3422865b82...refs/remotes/origin/main -- [67ms]
2026-01-29 16:15:13.442 [info] > git check-ignore -v -z --stdin [101ms]
2026-01-29 16:18:57.148 [info] > git config --get commit.template [33ms]
2026-01-29 16:18:57.149 [info] > git for-each-ref --format=%(refname)%00%(upstream:short)%00%(objectname)%00%(upstream:track)%00%(upstream:remotename)%00%(upstream:remoteref) refs/heads/main refs/remotes/main [18ms]
2026-01-29 16:18:57.194 [info] > git for-each-ref --sort -committerdate --format %(refname)%00%(objectname)%00%(*objectname) [18ms]
2026-01-29 16:18:57.642 [info] > git status -z -uall [479ms]
2026-01-29 16:19:02.711 [info] > git config --get commit.template [18ms]
2026-01-29 16:19:02.717 [info] > git for-each-ref --format=%(refname)%00%(upstream:short)%00%(objectname)%00%(upstream:track)%00%(upstream:remotename)%00%(upstream:remoteref) refs/heads/main refs/remotes/main [10ms]
2026-01-29 16:19:02.751 [info] > git for-each-ref --sort -committerdate --format %(refname)%00%(objectname)%00%(*objectname) [10ms]
2026-01-29 16:19:02.771 [info] > git status -z -uall [41ms]
2026-01-29 16:19:07.849 [info] > git config --get commit.template [19ms]
2026-01-29 16:19:07.863 [info] > git for-each-ref --format=%(refname)%00%(upstream:short)%00%(objectname)%00%(upstream:track)%00%(upstream:remotename)%00%(upstream:remoteref) refs/heads/main refs/remotes/main [17ms]
2026-01-29 16:19:07.922 [info] > git for-each-ref --sort -committerdate --format %(refname)%00%(objectname)%00%(*objectname) [11ms]
2026-01-29 16:19:07.942 [info] > git status -z -uall [45ms]
2026-01-29 16:20:22.048 [info] > git config --get commit.template [50ms]
2026-01-29 16:20:22.055 [info] > git for-each-ref --format=%(refname)%00%(upstream:short)%00%(objectname)%00%(upstream:track)%00%(upstream:remotename)%00%(upstream:remoteref) refs/heads/main refs/remotes/main [44ms]
2026-01-29 16:20:22.091 [info] > git for-each-ref --sort -committerdate --format %(refname)%00%(objectname)%00%(*objectname) [12ms]
2026-01-29 16:20:22.371 [info] > git status -z -uall [304ms]
2026-01-29 16:20:27.441 [info] > git config --get commit.template [23ms]
2026-01-29 16:20:27.453 [info] > git for-each-ref --format=%(refname)%00%(upstream:short)%00%(objectname)%00%(upstream:track)%00%(upstream:remotename)%00%(upstream:remoteref) refs/heads/main refs/remotes/main [17ms]
2026-01-29 16:20:27.502 [info] > git for-each-ref --sort -committerdate --format %(refname)%00%(objectname)%00%(*objectname) [18ms]
2026-01-29 16:20:27.511 [info] > git status -z -uall [39ms]
2026-01-29 16:24:26.259 [info] > git config --get commit.template [73ms]
2026-01-29 16:24:26.261 [info] > git for-each-ref --format=%(refname)%00%(upstream:short)%00%(objectname)%00%(upstream:track)%00%(upstream:remotename)%00%(upstream:remoteref) refs/heads/main refs/remotes/main [53ms]
2026-01-29 16:24:26.343 [info] > git for-each-ref --sort -committerdate --format %(refname)%00%(objectname)%00%(*objectname) [38ms]
2026-01-29 16:24:26.791 [info] > git status -z -uall [509ms]
2026-01-29 16:24:31.879 [info] > git config --get commit.template [16ms]
2026-01-29 16:24:31.889 [info] > git for-each-ref --format=%(refname)%00%(upstream:short)%00%(objectname)%00%(upstream:track)%00%(upstream:remotename)%00%(upstream:remoteref) refs/heads/main refs/remotes/main [10ms]
2026-01-29 16:24:31.930 [info] > git for-each-ref --sort -committerdate --format %(refname)%00%(objectname)%00%(*objectname) [14ms]
2026-01-29 16:24:31.954 [info] > git status -z -uall [52ms]
2026-01-29 16:24:37.009 [info] > git config --get commit.template [17ms]
2026-01-29 16:24:37.019 [info] > git for-each-ref --format=%(refname)%00%(upstream:short)%00%(objectname)%00%(upstream:track)%00%(upstream:remotename)%00%(upstream:remoteref) refs/heads/main refs/remotes/main [12ms]
2026-01-29 16:24:37.058 [info] > git for-each-ref --sort -committerdate --format %(refname)%00%(objectname)%00%(*objectname) [11ms]
2026-01-29 16:24:37.070 [info] > git status -z -uall [35ms]
2026-01-29 16:25:42.537 [info] > git config --get commit.template [33ms]
2026-01-29 16:25:42.556 [info] > git for-each-ref --format=%(refname)%00%(upstream:short)%00%(objectname)%00%(upstream:track)%00%(upstream:remotename)%00%(upstream:remoteref) refs/heads/main refs/remotes/main [37ms]
2026-01-29 16:25:42.669 [info] > git for-each-ref --sort -committerdate --format %(refname)%00%(objectname)%00%(*objectname) [50ms]
2026-01-29 16:25:42.830 [info] > git status -z -uall [244ms]
2026-01-29 16:25:47.899 [info] > git config --get commit.template [20ms]
2026-01-29 16:25:47.914 [info] > git for-each-ref --format=%(refname)%00%(upstream:short)%00%(objectname)%00%(upstream:track)%00%(upstream:remotename)%00%(upstream:remoteref) refs/heads/main refs/remotes/main [16ms]
2026-01-29 16:25:47.958 [info] > git for-each-ref --sort -committerdate --format %(refname)%00%(objectname)%00%(*objectname) [9ms]
2026-01-29 16:25:47.976 [info] > git status -z -uall [38ms]
2026-01-29 16:25:53.019 [info] > git config --get commit.template [20ms]
2026-01-29 16:25:53.030 [info] > git for-each-ref --format=%(refname)%00%(upstream:short)%00%(objectname)%00%(upstream:track)%00%(upstream:remotename)%00%(upstream:remoteref) refs/heads/main refs/remotes/main [12ms]
2026-01-29 16:25:53.066 [info] > git for-each-ref --sort -committerdate --format %(refname)%00%(objectname)%00%(*objectname) [11ms]
2026-01-29 16:25:53.078 [info] > git status -z -uall [33ms]
2026-01-29 16:26:25.080 [info] > git config --get commit.template [20ms]
2026-01-29 16:26:25.092 [info] > git for-each-ref --format=%(refname)%00%(upstream:short)%00%(objectname)%00%(upstream:track)%00%(upstream:remotename)%00%(upstream:remoteref) refs/heads/main refs/remotes/main [14ms]
2026-01-29 16:26:25.138 [info] > git for-each-ref --sort -committerdate --format %(refname)%00%(objectname)%00%(*objectname) [15ms]
2026-01-29 16:26:25.163 [info] > git status -z -uall [54ms]
2026-01-29 16:28:15.405 [info] > git config --get commit.template [30ms]
2026-01-29 16:28:15.420 [info] > git for-each-ref --format=%(refname)%00%(upstream:short)%00%(objectname)%00%(upstream:track)%00%(upstream:remotename)%00%(upstream:remoteref) refs/heads/main refs/remotes/main [29ms]
2026-01-29 16:28:15.483 [info] > git for-each-ref --sort -committerdate --format %(refname)%00%(objectname)%00%(*objectname) [24ms]
2026-01-29 16:28:15.821 [info] > git status -z -uall [384ms]
2026-01-29 16:28:20.893 [info] > git config --get commit.template [18ms]
2026-01-29 16:28:20.902 [info] > git for-each-ref --format=%(refname)%00%(upstream:short)%00%(objectname)%00%(upstream:track)%00%(upstream:remotename)%00%(upstream:remoteref) refs/heads/main refs/remotes/main [11ms]
2026-01-29 16:28:20.945 [info] > git for-each-ref --sort -committerdate --format %(refname)%00%(objectname)%00%(*objectname) [11ms]
2026-01-29 16:28:20.958 [info] > git status -z -uall [35ms]
2026-01-29 16:28:44.632 [info] > git config --get commit.template [16ms]
2026-01-29 16:28:44.640 [info] > git for-each-ref --format=%(refname)%00%(upstream:short)%00%(objectname)%00%(upstream:track)%00%(upstream:remotename)%00%(upstream:remoteref) refs/heads/main refs/remotes/main [11ms]
2026-01-29 16:28:44.696 [info] > git status -z -uall [43ms]
2026-01-29 16:28:44.697 [info] > git for-each-ref --sort -committerdate --format %(refname)%00%(objectname)%00%(*objectname) [31ms]
2026-01-29 16:31:00.312 [info] > git config --get commit.template [336ms]
2026-01-29 16:31:00.515 [info] > git for-each-ref --format=%(refname)%00%(upstream:short)%00%(objectname)%00%(upstream:track)%00%(upstream:remotename)%00%(upstream:remoteref) refs/heads/main refs/remotes/main [269ms]
2026-01-29 16:31:00.628 [info] > git for-each-ref --sort -committerdate --format %(refname)%00%(objectname)%00%(*objectname) [27ms]
2026-01-29 16:31:01.047 [info] > git status -z -uall [483ms]
2026-01-29 16:31:06.105 [info] > git config --get commit.template [16ms]
2026-01-29 16:31:06.116 [info] > git for-each-ref --format=%(refname)%00%(upstream:short)%00%(objectname)%00%(upstream:track)%00%(upstream:remotename)%00%(upstream:remoteref) refs/heads/main refs/remotes/main [13ms]
2026-01-29 16:31:06.154 [info] > git for-each-ref --sort -committerdate --format %(refname)%00%(objectname)%00%(*objectname) [10ms]
2026-01-29 16:31:06.166 [info] > git status -z -uall [37ms]
2026-01-29 16:31:38.219 [info] > git config --get commit.template [16ms]
2026-01-29 16:31:38.224 [info] > git for-each-ref --format=%(refname)%00%(upstream:short)%00%(objectname)%00%(upstream:track)%00%(upstream:remotename)%00%(upstream:remoteref) refs/heads/main refs/remotes/main [9ms]
2026-01-29 16:31:38.271 [info] > git for-each-ref --sort -committerdate --format %(refname)%00%(objectname)%00%(*objectname) [18ms]
2026-01-29 16:31:38.313 [info] > git status -z -uall [74ms]
2026-01-29 16:31:43.365 [info] > git config --get commit.template [23ms]
2026-01-29 16:31:43.379 [info] > git for-each-ref --format=%(refname)%00%(upstream:short)%00%(objectname)%00%(upstream:track)%00%(upstream:remotename)%00%(upstream:remoteref) refs/heads/main refs/remotes/main [17ms]
2026-01-29 16:31:43.423 [info] > git for-each-ref --sort -committerdate --format %(refname)%00%(objectname)%00%(*objectname) [11ms]
2026-01-29 16:31:43.438 [info] > git status -z -uall [37ms]
2026-01-29 16:31:48.476 [info] > git config --get commit.template [17ms]
2026-01-29 16:31:48.483 [info] > git for-each-ref --format=%(refname)%00%(upstream:short)%00%(objectname)%00%(upstream:track)%00%(upstream:remotename)%00%(upstream:remoteref) refs/heads/main refs/remotes/main [9ms]
2026-01-29 16:31:48.523 [info] > git for-each-ref --sort -committerdate --format %(refname)%00%(objectname)%00%(*objectname) [12ms]
2026-01-29 16:31:48.535 [info] > git status -z -uall [37ms]
2026-01-29 16:31:53.602 [info] > git config --get commit.template [24ms]
2026-01-29 16:31:53.615 [info] > git for-each-ref --format=%(refname)%00%(upstream:short)%00%(objectname)%00%(upstream:track)%00%(upstream:remotename)%00%(upstream:remoteref) refs/heads/main refs/remotes/main [16ms]
2026-01-29 16:31:53.665 [info] > git for-each-ref --sort -committerdate --format %(refname)%00%(objectname)%00%(*objectname) [11ms]
2026-01-29 16:31:53.673 [info] > git status -z -uall [32ms]
2026-01-29 16:31:58.727 [info] > git config --get commit.template [13ms]
2026-01-29 16:31:58.735 [info] > git for-each-ref --format=%(refname)%00%(upstream:short)%00%(objectname)%00%(upstream:track)%00%(upstream:remotename)%00%(upstream:remoteref) refs/heads/main refs/remotes/main [10ms]
2026-01-29 16:31:58.781 [info] > git for-each-ref --sort -committerdate --format %(refname)%00%(objectname)%00%(*objectname) [12ms]
2026-01-29 16:31:58.791 [info] > git status -z -uall [35ms]
2026-01-29 16:32:16.034 [info] > git config --get commit.template [17ms]
2026-01-29 16:32:16.047 [info] > git for-each-ref --format=%(refname)%00%(upstream:short)%00%(objectname)%00%(upstream:track)%00%(upstream:remotename)%00%(upstream:remoteref) refs/heads/main refs/remotes/main [14ms]
2026-01-29 16:32:16.098 [info] > git for-each-ref --sort -committerdate --format %(refname)%00%(objectname)%00%(*objectname) [16ms]
2026-01-29 16:32:16.114 [info] > git status -z -uall [46ms]
2026-01-29 16:32:21.174 [info] > git config --get commit.template [17ms]
2026-01-29 16:32:21.186 [info] > git for-each-ref --format=%(refname)%00%(upstream:short)%00%(objectname)%00%(upstream:track)%00%(upstream:remotename)%00%(upstream:remoteref) refs/heads/main refs/remotes/main [13ms]
2026-01-29 16:32:21.240 [info] > git for-each-ref --sort -committerdate --format %(refname)%00%(objectname)%00%(*objectname) [15ms]
2026-01-29 16:32:21.251 [info] > git status -z -uall [45ms]
2026-01-29 16:32:45.951 [info] > git config --get commit.template [21ms]
2026-01-29 16:32:45.959 [info] > git for-each-ref --format=%(refname)%00%(upstream:short)%00%(objectname)%00%(upstream:track)%00%(upstream:remotename)%00%(upstream:remoteref) refs/heads/main refs/remotes/main [9ms]
2026-01-29 16:32:46.006 [info] > git for-each-ref --sort -committerdate --format %(refname)%00%(objectname)%00%(*objectname) [19ms]
2026-01-29 16:32:46.016 [info] > git status -z -uall [41ms]
2026-01-29 16:32:51.130 [info] > git config --get commit.template [40ms]
2026-01-29 16:32:51.150 [info] > git for-each-ref --format=%(refname)%00%(upstream:short)%00%(objectname)%00%(upstream:track)%00%(upstream:remotename)%00%(upstream:remoteref) refs/heads/main refs/remotes/main [21ms]
2026-01-29 16:32:51.270 [info] > git for-each-ref --sort -committerdate --format %(refname)%00%(objectname)%00%(*objectname) [30ms]
2026-01-29 16:32:51.287 [info] > git status -z -uall [96ms]
2026-01-29 16:33:04.918 [info] > git config --get commit.template [46ms]
2026-01-29 16:33:04.938 [info] > git for-each-ref --format=%(refname)%00%(upstream:short)%00%(objectname)%00%(upstream:track)%00%(upstream:remotename)%00%(upstream:remoteref) refs/heads/main refs/remotes/main [26ms]
2026-01-29 16:33:05.059 [info] > git for-each-ref --sort -committerdate --format %(refname)%00%(objectname)%00%(*objectname) [25ms]
2026-01-29 16:33:05.082 [info] > git status -z -uall [97ms]
2026-01-29 16:33:10.132 [info] > git config --get commit.template [28ms]
2026-01-29 16:33:10.141 [info] > git for-each-ref --format=%(refname)%00%(upstream:short)%00%(objectname)%00%(upstream:track)%00%(upstream:remotename)%00%(upstream:remoteref) refs/heads/main refs/remotes/main [11ms]
2026-01-29 16:33:10.185 [info] > git for-each-ref --sort -committerdate --format %(refname)%00%(objectname)%00%(*objectname) [16ms]
2026-01-29 16:33:10.202 [info] > git status -z -uall [48ms]
2026-01-29 16:33:35.963 [info] > git config --get commit.template [28ms]
2026-01-29 16:33:36.190 [info] > git for-each-ref --format=%(refname)%00%(upstream:short)%00%(objectname)%00%(upstream:track)%00%(upstream:remotename)%00%(upstream:remoteref) refs/heads/main refs/remotes/main [226ms]
2026-01-29 16:33:36.338 [info] > git status -z -uall [68ms]
2026-01-29 16:33:36.378 [info] > git for-each-ref --sort -committerdate --format %(refname)%00%(objectname)%00%(*objectname) [69ms]
2026-01-29 16:33:44.229 [info] > git config --get commit.template [22ms]
2026-01-29 16:33:44.240 [info] > git for-each-ref --format=%(refname)%00%(upstream:short)%00%(objectname)%00%(upstream:track)%00%(upstream:remotename)%00%(upstream:remoteref) refs/heads/main refs/remotes/main [18ms]
2026-01-29 16:33:44.295 [info] > git for-each-ref --sort -committerdate --format %(refname)%00%(objectname)%00%(*objectname) [13ms]
2026-01-29 16:33:44.376 [info] > git status -z -uall [112ms]
2026-01-29 16:36:03.993 [info] > git config --get commit.template [55ms]
2026-01-29 16:36:03.998 [info] > git for-each-ref --format=%(refname)%00%(upstream:short)%00%(objectname)%00%(upstream:track)%00%(upstream:remotename)%00%(upstream:remoteref) refs/heads/main refs/remotes/main [25ms]
2026-01-29 16:36:04.055 [info] > git for-each-ref --sort -committerdate --format %(refname)%00%(objectname)%00%(*objectname) [21ms]
2026-01-29 16:36:04.539 [info] > git status -z -uall [522ms]
2026-01-29 16:36:09.603 [info] > git config --get commit.template [22ms]
2026-01-29 16:36:09.609 [info] > git for-each-ref --format=%(refname)%00%(upstream:short)%00%(objectname)%00%(upstream:track)%00%(upstream:remotename)%00%(upstream:remoteref) refs/heads/main refs/remotes/main [11ms]
2026-01-29 16:36:09.654 [info] > git for-each-ref --sort -committerdate --format %(refname)%00%(objectname)%00%(*objectname) [15ms]
2026-01-29 16:36:09.666 [info] > git status -z -uall [43ms]
2026-01-29 16:36:14.734 [info] > git config --get commit.template [17ms]
2026-01-29 16:36:14.741 [info] > git for-each-ref --format=%(refname)%00%(upstream:short)%00%(objectname)%00%(upstream:track)%00%(upstream:remotename)%00%(upstream:remoteref) refs/heads/main refs/remotes/main [9ms]
2026-01-29 16:36:14.782 [info] > git for-each-ref --sort -committerdate --format %(refname)%00%(objectname)%00%(*objectname) [12ms]
2026-01-29 16:36:14.791 [info] > git status -z -uall [36ms]
2026-01-29 16:36:19.844 [info] > git config --get commit.template [14ms]
2026-01-29 16:36:19.853 [info] > git for-each-ref --format=%(refname)%00%(upstream:short)%00%(objectname)%00%(upstream:track)%00%(upstream:remotename)%00%(upstream:remoteref) refs/heads/main refs/remotes/main [11ms]
2026-01-29 16:36:19.891 [info] > git for-each-ref --sort -committerdate --format %(refname)%00%(objectname)%00%(*objectname) [11ms]
2026-01-29 16:36:19.907 [info] > git status -z -uall [39ms]
2026-01-29 16:36:24.957 [info] > git config --get commit.template [18ms]
2026-01-29 16:36:24.965 [info] > git for-each-ref --format=%(refname)%00%(upstream:short)%00%(objectname)%00%(upstream:track)%00%(upstream:remotename)%00%(upstream:remoteref) refs/heads/main refs/remotes/main [11ms]
2026-01-29 16:36:25.008 [info] > git for-each-ref --sort -committerdate --format %(refname)%00%(objectname)%00%(*objectname) [11ms]
2026-01-29 16:36:25.028 [info] > git status -z -uall [49ms]
2026-01-29 16:36:37.553 [info] > git config --get commit.template [22ms]
2026-01-29 16:36:37.586 [info] > git for-each-ref --format=%(refname)%00%(upstream:short)%00%(objectname)%00%(upstream:track)%00%(upstream:remotename)%00%(upstream:remoteref) refs/heads/main refs/remotes/main [35ms]
2026-01-29 16:36:37.700 [info] > git for-each-ref --sort -committerdate --format %(refname)%00%(objectname)%00%(*objectname) [43ms]
2026-01-29 16:36:37.789 [info] > git status -z -uall [152ms]
2026-01-29 16:36:42.875 [info] > git config --get commit.template [18ms]
2026-01-29 16:36:42.883 [info] > git for-each-ref --format=%(refname)%00%(upstream:short)%00%(objectname)%00%(upstream:track)%00%(upstream:remotename)%00%(upstream:remoteref) refs/heads/main refs/remotes/main [11ms]
2026-01-29 16:36:42.912 [info] > git for-each-ref --sort -committerdate --format %(refname)%00%(objectname)%00%(*objectname) [10ms]
2026-01-29 16:36:42.925 [info] > git status -z -uall [32ms]
2026-01-29 16:36:47.982 [info] > git config --get commit.template [17ms]
2026-01-29 16:36:47.991 [info] > git for-each-ref --format=%(refname)%00%(upstream:short)%00%(objectname)%00%(upstream:track)%00%(upstream:remotename)%00%(upstream:remoteref) refs/heads/main refs/remotes/main [12ms]
2026-01-29 16:36:48.041 [info] > git for-each-ref --sort -committerdate --format %(refname)%00%(objectname)%00%(*objectname) [21ms]
2026-01-29 16:36:48.074 [info] > git status -z -uall [70ms]
2026-01-29 16:36:58.877 [info] > git config --get commit.template [18ms]
2026-01-29 16:36:58.885 [info] > git for-each-ref --format=%(refname)%00%(upstream:short)%00%(objectname)%00%(upstream:track)%00%(upstream:remotename)%00%(upstream:remoteref) refs/heads/main refs/remotes/main [10ms]
2026-01-29 16:36:58.935 [info] > git for-each-ref --sort -committerdate --format %(refname)%00%(objectname)%00%(*objectname) [14ms]
2026-01-29 16:36:58.947 [info] > git status -z -uall [49ms]
2026-01-29 16:37:03.981 [info] > git config --get commit.template [14ms]
2026-01-29 16:37:03.988 [info] > git for-each-ref --format=%(refname)%00%(upstream:short)%00%(objectname)%00%(upstream:track)%00%(upstream:remotename)%00%(upstream:remoteref) refs/heads/main refs/remotes/main [9ms]
2026-01-29 16:37:04.027 [info] > git for-each-ref --sort -committerdate --format %(refname)%00%(objectname)%00%(*objectname) [13ms]
2026-01-29 16:37:04.039 [info] > git status -z -uall [38ms]
2026-01-29 16:37:42.609 [info] > git config --get commit.template [23ms]
2026-01-29 16:37:42.632 [info] > git for-each-ref --format=%(refname)%00%(upstream:short)%00%(objectname)%00%(upstream:track)%00%(upstream:remotename)%00%(upstream:remoteref) refs/heads/main refs/remotes/main [26ms]
2026-01-29 16:37:42.718 [info] > git for-each-ref --sort -committerdate --format %(refname)%00%(objectname)%00%(*objectname) [31ms]
2026-01-29 16:37:42.785 [info] > git status -z -uall [125ms]
2026-01-29 16:37:47.844 [info] > git config --get commit.template [14ms]
2026-01-29 16:37:47.853 [info] > git for-each-ref --format=%(refname)%00%(upstream:short)%00%(objectname)%00%(upstream:track)%00%(upstream:remotename)%00%(upstream:remoteref) refs/heads/main refs/remotes/main [11ms]
2026-01-29 16:37:47.889 [info] > git for-each-ref --sort -committerdate --format %(refname)%00%(objectname)%00%(*objectname) [9ms]
2026-01-29 16:37:47.897 [info] > git status -z -uall [30ms]
2026-01-29 16:39:23.557 [info] > git config --get commit.template [39ms]
2026-01-29 16:39:23.577 [info] > git for-each-ref --format=%(refname)%00%(upstream:short)%00%(objectname)%00%(upstream:track)%00%(upstream:remotename)%00%(upstream:remoteref) refs/heads/main refs/remotes/main [30ms]
2026-01-29 16:39:23.674 [info] > git for-each-ref --sort -committerdate --format %(refname)%00%(objectname)%00%(*objectname) [28ms]
2026-01-29 16:39:23.830 [info] > git status -z -uall [218ms]
2026-01-29 16:39:28.877 [info] > git config --get commit.template [22ms]
2026-01-29 16:39:28.883 [info] > git for-each-ref --format=%(refname)%00%(upstream:short)%00%(objectname)%00%(upstream:track)%00%(upstream:remotename)%00%(upstream:remoteref) refs/heads/main refs/remotes/main [8ms]
2026-01-29 16:39:28.922 [info] > git for-each-ref --sort -committerdate --format %(refname)%00%(objectname)%00%(*objectname) [9ms]
2026-01-29 16:39:28.932 [info] > git status -z -uall [33ms]
2026-01-29 16:39:33.994 [info] > git config --get commit.template [22ms]
2026-01-29 16:39:34.006 [info] > git for-each-ref --format=%(refname)%00%(upstream:short)%00%(objectname)%00%(upstream:track)%00%(upstream:remotename)%00%(upstream:remoteref) refs/heads/main refs/remotes/main [15ms]
2026-01-29 16:39:34.052 [info] > git for-each-ref --sort -committerdate --format %(refname)%00%(objectname)%00%(*objectname) [10ms]
2026-01-29 16:39:34.063 [info] > git status -z -uall [40ms]
2026-01-29 16:39:40.598 [info] > git config --get commit.template [14ms]
2026-01-29 16:39:40.607 [info] > git for-each-ref --format=%(refname)%00%(upstream:short)%00%(objectname)%00%(upstream:track)%00%(upstream:remotename)%00%(upstream:remoteref) refs/heads/main refs/remotes/main [11ms]
2026-01-29 16:39:40.644 [info] > git for-each-ref --sort -committerdate --format %(refname)%00%(objectname)%00%(*objectname) [11ms]
2026-01-29 16:39:40.655 [info] > git status -z -uall [32ms]
2026-01-29 16:39:45.704 [info] > git config --get commit.template [13ms]
2026-01-29 16:39:45.712 [info] > git for-each-ref --format=%(refname)%00%(upstream:short)%00%(objectname)%00%(upstream:track)%00%(upstream:remotename)%00%(upstream:remoteref) refs/heads/main refs/remotes/main [9ms]
2026-01-29 16:39:45.756 [info] > git for-each-ref --sort -committerdate --format %(refname)%00%(objectname)%00%(*objectname) [11ms]
2026-01-29 16:39:45.771 [info] > git status -z -uall [39ms]
2026-01-29 16:39:50.835 [info] > git config --get commit.template [13ms]
2026-01-29 16:39:50.843 [info] > git for-each-ref --format=%(refname)%00%(upstream:short)%00%(objectname)%00%(upstream:track)%00%(upstream:remotename)%00%(upstream:remoteref) refs/heads/main refs/remotes/main [9ms]
2026-01-29 16:39:50.895 [info] > git for-each-ref --sort -committerdate --format %(refname)%00%(objectname)%00%(*objectname) [11ms]
2026-01-29 16:39:50.917 [info] > git status -z -uall [47ms]
2026-01-29 16:40:11.947 [info] > git config --get commit.template [14ms]
2026-01-29 16:40:11.956 [info] > git for-each-ref --format=%(refname)%00%(upstream:short)%00%(objectname)%00%(upstream:track)%00%(upstream:remotename)%00%(upstream:remoteref) refs/heads/main refs/remotes/main [10ms]
2026-01-29 16:40:12.005 [info] > git for-each-ref --sort -committerdate --format %(refname)%00%(objectname)%00%(*objectname) [2ms]
2026-01-29 16:40:12.027 [info] > git status -z -uall [48ms]
2026-01-29 16:40:17.320 [info] > git config --get commit.template [195ms]
2026-01-29 16:40:17.438 [info] > git for-each-ref --format=%(refname)%00%(upstream:short)%00%(objectname)%00%(upstream:track)%00%(upstream:remotename)%00%(upstream:remoteref) refs/heads/main refs/remotes/main [131ms]
2026-01-29 16:40:17.572 [info] > git for-each-ref --sort -committerdate --format %(refname)%00%(objectname)%00%(*objectname) [50ms]
2026-01-29 16:40:17.615 [info] > git status -z -uall [135ms]
2026-01-29 16:40:22.709 [info] > git config --get commit.template [41ms]
2026-01-29 16:40:22.722 [info] > git for-each-ref --format=%(refname)%00%(upstream:short)%00%(objectname)%00%(upstream:track)%00%(upstream:remotename)%00%(upstream:remoteref) refs/heads/main refs/remotes/main [18ms]
2026-01-29 16:40:22.835 [info] > git for-each-ref --sort -committerdate --format %(refname)%00%(objectname)%00%(*objectname) [59ms]
2026-01-29 16:40:22.842 [info] > git status -z -uall [87ms]
2026-01-29 16:40:27.895 [info] > git config --get commit.template [20ms]
2026-01-29 16:40:27.906 [info] > git for-each-ref --format=%(refname)%00%(upstream:short)%00%(objectname)%00%(upstream:track)%00%(upstream:remotename)%00%(upstream:remoteref) refs/heads/main refs/remotes/main [13ms]
2026-01-29 16:40:27.948 [info] > git for-each-ref --sort -committerdate --format %(refname)%00%(objectname)%00%(*objectname) [8ms]
2026-01-29 16:40:27.962 [info] > git status -z -uall [36ms]
2026-01-29 16:40:34.671 [info] > git config --get commit.template [21ms]
2026-01-29 16:40:34.684 [info] > git for-each-ref --format=%(refname)%00%(upstream:short)%00%(objectname)%00%(upstream:track)%00%(upstream:remotename)%00%(upstream:remoteref) refs/heads/main refs/remotes/main [14ms]
2026-01-29 16:40:34.731 [info] > git for-each-ref --sort -committerdate --format %(refname)%00%(objectname)%00%(*objectname) [12ms]
2026-01-29 16:40:34.741 [info] > git status -z -uall [40ms]
2026-01-29 16:40:39.798 [info] > git config --get commit.template [20ms]
2026-01-29 16:40:39.807 [info] > git for-each-ref --format=%(refname)%00%(upstream:short)%00%(objectname)%00%(upstream:track)%00%(upstream:remotename)%00%(upstream:remoteref) refs/heads/main refs/remotes/main [10ms]
2026-01-29 16:40:39.846 [info] > git for-each-ref --sort -committerdate --format %(refname)%00%(objectname)%00%(*objectname) [11ms]
2026-01-29 16:40:39.857 [info] > git status -z -uall [34ms]
2026-01-29 16:40:44.910 [info] > git config --get commit.template [21ms]
2026-01-29 16:40:44.922 [info] > git for-each-ref --format=%(refname)%00%(upstream:short)%00%(objectname)%00%(upstream:track)%00%(upstream:remotename)%00%(upstream:remoteref) refs/heads/main refs/remotes/main [14ms]
2026-01-29 16:40:44.973 [info] > git for-each-ref --sort -committerdate --format %(refname)%00%(objectname)%00%(*objectname) [15ms]
2026-01-29 16:40:44.984 [info] > git status -z -uall [44ms]
2026-01-29 16:40:50.031 [info] > git config --get commit.template [14ms]
2026-01-29 16:40:50.038 [info] > git for-each-ref --format=%(refname)%00%(upstream:short)%00%(objectname)%00%(upstream:track)%00%(upstream:remotename)%00%(upstream:remoteref) refs/heads/main refs/remotes/main [9ms]
2026-01-29 16:40:50.082 [info] > git for-each-ref --sort -committerdate --format %(refname)%00%(objectname)%00%(*objectname) [15ms]
2026-01-29 16:40:50.091 [info] > git status -z -uall [38ms]
2026-01-29 16:40:55.160 [info] > git config --get commit.template [14ms]
2026-01-29 16:40:55.169 [info] > git for-each-ref --format=%(refname)%00%(upstream:short)%00%(objectname)%00%(upstream:track)%00%(upstream:remotename)%00%(upstream:remoteref) refs/heads/main refs/remotes/main [12ms]
2026-01-29 16:40:55.222 [info] > git for-each-ref --sort -committerdate --format %(refname)%00%(objectname)%00%(*objectname) [9ms]
2026-01-29 16:40:55.227 [info] > git status -z -uall [36ms]
2026-01-29 16:43:34.518 [info] > git config --get commit.template [141ms]
2026-01-29 16:43:34.535 [info] > git for-each-ref --format=%(refname)%00%(upstream:short)%00%(objectname)%00%(upstream:track)%00%(upstream:remotename)%00%(upstream:remoteref) refs/heads/main refs/remotes/main [151ms]
2026-01-29 16:43:34.806 [info] > git for-each-ref --sort -committerdate --format %(refname)%00%(objectname)%00%(*objectname) [79ms]
2026-01-29 16:43:35.187 [info] > git status -z -uall [543ms]
2026-01-29 16:45:03.505 [info] > git config --get commit.template [56ms]
2026-01-29 16:45:03.508 [info] > git for-each-ref --format=%(refname)%00%(upstream:short)%00%(objectname)%00%(upstream:track)%00%(upstream:remotename)%00%(upstream:remoteref) refs/heads/main refs/remotes/main [41ms]
2026-01-29 16:45:03.553 [info] > git for-each-ref --sort -committerdate --format %(refname)%00%(objectname)%00%(*objectname) [14ms]
2026-01-29 16:45:03.957 [info] > git status -z -uall [433ms]
2026-01-29 16:45:09.025 [info] > git config --get commit.template [16ms]
2026-01-29 16:45:09.037 [info] > git for-each-ref --format=%(refname)%00%(upstream:short)%00%(objectname)%00%(upstream:track)%00%(upstream:remotename)%00%(upstream:remoteref) refs/heads/main refs/remotes/main [13ms]
2026-01-29 16:45:09.092 [info] > git for-each-ref --sort -committerdate --format %(refname)%00%(objectname)%00%(*objectname) [17ms]
2026-01-29 16:45:09.130 [info] > git status -z -uall [71ms]
2026-01-29 16:49:16.975 [info] > git config --get commit.template [36ms]
2026-01-29 16:49:16.977 [info] > git for-each-ref --format=%(refname)%00%(upstream:short)%00%(objectname)%00%(upstream:track)%00%(upstream:remotename)%00%(upstream:remoteref) refs/heads/main refs/remotes/main [20ms]
2026-01-29 16:49:17.027 [info] > git for-each-ref --sort -committerdate --format %(refname)%00%(objectname)%00%(*objectname) [12ms]
2026-01-29 16:49:17.282 [info] > git status -z -uall [284ms]
2026-01-29 16:49:22.472 [info] > git config --get commit.template [7ms]
2026-01-29 16:49:22.525 [info] > git for-each-ref --format=%(refname)%00%(upstream:short)%00%(objectname)%00%(upstream:track)%00%(upstream:remotename)%00%(upstream:remoteref) refs/heads/main refs/remotes/main [26ms]
2026-01-29 16:49:22.667 [info] > git for-each-ref --sort -committerdate --format %(refname)%00%(objectname)%00%(*objectname) [59ms]
2026-01-29 16:49:22.707 [info] > git status -z -uall [156ms]
2026-01-29 16:49:27.761 [info] > git config --get commit.template [13ms]
2026-01-29 16:49:27.770 [info] > git for-each-ref --format=%(refname)%00%(upstream:short)%00%(objectname)%00%(upstream:track)%00%(upstream:remotename)%00%(upstream:remoteref) refs/heads/main refs/remotes/main [10ms]
2026-01-29 16:49:27.804 [info] > git for-each-ref --sort -committerdate --format %(refname)%00%(objectname)%00%(*objectname) [7ms]
2026-01-29 16:49:27.817 [info] > git status -z -uall [37ms]
2026-01-29 16:49:32.888 [info] > git config --get commit.template [16ms]
2026-01-29 16:49:32.894 [info] > git for-each-ref --format=%(refname)%00%(upstream:short)%00%(objectname)%00%(upstream:track)%00%(upstream:remotename)%00%(upstream:remoteref) refs/heads/main refs/remotes/main [9ms]
2026-01-29 16:49:32.934 [info] > git for-each-ref --sort -committerdate --format %(refname)%00%(objectname)%00%(*objectname) [11ms]
2026-01-29 16:49:32.950 [info] > git status -z -uall [39ms]
2026-01-29 16:49:38.016 [info] > git config --get commit.template [17ms]
2026-01-29 16:49:38.026 [info] > git for-each-ref --format=%(refname)%00%(upstream:short)%00%(objectname)%00%(upstream:track)%00%(upstream:remotename)%00%(upstream:remoteref) refs/heads/main refs/remotes/main [10ms]
2026-01-29 16:49:38.065 [info] > git for-each-ref --sort -committerdate --format %(refname)%00%(objectname)%00%(*objectname) [10ms]
2026-01-29 16:49:38.078 [info] > git status -z -uall [36ms]
2026-01-29 16:49:43.141 [info] > git config --get commit.template [13ms]
2026-01-29 16:49:43.150 [info] > git for-each-ref --format=%(refname)%00%(upstream:short)%00%(objectname)%00%(upstream:track)%00%(upstream:remotename)%00%(upstream:remoteref) refs/heads/main refs/remotes/main [11ms]
2026-01-29 16:49:43.192 [info] > git for-each-ref --sort -committerdate --format %(refname)%00%(objectname)%00%(*objectname) [10ms]
2026-01-29 16:49:43.204 [info] > git status -z -uall [35ms]
2026-01-29 16:49:48.261 [info] > git config --get commit.template [14ms]
2026-01-29 16:49:48.270 [info] > git for-each-ref --format=%(refname)%00%(upstream:short)%00%(objectname)%00%(upstream:track)%00%(upstream:remotename)%00%(upstream:remoteref) refs/heads/main refs/remotes/main [10ms]
2026-01-29 16:49:48.312 [info] > git for-each-ref --sort -committerdate --format %(refname)%00%(objectname)%00%(*objectname) [8ms]
2026-01-29 16:49:48.326 [info] > git status -z -uall [36ms]
2026-01-29 16:49:53.391 [info] > git config --get commit.template [16ms]
2026-01-29 16:49:53.403 [info] > git for-each-ref --format=%(refname)%00%(upstream:short)%00%(objectname)%00%(upstream:track)%00%(upstream:remotename)%00%(upstream:remoteref) refs/heads/main refs/remotes/main [14ms]
2026-01-29 16:49:53.454 [info] > git for-each-ref --sort -committerdate --format %(refname)%00%(objectname)%00%(*objectname) [10ms]
2026-01-29 16:49:53.476 [info] > git status -z -uall [47ms]
2026-01-29 16:49:58.545 [info] > git config --get commit.template [15ms]
2026-01-29 16:49:58.553 [info] > git for-each-ref --format=%(refname)%00%(upstream:short)%00%(objectname)%00%(upstream:track)%00%(upstream:remotename)%00%(upstream:remoteref) refs/heads/main refs/remotes/main [10ms]
2026-01-29 16:49:58.595 [info] > git for-each-ref --sort -committerdate --format %(refname)%00%(objectname)%00%(*objectname) [10ms]
2026-01-29 16:49:58.605 [info] > git status -z -uall [33ms]
2026-01-29 16:50:02.142 [info] > git check-ignore -v -z --stdin [16ms]
2026-01-29 16:50:03.669 [info] > git config --get commit.template [22ms]
2026-01-29 16:50:03.680 [info] > git for-each-ref --format=%(refname)%00%(upstream:short)%00%(objectname)%00%(upstream:track)%00%(upstream:remotename)%00%(upstream:remoteref) refs/heads/main refs/remotes/main [12ms]
2026-01-29 16:50:03.733 [info] > git for-each-ref --sort -committerdate --format %(refname)%00%(objectname)%00%(*objectname) [11ms]
2026-01-29 16:50:03.754 [info] > git status -z -uall [48ms]
2026-01-29 16:50:08.217 [info] > git check-ignore -v -z --stdin [14ms]
2026-01-29 16:50:08.270 [info] > git show --textconv :game.py [20ms]
2026-01-29 16:50:08.287 [info] > git ls-files --stage -- game.py [19ms]
2026-01-29 16:50:08.313 [info] > git cat-file -s d4349a2e0a8419fa8985ede4aab69c0b2c9d4b30 [12ms]
2026-01-29 16:50:08.822 [info] > git config --get commit.template [23ms]
2026-01-29 16:50:08.833 [info] > git for-each-ref --format=%(refname)%00%(upstream:short)%00%(objectname)%00%(upstream:track)%00%(upstream:remotename)%00%(upstream:remoteref) refs/heads/main refs/remotes/main [12ms]
2026-01-29 16:50:08.880 [info] > git for-each-ref --sort -committerdate --format %(refname)%00%(objectname)%00%(*objectname) [12ms]
2026-01-29 16:50:08.886 [info] > git status -z -uall [34ms]
2026-01-29 16:50:09.317 [info] > git check-ignore -v -z --stdin [16ms]
2026-01-29 16:50:13.950 [info] > git config --get commit.template [20ms]
2026-01-29 16:50:13.963 [info] > git for-each-ref --format=%(refname)%00%(upstream:short)%00%(objectname)%00%(upstream:track)%00%(upstream:remotename)%00%(upstream:remoteref) refs/heads/main refs/remotes/main [16ms]
2026-01-29 16:50:14.010 [info] > git for-each-ref --sort -committerdate --format %(refname)%00%(objectname)%00%(*objectname) [11ms]
2026-01-29 16:50:14.023 [info] > git status -z -uall [38ms]
2026-01-29 16:50:14.477 [info] > git check-ignore -v -z --stdin [14ms]
2026-01-29 16:50:28.392 [info] > git config --get commit.template [18ms]
2026-01-29 16:50:28.399 [info] > git for-each-ref --format=%(refname)%00%(upstream:short)%00%(objectname)%00%(upstream:track)%00%(upstream:remotename)%00%(upstream:remoteref) refs/heads/main refs/remotes/main [11ms]
2026-01-29 16:50:28.440 [info] > git for-each-ref --sort -committerdate --format %(refname)%00%(objectname)%00%(*objectname) [12ms]
2026-01-29 16:50:28.528 [info] > git status -z -uall [112ms]
2026-01-29 16:50:29.090 [info] > git check-ignore -v -z --stdin [12ms]
2026-01-29 16:50:31.981 [info] > git check-ignore -v -z --stdin [26ms]
2026-01-29 16:50:32.045 [info] > git show --textconv :list_test.py [31ms]
2026-01-29 16:50:32.069 [info] > git ls-files --stage -- list_test.py [37ms]
2026-01-29 16:50:32.089 [info] > git hash-object -t tree /dev/null [24ms]
2026-01-29 16:50:32.091 [warning] [GitFileSystemProvider][readFile] File not found - git:/data/data/com.termux/files/home/list_test.py.git?%7B%22path%22%3A%22%2Fdata%2Fdata%2Fcom.termux%2Ffiles%2Fhome%2Flist_test.py%22%2C%22ref%22%3A%22%22%7D
2026-01-29 16:50:32.099 [info] > git hash-object -t tree /dev/null [13ms]
2026-01-29 16:50:32.099 [warning] [GitFileSystemProvider][stat] File not found - git:/data/data/com.termux/files/home/list_test.py.git?%7B%22path%22%3A%22%2Fdata%2Fdata%2Fcom.termux%2Ffiles%2Fhome%2Flist_test.py%22%2C%22ref%22%3A%22%22%7D
2026-01-29 16:50:32.154 [info] > git check-ignore -v -z --stdin [12ms]
2026-01-29 16:50:33.594 [info] > git config --get commit.template [13ms]
2026-01-29 16:50:33.604 [info] > git for-each-ref --format=%(refname)%00%(upstream:short)%00%(objectname)%00%(upstream:track)%00%(upstream:remotename)%00%(upstream:remoteref) refs/heads/main refs/remotes/main [12ms]
2026-01-29 16:50:33.640 [info] > git for-each-ref --sort -committerdate --format %(refname)%00%(objectname)%00%(*objectname) [12ms]
2026-01-29 16:50:33.681 [info] > git status -z -uall [64ms]
2026-01-29 16:50:41.806 [info] > git config --get commit.template [34ms]
2026-01-29 16:50:41.822 [info] > git for-each-ref --format=%(refname)%00%(upstream:short)%00%(objectname)%00%(upstream:track)%00%(upstream:remotename)%00%(upstream:remoteref) refs/heads/main refs/remotes/main [19ms]
2026-01-29 16:50:41.935 [info] > git for-each-ref --sort -committerdate --format %(refname)%00%(objectname)%00%(*objectname) [41ms]
2026-01-29 16:50:41.953 [info] > git status -z -uall [97ms]
2026-01-29 16:50:47.021 [info] > git config --get commit.template [33ms]
2026-01-29 16:50:47.031 [info] > git for-each-ref --format=%(refname)%00%(upstream:short)%00%(objectname)%00%(upstream:track)%00%(upstream:remotename)%00%(upstream:remoteref) refs/heads/main refs/remotes/main [25ms]
2026-01-29 16:50:47.074 [info] > git for-each-ref --sort -committerdate --format %(refname)%00%(objectname)%00%(*objectname) [13ms]
2026-01-29 16:50:47.092 [info] > git status -z -uall [46ms]
2026-01-29 16:52:02.512 [info] > git for-each-ref --format=%(refname)%00%(upstream:short)%00%(objectname)%00%(upstream:track)%00%(upstream:remotename)%00%(upstream:remoteref) refs/heads/main refs/remotes/main [396ms]
2026-01-29 16:52:02.581 [info] > git config --get commit.template [515ms]
2026-01-29 16:52:02.670 [info] > git for-each-ref --sort -committerdate --format %(refname)%00%(objectname)%00%(*objectname) [37ms]
2026-01-29 16:52:05.100 [info] > git status -z -uall [2487ms]
