2026-01-30 14:44:34.154 [info] Reading sessions from keychain...
2026-01-30 14:44:34.154 [info] Getting sessions for all scopes...
2026-01-30 14:44:34.154 [info] Got 0 sessions for ...
2026-01-30 14:44:34.154 [info] Getting sessions for all scopes...
2026-01-30 14:44:34.154 [info] Got 0 sessions for ...
2026-01-30 14:44:34.155 [info] Getting sessions for all scopes...
2026-01-30 14:44:34.155 [info] Got 0 sessions for ...
2026-01-30 14:44:34.155 [info] Getting sessions for all scopes...
2026-01-30 14:44:34.155 [info] Got 0 sessions for ...
2026-01-30 14:44:34.155 [info] Getting sessions for all scopes...
2026-01-30 14:44:34.155 [info] Got 0 sessions for ...
2026-01-30 14:44:34.155 [info] Getting sessions for all scopes...
2026-01-30 14:44:34.155 [info] Got 0 sessions for ...
2026-01-30 14:44:34.155 [info] Getting sessions for all scopes...
2026-01-30 14:44:34.155 [info] Got 0 sessions for ...
2026-01-30 14:44:34.155 [info] Getting sessions for all scopes...
2026-01-30 14:44:34.155 [info] Got 0 sessions for ...
2026-01-30 14:44:34.155 [info] Getting sessions for all scopes...
2026-01-30 14:44:34.155 [info] Got 0 sessions for ...
2026-01-30 14:44:35.114 [info] Getting sessions for all scopes...
2026-01-30 14:44:35.114 [info] Got 0 sessions for ...
2026-01-30 14:44:35.116 [info] Getting sessions for all scopes...
2026-01-30 14:44:35.116 [info] Got 0 sessions for ...
2026-01-30 14:44:35.116 [info] Getting sessions for all scopes...
2026-01-30 14:44:35.116 [info] Got 0 sessions for ...
2026-01-30 14:44:35.116 [info] Getting sessions for all scopes...
2026-01-30 14:44:35.116 [info] Got 0 sessions for ...
2026-01-30 14:44:35.116 [info] Getting sessions for all scopes...
2026-01-30 14:44:35.116 [info] Got 0 sessions for ...
2026-01-30 14:44:35.117 [info] Getting sessions for all scopes...
2026-01-30 14:44:35.117 [info] Got 0 sessions for ...
2026-01-30 14:44:40.028 [info] Getting sessions for read:user,repo,user:email,workflow...
2026-01-30 14:44:40.029 [info] Got 0 sessions for read:user,repo,user:email,workflow...
